[themes.pixelstrap.net/multikit/learning/index.html]
[backblue.gif]
[fade.gif]
[index.html]
[themes.pixelstrap.net/multikit/assets/css/vendors/bootstrap.css]
[themes.pixelstrap.net/multikit/assets/css/vendors/swiper/swiper-bundle.min.css]
[themes.pixelstrap.net/multikit/assets/css/remixicon.css]
[themes.pixelstrap.net/multikit/learning/cart.html]
[themes.pixelstrap.net/multikit/assets/images/learning/hand.png]
[themes.pixelstrap.net/multikit/assets/css/style.css]
[themes.pixelstrap.net/multikit/learning/search.html]
[themes.pixelstrap.net/multikit/learning/my-course.html]
[themes.pixelstrap.net/multikit/learning/wishlist.html]
[themes.pixelstrap.net/multikit/learning/account.html]
[themes.pixelstrap.net/multikit/learning/category.html]
[themes.pixelstrap.net/multikit/learning/locked-courses.html]
[themes.pixelstrap.net/multikit/assets/images/learning/reading/1.jpg]
[themes.pixelstrap.net/multikit/assets/images/learning/reading/2.jpg]
[themes.pixelstrap.net/multikit/assets/images/learning/reading/3.jpg]
[themes.pixelstrap.net/multikit/assets/images/learning/course/1.jpg]
[themes.pixelstrap.net/multikit/assets/images/learning/course/2.jpg]
[themes.pixelstrap.net/multikit/assets/images/learning/poster/1.png]
[themes.pixelstrap.net/multikit/assets/images/learning/course/3.jpg]
[themes.pixelstrap.net/multikit/assets/images/learning/course/4.jpg]
[themes.pixelstrap.net/multikit/assets/images/learning/menu-profile.jpg]
[themes.pixelstrap.net/multikit/learning/personal-setting.html]
[themes.pixelstrap.net/multikit/learning/account-security.html]
[themes.pixelstrap.net/multikit/learning/app-setting.html]
[themes.pixelstrap.net/multikit/learning/instructor.html]
[themes.pixelstrap.net/multikit/learning/term-condition.html]
[themes.pixelstrap.net/multikit/assets/js/vendors/bootstrap/bootstrap.bundle.min.js]
[themes.pixelstrap.net/multikit/assets/js/swiper-bundle.min.js]
[themes.pixelstrap.net/multikit/assets/js/custom_swiper.js]
[themes.pixelstrap.net/multikit/assets/js/script.js]
[themes.pixelstrap.net/multikit/assets/js/theme-setting.js]
[themes.pixelstrap.net/multikit/learning/index.html]
[themes.pixelstrap.net/multikit/assets/css/vendors/bootstrap.css]
[themes.pixelstrap.net/multikit/assets/css/vendors/swiper/swiper-bundle.min.css]
[themes.pixelstrap.net/multikit/assets/css/remixicon.css]
[themes.pixelstrap.net/multikit/assets/images/learning/home-bg.jpg]
[themes.pixelstrap.net/multikit/assets/images/food/splash.png]
[themes.pixelstrap.net/multikit/assets/images/grocery/pattern.png]
[themes.pixelstrap.net/multikit/assets/images/nft/shape.png]
[themes.pixelstrap.net/multikit/assets/images/learning/header-bg.jpg]
[themes.pixelstrap.net/multikit/assets/images/financial/bg.gif]
[themes.pixelstrap.net/multikit/assets/images/fitness/header-image.jpg]
[themes.pixelstrap.net/multikit/assets/images/learning/bg.jpg]
[themes.pixelstrap.net/multikit/assets/images/grocery/onbording/1.jpg]
[themes.pixelstrap.net/multikit/assets/images/fitness/onboarding/1.jpg]
[themes.pixelstrap.net/multikit/assets/images/chatting/chatting-bg.png]
[themes.pixelstrap.net/multikit/assets/images/fitness/exercise-video.jpg]
[themes.pixelstrap.net/multikit/assets/images/landing/bg.jpg]
[themes.pixelstrap.net/multikit/assets/css/style.css]
[themes.pixelstrap.net/multikit/learning/checkout.html]
[themes.pixelstrap.net/multikit/learning/cart.html]
[themes.pixelstrap.net/multikit/assets/images/avtar/1.jpg]
[themes.pixelstrap.net/multikit/assets/images/avtar/2.jpg]
[themes.pixelstrap.net/multikit/assets/images/avtar/3.jpg]
[themes.pixelstrap.net/multikit/assets/images/avtar/4.jpg]
[themes.pixelstrap.net/multikit/learning/search.html]
[themes.pixelstrap.net/multikit/learning/unlocked-courses.html]
[themes.pixelstrap.net/multikit/learning/my-course.html]
[themes.pixelstrap.net/multikit/learning/wishlist.html]
[themes.pixelstrap.net/multikit/learning/account.html]
[themes.pixelstrap.net/multikit/learning/category.html]
[themes.pixelstrap.net/multikit/assets/js/hide-show.js]
[themes.pixelstrap.net/multikit/learning/locked-courses.html]
[themes.pixelstrap.net/multikit/assets/js/image-change.js]
[themes.pixelstrap.net/multikit/learning/personal-setting.html]
[themes.pixelstrap.net/multikit/learning/account-security.html]
[themes.pixelstrap.net/multikit/assets/js/theme-setting-2.js]
[themes.pixelstrap.net/multikit/learning/app-setting.html]
[themes.pixelstrap.net/multikit/assets/images/learning/instructors.jpg]
[themes.pixelstrap.net/multikit/learning/instructor.html]
[themes.pixelstrap.net/multikit/learning/term-condition.html]
[themes.pixelstrap.net/multikit/learning/checkout.html]
[themes.pixelstrap.net/multikit/learning/terms-condition.html]
[themes.pixelstrap.net/multikit/assets/images/learning/certificate.jpg]
[themes.pixelstrap.net/multikit/assets/js/vendors/bootstrap/bootstrap-toast.js]
[themes.pixelstrap.net/multikit/learning/unlocked-courses.html]
