[html.awaikenthemes.com/soare/index.html]
[backblue.gif]
[fade.gif]
[index.html]
[html.awaikenthemes.com/soare/images/favicon.png]
[html.awaikenthemes.com/soare/css/bootstrap.min.css]
[html.awaikenthemes.com/soare/css/slicknav.min.css]
[html.awaikenthemes.com/soare/css/swiper-bundle.min.css]
[html.awaikenthemes.com/soare/css/all.css]
[html.awaikenthemes.com/soare/css/animate.css]
[html.awaikenthemes.com/soare/css/magnific-popup.css]
[html.awaikenthemes.com/soare/css/mousecursor.css]
[html.awaikenthemes.com/soare/css/custom.css]
[html.awaikenthemes.com/soare/images/loader.svg]
[html.awaikenthemes.com/soare/images/logo.svg]
[html.awaikenthemes.com/soare/index-2.html]
[html.awaikenthemes.com/soare/index-3.html]
[html.awaikenthemes.com/soare/index-4.html]
[html.awaikenthemes.com/soare/about.html]
[html.awaikenthemes.com/soare/service.html]
[html.awaikenthemes.com/soare/blog.html]
[html.awaikenthemes.com/soare/service-single.html]
[html.awaikenthemes.com/soare/blog-single.html]
[html.awaikenthemes.com/soare/project.html]
[html.awaikenthemes.com/soare/project-single.html]
[html.awaikenthemes.com/soare/team.html]
[html.awaikenthemes.com/soare/gallery.html]
[html.awaikenthemes.com/soare/faqs.html]
[html.awaikenthemes.com/soare/404.html]
[html.awaikenthemes.com/soare/contact.html]
[html.awaikenthemes.com/soare/images/about-us-img.jpg]
[html.awaikenthemes.com/soare/images/icon-about-us-1.svg]
[html.awaikenthemes.com/soare/images/icon-about-us-2.svg]
[html.awaikenthemes.com/soare/images/icon-about-us-3.svg]
[html.awaikenthemes.com/soare/images/icon-about-us-4.svg]
[html.awaikenthemes.com/soare/images/icon-services-1.svg]
[html.awaikenthemes.com/soare/images/icon-services-2.svg]
[html.awaikenthemes.com/soare/images/icon-services-3.svg]
[html.awaikenthemes.com/soare/images/icon-services-4.svg]
[html.awaikenthemes.com/soare/images/why-choose-img-1.jpg]
[html.awaikenthemes.com/soare/images/icon-why-choose-1.svg]
[html.awaikenthemes.com/soare/images/icon-why-choose-2.svg]
[html.awaikenthemes.com/soare/images/why-choose-img-2.jpg]
[html.awaikenthemes.com/soare/images/video-bg.jpg]
[html.awaikenthemes.com/soare/images/project-1.jpg]
[html.awaikenthemes.com/soare/images/project-2.jpg]
[html.awaikenthemes.com/soare/images/project-3.jpg]
[html.awaikenthemes.com/soare/images/project-4.jpg]
[html.awaikenthemes.com/soare/images/author-1.jpg]
[html.awaikenthemes.com/soare/images/author-2.jpg]
[html.awaikenthemes.com/soare/images/author-3.jpg]
[html.awaikenthemes.com/soare/images/author-4.jpg]
[html.awaikenthemes.com/soare/images/post-1.jpg]
[html.awaikenthemes.com/soare/images/post-2.jpg]
[html.awaikenthemes.com/soare/images/post-3.jpg]
[html.awaikenthemes.com/soare/images/footer-logo.svg]
[html.awaikenthemes.com/soare/images/icon-submit-btn.svg]
[html.awaikenthemes.com/soare/js/jquery-3.7.1.min.js]
[html.awaikenthemes.com/soare/js/bootstrap.min.js]
[html.awaikenthemes.com/soare/js/validator.min.js]
[html.awaikenthemes.com/soare/js/jquery.slicknav.js]
[html.awaikenthemes.com/soare/js/swiper-bundle.min.js]
[html.awaikenthemes.com/soare/js/jquery.waypoints.min.js]
[html.awaikenthemes.com/soare/js/jquery.counterup.min.js]
[html.awaikenthemes.com/soare/js/isotope.min.js]
[html.awaikenthemes.com/soare/js/jquery.magnific-popup.min.js]
[html.awaikenthemes.com/soare/js/SmoothScroll.js]
[html.awaikenthemes.com/soare/js/parallaxie.js]
[html.awaikenthemes.com/soare/js/gsap.min.js]
[html.awaikenthemes.com/soare/js/magiccursor.js]
[html.awaikenthemes.com/soare/js/SplitText.js]
[html.awaikenthemes.com/soare/js/ScrollTrigger.min.js]
[html.awaikenthemes.com/soare/js/wow.js]
[html.awaikenthemes.com/soare/index.html]
[html.awaikenthemes.com/soare/css/bootstrap.min.css]
[html.awaikenthemes.com/soare/css/slicknav.min.css]
[html.awaikenthemes.com/soare/css/swiper-bundle.min.css]
[html.awaikenthemes.com/soare/js/function.js]
[html.awaikenthemes.com/soare/webfonts/fa-brands-400.woff2]
[html.awaikenthemes.com/soare/webfonts/fa-regular-400.woff2]
[html.awaikenthemes.com/soare/webfonts/fa-brands-400.ttf]
[html.awaikenthemes.com/soare/webfonts/fa-regular-400.ttf]
[html.awaikenthemes.com/soare/webfonts/fa-solid-900.woff2]
[html.awaikenthemes.com/soare/webfonts/fa-solid-900.ttf]
[html.awaikenthemes.com/soare/webfonts/fa-v4compatibility.woff2]
[html.awaikenthemes.com/soare/css/all.css]
[html.awaikenthemes.com/soare/css/animate.css]
[html.awaikenthemes.com/soare/css/magnific-popup.css]
[html.awaikenthemes.com/soare/css/mousecursor.css]
[html.awaikenthemes.com/soare/webfonts/fa-v4compatibility.ttf]
[html.awaikenthemes.com/soare/images/hero-bg.jpg]
[html.awaikenthemes.com/soare/images/squre-bg-img-2.svg]
[html.awaikenthemes.com/soare/images/white-squre-bg-img.svg]
[html.awaikenthemes.com/soare/images/squre-bg-img.svg]
[html.awaikenthemes.com/soare/images/icon-plus.svg]
[html.awaikenthemes.com/soare/images/footer-squre-bg-img.svg]
[html.awaikenthemes.com/soare/images/page-header-bg.jpg]
[html.awaikenthemes.com/soare/images/green-squre-bg-img.svg]
[html.awaikenthemes.com/soare/images/cta-bg-img.jpg]
[html.awaikenthemes.com/soare/images/icon-circle-arrow.svg]
[html.awaikenthemes.com/soare/images/icon-blockquote.svg]
[html.awaikenthemes.com/soare/images/benefits-counter-bg.png]
[html.awaikenthemes.com/soare/css/custom.css]
[html.awaikenthemes.com/soare/images/loader.svg]
[html.awaikenthemes.com/soare/images/logo.svg]
[html.awaikenthemes.com/soare/index-2.html]
[html.awaikenthemes.com/soare/images/company-quality-img.svg]
[html.awaikenthemes.com/soare/images/hero-bg-2.jpg]
[html.awaikenthemes.com/soare/index-3.html]
[html.awaikenthemes.com/soare/images/hero-bg-video.mp4]
[html.awaikenthemes.com/soare/index-4.html]
[html.awaikenthemes.com/soare/images/about-img-1.jpg]
[html.awaikenthemes.com/soare/images/about-img-2.jpg]
[html.awaikenthemes.com/soare/images/satisfied-client-img.png]
[html.awaikenthemes.com/soare/images/icon-company-quality-1.svg]
[html.awaikenthemes.com/soare/images/icon-company-quality-2.svg]
[html.awaikenthemes.com/soare/images/expertise-experience-img.jpg]
[html.awaikenthemes.com/soare/images/icon-satisfied-client.svg]
[html.awaikenthemes.com/soare/images/team-1.jpg]
[html.awaikenthemes.com/soare/images/team-2.jpg]
[html.awaikenthemes.com/soare/images/team-3.jpg]
[html.awaikenthemes.com/soare/images/team-4.jpg]
[html.awaikenthemes.com/soare/about.html]
[html.awaikenthemes.com/soare/images/icon-services-5.svg]
[html.awaikenthemes.com/soare/images/icon-services-6.svg]
[html.awaikenthemes.com/soare/images/icon-services-7.svg]
[html.awaikenthemes.com/soare/service.html]
[html.awaikenthemes.com/soare/images/icon-services-8.svg]
[html.awaikenthemes.com/soare/images/post-4.jpg]
[html.awaikenthemes.com/soare/images/post-5.jpg]
[html.awaikenthemes.com/soare/images/post-6.jpg]
[html.awaikenthemes.com/soare/images/post-7.jpg]
[html.awaikenthemes.com/soare/images/post-8.jpg]
[html.awaikenthemes.com/soare/blog.html]
[html.awaikenthemes.com/soare/images/post-9.jpg]
[html.awaikenthemes.com/soare/images/service-img-1.jpg]
[html.awaikenthemes.com/soare/images/service-why-choose-img.jpg]
[html.awaikenthemes.com/soare/images/icon-service-benefit-1.svg]
[html.awaikenthemes.com/soare/images/icon-service-benefit-2.svg]
[html.awaikenthemes.com/soare/images/icon-service-benefit-3.svg]
[html.awaikenthemes.com/soare/images/icon-service-benefit-4.svg]
[html.awaikenthemes.com/soare/images/icon-service-benefit-5.svg]
[html.awaikenthemes.com/soare/images/icon-service-benefit-6.svg]
[html.awaikenthemes.com/soare/images/icon-service-benefit-7.svg]
[html.awaikenthemes.com/soare/images/icon-service-benefit-8.svg]
[html.awaikenthemes.com/soare/images/service-strategy-img.jpg]
[html.awaikenthemes.com/soare/service-single.html]
[html.awaikenthemes.com/soare/blog-single.html]
[html.awaikenthemes.com/soare/images/project-5.jpg]
[html.awaikenthemes.com/soare/images/project-6.jpg]
[html.awaikenthemes.com/soare/images/project-7.jpg]
[html.awaikenthemes.com/soare/images/project-8.jpg]
[html.awaikenthemes.com/soare/images/project-9.jpg]
[html.awaikenthemes.com/soare/project.html]
[html.awaikenthemes.com/soare/images/icon-project-info-1.svg]
[html.awaikenthemes.com/soare/images/icon-project-info-2.svg]
[html.awaikenthemes.com/soare/images/icon-project-info-3.svg]
[html.awaikenthemes.com/soare/images/icon-project-info-4.svg]
[html.awaikenthemes.com/soare/images/icon-project-info-5.svg]
[html.awaikenthemes.com/soare/images/icon-project-info-6.svg]
[html.awaikenthemes.com/soare/images/company-benefit-img-1.jpg]
[html.awaikenthemes.com/soare/images/company-benefit-img-2.jpg]
[html.awaikenthemes.com/soare/images/company-quality-img.jpg]
[html.awaikenthemes.com/soare/project-single.html]
[html.awaikenthemes.com/soare/images/hr-team-1.jpg]
[html.awaikenthemes.com/soare/images/hr-team-2.jpg]
[html.awaikenthemes.com/soare/images/hr-team-3.jpg]
[html.awaikenthemes.com/soare/images/hr-team-4.jpg]
[html.awaikenthemes.com/soare/images/research-team-1.jpg]
[html.awaikenthemes.com/soare/images/research-team-2.jpg]
[html.awaikenthemes.com/soare/images/research-team-3.jpg]
[html.awaikenthemes.com/soare/images/research-team-4.jpg]
[html.awaikenthemes.com/soare/team.html]
[html.awaikenthemes.com/soare/images/gallery-1.jpg]
[html.awaikenthemes.com/soare/images/gallery-2.jpg]
[html.awaikenthemes.com/soare/images/gallery-3.jpg]
[html.awaikenthemes.com/soare/images/gallery-4.jpg]
[html.awaikenthemes.com/soare/images/gallery-5.jpg]
[html.awaikenthemes.com/soare/images/gallery-6.jpg]
[html.awaikenthemes.com/soare/images/gallery-7.jpg]
[html.awaikenthemes.com/soare/images/gallery-8.jpg]
[html.awaikenthemes.com/soare/images/gallery-9.jpg]
[html.awaikenthemes.com/soare/gallery.html]
[html.awaikenthemes.com/soare/faqs.html]
[html.awaikenthemes.com/soare/images/404-error-img.png]
[html.awaikenthemes.com/soare/404.html]
[html.awaikenthemes.com/soare/contact.html]
[html.awaikenthemes.com/soare/images/icon-about-us-1.svg]
[html.awaikenthemes.com/soare/images/icon-about-us-2.svg]
[html.awaikenthemes.com/soare/images/icon-about-us-3.svg]
[html.awaikenthemes.com/soare/images/icon-about-us-4.svg]
[html.awaikenthemes.com/soare/images/icon-services-1.svg]
[html.awaikenthemes.com/soare/images/icon-services-2.svg]
[html.awaikenthemes.com/soare/images/icon-services-3.svg]
[html.awaikenthemes.com/soare/images/icon-services-4.svg]
[html.awaikenthemes.com/soare/images/icon-why-choose-1.svg]
[html.awaikenthemes.com/soare/images/icon-why-choose-2.svg]
[html.awaikenthemes.com/soare/images/footer-logo.svg]
[html.awaikenthemes.com/soare/images/icon-submit-btn.svg]
[html.awaikenthemes.com/soare/images/squre-bg-img-2.svg]
[html.awaikenthemes.com/soare/images/white-squre-bg-img.svg]
[html.awaikenthemes.com/soare/images/squre-bg-img.svg]
[html.awaikenthemes.com/soare/images/icon-plus.svg]
[html.awaikenthemes.com/soare/images/footer-squre-bg-img.svg]
[html.awaikenthemes.com/soare/images/green-squre-bg-img.svg]
[html.awaikenthemes.com/soare/images/icon-circle-arrow.svg]
[html.awaikenthemes.com/soare/images/icon-blockquote.svg]
[html.awaikenthemes.com/soare/images/company-quality-img.svg]
[html.awaikenthemes.com/soare/images/icon-company-quality-1.svg]
[html.awaikenthemes.com/soare/images/icon-company-quality-2.svg]
[html.awaikenthemes.com/soare/images/icon-satisfied-client.svg]
[html.awaikenthemes.com/soare/images/icon-services-5.svg]
[html.awaikenthemes.com/soare/images/icon-services-6.svg]
[html.awaikenthemes.com/soare/images/icon-services-7.svg]
[html.awaikenthemes.com/soare/images/icon-services-8.svg]
[html.awaikenthemes.com/soare/images/icon-service-benefit-1.svg]
[html.awaikenthemes.com/soare/images/icon-service-benefit-2.svg]
[html.awaikenthemes.com/soare/images/icon-service-benefit-3.svg]
[html.awaikenthemes.com/soare/images/icon-service-benefit-4.svg]
[html.awaikenthemes.com/soare/images/icon-service-benefit-5.svg]
[html.awaikenthemes.com/soare/images/icon-service-benefit-6.svg]
[html.awaikenthemes.com/soare/images/icon-service-benefit-7.svg]
[html.awaikenthemes.com/soare/images/icon-service-benefit-8.svg]
[html.awaikenthemes.com/soare/images/icon-project-info-1.svg]
[html.awaikenthemes.com/soare/images/icon-project-info-2.svg]
[html.awaikenthemes.com/soare/images/icon-project-info-3.svg]
[html.awaikenthemes.com/soare/images/icon-project-info-4.svg]
[html.awaikenthemes.com/soare/images/icon-project-info-5.svg]
[html.awaikenthemes.com/soare/images/icon-project-info-6.svg]
