[www.winni.in/index.html]
[backblue.gif]
[fade.gif]
[index.html]
[assets.winni.in/coreast/constant/icon/v1/apple-icon-120x120.png]
[assets.winni.in/coreast/constant/icon/v1/apple-icon-57x57.png]
[assets.winni.in/coreast/constant/icon/v1/apple-icon-60x60.png]
[assets.winni.in/coreast/constant/icon/v1/apple-icon-72x72.png]
[assets.winni.in/coreast/constant/icon/v1/apple-icon-76x76.png]
[assets.winni.in/coreast/constant/icon/v1/apple-icon-114x114.png]
[assets.winni.in/coreast/constant/icon/v1/apple-icon-144x144.png]
[assets.winni.in/coreast/constant/icon/v1/apple-icon-152x152.png]
[assets.winni.in/coreast/constant/icon/v1/apple-icon-180x180.png]
[assets.winni.in/coreast/constant/icon/v1/android-icon-192x192.png]
[assets.winni.in/coreast/constant/icon/v1/favicon-32x32.png]
[assets.winni.in/coreast/constant/icon/v1/favicon-96x96.png]
[assets.winni.in/coreast/constant/icon/v1/favicon-16x16.png]
[assets.winni.in/groot/2023/05/06/winni-logo/logo-test-thirty-six.png]
[assets.winni.in/coreast/constant/css/vnd/swiper-8.1.0.min.css]
[assets.winni.in/coreast/constant/css/vnd/materialize-1.0.0.min.css]
[www.winni.in/assets/css/thor/common-8664e8d80fc89284577a8358e645d4d3.css]
[www.winni.in/assets/css/thor/deliveryIn-common-2975420ce29dba92d753d73530d59335.css]
[vision.winni.in/lib.min.js]
[www.google.com/recaptcha/enterpriseed16.js]
[www.winni.in/ak.m]
[www.winni.in/ak.t]
[assets.winni.in/groot/2023/11/20/desktop/header-image/cart-pink.png]
[www.winni.in/contact-us.html]
[www.winni.in/corporate.html]
[www.winni.in/franchise.html]
[www.winni.in/customer/login.html]
[assets.winni.in/groot/2023/01/31/icons/desktopheadersearch.png]
[www.winni.in/cake.html]
[www.winni.in/flowers.html]
[www.winni.in/gifts.html]
[www.winni.in/combos.html]
[www.winni.in/chocolates.html]
[www.winni.in/birthday-gifts.html]
[www.winni.in/personalised-gifts.html]
[www.winni.in/anniversary-gifts.html]
[assets.winni.in/groot/2023/10/25/mobile/icon-material-location.png]
[assets.winni.in/groot/2022/04/26/pin-hover.png]
[assets.winni.in/groot/2024/01/13/mobile/india-icon.png]
[assets.winni.in/groot/2023/05/3/citysearchicons/newpin.png]
[assets.winni.in/groot/2023/05/3/citysearchicons/newpen.png]
[assets.winni.in/groot/2021/12/15/close.png]
[assets.winni.in/groot/2023/10/23/location-black.png]
[assets.winni.in/groot/2023/05/3/citysearchicons/searicon.png]
[assets.winni.in/groot/2023/05/3/citysearchicons/editicon.png]
[assets.winni.in/groot/2023/10/25/mobile/icon-ionic-ios-globe.png]
[assets.winni.in/groot/2023/10/25/mobile/country/usa.jpg]
[assets.winni.in/groot/2023/10/25/mobile/country/canada.jpg]
[assets.winni.in/groot/2023/10/25/mobile/country/australia.jpg]
[assets.winni.in/groot/2023/10/25/mobile/country/uae.png]
[assets.winni.in/groot/2023/10/25/mobile/country/uk.jpg]
[assets.winni.in/groot/2023/10/25/mobile/country/japan.jpg]
[assets.winni.in/groot/2023/10/25/mobile/country/indonesia.png]
[assets.winni.in/groot/2023/10/25/mobile/country/south-aftrica.jpg]
[assets.winni.in/groot/2023/10/25/mobile/country/germany.png]
[assets.winni.in/groot/2023/10/25/mobile/country/singapore.jpg]
[assets.winni.in/groot/2023/10/25/mobile/country/new-zeland.jpg]
[assets.winni.in/groot/2023/10/25/mobile/country/kuwait.jpg]
[assets.winni.in/groot/2023/10/25/mobile/country/philippines.jpg]
[assets.winni.in/groot/2023/10/25/mobile/country/ireland.png]
[assets.winni.in/groot/2023/10/25/mobile/country/malasia.jpg]
[assets.winni.in/groot/2023/10/25/mobile/country/nepal.jpg]
[assets.winni.in/groot/2023/10/25/mobile/country/saudi-arabia.jpg]
[assets.winni.in/groot/2023/10/25/mobile/country/france.png]
[assets.winni.in/groot/2023/10/25/mobile/country/bahrain.jpg]
[assets.winni.in/groot/2023/10/25/mobile/building.png]
[assets.winni.in/groot/2024/02/12/mobile/icon-material-my-location.png]
[assets.winni.in/groot/2023/04/26/citysearch/right-angle-arrow.png]
[assets.winni.in/groot/2023/10/25/mobile/icon-feather-arrow-left.png]
[assets.winni.in/groot/2023/05/3/citysearchicons/tickmark.png]
[www.winni.in/usa.html]
[www.winni.in/canada.html]
[www.winni.in/australia.html]
[www.winni.in/uae.html]
[www.winni.in/uk.html]
[www.winni.in/japan.html]
[www.winni.in/indonesia.html]
[www.winni.in/south-africa.html]
[www.winni.in/germany.html]
[www.winni.in/singapore.html]
[www.winni.in/new-zealand.html]
[www.winni.in/kuwait.html]
[www.winni.in/philippines.html]
[www.winni.in/ireland.html]
[www.winni.in/malaysia.html]
[assets.winni.in/groot/2023/10/25/mobile/country/india.jpg]
[www.winni.in/nepal.html]
[www.winni.in/saudi-arabia.html]
[www.winni.in/france/gifts.html]
[www.winni.in/bahrain/gifts.html]
[assets.winni.in/groot/2024/7/18/delhi-ncr.jpg]
[assets.winni.in/groot/2024/7/18/mumbai.jpg]
[assets.winni.in/groot/2024/7/18/chennai.jpg]
[assets.winni.in/groot/2024/7/18/bangalore.jpg]
[assets.winni.in/groot/2024/7/18/hyderabad.jpg]
[assets.winni.in/groot/2024/7/18/kolkata.jpg]
[assets.winni.in/groot/2024/7/18/chandigarh.jpg]
[assets.winni.in/groot/2024/7/18/ahmedabad.jpg]
[assets.winni.in/groot/2024/7/18/jaipur.jpg]
[assets.winni.in/groot/2024/7/18/pune.jpg]
[assets.winni.in/groot/2024/7/18/lucknow.jpg]
[assets.winni.in/groot/2024/7/18/nagpur.jpg]
[www.winni.in/gift-box.html]
[www.winni.in/wishlist.html]
[assets.winni.in/groot/2024/01/usp/without-heart.png]
[assets.winni.in/groot/2023/11/20/user-icon-grey.png]
[assets.winni.in/groot/2023/03/13/desktop/header-default/hearts-six-thousand-into-two-fifty-six-svgtopng.png]
[www.winni.in/express-delivery.html]
[www.winni.in/cake/express-delivery.html]
[www.winni.in/flowers/express-delivery.html]
[www.winni.in/plants/same-day-delivery.html]
[www.winni.in/combos/express-delivery.html]
[www.winni.in/gifts/express-delivery.html]
[assets.winni.in/groot/2023/11/08/desktop/rectangle.gif]
[www.winni.in/eggless-cake.html]
[www.winni.in/midnight-cake-delivery-in-india.html]
[www.winni.in/cake/photo-cake.html]
[www.winni.in/cake/heart-shape-cake.html]
[www.winni.in/cake/designer-cakes.html]
[www.winni.in/cake/fondant-cakes.html]
[www.winni.in/cake/dry-cake.html]
[www.winni.in/cake/cup-cakes.html]
[www.winni.in/pastry.html]
[www.winni.in/cake/jar-cake.html]
[www.winni.in/cake/chocolate-cake.html]
[www.winni.in/cake/truffle-cakes.html]
[www.winni.in/cake/black-forest-cake.html]
[www.winni.in/cake/rasmalai-cake.html]
[www.winni.in/cake/butterscotch-cake.html]
[www.winni.in/cake/red-velvet-cake.html]
[www.winni.in/cake/vanilla-cake.html]
[www.winni.in/cake/pineapple-cake.html]
[www.winni.in/cake/fruit-cake.html]
[www.winni.in/cake/coffee-cake.html]
[www.winni.in/cake/kitkat-cakes.html]
[www.winni.in/cake/kids-cake-shop.html]
[www.winni.in/cake/unicorn-cake.html]
[www.winni.in/cake/half-cake.html]
[www.winni.in/cake/barbie-cakes.html]
[www.winni.in/cake/multi-tier.html]
[www.winni.in/cake/cartoon-cakes.html]
[www.winni.in/cake/spiderman-cakes.html]
[www.winni.in/birthday-cakes.html]
[www.winni.in/anniversary-cakes.html]
[www.winni.in/cake/1st-birthday-cakes.html]
[www.winni.in/anniversary-cakes/1st.html]
[www.winni.in/anniversary-cakes/25th.html]
[www.winni.in/combos/cake.html]
[www.winni.in/cakes-and-flowers-delivery-in-india.html]
[www.winni.in/combos/cakes-and-chocolates.html]
[www.winni.in/combos/cakes-and-teddies.html]
[www.winni.in/cake/pinata-cake.html]
[www.winni.in/cake/pull-me-up-cake.html]
[www.winni.in/cake/bento-cakes.html]
[www.winni.in/cake/best-sellers.html]
[www.winni.in/cake/new-arrivals.html]
[assets.winni.in/groot/2023/11/08/desktop/cakes/new-arrivals.jpg]
[www.winni.in/cake/premium-cakes.html]
[assets.winni.in/groot/2023/11/08/desktop/cakes/premium-cakes.jpg]
[www.winni.in/roses.html]
[www.winni.in/flowers/orchids.html]
[www.winni.in/flowers/lilies.html]
[www.winni.in/flowers/gerberas.html]
[www.winni.in/flowers/carnations.html]
[www.winni.in/flowers/mixed.html]
[www.winni.in/birthday-flowers.html]
[www.winni.in/anniversary-flowers.html]
[www.winni.in/flowers/i-am-sorry.html]
[www.winni.in/flowers/love-and-affection.html]
[www.winni.in/flowers/wedding.html]
[www.winni.in/flowers/congratulations.html]
[www.winni.in/flowers/thank-you.html]
[www.winni.in/flowers/sympathy-n-funeral.html]
[www.winni.in/flowers/red.html]
[www.winni.in/flowers/pink.html]
[www.winni.in/flowers/yellow.html]
[www.winni.in/flowers/white.html]
[www.winni.in/flowers/purple.html]
[www.winni.in/flowers/premium.html]
[www.winni.in/flowers/basket.html]
[www.winni.in/flowers/exotic.html]
[www.winni.in/flowers/box.html]
[www.winni.in/combos/flowers-and-chocolates.html]
[www.winni.in/combos/flowers-and-teddies.html]
[www.winni.in/combos/flowers.html]
[www.winni.in/flowers/best-sellers.html]
[assets.winni.in/groot/2023/11/16/desktop/best-seller-flowers.jpg]
[assets.winni.in/groot/2023/11/16/desktop/premium-flowers-image.jpg]
[www.winni.in/plants.html]
[www.winni.in/plants/indoor.html]
[www.winni.in/plants/outdoor.html]
[www.winni.in/plants/personalised.html]
[www.winni.in/plants/premium.html]
[www.winni.in/plants/low-maintenance.html]
[www.winni.in/plants/air-purifier.html]
[www.winni.in/plants/flowering.html]
[www.winni.in/plants/Succulent.html]
[www.winni.in/plants/new-arrivals.html]
[www.winni.in/plants/bamboo.html]
[www.winni.in/plants/money.html]
[www.winni.in/plants/jade.html]
[www.winni.in/plants/syngonium.html]
[www.winni.in/plants/Bonsai.html]
[www.winni.in/plants/rose.html]
[www.winni.in/plants/cactus.html]
[www.winni.in/plants/set.html]
[www.winni.in/plants/birthday.html]
[www.winni.in/plants/anniversary.html]
[www.winni.in/plants/good-luck.html]
[www.winni.in/plants/house-warming.html]
[www.winni.in/planters/ceramic.html]
[www.winni.in/planters/metal.html]
[www.winni.in/planters/glass.html]
[www.winni.in/planters/self-watering.html]
[assets.winni.in/groot/2023/11/16/desktop/same-day-plants.jpg]
[www.winni.in/best-selling-plants.html]
[assets.winni.in/groot/2023/11/16/desktop/best-seller-plants.jpg]
[assets.winni.in/groot/2023/03/13/desktop/header-default/gift-img.jpg]
[www.winni.in/best-selling-gifts.html]
[www.winni.in/gifts/home-decor.html]
[www.winni.in/gifts/jewellery.html]
[www.winni.in/gifts/perfumes.html]
[www.winni.in/gifts/baskets.html]
[www.winni.in/gifts/soft-toys.html]
[www.winni.in/gifts/handbags.html]
[www.winni.in/gifts/idols-and-figurines.html]
[www.winni.in/gifts/candles-and-Diffusers.html]
[www.winni.in/gifts/greeting-cards.html]
[www.winni.in/new-arrival.html]
[www.winni.in/gifts/gift-hampers.html]
[www.winni.in/sweets.html]
[www.winni.in/dry-fruits.html]
[www.winni.in/gifts/for-her.html]
[www.winni.in/gifts/for-him.html]
[www.winni.in/gifts/for-husband.html]
[www.winni.in/gifts/for-wife.html]
[www.winni.in/gifts/for-kids.html]
[www.winni.in/romantic-couple-gifts.html]
[www.winni.in/gifts/wedding.html]
[www.winni.in/love-romance.html]
[assets.winni.in/groot/2023/11/16/desktop/gifts/all-gifts.jpg]
[assets.winni.in/groot/2023/11/16/desktop/gifts/gift-hampers.jpg]
[www.winni.in/personalised-gifts/mugs.html]
[www.winni.in/personalised-gifts/cushions.html]
[www.winni.in/personalised-gifts/water-bottles.html]
[www.winni.in/personalised-gifts/key-chains.html]
[www.winni.in/personalised-clocks.html]
[www.winni.in/personalised-gifts/chocolate.html]
[www.winni.in/gifts/engraved-gifts.html]
[www.winni.in/personalised-tshirts.html]
[www.winni.in/personalised-gifts/stationery.html]
[www.winni.in/personalised-gifts/accessories.html]
[www.winni.in/personalised-gifts/new-arrival.html]
[www.winni.in/personalised-gifts/photo-frames.html]
[www.winni.in/gifts/led-frames.html]
[www.winni.in/personalised-gifts/photo-to-art.html]
[www.winni.in/personalised-gifts/caricatures.html]
[www.winni.in/personalised-gifts/combo.html]
[www.winni.in/gifts/glassware.html]
[www.winni.in/personalised-gifts/for-her.html]
[www.winni.in/personalised-gifts/for-him.html]
[www.winni.in/personalised-gifts/for-husband.html]
[www.winni.in/personalised-gifts/for-wife.html]
[www.winni.in/personalised-gifts/for-kids.html]
[www.winni.in/personalised-gifts/for-couples.html]
[assets.winni.in/groot/2023/11/20/personalized/all-personalised.jpg]
[www.winni.in/personalised-gifts/bestsellers.html]
[assets.winni.in/groot/2023/11/20/personalized/best-sellers.jpg]
[www.winni.in/bestsellers-chocolate.html]
[www.winni.in/chocolate-bouquet.html]
[www.winni.in/chocolates/premium.html]
[www.winni.in/chocolates/hampers.html]
[www.winni.in/chocolates/new-arrivals.html]
[www.winni.in/chocolates/dark.html]
[www.winni.in/chocolates/milk.html]
[www.winni.in/chocolates/white.html]
[www.winni.in/chocolates/sugar-free.html]
[www.winni.in/chocolates/hand-made.html]
[www.winni.in/chocolates/winni-exclusive.html]
[www.winni.in/chocolates/cadbury.html]
[www.winni.in/chocolates/ferrero-rocher.html]
[www.winni.in/chocolates/jus-trufs.html]
[www.winni.in/chocolates/velvet-fine.html]
[www.winni.in/chocolates-combo.html]
[www.winni.in/chocolates/birthday.html]
[www.winni.in/chocolates/anniversary.html]
[assets.winni.in/groot/2023/11/20/chocolate/best-seller.jpg]
[www.winni.in/chocolates/same-day-delivery.html]
[assets.winni.in/groot/2023/11/20/chocolate/same-day-delivery.jpg]
[www.winni.in/combos/best-sellers.html]
[www.winni.in/combos/new-arrival.html]
[www.winni.in/premium-combos.html]
[www.winni.in/combos/plant.html]
[www.winni.in/room-full-of-flowers.html]
[www.winni.in/room-full-of-teddies.html]
[www.winni.in/anniversary/combos.html]
[www.winni.in/combos/birthday.html]
[assets.winni.in/groot/2023/11/20/combos/best-seller-combos.jpg]
[assets.winni.in/groot/2023/11/20/combos/express-combo-delivery.jpg]
[www.winni.in/birthday/best-sellers.html]
[www.winni.in/cake/photo-cake/birthday.html]
[www.winni.in/gifts/balloons-decoration.html]
[www.winni.in/birthday-gifts/new-arrival.html]
[www.winni.in/birthday-gifts/personalised.html]
[www.winni.in/birthday-gifts/for-wife.html]
[www.winni.in/birthday-gifts/for-husband.html]
[www.winni.in/birthday-gifts/for-kids.html]
[www.winni.in/birthday-gifts/for-her.html]
[www.winni.in/birthday-gifts/for-him.html]
[assets.winni.in/groot/2023/11/20/birthday/birthday-new-arrival.jpg]
[assets.winni.in/groot/2023/11/20/birthday/all-birthday-cakes.jpg]
[www.winni.in/bestsellers-anniversary.html]
[www.winni.in/cake/photo-cake/anniversary.html]
[www.winni.in/balloon-decorations.html]
[www.winni.in/anniversary-gifts/new-arrival.html]
[www.winni.in/anniversary-gifts/personalised.html]
[www.winni.in/anniversary-gifts/for-wife.html]
[www.winni.in/anniversary-gifts/for-husband.html]
[www.winni.in/anniversary-gifts/for-parents.html]
[www.winni.in/anniversary-gifts/for-bhaiya-bhabhi.html]
[www.winni.in/anniversary-gifts/for-didi-jiju.html]
[www.winni.in/anniversary-gifts/for-grand-parents.html]
[assets.winni.in/groot/2023/11/20/anniversary/new-arrival.jpg]
[assets.winni.in/groot/2023/11/20/anniversary/all-anniversary-gifts.jpg]
[www.winni.in/send-rakhi.html]
[www.winni.in/ganeshchaturthi.html]
[www.winni.in/navratri.html]
[www.winni.in/dussehra.html]
[www.winni.in/karva-chauth.html]
[www.winni.in/diwali.html]
[www.winni.in/bhai-dooj.html]
[www.winni.in/christmas.html]
[www.winni.in/lohri.html]
[www.winni.in/makar-sankranti.html]
[www.winni.in/holi.html]
[www.winni.in/gifts/parents-day.html]
[www.winni.in/friendship-day-gifts.html]
[www.winni.in/gifts/independence-day.html]
[www.winni.in/teachers-day.html]
[www.winni.in/boss-day.html]
[www.winni.in/childrens-day.html]
[www.winni.in/new-year.html]
[www.winni.in/republic.html]
[www.winni.in/valentine.html]
[www.winni.in/gifts/womens-day.html]
[www.winni.in/gifts/mothers-day.html]
[www.winni.in/gifts/fathers-day.html]
[www.winni.in/appreciation/ct/212.html]
[www.winni.in/gifts/for-friends.html]
[www.winni.in/congratulations/ct/167.html]
[www.winni.in/love-and-affection/ct/215.html]
[assets.winni.in/groot/2023/12/29/birthday-header.jpg]
[assets.winni.in/groot/2023/12/29/anniversary-header.jpg]
[assets.winni.in/groot/2023/03/22/desktop/down-arrow-header.png]
[assets.winni.in/groot/2023/12/18/desktop/arrow-left.png]
[assets.winni.in/groot/2023/12/18/desktop/arrow-right.png]
[www.winni.in/cake/mango-cake86b7.html]
[assets.winni.in/sf-img/live/visuals/home/desktop/2025/5/1747806792765.jpg]
[assets.winni.in/sf-img/live/visuals/home/desktop/2025/3/1740983560968.jpg]
[www.winni.in/gifts/beauty-skincare86b7.html]
[assets.winni.in/sf-img/live/visuals/home/desktop/2025/6/1750316173681.jpg]
[www.winni.in/personalised-gifts86b7.html]
[assets.winni.in/sf-img/live/visuals/home/desktop/2025/3/1740983590442.jpg]
[assets.winni.in/groot/2023/12/18/desktop/cake.jpg]
[assets.winni.in/groot/2023/12/18/desktop/flowers.jpg]
[assets.winni.in/groot/2023/12/18/desktop/combos.jpg]
[assets.winni.in/groot/2023/12/18/desktop/plants.jpg]
[assets.winni.in/groot/2023/12/18/desktop/chocolates.jpg]
[assets.winni.in/groot/2023/12/18/desktop/gifts.jpg]
[assets.winni.in/groot/2023/12/18/desktop/personalised.jpg]
[www.winni.in/international-gifts-delivery.html]
[assets.winni.in/groot/2025/05/07/mobile/homepage-global-icon-web.jpg]
[www.winni.in/cake/kids-cakes86b7.html]
[assets.winni.in/groot/2024/04/16/desktop/six-hundred-into-four-hundred-eighty.gif]
[assets.winni.in/groot/2024/06/29/desktop/plant.jpg]
[www.winni.in/deals.html]
[assets.winni.in/groot/2024/04/16/desktop/six-hundred-into-seven-hundred-fifty-four.gif]
[assets.winni.in/groot/2024/04/16/desktop/six-hundred-into-eight-hundred-fifteen.gif]
[assets.winni.in/groot/2024/04/16/desktop/five-hundred-eighty-eight-into-five-hundred.gif]
[www.winni.in/offers/paytm.html]
[assets.winni.in/sf-img/live/visuals/home/desktop/2025/2/1740748602607.jpg]
[www.winni.in/offers/mobikwikupi.html]
[assets.winni.in/sf-img/live/visuals/home/desktop/2025/2/1739355061157.jpg]
[www.winni.in/offers/mobikwikupi-flat.html]
[assets.winni.in/sf-img/live/visuals/home/desktop/2025/5/1748520682785.jpg]
[assets.winni.in/groot/2024/04/16/desktop/four-hundred-thirty-four-into-four-hundred.gif]
[www.winni.in/cake/kids-cakes.html]
[assets.winni.in/groot/2023/12/18/desktop/downword-errow.png]
[assets.winni.in/groot/2022/12/26/desktop/processing-gif-second.gif]
[assets.winni.in/groot/2023/12/18/desktop/countdown-timer-backgroud-image.jpg]
[assets.winni.in/groot/2024/01/31/explore-now-btn-desktop.png]
[assets.winni.in/groot/2023/03/09/desktop/spinner-two.gif]
[www.winni.in/gifts/trending.html]
[assets.winni.in/groot/2024/04/16/desktop/spinner-seven-hunderd-seventy-five.gif]
[assets.winni.in/groot/2024/04/16/desktop/one-hundred-fifteen-into-one-hundred-fifteen.gif]
[assets.winni.in/groot/2024/04/16/desktop/three-hundred-eighty-five-into-three-hundred-fifty-five.gif]
[assets.winni.in/groot/2024/04/08/desktop/spinner00b9.gif]
[assets.winni.in/groot/2024/04/08/desktop/spinner.gif]
[assets.winni.in/groot/2023/05/11/desktop/austrelia.png]
[assets.winni.in/groot/2023/05/11/desktop/usa.png]
[assets.winni.in/groot/2023/05/11/desktop/canada.png]
[assets.winni.in/groot/2023/05/11/desktop/uk.png]
[assets.winni.in/groot/2023/05/11/desktop/uae.png]
[assets.winni.in/groot/2023/05/11/desktop/world.png]
[www.winni.in/stores.html]
[www.winni.in/cake/bangalore.html]
[www.winni.in/tlplist/birthday-cake-with-name.html]
[assets.winni.in/groot/2022/06/15/international-flag/usa.png]
[assets.winni.in/groot/2022/06/15/international-flag/uk.png]
[assets.winni.in/groot/2022/06/15/international-flag/uae.png]
[assets.winni.in/groot/2022/06/15/international-flag/australia.png]
[www.winni.in/celebrate-relations/fusion-cakes-a-blend-of-tradition-and-taste/index.html]
[assets.winni.in/groot/2022/06/15/international-flag/canada.png]
[assets.winni.in/groot/2022/06/15/international-flag/singaporenew.png]
[assets.winni.in/groot/2023/07/19/desktop/happy-delivery.png]
[www.winni.in/celebrate-relations/thoughtful-gifting-a-gift-for-father-on-fathers-day-based-on-his-personality/index.html]
[assets.winni.in/groot/2023/07/19/desktop/secure-payment.png]
[assets.winni.in/groot/2023/07/19/desktop/customer-across-the-world.png]
[assets.winni.in/groot/2023/07/19/desktop/logo.png]
[www.winni.in/celebrate-relations/fathers-day-gifting-guide-from-classic-to-quirky/index.html]
[www.winni.in/about-us.html]
[www.winni.in/careers.html]
[www.winni.in/affiliate.html]
[www.winni.in/press.html]
[www.winni.in/wishes.html]
[www.winni.in/sitemap.html]
[www.winni.in/s/customer-review.html]
[www.winni.in/s/faq.html]
[www.winni.in/s/terms-and-conditions.html]
[www.winni.in/s/privacy-policy.html]
[www.winni.in/bug-bounty.html]
[www.winni.in/data-security.html]
[www.winni.in/s/payments-and-security.html]
[assets.winni.in/groot/2023/07/19/desktop/facebook.png]
[assets.winni.in/groot/2023/07/19/desktop/instagram.png]
[assets.winni.in/groot/2023/07/19/desktop/youtube.png]
[assets.winni.in/groot/2023/07/19/desktop/linkdin.png]
[assets.winni.in/groot/2023/12/14/desktop/twiter.png]
[assets.winni.in/groot/2024/04/23/mobile/black-whatsapp-icon.png]
[assets.winni.in/groot/2023/07/19/desktop/google-play.png]
[assets.winni.in/groot/2023/07/19/desktop/app-store.png]
[assets.winni.in/groot/2023/07/19/desktop/help.png]
[assets.winni.in/groot/2023/07/19/desktop/vendor-tie.png]
[assets.winni.in/groot/2023/07/19/desktop/corporate-order.png]
[assets.winni.in/groot/2023/07/19/desktop/franchise-enquiry.png]
[assets.winni.in/groot/2023/07/19/desktop/winni-news.png]
[assets.winni.in/coreast/constant/js/vnd/lazysizes-5.3.0.min.js]
[assets.winni.in/coreast/constant/js/vnd/jquery-3.7.1.min.js]
[www.winni.in/assets/js/thor/adv-initialize-fb73976be6f12da0c977acdd5f267929.js]
[assets.winni.in/coreast/constant/js/vnd/materialize-1.0.1.min.js]
[www.winni.in/assets/js/thor/mixpanel-event-c97795570ecca394986fcff866d70527.js]
[assets.winni.in/coreast/constant/js/vnd/slick-1.8.1.min.js]
[assets.winni.in/coreast/constant/css/vnd/slick-1.8.1.min.css]
[assets.winni.in/coreast/constant/js/vnd/infinite-scroll-4.0.1.pkgd.min.js]
[assets.winni.in/coreast/constant/js/vnd/swiper-8.1.0-v1.min.js]
[assets.winni.in/coreast/constant/js/vnd/typeahead-0.11.1.js]
[assets.winni.in/coreast/constant/js/vnd/handlebars.min-v4.7.6.js]
[assets.winni.in/coreast/constant/js/vnd/money-0.2.min.js]
[assets.winni.in/coreast/constant/js/vnd/accounting-0.4.2.min.js]
[www.winni.in/assets/js/thor/currency-a5b0409b390159d37b49553dfcdf42b3.js]
[www.winni.in/assets/js/thor/main-7b9b5f8dbecea82417c1127b4b77d3e0.js]
[www.winni.in/assets/js/thor/geolocation-b8d824e743030900b9edcab0dee81c94.js]
[www.winni.in/assets/js/thor/city-pincode-search-4c40a66660c72eeb4f236934611f0013.js]
[www.winni.in/assets/js/thor/homepage-5c607573095fe81ddfc6da1dde33a8d7.js]
[www.winni.in/search03d2.html]
[www.winni.in/app/cityName.json]
[www.winni.in/change-city/index.html]
[www.winni.in/index.html]
[www.winni.in/news/filter/index.html]
[www.winni.in/previous/survey/question/index.html]
[www.winni.in/courier-gifts.html]
[www.winni.in/search/indianCity/queries/index.html]
[assets.winni.in/coreast/constant/css/vnd/swiper-8.1.0.min.css]
[assets.winni.in/coreast/constant/css/vnd/materialize-1.0.0.min.css]
[www.winni.in/add/survey/response/index.html]
[www.winni.in/finish/survey/question/index.html]
[www.winni.in/checked-helpful/index.html]
[assets.winni.in/groot/2023/01/31/icons/searchicon.png]
[assets.winni.in/groot/2023/05/06/mobile/popular.png]
[d3s16h6oq3j5fb.cloudfront.net/img/css-sprites-icon.png]
[assets.winni.in/groot/2023/11/20/desktop/scooter-animation-fifth.gif]
[assets.winni.in/groot/2023/11/20/desktop/location-icon.png]
[assets.winni.in/groot/2023/11/20/cart.png]
[assets.winni.in/groot/2023/07/07/MyWiini/desktop/accountToggle.png]
[assets.winni.in/groot/2023/07/07/MyWiini/desktop/orderToggle.png]
[assets.winni.in/groot/2023/07/07/MyWiini/desktop/addressIconToggle.png]
[assets.winni.in/groot/2023/07/07/MyWiini/desktop/walletToggle.png]
[assets.winni.in/groot/2023/07/07/MyWiini/desktop/coupontoggle.png]
[assets.winni.in/groot/2024/12/09/mobile/reminder-toggle.png]
[www.winni.in/assets/css/thor/common-8664e8d80fc89284577a8358e645d4d3.css]
[www.winni.in/assets/css/thor/deliveryIn-common-2975420ce29dba92d753d73530d59335.css]
[www.googletagmanager.com/gtm5445.html]
[www.winni.in/ak.html]
[www.winni.in/ak-2.html]
[assets.winni.in/groot/2023/02/03/helppage/desktop/banr.png]
[assets.winni.in/groot/2023/02/03/helppage/desktop/gmail.png]
[www.winni.in/contact-us/write-to-us.html]
[assets.winni.in/groot/2023/02/03/helppage/desktop/call-us.png]
[assets.winni.in/groot/2022/07/28/icon/whatsAppdesktop.png]
[assets.winni.in/groot/2023/02/03/helppage/desktop/need-help.png]
[assets.winni.in/groot/2023/02/03/helppage/desktop/expected-delivery-date.png]
[assets.winni.in/groot/2023/02/03/helppage/desktop/special-discount.png]
[assets.winni.in/groot/2023/02/03/helppage/desktop/cancellation-and-refund.png]
[assets.winni.in/groot/2023/02/03/helppage/desktop/customized-orders.png]
[assets.winni.in/groot/2023/02/03/helppage/desktop/managing-my-orders.png]
[assets.winni.in/groot/2023/02/03/helppage/desktop/inquiries-about-delivery-charges.png]
[assets.winni.in/groot/2023/02/03/helppage/desktop/collaborate-with-us.png]
[assets.winni.in/groot/2023/02/03/helppage/desktop/facebook.png]
[assets.winni.in/groot/2023/02/03/helppage/desktop/youtube.png]
[assets.winni.in/groot/2023/02/03/helppage/desktop/instagram-1.png]
[assets.winni.in/groot/2023/02/03/helppage/desktop/linked.png]
[assets.winni.in/groot/2023/02/03/helppage/desktop/pinterest.png]
[assets.winni.in/groot/2024/04/23/mobile/color-whatsapp-icon.png]
[assets.winni.in/img/contact-us/call.png]
[assets.winni.in/groot/2024/02/02/cancel.png]
[www.winni.in/contact-us.html]
[assets.winni.in/groot/2022/10/4/desktop/card-background-cover.jpg]
[assets.winni.in/groot/2022/10/4/desktop/form-background-cover.jpg]
[assets.winni.in/groot/2022/10/4/desktop/corporate-gift-banners.jpg]
[assets.winni.in/groot/2022/10/4/desktop/dry-fruits.jpg]
[assets.winni.in/groot/2022/10/4/desktop/chocolates.jpg]
[assets.winni.in/groot/2022/10/4/desktop/diwali-gifts.jpg]
[assets.winni.in/groot/2022/10/4/desktop/cakes.jpg]
[assets.winni.in/groot/2022/10/4/desktop/flowers.jpg]
[assets.winni.in/groot/2022/10/4/desktop/personalised-gifts.jpg]
[assets.winni.in/groot/2022/10/4/desktop/crystal-items.jpg]
[assets.winni.in/groot/2022/10/4/desktop/plants.jpg]
[assets.winni.in/groot/2022/10/4/desktop/new-year-gifts.jpg]
[assets.winni.in/groot/2022/10/4/desktop/others.jpg]
[assets.winni.in/groot/2022/10/4/desktop/first-card-image.png]
[assets.winni.in/groot/2022/10/4/desktop/errow.png]
[assets.winni.in/groot/2022/10/4/desktop/second-card-image.png]
[assets.winni.in/groot/2022/10/4/desktop/third-card-images.png]
[assets.winni.in/groot/2022/10/4/desktop/infosys.jpg]
[assets.winni.in/groot/2022/10/4/desktop/wipro.jpg]
[assets.winni.in/groot/2022/10/4/desktop/tech-mahindra.jpg]
[assets.winni.in/groot/2022/10/4/desktop/raymond.jpg]
[assets.winni.in/groot/2022/10/4/desktop/hero.jpg]
[assets.winni.in/groot/2022/10/4/desktop/winni-product-catalogue.jpg]
[assets.winni.in/groot/2022/10/4/desktop/same-day-delivery.jpg]
[assets.winni.in/groot/2022/10/4/desktop/decades-of-winni-experience.jpg]
[assets.winni.in/groot/2022/10/4/desktop/experience-or-delivering.jpg]
[assets.winni.in/groot/2022/10/4/desktop/product-customization.jpg]
[assets.winni.in/groot/2022/10/4/desktop/competitive-price.jpg]
[assets.winni.in/groot/2022/10/4/desktop/side-banner.png]
[assets.winni.in/groot/2022/10/4/desktop/secure-payment.jpg]
[assets.winni.in/groot/2022/10/4/desktop/customer-across-the-world.jpg]
[assets.winni.in/groot/2022/10/4/desktop/happily-delivery.jpg]
[www.google.com/recaptcha/api.js]
[www.winni.in/corporate.html]
[www.winni.in/franchise-apply.html]
[assets.winni.in/groot/2024/07/27/franchisebanner.jpg]
[assets.winni.in/groot/2022/12/1/franchise/desktop/infographic-update.jpg]
[assets.winni.in/groot/2022/12/1/franchise/desktop/shakes.jpg]
[assets.winni.in/groot/2022/12/1/franchise/desktop/burger.jpg]
[assets.winni.in/groot/2022/12/1/franchise/desktop/cake.jpg]
[assets.winni.in/groot/2022/12/1/franchise/desktop/chocolates.jpg]
[assets.winni.in/groot/2022/12/1/franchise/desktop/pizza.jpg]
[assets.winni.in/groot/2022/12/1/franchise/desktop/pasta.jpg]
[assets.winni.in/groot/2022/12/1/franchise/desktop/puff-coffe.jpg]
[assets.winni.in/groot/2022/12/1/franchise/desktop/usps.jpg]
[assets.winni.in/img/new-franchise/slide-1.jpg]
[assets.winni.in/img/new-franchise/slide-2.jpg]
[assets.winni.in/img/new-franchise/slide-3.jpg]
[assets.winni.in/groot/2022/12/1/franchise/desktop/recent-opening.jpg]
[assets.winni.in/groot/2022/12/1/franchise/desktop/franchise-modal.jpg]
[assets.winni.in/groot/2024/02/22/banner-3.jpg]
[assets.winni.in/img/Spinner-2.gif]
[assets.winni.in/img/new-franchise/mobile/slide-1.jpg]
[assets.winni.in/img/new-franchise/mobile/slide-2.jpg]
[assets.winni.in/img/new-franchise/mobile/slide-3.jpg]
[www.winni.in/storese146.html]
[www.winni.in/stores202c.html]
[www.winni.in/storesa2b9.html]
[www.winni.in/stores37e8.html]
[www.winni.in/storese2b0.html]
[www.winni.in/stores89dd.html]
[www.winni.in/stores4505.html]
[www.winni.in/stores8f01.html]
[www.winni.in/stores4abb.html]
[www.winni.in/stores1e66.html]
[www.winni.in/storesa4e1.html]
[www.winni.in/stores2fdd.html]
[www.winni.in/stores45ea.html]
[www.winni.in/storesfaa0.html]
[www.winni.in/stores9797.html]
[www.winni.in/storesf788.html]
[www.winni.in/stores6f36.html]
[www.winni.in/stores3cc9.html]
[www.winni.in/stores18e3.html]
[www.winni.in/stores71b7.html]
[www.winni.in/stores05a8.html]
[www.winni.in/franchise/bangalore.html]
[www.winni.in/franchise/chennai.html]
[www.winni.in/franchise/gurgaon.html]
[www.winni.in/franchise.html]
[www.winni.in/franchise/delhi.html]
[www.winni.in/assets/css/thor/login-ea5d42dca289902cf641f39ed9157488.css]
[www.winni.in/customer/ak.m]
[www.winni.in/customer/ak.t]
[assets.winni.in/coreast/constant/js/vnd/libphonenumber-max-1.10.6.min.js]
[www.winni.in/assets/js/thor/country-flag-9a8702061741dac5be87b221acdf8da3.js]
[assets.winni.in/coreast/constant/js/vnd/mailcheck-1.1.0.min.js]
[www.winni.in/customer/login.html]
[www.winni.in/assets/js/thor/login-cb3112ae72769d0936347822da8449ab.js]
[www.winni.in/cake4658.html]
[www.winni.in/assets/css/catalog/catalog-desktop-aca528a435c15f38b4bb0e279419bf1d.css]
[assets.winni.in/groot/2023/09/11/plp/calendar.png]
[assets.winni.in/groot/2023/09/11/plp/sort.png]
[www.winni.in/yummylicious-chocolate-cake/pd/21687ce44.html]
[assets.winni.in/groot/2023/03/13/desktop/spinner-two.gif]
[assets.winni.in/product/primary/2023/3/832213cf5.jpg]
[assets.winni.in/groot/2024/02/23/mobile/add-wishlist.png]
[www.winni.in/delicious-pineapple-cake/pd/44861991a.html]
[assets.winni.in/product/primary/2024/3/945623cf5.jpg]
[www.winni.in/delicious-black-forest-cake/pd/22955e238.html]
[assets.winni.in/product/primary/2023/3/832333cf5.jpg]
[www.winni.in/butterscotch-flavorsome-cake/pd/448605a5d.html]
[assets.winni.in/product/primary/2024/3/945603cf5.jpg]
[www.winni.in/red-roses-bouquet-with-chocolate-cake/pd/508131026.html]
[assets.winni.in/product/primary/2023/10/899803cf5.jpg]
[www.winni.in/fruit-and-nut-cake/pd/2262367b7.html]
[assets.winni.in/product/primary/2023/4/845073cf5.jpg]
[www.winni.in/chocolate-truffle/pd/16159c917.html]
[assets.winni.in/product/primary/2014/6/312043cf5.jpg]
[www.winni.in/yummy-pineapple-cake/pd/195338830.html]
[assets.winni.in/product/primary/2023/8/889593cf5.jpg]
[www.winni.in/delicious-butterscotch-cake/pd/23023eca3.html]
[assets.winni.in/product/primary/2024/3/946093cf5.jpg]
[www.winni.in/tempting-ferrero-rocher-cake/pd/265451c64.html]
[assets.winni.in/product/primary/2014/8/452893cf5.jpg]
[www.winni.in/heartfelt-vanilla-cake/pd/534855d4a.html]
[assets.winni.in/product/primary/2025/1/1013803cf5.jpg]
[www.winni.in/heavenly-refreshing-mango-cake/pd/49334ec42.html]
[assets.winni.in/product/primary/2023/5/847703cf5.jpg]
[www.winni.in/marble-crunch-cake/pd/448635667.html]
[assets.winni.in/product/primary/2024/3/945643cf5.jpg]
[www.winni.in/mini-pineapple-cake-300-gm/pd/506135b13.html]
[assets.winni.in/product/primary/2024/3/945843cf5.jpg]
[www.winni.in/frosting-red-velvet-cake/pd/453229072.html]
[assets.winni.in/product/primary/2024/3/945723cf5.jpg]
[www.winni.in/mouth-melting-chocolate-cake/pd/491794e84.html]
[assets.winni.in/product/primary/2023/4/844993cf5.jpg]
[www.winni.in/decadent-black-forest-delight/pd/53709ba5c.html]
[assets.winni.in/product/primary/2025/2/1020123cf5.jpg]
[www.winni.in/luscious-red-velvet-pinata/pd/30890e3ba.html]
[assets.winni.in/product/primary/2014/10/504283cf5.jpg]
[www.winni.in/delicious-rasmalai-cake/pd/44870ad10.html]
[assets.winni.in/product/primary/2024/3/946103cf5.jpg]
[www.winni.in/hazelnut-chocolate-cake/pd/363224c12.html]
[assets.winni.in/product/primary/2022/3/584003cf5.jpg]
[www.winni.in/fudge-brownie-cake/pd/47550a145.html]
[assets.winni.in/product/primary/2022/12/803833cf5.jpg]
[www.winni.in/black-forest-cake-with-red-roses/pd/229587790.html]
[assets.winni.in/product/primary/2024/3/944233cf5.jpg]
[www.winni.in/mango-magical-cake/pd/5217609ba.html]
[assets.winni.in/product/primary/2024/5/954153cf5.jpg]
[www.winni.in/toothsome-chocolate-cake/pd/242805000.html]
[assets.winni.in/product/primary/2014/8/377403cf5.jpg]
[www.winni.in/cocomelon-chocolate-birthday-cake/pd/539579aa7.html]
[assets.winni.in/product/primary/2025/4/1027093cf5.jpg]
[www.winni.in/american-blueberry-cake/pd/50950a9d8.html]
[assets.winni.in/product/primary/2023/10/904933cf5.jpg]
[www.winni.in/belgium-chocolate-truffle-cake/pd/448584469.html]
[assets.winni.in/product/primary/2022/9/744213cf5.jpg]
[www.winni.in/black-forest-cake/pd/16152821f.html]
[assets.winni.in/product/primary/2024/3/945703cf5.jpg]
[www.winni.in/chocolate-drizzled-cake/pd/453213ae0.html]
[assets.winni.in/product/primary/2024/3/945683cf5.jpg]
[www.winni.in/heart-shaped-red-velvet-cake/pd/516753bb6.html]
[assets.winni.in/product/primary/2024/1/931993cf5.jpg]
[www.winni.in/floral-vanilla-cream-cake/pd/502284090.html]
[assets.winni.in/product/primary/2023/8/880143cf5.jpg]
[www.winni.in/rosy-romance-black-forest-cake/pd/53484e199.html]
[assets.winni.in/product/primary/2025/1/1013773cf5.jpg]
[www.winni.in/heavenly-rose-cake/pd/255815c8b.html]
[assets.winni.in/product/primary/2014/8/403943cf5.jpg]
[www.winni.in/jungle-adventure-kids-birthday-cake/pd/53963c3ec.html]
[assets.winni.in/product/primary/2025/4/1027233cf5.jpg]
[www.winni.in/heavy-chocolate-blackforest-cake/pd/448593824.html]
[assets.winni.in/product/primary/2024/3/945663cf5.jpg]
[www.winni.in/chocolate-birthday-cake/pd/22982e88e.html]
[assets.winni.in/product/primary/2014/8/360653cf5.jpg]
[www.winni.in/kitkat-and-gems-cake/pd/222669174.html]
[assets.winni.in/product/primary/2014/6/343133cf5.jpg]
[www.winni.in/yummy-gulab-jamun-cake/pd/44871498c.html]
[assets.winni.in/product/primary/2024/3/945783cf5.jpg]
[www.winni.in/vanilla-cake/pd/16393f580.html]
[assets.winni.in/product/primary/2014/6/311583cf5.jpg]
[www.winni.in/red-roses-and-chocolate-cake/pd/216778c65.html]
[assets.winni.in/product/primary/2024/3/944263cf5.jpg]
[www.winni.in/cake/half-kg-cakes.html]
[www.winni.in/cake/plum-cake.html]
[www.winni.in/cake/oreo-cake.html]
[www.winni.in/cake/white-forest-cakes.html]
[www.winni.in/janmashtami/cake.html]
[www.winni.in/cake/mothers-day.html]
[www.winni.in/cake/chennai.html]
[www.winni.in/uae/cake.html]
[www.winni.in/delete/wishlist-item/index.html]
[www.winni.in/giftbox/add-wishlist/index.html]
[www.winni.in/assets/js/filters/specification-filters-7c04fb82bb1240c07f8afd44b74f417c.js]
[www.winni.in/celebrate-relations/tips-tricks-bake-and-serve-dark-chocolate-mousse-cake/index.html]
[www.winni.in/celebrate-relations/classic-tiramisu-cake-recipe-a-step-by-step-guide-for-beginners/index.html]
[www.winni.in/cake.html]
[www.winni.in/assets/js/thor/wishlist-bc46bdfdd3e885c7b5de5e1c525f3e74.js]
[www.winni.in/flowers4658.html]
[www.winni.in/8-red-roses-bouquet/pd/22879cf66.html]
[assets.winni.in/product/primary/2023/1/820833cf5.jpg]
[www.winni.in/graceful-roses-and-chocolate-arrangement/pd/379553a2f.html]
[assets.winni.in/product/primary/2023/12/926023cf5.jpg]
[www.winni.in/glittery-love-roses-bouquet/pd/484273524.html]
[assets.winni.in/product/primary/2023/1/819513cf5.jpg]
[www.winni.in/romantic-tickle/pd/174515a25.html]
[assets.winni.in/product/primary/2024/3/942563cf5.jpg]
[www.winni.in/modern-romance/pd/16970a0ef.html]
[assets.winni.in/product/primary/2014/6/295183cf5.jpg]
[www.winni.in/mix-gerbera-flowers-bouquet-in-white-wrapping/pd/304571926.html]
[assets.winni.in/product/primary/2014/10/497023cf5.jpg]
[www.winni.in/classic-aura-12-red-roses-bouquet/pd/484069cd2.html]
[assets.winni.in/product/primary/2023/1/818883cf5.jpg]
[www.winni.in/bold-beauty-of-love/pd/29036a028.html]
[assets.winni.in/product/primary/2014/8/468443cf5.jpg]
[www.winni.in/blooming-insight/pd/170206188.html]
[assets.winni.in/product/primary/2023/1/820863cf5.jpg]
[www.winni.in/mixed-roses-arrangement/pd/44765e794.html]
[assets.winni.in/product/primary/2022/9/733713cf5.jpg]
[www.winni.in/8-pink-roses/pd/228782db9.html]
[assets.winni.in/product/primary/2023/1/823133cf5.jpg]
[www.winni.in/black-forest-cake-with-red-roses/pd/2295885b7.html]
[www.winni.in/heart-winning-orchids-bouquet/pd/30475a595.html]
[assets.winni.in/product/primary/2023/12/925653cf5.jpg]
[www.winni.in/8-mixed-roses-bouquet/pd/22877270d.html]
[assets.winni.in/product/primary/2014/8/359863cf5.jpg]
[www.winni.in/romantic-bunch-of-red-roses/pd/37947baf1.html]
[assets.winni.in/product/primary/2022/6/616053cf5.jpg]
[www.winni.in/youthful-mix-arrangement/pd/3396860a1.html]
[assets.winni.in/product/primary/2021/10/545833cf5.jpg]
[www.winni.in/exotic-pink-roses/pd/37949222d.html]
[assets.winni.in/product/primary/2022/6/616113cf5.jpg]
[www.winni.in/blossom-spill/pd/53037a2fc.html]
[assets.winni.in/product/primary/2024/10/998323cf5.jpg]
[www.winni.in/red-roses-you-and-me-sticker-vase/pd/48770074d.html]
[assets.winni.in/product/primary/2023/2/829193cf5.jpg]
[www.winni.in/touch-of-luxury-mix-roses-bouquet/pd/174951d1e.html]
[assets.winni.in/product/primary/2024/2/941793cf5.jpg]
[www.winni.in/charismatic-rose-and-teddy-arrangement/pd/37967bb16.html]
[assets.winni.in/product/primary/2022/6/616553cf5.jpg]
[www.winni.in/enchanting-love-red-roses-bouquet/pd/48433a520.html]
[assets.winni.in/product/primary/2023/1/819693cf5.jpg]
[www.winni.in/elegant-mix-roses-bunch/pd/379481fac.html]
[assets.winni.in/product/primary/2022/6/616083cf5.jpg]
[www.winni.in/epitome-of-love/pd/29035373d.html]
[assets.winni.in/product/primary/2014/8/468413cf5.jpg]
[www.winni.in/never-ending-love-roses-arrangement/pd/48460a93c.html]
[assets.winni.in/product/primary/2023/1/820483cf5.jpg]
[www.winni.in/pink-roses-of-happiness/pd/446171754.html]
[assets.winni.in/product/primary/2022/8/730513cf5.jpg]
[www.winni.in/red-roses-and-chocolate-cake/pd/21677d4ba.html]
[www.winni.in/love-and-emotions-orchid/pd/37953da11.html]
[assets.winni.in/product/primary/2022/6/616213cf5.jpg]
[www.winni.in/10-mixed-roses-bouquet/pd/54004c8ad.html]
[assets.winni.in/product/primary/2025/4/1028063cf5.jpg]
[www.winni.in/beautiful-pink-lilies-bunch/pd/4462160ff.html]
[assets.winni.in/product/primary/2022/9/732033cf5.jpg]
[www.winni.in/crimson-love-6-roses-bouquet/pd/484138c2d.html]
[assets.winni.in/product/primary/2023/1/819093cf5.jpg]
[www.winni.in/love-affair-of-roses-and-chocolates-bouquet/pd/484113bb3.html]
[assets.winni.in/product/primary/2023/1/819033cf5.jpg]
[www.winni.in/miniscule-bunch-of-love/pd/29042e881.html]
[assets.winni.in/product/primary/2014/8/468203cf5.jpg]
[www.winni.in/symphony-of-chocolate-with-roses-bouquet/pd/518130707.html]
[assets.winni.in/product/primary/2024/2/937113cf5.jpg]
[www.winni.in/mesmerizing-red-roses-bouquet/pd/48426a04a.html]
[assets.winni.in/product/primary/2023/1/819483cf5.jpg]
[www.winni.in/elegant-pink-mixed-flowers-basket/pd/44616b3b5.html]
[assets.winni.in/product/primary/2022/9/731703cf5.jpg]
[www.winni.in/vivid-aureate-roses-bouquet/pd/4841012d6.html]
[assets.winni.in/product/primary/2023/1/819003cf5.jpg]
[www.winni.in/sweet-memories/pd/16608eb6e.html]
[assets.winni.in/product/primary/2014/8/423053cf5.jpg]
[www.winni.in/wonderful-pink-roses-display/pd/37961a7a2.html]
[assets.winni.in/product/primary/2022/6/616433cf5.jpg]
[www.winni.in/fantasy-mix-gerbera/pd/380800002.html]
[assets.winni.in/product/primary/2022/6/618323cf5.jpg]
[www.winni.in/flowers/mothers-day.html]
[www.winni.in/flowers/hyderabad.html]
[www.winni.in/flowers/bangalore.html]
[www.winni.in/flowers/coimbatore.html]
[www.winni.in/flowers/delhi.html]
[www.winni.in/flowers/mumbai.html]
[www.winni.in/flowers/lucknow.html]
[www.winni.in/flowers/ahmedabad.html]
[www.winni.in/flowers/chandigarh.html]
[www.winni.in/flowers/zirakpur.html]
[www.winni.in/flowers/gurgaon.html]
[www.winni.in/flowers/chennai.html]
[www.winni.in/flowers/pune.html]
[www.winni.in/flowers/kolkata.html]
[www.winni.in/flowers/patna.html]
[www.winni.in/flowers.html]
[www.winni.in/flowers/noida.html]
[www.winni.in/celebrate-relations/extraordinary-types-of-lilies-and-their-unique-characteristics/index.html]
[www.winni.in/celebrate-relations/top-10-low-maintenance-flowering-plants-for-a-vibrant-garden/index.html]
[www.winni.in/celebrate-relations/dwarf-trees-used-as-ornamental-plants-in-india/index.html]
[www.winni.in/gifts4658.html]
[www.winni.in/magic-mug/pd/18848854d.html]
[assets.winni.in/product/primary/2022/5/608433cf5.jpg]
[www.winni.in/birthday-personalized-cushion/pd/349409564.html]
[assets.winni.in/product/primary/2021/11/557783cf5.jpg]
[www.winni.in/personalised-floating-memories-frame/pd/53373208b.html]
[assets.winni.in/product/primary/2025/1/1009483cf5.jpg]
[www.winni.in/personalised-led-temperature-bottle-for-him/pd/484666b4b.html]
[assets.winni.in/product/primary/2023/1/820693cf5.jpg]
[www.winni.in/truffle-chocolate-24-pcs/pd/46809199c.html]
[assets.winni.in/product/primary/2022/11/784513cf5.jpg]
[www.winni.in/personalized-led-hologram-lamp/pd/35999c9c6.html]
[assets.winni.in/product/primary/2022/2/578923cf5.jpg]
[www.winni.in/personalized-4-in-1-accessory-gift-for-men/pd/52299933b.html]
[assets.winni.in/product/primary/2024/6/958363cf5.jpg]
[www.winni.in/personalized-love-story-caricature/pd/515925166.html]
[assets.winni.in/product/primary/2024/1/928603cf5.jpg]
[www.winni.in/peraonalised-promise-you-set-of-4-fridge-magnets/pd/539776c9d.html]
[assets.winni.in/product/primary/2025/4/1026713cf5.jpg]
[www.winni.in/personalised-pen-and-key-chain-set/pd/536276510.html]
[assets.winni.in/product/primary/2025/1/1018263cf5.jpg]
[www.winni.in/pleasing-peace-lily-with-cute-monks/pd/22544dd89.html]
[assets.winni.in/product/primary/2023/6/854483cf5.jpg]
[www.winni.in/magical-led-clock/pd/273669035.html]
[assets.winni.in/product/primary/2014/8/440353cf5.jpg]
[www.winni.in/grooming-hamper-for-him/pd/540262689.html]
[assets.winni.in/product/primary/2025/5/1028843cf5.jpg]
[www.winni.in/infinite-love-personalized-cushion/pd/4816177c4.html]
[assets.winni.in/product/primary/2023/1/814233cf5.jpg]
[www.winni.in/special-truffle-chocolate-12-pcs/pd/468148c40.html]
[assets.winni.in/product/primary/2022/11/784713cf5.jpg]
[www.winni.in/personalised-thoughtful-money-saving-box/pd/53519d429.html]
[assets.winni.in/product/primary/2025/3/1022303cf5.jpg]
[www.winni.in/heart-pendants/pd/29938d714.html]
[assets.winni.in/product/primary/2014/10/485563cf5.jpg]
[www.winni.in/personalized-colored-photo-rotating-pentagon-lamp/pd/511485ec8.html]
[assets.winni.in/product/primary/2023/10/912863cf5.jpg]
[www.winni.in/personalised-heart-design-mug/pd/536484ce4.html]
[assets.winni.in/product/primary/2025/2/1019263cf5.jpg]
[www.winni.in/wishful-jade-in-gold-pot/pd/53548fbe6.html]
[assets.winni.in/product/primary/2025/1/1015523cf5.jpg]
[www.winni.in/happy-birthday-bluetooth-speaker/pd/273588005.html]
[assets.winni.in/product/primary/2024/6/957603cf5.jpg]
[www.winni.in/romantic-couple-personalized-cushion/pd/48165a40d.html]
[assets.winni.in/product/primary/2023/1/814293cf5.jpg]
[www.winni.in/adorable-teddy-and-dark-chocolate-delight/pd/47940821f.html]
[assets.winni.in/product/primary/2023/1/809673cf5.jpg]
[www.winni.in/parleg-chai-printed-coasters/pd/5392231ad.html]
[assets.winni.in/product/primary/2025/4/1025833cf5.jpg]
[www.winni.in/pretty-pink-hamper-for-her/pd/5401710ef.html]
[assets.winni.in/product/primary/2025/5/1028923cf5.jpg]
[www.winni.in/personalised-mug-with-black-forest-cake/pd/521870bf9.html]
[assets.winni.in/product/primary/2024/5/954793cf5.jpg]
[www.winni.in/radiant-colors-personalized-temperature-bottle/pd/492810a86.html]
[assets.winni.in/product/primary/2023/5/846573cf5.jpg]
[www.winni.in/magic-mirror-for-you/pd/27373920c.html]
[assets.winni.in/product/primary/2025/6/1031363cf5.jpg]
[www.winni.in/customised-photo-frame-painting/pd/4659000d4.html]
[assets.winni.in/product/primary/2022/11/779103cf5.jpg]
[www.winni.in/enduring-love-personalised-valentines-pendant/pd/5361330f1.html]
[assets.winni.in/product/primary/2025/1/1017643cf5.jpg]
[www.winni.in/together-forever-led-lamp/pd/35384e4f1.html]
[assets.winni.in/product/primary/2025/6/1032263cf5.jpg]
[www.winni.in/personalised-keepsake-for-your-car/pd/53914a5b4.html]
[assets.winni.in/product/primary/2025/5/1029653cf5.jpg]
[www.winni.in/best-wishes-mirror-greeting-card/pd/53545d5e4.html]
[assets.winni.in/product/primary/2025/1/1018853cf5.jpg]
[www.winni.in/exquisite-assorted-baklava-delights/pd/508532f99.html]
[assets.winni.in/product/primary/2023/10/901223cf5.jpg]
[www.winni.in/personalised-diary-pen-combo/pd/535115466.html]
[assets.winni.in/product/primary/2025/1/1014383cf5.jpg]
[www.winni.in/pretty-personalised-photo-frame-for-her/pd/35399e1de.html]
[assets.winni.in/product/primary/2025/6/1032233cf5.jpg]
[www.winni.in/pretty-rotating-personalized-lamp/pd/45324e92e.html]
[assets.winni.in/product/primary/2022/9/744843cf5.jpg]
[www.winni.in/elegant-personalized-photo-frame/pd/329763dce.html]
[assets.winni.in/product/primary/2024/12/1007873cf5.jpg]
[www.winni.in/white-potted-table-kamini/pd/269293a2d.html]
[assets.winni.in/product/primary/2023/6/853543cf5.jpg]
[www.winni.in/2d-heart-keychain-small/pd/24733cb79.html]
[assets.winni.in/product/primary/2023/2/830653cf5.jpg]
[www.winni.in/gifts/bangalore.html]
[www.winni.in/gifts/chennai.html]
[www.winni.in/gifts/delhi.html]
[www.winni.in/gifts/hyderabad.html]
[www.winni.in/gifts/pune.html]
[www.winni.in/gifts/mumbai.html]
[www.winni.in/gifts/kolkata.html]
[www.winni.in/gifts/nagpur.html]
[www.winni.in/gifts/chandigarh.html]
[www.winni.in/gifts/gurgaon.html]
[www.winni.in/gifts/jaipur.html]
[www.winni.in/gifts/vizag.html]
[www.winni.in/gifts/noida.html]
[www.winni.in/gifts.html]
[www.winni.in/gifts/ahmedabad.html]
[www.winni.in/celebrate-relations/return-gifts-the-essence-of-celebration/index.html]
[www.winni.in/celebrate-relations/relationships-deserve-thoughtful-gifts-more-than-just-likes/index.html]
[www.winni.in/celebrate-relations/gifting-on-a-birthday-is-an-art-not-a-task-let-explore/index.html]
[www.winni.in/combos4658.html]
[www.winni.in/red-roses-and-chocolate-cake/pd/216777fcd.html]
[www.winni.in/premium-personalized-pen-keychain-and-temperature-bottle/pd/51145175a.html]
[assets.winni.in/product/primary/2023/10/913803cf5.jpg]
[www.winni.in/glittery-roses-and-pineapple-cake-combo/pd/488307d92.html]
[assets.winni.in/product/primary/2023/3/832023cf5.jpg]
[www.winni.in/alluring-personalized-diary-and-chocolate-combo/pd/488480d0b.html]
[assets.winni.in/product/primary/2023/3/832563cf5.jpg]
[www.winni.in/black-forest-cake-with-red-roses/pd/229586247.html]
[www.winni.in/cadbury-love-with-adorable-teddy/pd/5159016f1.html]
[assets.winni.in/product/primary/2024/1/928483cf5.jpg]
[www.winni.in/blooming-butterscotch/pd/231711adb.html]
[assets.winni.in/product/primary/2024/3/945563cf5.jpg]
[www.winni.in/choco-beauty/pd/294806293.html]
[assets.winni.in/product/primary/2014/10/474703cf5.jpg]
[www.winni.in/wonderful-pink-roses-display/pd/37961de5a.html]
[www.winni.in/personalized-mug-with-dairy-milk-chocolate/pd/52188faf6.html]
[assets.winni.in/product/primary/2024/5/955083cf5.jpg]
[www.winni.in/love-forever-combo/pd/5338177c4.html]
[assets.winni.in/product/primary/2025/1/1009763cf5.jpg]
[www.winni.in/feel-blessed-plant-combo-gift/pd/452657a44.html]
[assets.winni.in/product/primary/2022/9/742083cf5.jpg]
[www.winni.in/red-roses-bouquet-with-chocolate-cake/pd/50813e2a2.html]
[www.winni.in/made-for-you-combo/pd/22934cdca.html]
[assets.winni.in/product/primary/2014/8/358703cf5.jpg]
[www.winni.in/adorable-expressions/pd/231682210.html]
[assets.winni.in/product/primary/2014/8/363313cf5.jpg]
[www.winni.in/personalised-photo-frame-gift-combo/pd/53871a20f.html]
[assets.winni.in/product/primary/2025/4/1024303cf5.jpg]
[www.winni.in/charismatic-rose-and-teddy-arrangement/pd/379676cb2.html]
[www.winni.in/personalised-mug-with-black-forest-cake/pd/52187a548.html]
[www.winni.in/red-roses-with-love-surprise/pd/53382978e.html]
[assets.winni.in/product/primary/2025/1/1009813cf5.jpg]
[www.winni.in/rosey-choco-combo/pd/30529626f.html]
[assets.winni.in/product/primary/2024/3/945513cf5.jpg]
[www.winni.in/celebrations-bundle-of-surprise-with-teddy/pd/517524a73.html]
[assets.winni.in/product/primary/2024/1/935283cf5.jpg]
[www.winni.in/personalised-frame-with-teddy-and-chocolates/pd/53872f8f3.html]
[assets.winni.in/product/primary/2025/4/1024323cf5.jpg]
[www.winni.in/mixed-rose-bouquet-with-vanilla-cake/pd/50814afaf.html]
[assets.winni.in/product/primary/2023/10/899813cf5.jpg]
[www.winni.in/mini-chocolate-cake-with-red-rose/pd/51744e203.html]
[assets.winni.in/product/primary/2024/1/934913cf5.jpg]
[www.winni.in/personalised-frame-and-bottle-gift-set/pd/538732661.html]
[assets.winni.in/product/primary/2025/4/1024363cf5.jpg]
[www.winni.in/personalized-cushion-with-sipper-bottle/pd/52190b96f.html]
[assets.winni.in/product/primary/2024/5/954913cf5.jpg]
[www.winni.in/personalized-birthday-greeting-with-temptation/pd/51946d05a.html]
[assets.winni.in/product/primary/2024/3/944083cf5.jpg]
[www.winni.in/pink-roses-bouquet-with-teddy-bear/pd/533833777.html]
[assets.winni.in/product/primary/2025/1/1009873cf5.jpg]
[www.winni.in/black-forest-cake-with-yellow-roses/pd/22959f79e.html]
[assets.winni.in/product/primary/2014/8/408983cf5.jpg]
[www.winni.in/red-love-roses-in-a-mug/pd/482757ce7.html]
[assets.winni.in/product/primary/2023/1/815883cf5.jpg]
[www.winni.in/personalised-clock-with-sweet-surprise-combo/pd/5387473f7.html]
[assets.winni.in/product/primary/2025/4/1024413cf5.jpg]
[www.winni.in/8-pink-roses-and-chocolate-cake-combo/pd/2308241ec.html]
[assets.winni.in/product/primary/2014/8/362243cf5.jpg]
[www.winni.in/aromatic-rose-and-butterscotch-cake-combo/pd/488316d33.html]
[assets.winni.in/product/primary/2023/3/832033cf5.jpg]
[www.winni.in/chocolate-cake-and-bamboo/pd/216846b14.html]
[assets.winni.in/product/primary/2014/6/345083cf5.jpg]
[www.winni.in/adorable-you-and-me-temperature-bottle-combo/pd/53875ef4e.html]
[assets.winni.in/product/primary/2025/4/1024433cf5.jpg]
[www.winni.in/heavenly-delight-combo/pd/38237aa53.html]
[assets.winni.in/product/primary/2022/7/648543cf5.jpg]
[www.winni.in/beautiful-pink-roses-with-truffle-cake/pd/537496c5b.html]
[assets.winni.in/product/primary/2025/3/1021353cf5.jpg]
[www.winni.in/unique-personalized-combo/pd/521931899.html]
[assets.winni.in/product/primary/2024/5/954993cf5.jpg]
[www.winni.in/mixed-roses-with-chocolate-and-greeting-card/pd/533843de9.html]
[assets.winni.in/product/primary/2025/1/1009943cf5.jpg]
[www.winni.in/alluring-roses-and-chocolate-truffle-cake-combo/pd/48834dab3.html]
[assets.winni.in/product/primary/2023/3/832063cf5.jpg]
[www.winni.in/christmas/combo.html]
[www.winni.in/new-year/combos.html]
[www.winni.in/send-rakhi/combos.html]
[www.winni.in/cake/delhi.html]
[www.winni.in/cake/mumbai.html]
[www.winni.in/cake/pune.html]
[www.winni.in/cake/gurgaon.html]
[www.winni.in/cake/hyderabad.html]
[www.winni.in/cake/kolkata.html]
[www.winni.in/cake/noida.html]
[www.winni.in/cake/ahmedabad.html]
[www.winni.in/cake/chandigarh.html]
[www.winni.in/cake/jaipur.html]
[www.winni.in/cake/dehradun.html]
[www.winni.in/cake/patna.html]
[www.winni.in/cake/vizag.html]
[www.winni.in/cake/bhopal.html]
[www.winni.in/cake/nagpur.html]
[www.winni.in/cake/indore.html]
[www.winni.in/cake/agra.html]
[www.winni.in/cake/lucknow.html]
[www.winni.in/flowers/jaipur.html]
[www.winni.in/flowers/dehradun.html]
[www.winni.in/flowers/vizag.html]
[www.winni.in/flowers/bhopal.html]
[www.winni.in/flowers/nagpur.html]
[www.winni.in/flowers/indore.html]
[www.winni.in/flowers/agra.html]
[www.winni.in/gifts/dehradun.html]
[www.winni.in/gifts/patna.html]
[www.winni.in/gifts/bhopal.html]
[www.winni.in/gifts/indore.html]
[www.winni.in/gifts/agra.html]
[www.winni.in/combos.html]
[www.winni.in/gifts/lucknow.html]
[www.winni.in/chocolates4658.html]
[www.winni.in/express-the-moment/pd/17786f597.html]
[assets.winni.in/product/primary/2025/1/1013823cf5.jpg]
[www.winni.in/delight-assorted-chocolate-box/pd/36104f596.html]
[assets.winni.in/product/primary/2022/2/578953cf5.jpg]
[www.winni.in/ferrero-rocher-chocolate-candy-bouquet/pd/22614e74d.html]
[assets.winni.in/product/primary/2014/8/350733cf5.jpg]
[www.winni.in/hexagonal-love-affair-chocolates/pd/495619b1d.html]
[assets.winni.in/product/primary/2023/6/855473cf5.jpg]
[www.winni.in/fathers-day-choco-surprise-for-dad/pd/5406375a5.html]
[assets.winni.in/product/primary/2025/6/1030573cf5.jpg]
[www.winni.in/golden-bliss-chocolate-box-with-beauty-set/pd/54010a3d2.html]
[assets.winni.in/product/primary/2025/5/1028253cf5.jpg]
[www.winni.in/symphony-of-chocolate-with-roses-bouquet/pd/51813cb70.html]
[www.winni.in/adorable-teddy-and-dark-chocolate-delight/pd/47940544c.html]
[www.winni.in/irresistible-chocolate-flavors/pd/507138d23.html]
[assets.winni.in/product/primary/2024/4/952433cf5.jpg]
[www.winni.in/mixed-roses-arrangement/pd/44765ac40.html]
[www.winni.in/tempting-dark-chocolate/pd/47942825d.html]
[assets.winni.in/product/primary/2023/1/809743cf5.jpg]
[www.winni.in/truffle-chocolate-box-with-elegant-beauty-touch/pd/54011a744.html]
[assets.winni.in/product/primary/2025/5/1028283cf5.jpg]
[www.winni.in/stylish-fathers-day-chocolate-combo/pd/54064f82b.html]
[assets.winni.in/product/primary/2025/6/1030623cf5.jpg]
[www.winni.in/golden-tied-cadbury-dairy-milk-chocolates/pd/506515c26.html]
[assets.winni.in/product/primary/2023/9/892893cf5.jpg]
[www.winni.in/special-truffle-chocolate-12-pcs/pd/468147fd4.html]
[www.winni.in/rock-the-moment/pd/177825517.html]
[assets.winni.in/product/primary/2025/1/1013913cf5.jpg]
[www.winni.in/sweet-dairy-milk-chocolate-bouquet/pd/51812e3f5.html]
[assets.winni.in/product/primary/2024/2/937083cf5.jpg]
[www.winni.in/truffle-delight-combo-12-pcs-with-beauty-essentials/pd/540127749.html]
[assets.winni.in/product/primary/2025/5/1028323cf5.jpg]
[www.winni.in/my-hero-my-dad-fathers-day-pack/pd/54065bf4c.html]
[assets.winni.in/product/primary/2025/6/1030673cf5.jpg]
[www.winni.in/assorted-chocolates-bar-gift-box/pd/49571abfa.html]
[assets.winni.in/product/primary/2023/8/889403cf5.jpg]
[www.winni.in/i-love-u-forever-delicious-chocolate-box/pd/4914518c0.html]
[assets.winni.in/product/primary/2023/4/843083cf5.jpg]
[www.winni.in/love-affair-of-roses-and-chocolates-bouquet/pd/484111b8b.html]
[www.winni.in/personalized-mothers-day-chocolate-box-with-beauty-kit/pd/540141f92.html]
[assets.winni.in/product/primary/2025/5/1028413cf5.jpg]
[www.winni.in/signature-fathers-day-chocolate-gift-box/pd/540666949.html]
[assets.winni.in/product/primary/2025/6/1030723cf5.jpg]
[www.winni.in/dairy-milk-chocolate-basket/pd/304705a02.html]
[assets.winni.in/product/primary/2014/10/497153cf5.jpg]
[www.winni.in/chocobliss-bouquet/pd/53587ecb5.html]
[assets.winni.in/product/primary/2025/1/1016733cf5.jpg]
[www.winni.in/luxury-style/pd/344124067.html]
[assets.winni.in/product/primary/2021/10/551693cf5.jpg]
[www.winni.in/pretty-pink-hamper-for-her/pd/540174ee8.html]
[www.winni.in/truffle-chocolate-24-pcs/pd/468095538.html]
[www.winni.in/graceful-roses-and-chocolate-arrangement/pd/3795580b8.html]
[www.winni.in/personalized-chocolates-box-with-self-care-essentials/pd/54015043b.html]
[assets.winni.in/product/primary/2025/5/1028443cf5.jpg]
[www.winni.in/fathers-day-grand-chocolate-combo/pd/540677076.html]
[assets.winni.in/product/primary/2025/6/1030773cf5.jpg]
[www.winni.in/alluring-personalized-ferrero-rocher-box/pd/49067336a.html]
[assets.winni.in/product/primary/2023/4/840673cf5.jpg]
[www.winni.in/classy-watch-chocolate-joy/pd/5363449e7.html]
[assets.winni.in/product/primary/2025/1/1018493cf5.jpg]
[www.winni.in/all-in-one-chocolate-combo/pd/482830d20.html]
[assets.winni.in/product/primary/2025/1/1013863cf5.jpg]
[www.winni.in/winni-chocolate-indulgence-with-eyeliners-magic/pd/5401603e5.html]
[assets.winni.in/product/primary/2025/5/1028503cf5.jpg]
[www.winni.in/personalised-fathers-day-choco-pen-set/pd/54068820a.html]
[assets.winni.in/product/primary/2025/6/1030823cf5.jpg]
[www.winni.in/superlicious-juncture/pd/1779249cd.html]
[assets.winni.in/product/primary/2024/2/938953cf5.jpg]
[www.winni.in/premium-box-of-assorted-chocolates-18-pcs/pd/51748a485.html]
[assets.winni.in/product/primary/2024/1/935213cf5.jpg]
[www.winni.in/glowing-with-love/pd/17438cf59.html]
[assets.winni.in/product/primary/2014/6/305363cf5.jpg]
[www.winni.in/valentine/dairy-milk-silk.html]
[www.winni.in/gifts/for-boyfriend.html]
[www.winni.in/chocolates/mothers-day.html]
[www.winni.in/christmas/chocolates.html]
[www.winni.in/chocolates.html]
[www.winni.in/valentine/chocolate-day.html]
[www.winni.in/birthday-gifts4658.html]
[www.winni.in/floral-vanilla-cream-cake/pd/502281d15.html]
[www.winni.in/birthday-personalized-cushion/pd/444456dfc.html]
[assets.winni.in/product/primary/2023/3/832923cf5.jpg]
[www.winni.in/8-red-roses-bouquet/pd/228790900.html]
[www.winni.in/birthday-wishes-photo-frame/pd/29758febe.html]
[assets.winni.in/product/primary/2025/6/1031483cf5.jpg]
[www.winni.in/happy-birthday-gift-for-her-with-photo/pd/369387468.html]
[assets.winni.in/product/primary/2022/4/597843cf5.jpg]
[www.winni.in/layered-roses-bouquet-with-truffle-cake/pd/5184503e4.html]
[assets.winni.in/product/primary/2024/2/939153cf5.jpg]
[www.winni.in/chocolate-birthday-cake/pd/229827404.html]
[www.winni.in/special-birthday-wish-mug/pd/377901a93.html]
[assets.winni.in/product/primary/2022/6/613203cf5.jpg]
[www.winni.in/personalised-led-temperature-bottle-for-him/pd/484661ae0.html]
[www.winni.in/truffle-delight-combo-12-pcs-with-beauty-essentials/pd/540125ac1.html]
[www.winni.in/mixed-roses-romantic-bouquet/pd/169998441.html]
[assets.winni.in/product/primary/2024/2/939343cf5.jpg]
[www.winni.in/personalized-led-clock/pd/27370950f.html]
[assets.winni.in/product/primary/2025/5/1030213cf5.jpg]
[www.winni.in/fairy-lights-photo-strips/pd/32949cc4d.html]
[assets.winni.in/product/primary/2022/4/590593cf5.jpg]
[www.winni.in/red-velvet-name-cake/pd/44857725f.html]
[assets.winni.in/product/primary/2022/9/735073cf5.jpg]
[www.winni.in/glamorous-golden-birthday-balloon-bouquet/pd/49387bd90.html]
[assets.winni.in/product/primary/2023/5/851503cf5.jpg]
[www.winni.in/pink-roses-of-happiness/pd/446175651.html]
[www.winni.in/good-luck-birthday-wish-bamboo-plant/pd/306586110.html]
[assets.winni.in/product/primary/2014/10/501813cf5.jpg]
[www.winni.in/delight-assorted-chocolate-box/pd/36104c8ef.html]
[www.winni.in/mini-pineapple-cake-300-gm/pd/50613c3d8.html]
[www.winni.in/vibrant-blue-orchids/pd/33786bcee.html]
[assets.winni.in/product/primary/2021/10/543023cf5.jpg]
[www.winni.in/butterscotch-birthday-delight/pd/52081fe6a.html]
[assets.winni.in/product/primary/2024/4/950633cf5.jpg]
[www.winni.in/enchanting-expressions-caricature-for-a-girl/pd/281880c3b.html]
[assets.winni.in/product/primary/2025/6/1031403cf5.jpg]
[www.winni.in/personalized-sipper-bottle-with-glam-kit/pd/540067502.html]
[assets.winni.in/product/primary/2025/5/1028103cf5.jpg]
[www.winni.in/personalized-4-in-1-accessory-gift-for-men/pd/522993d25.html]
[www.winni.in/personalized-birthday-greeting-and-ferrero-rochers-combo/pd/5194191d7.html]
[assets.winni.in/product/primary/2024/3/943903cf5.jpg]
[www.winni.in/happy-birthday-personalised-ficus-compacta-plant/pd/52141cc80.html]
[assets.winni.in/product/primary/2024/4/952673cf5.jpg]
[www.winni.in/chocolate-truffle-almond-cake/pd/537111617.html]
[assets.winni.in/product/primary/2025/2/1020213cf5.jpg]
[www.winni.in/personalized-round-shape-wood-plank/pd/520542c3b.html]
[assets.winni.in/product/primary/2024/4/949493cf5.jpg]
[www.winni.in/8-pink-roses/pd/22878f967.html]
[www.winni.in/half-birthday-cake/pd/4446069d4.html]
[assets.winni.in/product/primary/2022/8/726783cf5.jpg]
[www.winni.in/double-layer-lucky-bamboo-plant/pd/308003dc4.html]
[assets.winni.in/product/primary/2014/10/503783cf5.jpg]
[www.winni.in/happy-birthday-personalized-gifts-for-her/pd/369244cf6.html]
[assets.winni.in/product/primary/2022/4/597193cf5.jpg]
[www.winni.in/red-roses-and-chocolate-cake/pd/216778877.html]
[www.winni.in/radiant-colors-personalized-temperature-bottle/pd/49281d6d6.html]
[www.winni.in/birthday-exuberance/pd/25224aec1.html]
[assets.winni.in/product/primary/2014/8/396393cf5.jpg]
[www.winni.in/birthday-beautiful-balloon-decoration/pd/35789ed56.html]
[assets.winni.in/product/primary/2022/1/573263cf5.jpg]
[www.winni.in/birthday-butterscotch-cake/pd/22920b2c2.html]
[assets.winni.in/product/primary/2014/8/358913cf5.jpg]
[www.winni.in/happy-birthday-personalized-ferrero-rocher-box/pd/490660e62.html]
[assets.winni.in/product/primary/2023/4/840613cf5.jpg]
[www.winni.in/birthday-quest-personalized-cushion-16-inches/pd/50661a21a.html]
[assets.winni.in/product/primary/2024/3/945993cf5.jpg]
[www.winni.in/personalised-birthday-kid-mug/pd/375099067.html]
[assets.winni.in/product/primary/2022/5/607643cf5.jpg]
[www.winni.in/gifts/for-girlfriend.html]
[www.winni.in/gifts/for-mother.html]
[www.winni.in/gifts/for-father.html]
[www.winni.in/gifts/for-sister.html]
[www.winni.in/gifts/for-brother.html]
[www.winni.in/gifts/for-daughter.html]
[www.winni.in/gifts/for-son.html]
[www.winni.in/gifts/for-fiance.html]
[www.winni.in/personalised-gifts/t-shirts.html]
[www.winni.in/personalised-gifts/wine-glasses.html]
[www.winni.in/personalised-gifts/jewellery.html]
[www.winni.in/gifts/for-girls.html]
[www.winni.in/gifts/for-boys.html]
[www.winni.in/corporate-gifts.html]
[www.winni.in/gifts/handmade.html]
[www.winni.in/digital-gifts.html]
[www.winni.in/birthday-gifts.html]
[www.winni.in/gifts/crystal.html]
[www.winni.in/personalised-gifts4658.html]
[www.winni.in/personalised-heart-design-mug/pd/53648cd73.html]
[www.winni.in/together-forever-led-lamp/pd/35384ac29.html]
[www.winni.in/premium-personalized-pen-keychain-and-temperature-bottle/pd/5114535cf.html]
[www.winni.in/personalised-you-me-forever-fridge-magnets-set/pd/5397380ef.html]
[assets.winni.in/product/primary/2025/4/1026613cf5.jpg]
[www.winni.in/customised-photo-frame-painting/pd/465901fad.html]
[www.winni.in/infinite-love-personalized-cushion/pd/48161a09d.html]
[www.winni.in/magical-led-clock/pd/27366f57d.html]
[www.winni.in/magic-mirror-for-you/pd/273733e43.html]
[www.winni.in/2d-heart-keychain-small/pd/247333228.html]
[www.winni.in/romantic-couple-personalized-cushion/pd/48165fbfd.html]
[www.winni.in/truffle-delight-combo-12-pcs-with-beauty-essentials/pd/5401229dc.html]
[www.winni.in/radiant-colors-personalized-temperature-bottle/pd/492817c1c.html]
[www.winni.in/personalized-led-hologram-lamp/pd/359998aa5.html]
[www.winni.in/best-wishes-mirror-greeting-card/pd/535457c96.html]
[www.winni.in/loveable-roses/pd/358245878.html]
[assets.winni.in/product/primary/2022/1/573793cf5.jpg]
[www.winni.in/personalised-diary-pen-combo/pd/5351195f1.html]
[www.winni.in/personalized-sipper-bottle-with-glam-kit/pd/540062d78.html]
[www.winni.in/pretty-rotating-personalized-lamp/pd/45324e388.html]
[www.winni.in/personalized-colored-photo-rotating-pentagon-lamp/pd/511484133.html]
[www.winni.in/personalized-express-love-with-mug/pd/46526f0f7.html]
[assets.winni.in/product/primary/2022/11/777083cf5.jpg]
[www.winni.in/personalised-vibrant-2-layer-bamboo-plant/pd/521504a8c.html]
[assets.winni.in/product/primary/2024/4/953043cf5.jpg]
[www.winni.in/perfectly-personalized-square-wall-clock/pd/24697d68a.html]
[assets.winni.in/product/primary/2014/8/382583cf5.jpg]
[www.winni.in/pretty-personalised-photo-frame-for-her/pd/35399d0b7.html]
[www.winni.in/personalised-cherished-moments-frame/pd/53416a97e.html]
[assets.winni.in/product/primary/2025/1/1010883cf5.jpg]
[www.winni.in/personalized-4-in-1-accessory-gift-for-men/pd/52299f632.html]
[www.winni.in/evergreen-calender/pd/219358707.html]
[assets.winni.in/product/primary/2023/12/923593cf5.jpg]
[www.winni.in/personalised-keepsake-for-your-car/pd/539146c7a.html]
[www.winni.in/personalized-pink-mug-with-beauty-essentials/pd/54009f40e.html]
[assets.winni.in/product/primary/2025/5/1028203cf5.jpg]
[www.winni.in/lyrics-photo-frame/pd/32948a01b.html]
[assets.winni.in/product/primary/2014/10/531303cf5.jpg]
[www.winni.in/personalised-couple-picture-cushion/pd/34935d4c1.html]
[assets.winni.in/product/primary/2021/11/557733cf5.jpg]
[www.winni.in/personalised-wood-coasters-set/pd/5363357ae.html]
[assets.winni.in/product/primary/2025/1/1018433cf5.jpg]
[www.winni.in/personalised-led-temperature-bottle-for-him/pd/484668574.html]
[www.winni.in/personalized-love-story-caricature/pd/515927bad.html]
[www.winni.in/personal-car-hanging-decor-piece/pd/53915077f.html]
[assets.winni.in/product/primary/2025/5/1029673cf5.jpg]
[www.winni.in/true-love-personalized-chocolate-box/pd/49173b5c3.html]
[assets.winni.in/product/primary/2023/4/843943cf5.jpg]
[www.winni.in/everlasting-love-personalized-photo-lamp/pd/51448c8ab.html]
[assets.winni.in/product/primary/2023/12/920923cf5.jpg]
[www.winni.in/personalised-photo-frame-gift-combo/pd/538714e88.html]
[www.winni.in/golden-bliss-chocolate-box-with-beauty-set/pd/54010d5ce.html]
[www.winni.in/personalised-travel-sip-mug/pd/539110b2a.html]
[assets.winni.in/product/primary/2025/4/1025533cf5.jpg]
[www.winni.in/customized-photo-mugs/pd/22813d065.html]
[assets.winni.in/product/primary/2022/5/609163cf5.jpg]
[www.winni.in/personalised-gifts.html]
[www.winni.in/personalised-gifts/home-decor.html]
[www.winni.in/anniversary-gifts4658.html]
[www.winni.in/personalised-photo-mug/pd/4443108f2.html]
[assets.winni.in/product/primary/2022/8/726243cf5.jpg]
[www.winni.in/rosy-romance-black-forest-cake/pd/53484b37b.html]
[www.winni.in/personalized-led-hologram-lamp/pd/359995d0d.html]
[www.winni.in/8-red-roses-bouquet/pd/22879d04a.html]
[www.winni.in/anniversary-special-black-forest-cake/pd/520808d06.html]
[assets.winni.in/product/primary/2024/4/950583cf5.jpg]
[www.winni.in/radiant-colors-personalized-temperature-bottle/pd/492819a0b.html]
[www.winni.in/choco-beauty/pd/29480ca6e.html]
[www.winni.in/magic-mirror-for-you/pd/273739455.html]
[www.winni.in/romantic-couple-personalized-cushion/pd/48165748f.html]
[www.winni.in/truffle-delight-combo-12-pcs-with-beauty-essentials/pd/540121431.html]
[www.winni.in/forever-love-black-forest-photo-cake/pd/513588937.html]
[assets.winni.in/product/primary/2023/11/918093cf5.jpg]
[www.winni.in/blissful-chocolate-and-greeting-valentine-combo/pd/53393b699.html]
[assets.winni.in/product/primary/2025/1/1010083cf5.jpg]
[www.winni.in/blooming-insight/pd/17020d4f7.html]
[www.winni.in/expression-of-love-red-velvet-cake/pd/516743663.html]
[assets.winni.in/product/primary/2024/1/931943cf5.jpg]
[www.winni.in/personalized-led-clock/pd/27370bf7f.html]
[www.winni.in/ferrero-rocher-chocolate-candy-bouquet/pd/22614f578.html]
[www.winni.in/winni-chocolate-indulgence-with-eyeliners-magic/pd/54016254b.html]
[www.winni.in/adorned-heart-bracelet/pd/517504454.html]
[assets.winni.in/product/primary/2024/1/935223cf5.jpg]
[www.winni.in/perfect-anniversary-treat-of-personalized-chocolates/pd/273439ee2.html]
[assets.winni.in/product/primary/2023/3/836473cf5.jpg]
[www.winni.in/black-forest-cake-with-red-roses/pd/2295836de.html]
[www.winni.in/heart-print-keepsake-photo-frame/pd/54039aa8e.html]
[assets.winni.in/product/primary/2025/5/1029353cf5.jpg]
[www.winni.in/togetherness-delight-cake/pd/460177407.html]
[assets.winni.in/product/primary/2024/3/944213cf5.jpg]
[www.winni.in/classic-aura-12-red-roses-bouquet/pd/484068961.html]
[www.winni.in/together-forever-led-lamp/pd/353845970.html]
[www.winni.in/lovely-pineapple-cake-300-gm/pd/534800179.html]
[assets.winni.in/product/primary/2025/1/1013643cf5.jpg]
[www.winni.in/personalised-calendar-photo-mug/pd/50733654e.html]
[assets.winni.in/product/primary/2023/12/920673cf5.jpg]
[www.winni.in/two-layer-lucky-bamboo-and-beauty-bliss-combo/pd/54007df81.html]
[assets.winni.in/product/primary/2025/5/1028143cf5.jpg]
[www.winni.in/incredible-puzzles-photo-heart/pd/353912c74.html]
[assets.winni.in/product/primary/2021/12/566993cf5.jpg]
[www.winni.in/vivid-aureate-roses-bouquet/pd/484108a98.html]
[www.winni.in/lyrics-photo-frame/pd/32948d88f.html]
[www.winni.in/stunning-anniversary-cream-cake/pd/17998d8c5.html]
[assets.winni.in/product/primary/2014/6/277563cf5.jpg]
[www.winni.in/golden-bliss-chocolate-box-with-beauty-set/pd/540107688.html]
[www.winni.in/sweet-dairy-milk-chocolate-bouquet/pd/51812c972.html]
[www.winni.in/heart-pendants/pd/29938c967.html]
[www.winni.in/toothsome-chocolate-cake/pd/24280e5e0.html]
[www.winni.in/celebration-moments-photo-album/pd/509182f66.html]
[assets.winni.in/product/primary/2023/10/903413cf5.jpg]
[www.winni.in/bamboo-plant-in-photo-pot/pd/306623c0b.html]
[assets.winni.in/product/primary/2014/10/501903cf5.jpg]
[www.winni.in/delicious-pineapple-cake/pd/448616bec.html]
[www.winni.in/personalised-photo-frame-gift-combo/pd/538717741.html]
[www.winni.in/divineful-ferrero-rocher-bunch/pd/38078e5bc.html]
[assets.winni.in/product/primary/2022/6/618273cf5.jpg]
[www.winni.in/anniversary-gifts.html]
[www.winni.in/canada/anniversary-gifts.html]
[assets.winni.in/groot/2024/05/21/hearts-600x292-svgtopng.png]
[www.winni.in/usa/same-day-delivery.html]
[www.winni.in/usa/cake.html]
[www.winni.in/usa/flowers.html]
[www.winni.in/usa/combos.html]
[www.winni.in/usa/gifts.html]
[www.winni.in/usa/cake/birthday.html]
[www.winni.in/usa/flowers/birthday.html]
[www.winni.in/usa/cake/anniversary.html]
[www.winni.in/usa/flowers/anniversary.html]
[www.winni.in/usa/chocolate.html]
[www.winni.in/usa/plants.html]
[www.winni.in/canada/same-day-delivery.html]
[www.winni.in/canada/cake.html]
[www.winni.in/canada/flowers.html]
[www.winni.in/canada/cake/birthday.html]
[www.winni.in/canada/flowers/birthday.html]
[www.winni.in/canada/cake/anniversary.html]
[www.winni.in/canada/flowers/anniversary.html]
[www.winni.in/canada/combos.html]
[www.winni.in/australia/same-day-delivery.html]
[www.winni.in/australia/cake.html]
[www.winni.in/australia/flowers.html]
[www.winni.in/australia/cake/birthday.html]
[www.winni.in/australia/flowers/birthday.html]
[www.winni.in/australia/cake/anniversary.html]
[www.winni.in/australia/flowers/anniversary.html]
[www.winni.in/australia/combos.html]
[www.winni.in/uk/cake.html]
[www.winni.in/uk/flowers.html]
[www.winni.in/uk/cake/birthday.html]
[www.winni.in/uk/flowers/birthday.html]
[www.winni.in/uk/cake/anniversary.html]
[www.winni.in/uk/flowers/anniversary.html]
[www.winni.in/uae/flowers.html]
[www.winni.in/uae/cake/birthday.html]
[www.winni.in/uae/flowers/birthday.html]
[www.winni.in/uae/cake/anniversary.html]
[www.winni.in/uae/flowers/anniversary.html]
[www.winni.in/uae/combos.html]
[assets.winni.in/sf-img/live/visuals/home/desktop/2023/10/1697698267153.jpg]
[assets.winni.in/sf-img/live/visuals/home/desktop/2023/10/1697698185632.jpg]
[assets.winni.in/groot/2022/05/31/usahomepage/desktop/cakebeda.jpg]
[assets.winni.in/groot/2022/05/31/usahomepage/desktop/flowerbeda.jpg]
[assets.winni.in/groot/2022/05/31/usahomepage/desktop/combobeda.jpg]
[www.winni.in/usa/gift-basket.html]
[assets.winni.in/groot/2022/05/31/usahomepage/desktop/giftbasketbeda.jpg]
[www.winni.in/usa/gift-hampers.html]
[assets.winni.in/groot/2022/05/31/usahomepage/desktop/hamper-newbeda.jpg]
[assets.winni.in/groot/2022/05/31/usahomepage/desktop/chocolatesbeda.jpg]
[assets.winni.in/groot/2022/05/31/usahomepage/desktop/plantsec41.jpg]
[assets.winni.in/groot/2022/05/31/usahomepage/desktop/cakes4210.jpg]
[www.winni.in/usa/cakes-bestsellers.html]
[assets.winni.in/groot/2022/05/31/usahomepage/desktop/bestsellercakes84bc.jpg]
[assets.winni.in/groot/2022/05/31/usahomepage/desktop/birthdaycakes84bc.jpg]
[assets.winni.in/groot/2022/05/31/usahomepage/desktop/anniversarycakes29c8.jpg]
[www.winni.in/usa/digital-gifts.html]
[assets.winni.in/groot/2022/05/27/internationalhomepage/desktop/digitalgiftsec41.jpg]
[www.winni.in/usa/flowers-bestsellers.html]
[assets.winni.in/groot/2022/05/31/usahomepage/desktop/bestsellerflower84bc.jpg]
[assets.winni.in/groot/2022/05/31/usahomepage/desktop/birthdayflowers84bc.jpg]
[assets.winni.in/groot/2022/05/31/usahomepage/desktop/anniversaryflowers84bc.jpg]
[assets.winni.in/groot/2022/05/31/usahomepage/desktop/flowers4210.jpg]
[www.winni.in/usa/personalized-gifts.html]
[assets.winni.in/groot/2022/05/27/internationalhomepage/desktop/personalisedgiftsec41.jpg]
[assets.winni.in/groot/2022/05/27/internationalhomepage/desktop/india5323.png]
[www.winni.in/index1c60.html]
[assets.winni.in/groot/2022/05/27/internationalhomepage/desktop/australia5323.png]
[assets.winni.in/groot/2022/05/27/internationalhomepage/desktop/canada5323.png]
[assets.winni.in/groot/2022/05/27/internationalhomepage/desktop/uk5323.png]
[assets.winni.in/groot/2022/05/27/internationalhomepage/desktop/uae5323.png]
[assets.winni.in/groot/2022/05/27/internationalhomepage/desktop/international5323.png]
[www.winni.in/usa.html]
[www.winni.in/canada/gifts.html]
[www.winni.in/canada/chocolate.html]
[assets.winni.in/groot/2022/05/27/internationalhomepage/desktop/cakes91d9.jpg]
[assets.winni.in/groot/2022/05/27/internationalhomepage/desktop/flowers91d9.jpg]
[assets.winni.in/groot/2022/05/27/internationalhomepage/desktop/birthdaycakes91d9.jpg]
[assets.winni.in/groot/2022/05/27/internationalhomepage/desktop/birthdayflowers91d9.jpg]
[www.winni.in/canada/digital-gifts.html]
[assets.winni.in/groot/2022/05/27/internationalhomepage/desktop/digitalgifts5656.jpg]
[assets.winni.in/groot/2022/05/27/internationalhomepage/desktop/anniversarycakes91d9.jpg]
[assets.winni.in/groot/2022/05/27/internationalhomepage/desktop/anniversaryflowers91d9.jpg]
[www.winni.in/canada/personalized-gifts.html]
[assets.winni.in/groot/2022/05/27/internationalhomepage/desktop/personalisedgifts5656.jpg]
[assets.winni.in/groot/2022/05/27/internationalhomepage/desktop/usa5323.png]
[www.winni.in/canada/fathers-day.html]
[www.winni.in/canada/birthday-gifts.html]
[www.winni.in/canada.html]
[www.winni.in/canada/plants.html]
[www.winni.in/australia/gifts.html]
[assets.winni.in/sf-img/live/visuals/home/desktop/2023/10/1697698205881.jpg]
[www.winni.in/australia/digital-gifts.html]
[www.winni.in/australia/personalized-gifts.html]
[www.winni.in/australia/fathers-day.html]
[www.winni.in/australia/cake/brisbane.html]
[www.winni.in/australia/cake/darwin.html]
[www.winni.in/australia/cake/gold-coast.html]
[www.winni.in/australia/cake/hobart.html]
[www.winni.in/australia/cake/perth.html]
[www.winni.in/australia/cake/melbourne.html]
[www.winni.in/australia/cake/sydney.html]
[www.winni.in/australia/cake/adelaide.html]
[www.winni.in/australia/cake/cairns.html]
[www.winni.in/australia/cake/canberra.html]
[www.winni.in/australia/flower/brisbane.html]
[www.winni.in/australia/flower/darwin.html]
[www.winni.in/australia/flower/gold-coast.html]
[www.winni.in/australia/flower/hobart.html]
[www.winni.in/australia/flower/perth.html]
[www.winni.in/australia/flower/melbourne.html]
[www.winni.in/australia/flower/sydney.html]
[www.winni.in/australia/flower/adelaide.html]
[www.winni.in/australia/flower/cairns.html]
[www.winni.in/australia.html]
[www.winni.in/australia/flower/canberra.html]
[www.winni.in/uae/gifts.html]
[www.winni.in/uae/digital-gifts.html]
[www.winni.in/uae/personalized-gifts.html]
[www.winni.in/uae/holi.html]
[www.winni.in/uae.html]
[www.winni.in/uae/anniversary-gifts.html]
[www.winni.in/uk/gifts.html]
[www.winni.in/uk/chocolates.html]
[assets.winni.in/sf-img/live/visuals/home/desktop/2023/10/1697698222832.jpg]
[www.winni.in/uk/digital-gifts.html]
[www.winni.in/uk/personalized-gifts.html]
[www.winni.in/uk/fathers-day.html]
[www.winni.in/uk.html]
[www.winni.in/uk/daughters-day.html]
[www.winni.in/japan/cake.html]
[www.winni.in/japan/flowers.html]
[www.winni.in/japan/combos.html]
[www.winni.in/japan/gifts.html]
[www.winni.in/japan/cake/birthday.html]
[www.winni.in/japan/flowers/birthday.html]
[www.winni.in/japan/cake/anniversary.html]
[www.winni.in/japan/flowers/anniversary.html]
[www.winni.in/japan/digital-gifts.html]
[www.winni.in/japan.html]
[www.winni.in/japan/personalized-gifts.html]
[www.winni.in/indonesia/cake.html]
[www.winni.in/indonesia/flowers.html]
[www.winni.in/indonesia/combos.html]
[www.winni.in/indonesia/gifts.html]
[www.winni.in/indonesia/cake/birthday.html]
[www.winni.in/indonesia/flowers/birthday.html]
[www.winni.in/indonesia/digital-gifts.html]
[www.winni.in/indonesia/cake/anniversary.html]
[www.winni.in/indonesia/flowers/anniversary.html]
[www.winni.in/indonesia/personalized-gifts.html]
[www.winni.in/indonesia.html]
[www.winni.in/indonesia/womens-day.html]
[www.winni.in/south-africa/cake.html]
[www.winni.in/south-africa/flowers.html]
[www.winni.in/south-africa/combos.html]
[www.winni.in/south-africa/gifts.html]
[www.winni.in/south-africa/cake/birthday.html]
[www.winni.in/south-africa/flowers/birthday.html]
[www.winni.in/south-africa/digital-gifts.html]
[www.winni.in/south-africa/cake/anniversary.html]
[www.winni.in/south-africa/flowers/anniversary.html]
[www.winni.in/south-africa/personalized-gifts.html]
[www.winni.in/south-africa.html]
[www.winni.in/south-africa/valentine.html]
[www.winni.in/germany/cake.html]
[www.winni.in/germany/flowers.html]
[www.winni.in/germany/gifts.html]
[www.winni.in/germany/cake/birthday.html]
[www.winni.in/germany/flowers/birthday.html]
[www.winni.in/germany/cake/anniversary.html]
[www.winni.in/germany/flowers/anniversary.html]
[www.winni.in/germany/digital-gifts.html]
[www.winni.in/germany/personalized-gifts.html]
[www.winni.in/germany.html]
[www.winni.in/germany/womens-day.html]
[www.winni.in/singapore/same-day-delivery.html]
[www.winni.in/singapore/cake.html]
[www.winni.in/singapore/flowers.html]
[www.winni.in/singapore/combos.html]
[www.winni.in/singapore/gifts.html]
[assets.winni.in/sf-img/live/visuals/home/desktop/2023/10/1697698243019.jpg]
[www.winni.in/singapore/cake/birthday.html]
[www.winni.in/singapore/flowers/birthday.html]
[www.winni.in/singapore/digital-gifts.html]
[www.winni.in/singapore/cake/anniversary.html]
[www.winni.in/singapore/flowers/anniversary.html]
[www.winni.in/singapore.html]
[www.winni.in/singapore/personalized-gifts.html]
[www.winni.in/new-zealand/cake.html]
[www.winni.in/new-zealand/flowers.html]
[www.winni.in/new-zealand/gifts.html]
[www.winni.in/new-zealand/cake/birthday.html]
[www.winni.in/new-zealand/flowers/birthday.html]
[www.winni.in/new-zealand/cake/anniversary.html]
[www.winni.in/new-zealand/flowers/anniversary.html]
[www.winni.in/new-zealand/digital-gifts.html]
[www.winni.in/new-zealand/personalized-gifts.html]
[www.winni.in/new-zealand.html]
[www.winni.in/new-zealand/holi.html]
[www.winni.in/kuwait/cake.html]
[www.winni.in/kuwait/flowers.html]
[www.winni.in/kuwait/combos.html]
[www.winni.in/kuwait/cake/birthday.html]
[www.winni.in/kuwait/flowers/birthday.html]
[www.winni.in/kuwait/cake/anniversary.html]
[www.winni.in/kuwait/flowers/anniversary.html]
[www.winni.in/kuwait/digital-gifts.html]
[www.winni.in/kuwait.html]
[www.winni.in/kuwait/personalized-gifts.html]
[www.winni.in/philippines/cake.html]
[www.winni.in/philippines/flowers.html]
[www.winni.in/philippines/gifts.html]
[www.winni.in/philippines/cake/birthday.html]
[www.winni.in/philippines/flowers/birthday.html]
[www.winni.in/philippines/digital-gifts.html]
[www.winni.in/philippines/cake/anniversary.html]
[www.winni.in/philippines/flowers/anniversary.html]
[www.winni.in/philippines.html]
[www.winni.in/philippines/personalized-gifts.html]
[www.winni.in/ireland/cake.html]
[www.winni.in/ireland/flowers.html]
[www.winni.in/ireland/gifts.html]
[www.winni.in/ireland/cake/birthday.html]
[www.winni.in/ireland/flowers/birthday.html]
[www.winni.in/ireland/digital-gifts.html]
[www.winni.in/ireland/cake/anniversary.html]
[www.winni.in/ireland/flowers/anniversary.html]
[www.winni.in/ireland.html]
[www.winni.in/ireland/personalized-gifts.html]
[www.winni.in/malaysia/cake.html]
[www.winni.in/malaysia/flowers.html]
[www.winni.in/malaysia/gifts.html]
[www.winni.in/malaysia/cake/birthday.html]
[www.winni.in/malaysia/flowers/birthday.html]
[www.winni.in/malaysia/digital-gifts.html]
[www.winni.in/malaysia/cake/anniversary.html]
[www.winni.in/malaysia/flowers/anniversary.html]
[www.winni.in/malaysia.html]
[www.winni.in/malaysia/personalized-gifts.html]
[www.winni.in/nepal/cake.html]
[www.winni.in/nepal/flowers.html]
[www.winni.in/nepal/combos.html]
[www.winni.in/nepal/gifts.html]
[www.winni.in/nepal/cake/birthday.html]
[www.winni.in/nepal/flowers/birthday.html]
[www.winni.in/nepal/cake/anniversary.html]
[www.winni.in/nepal/flowers/anniversary.html]
[www.winni.in/nepal/digital-gifts.html]
[www.winni.in/nepal.html]
[www.winni.in/nepal/personalized-gifts.html]
[www.winni.in/saudi-arabia/cake.html]
[www.winni.in/saudi-arabia/flowers.html]
[www.winni.in/saudi-arabia/combos.html]
[www.winni.in/saudi-arabia/cake/birthday.html]
[www.winni.in/saudi-arabia/flowers/birthday.html]
[www.winni.in/saudi-arabia/cake/anniversary.html]
[www.winni.in/saudi-arabia/flowers/anniversary.html]
[www.winni.in/saudi-arabia/digital-gifts.html]
[www.winni.in/saudi-arabia.html]
[www.winni.in/saudi-arabia/personalized-gifts.html]
[www.winni.in/france/ak.m]
[www.winni.in/france/ak.t]
[www.winni.in/france.html]
[www.winni.in/rich-biscuits-and-freixenet-sparkling-rose-hamper/pd/522859f8c.html]
[assets.winni.in/product/primary/2024/6/958223cf5.jpg]
[www.winni.in/gourmet-hamper/pd/5228394cb.html]
[assets.winni.in/product/primary/2024/6/958203cf5.jpg]
[www.winni.in/delicious-lindt-chocolate-assortment/pd/522909d81.html]
[assets.winni.in/product/primary/2024/6/958273cf5.jpg]
[www.winni.in/rose-wine-and-mini-pralines-hamper/pd/522848d36.html]
[assets.winni.in/product/primary/2024/6/958213cf5.jpg]
[www.winni.in/yummy-chocolates-hamper/pd/522864da1.html]
[assets.winni.in/product/primary/2024/6/958233cf5.jpg]
[www.winni.in/gift-hamper-for-rejuvenating-moment/pd/522970d83.html]
[assets.winni.in/product/primary/2024/6/958333cf5.jpg]
[www.winni.in/special-hamper-of-wine-and-mini-pralines/pd/52287c8c7.html]
[assets.winni.in/product/primary/2024/6/958243cf5.jpg]
[www.winni.in/dried-flowers-with-enticing-delights/pd/5229645f2.html]
[assets.winni.in/product/primary/2024/6/958323cf5.jpg]
[www.winni.in/deliciously-sweet-hamper/pd/522984348.html]
[assets.winni.in/product/primary/2024/6/958343cf5.jpg]
[www.winni.in/bromeliad-and-white-wine-hamper/pd/522891b22.html]
[assets.winni.in/product/primary/2024/6/958263cf5.jpg]
[www.winni.in/france/gifts.html]
[www.winni.in/france/valentine.html]
[www.winni.in/bahrain/ak.688.delayed]
[www.winni.in/bahrain/ak.t]
[www.winni.in/bahrain.html]
[www.winni.in/loaded-black-forest-cake/pd/476753a9f.html]
[assets.winni.in/product/primary/2022/12/806013cf5.jpg]
[www.winni.in/romantic-roses-surprise/pd/47679e2e2.html]
[assets.winni.in/product/primary/2022/12/806053cf5.jpg]
[www.winni.in/priceless-love/pd/47689bd4b.html]
[assets.winni.in/product/primary/2022/12/806153cf5.jpg]
[www.winni.in/seasonal-fresh-blooms/pd/47687be59.html]
[assets.winni.in/product/primary/2022/12/806133cf5.jpg]
[www.winni.in/mixed-roses-bouquet/pd/47680e6b1.html]
[assets.winni.in/product/primary/2022/12/806063cf5.jpg]
[www.winni.in/valentines-special-combo/pd/47690e71f.html]
[assets.winni.in/product/primary/2022/12/806163cf5.jpg]
[www.winni.in/mad-in-love/pd/476889579.html]
[assets.winni.in/product/primary/2022/12/806143cf5.jpg]
[www.winni.in/vibrant-roses-bouquet/pd/47681411a.html]
[assets.winni.in/product/primary/2022/12/806073cf5.jpg]
[www.winni.in/mousse-chocolate-cake/pd/47678fe17.html]
[assets.winni.in/product/primary/2022/12/806043cf5.jpg]
[www.winni.in/floral-loaded-surprise/pd/476821e2d.html]
[assets.winni.in/product/primary/2022/12/806083cf5.jpg]
[www.winni.in/sweetheart-roses/pd/47686ef90.html]
[assets.winni.in/product/primary/2022/12/806123cf5.jpg]
[www.winni.in/fantastic-bouquet/pd/47683fc01.html]
[assets.winni.in/product/primary/2022/12/806093cf5.jpg]
[www.winni.in/elegant-roses/pd/476849a06.html]
[assets.winni.in/product/primary/2022/12/806103cf5.jpg]
[www.winni.in/magical-vibes-combo/pd/47691a70d.html]
[assets.winni.in/product/primary/2022/12/806173cf5.jpg]
[www.winni.in/chocolate-fudge-surprise/pd/476774beb.html]
[assets.winni.in/product/primary/2022/12/806033cf5.jpg]
[www.winni.in/caramel-delight-cake/pd/4767682c1.html]
[assets.winni.in/product/primary/2022/12/806023cf5.jpg]
[www.winni.in/real-joy-roses/pd/476855fd8.html]
[assets.winni.in/product/primary/2022/12/806113cf5.jpg]
[www.winni.in/bahrain/gifts.html]
[assets.winni.in/groot/2023/09/06/empty-cart/desktop/main-image-without-button-new.png]
[www.winni.in/gift-box.html]
[assets.winni.in/groot/2023/09/06/empty-cart/mobile/buttton.png]
[www.winni.in/assets/css/thor/wishlist-14e6d51d92b860cc8d783c7ffacb3909.css]
[assets.winni.in/groot/2024/03/15/desktop/empty-wish-list/your-wish-list-img.png]
[assets.winni.in/groot/2024/03/26/mobile/mobile-view-empty-wishlist.png]
[www.winni.in/wishlist.html]
[www.winni.in/express-delivery4658.html]
[assets.winni.in/groot/2023/12/08/desktop/cake-gray.jpg]
[assets.winni.in/groot/2023/12/08/desktop/flowers-gray.jpg]
[assets.winni.in/groot/2023/12/08/desktop/plants-grey.jpg]
[assets.winni.in/groot/2023/12/08/desktop/combos-grey.jpg]
[assets.winni.in/groot/2023/12/08/desktop/gifts-grey.jpg]
[www.winni.in/delicious-black-forest-cake/pd/229556ca1.html]
[www.winni.in/personalised-photo-mug/pd/44431a84d.html]
[www.winni.in/8-red-roses-bouquet/pd/22879acc9.html]
[www.winni.in/express-the-moment/pd/17786bf7e.html]
[www.winni.in/birthday-personalized-cushion/pd/44445e7aa.html]
[www.winni.in/yummylicious-chocolate-cake/pd/216873b69.html]
[www.winni.in/double-layer-lucky-bamboo-plant/pd/308002c55.html]
[www.winni.in/blooming-butterscotch/pd/23171d57c.html]
[www.winni.in/delicious-pineapple-cake/pd/44861ee7d.html]
[www.winni.in/personalized-mug-with-dairy-milk-chocolate/pd/521888b1a.html]
[www.winni.in/classic-aura-12-red-roses-bouquet/pd/484062afd.html]
[www.winni.in/picture-perfect-personalized-bottle/pd/51301c3c8.html]
[assets.winni.in/product/primary/2023/11/917193cf5.jpg]
[www.winni.in/mixed-roses-arrangement/pd/44765268b.html]
[www.winni.in/500-gm-motichoor-laddu/pd/20673b2b3.html]
[assets.winni.in/product/primary/2024/8/987833cf5.jpg]
[www.winni.in/butterscotch-flavorsome-cake/pd/448609c7b.html]
[www.winni.in/8-pink-roses/pd/228786e8d.html]
[www.winni.in/two-layer-assorted-chocolate-arrangement/pd/197312e68.html]
[assets.winni.in/product/primary/2014/6/305413cf5.jpg]
[www.winni.in/belgium-chocolate-truffle-cake/pd/448581fe2.html]
[www.winni.in/adorable-red-rose-plant/pd/49011b040.html]
[assets.winni.in/product/primary/2023/12/924583cf5.jpg]
[www.winni.in/dairy-milk-chocolate-basket/pd/30470b089.html]
[www.winni.in/mini-pineapple-cake-300-gm/pd/50613e5be.html]
[www.winni.in/black-forest-cake-with-red-roses/pd/2295849fa.html]
[www.winni.in/decadent-black-forest-delight/pd/53709a4ca.html]
[www.winni.in/jute-wrapped-money-plant/pd/30801e14f.html]
[assets.winni.in/product/primary/2023/6/854543cf5.jpg]
[www.winni.in/golden-tied-cadbury-dairy-milk-chocolates/pd/50651be2f.html]
[www.winni.in/special-birthday-wish-mug/pd/377906ff3.html]
[www.winni.in/delicious-rasmalai-cake/pd/448704afc.html]
[www.winni.in/crimson-love-6-roses-bouquet/pd/48413f57f.html]
[www.winni.in/personalized-cushion-with-dairy-milk-surprise/pd/52189da4b.html]
[assets.winni.in/product/primary/2024/5/954863cf5.jpg]
[www.winni.in/toothsome-chocolate-cake/pd/24280e5cf.html]
[www.winni.in/250-gm-motichoor-laddu/pd/20675943c.html]
[assets.winni.in/product/primary/2024/8/987813cf5.jpg]
[www.winni.in/peace-lily/pd/3080386d1.html]
[assets.winni.in/product/primary/2023/6/854523cf5.jpg]
[www.winni.in/red-roses-and-chocolate-cake/pd/216773f9a.html]
[www.winni.in/delicious-butterscotch-cake/pd/2302346f1.html]
[www.winni.in/8-mixed-roses-bouquet/pd/228771047.html]
[www.winni.in/elegant-personalized-name-bottle/pd/51305d83e.html]
[assets.winni.in/product/primary/2023/11/917083cf5.jpg]
[www.winni.in/vanilla-cake/pd/16393a68d.html]
[www.winni.in/rock-the-moment/pd/17782bcdc.html]
[www.winni.in/birthday-personalized-cushion-for-her/pd/44448603e.html]
[assets.winni.in/product/primary/2022/8/726613cf5.jpg]
[www.winni.in/ferrero-rocher-chocolate-bouquet/pd/226133e6c.html]
[assets.winni.in/product/primary/2014/8/350713cf5.jpg]
[www.winni.in/express-delivery.html]
[www.winni.in/cake/express-delivery4658.html]
[www.winni.in/cake/ak.6fc.delayed]
[www.winni.in/cake/ak.t]
[assets.winni.in/groot/2023/12/08/desktop/cakes.jpg]
[assets.winni.in/groot/2023/12/11/desktop/arrow.png]
[www.winni.in/chocolate-truffle/pd/16159990f.html]
[www.winni.in/yummy-pineapple-cake/pd/195338389.html]
[www.winni.in/frosting-red-velvet-cake/pd/45322c829.html]
[www.winni.in/delicious-butterscotch-cake/pd/23023c365.html]
[www.winni.in/delicious-black-forest-cake/pd/2295595ec.html]
[www.winni.in/marble-crunch-cake/pd/448638887.html]
[www.winni.in/blooming-butterscotch/pd/23171ed5f.html]
[www.winni.in/fruit-and-nut-cake/pd/22623a40d.html]
[www.winni.in/yummylicious-chocolate-cake/pd/2168722c4.html]
[www.winni.in/floral-vanilla-cream-cake/pd/50228b82b.html]
[www.winni.in/delicious-pineapple-cake/pd/44861b8bc.html]
[www.winni.in/tempting-ferrero-rocher-cake/pd/265453278.html]
[www.winni.in/super-rasmalai-cake/pd/26242142a.html]
[assets.winni.in/product/primary/2014/8/419053cf5.jpg]
[www.winni.in/belgium-chocolate-truffle-cake/pd/44858b649.html]
[www.winni.in/fluffy-white-vanilla-cake/pd/537106391.html]
[assets.winni.in/product/primary/2025/2/1020173cf5.jpg]
[www.winni.in/mango-magical-cake/pd/5217682e5.html]
[www.winni.in/butterscotch-flavorsome-cake/pd/4486061f7.html]
[www.winni.in/mouth-melting-chocolate-cake/pd/49179221f.html]
[www.winni.in/decadent-black-forest-delight/pd/5370956a7.html]
[www.winni.in/red-velvet-name-cake/pd/4485769a5.html]
[www.winni.in/red-roses-and-chocolate-cake/pd/21677ad8d.html]
[www.winni.in/tropical-bliss-pineapple-cake/pd/52303788b.html]
[assets.winni.in/product/primary/2024/6/958643cf5.jpg]
[www.winni.in/toothsome-chocolate-cake/pd/24280a966.html]
[www.winni.in/tantalizing-butterscotch-cake/pd/509485265.html]
[assets.winni.in/product/primary/2023/10/904873cf5.jpg]
[www.winni.in/hazelnut-chocolate-cake/pd/36322a80e.html]
[www.winni.in/black-forest-cake/pd/1615222e8.html]
[www.winni.in/fudge-brownie-cake/pd/475500153.html]
[www.winni.in/chocolate-truffle-almond-cake/pd/537117244.html]
[www.winni.in/vanilla-cake/pd/16393c8cb.html]
[www.winni.in/heavenly-refreshing-mango-cake/pd/493342f7e.html]
[www.winni.in/red-velvet-heart-cake/pd/16506d92f.html]
[assets.winni.in/product/primary/2022/6/620393cf5.jpg]
[www.winni.in/chocolate-birthday-cake/pd/229823c6f.html]
[www.winni.in/yummy-gulab-jamun-cake/pd/448719565.html]
[www.winni.in/mini-pineapple-cake-300-gm/pd/50613ed11.html]
[www.winni.in/chocolate-drizzled-cake/pd/45321c308.html]
[www.winni.in/red-roses-bouquet-with-chocolate-cake/pd/50813651a.html]
[www.winni.in/delicious-white-forest-cake/pd/44862df4a.html]
[assets.winni.in/product/primary/2024/3/945753cf5.jpg]
[www.winni.in/premium-chocolate-truffle-cake/pd/16915b625.html]
[assets.winni.in/product/primary/2014/6/314453cf5.jpg]
[www.winni.in/crunchy-and-juicy-fruit-cake/pd/33208f7e0.html]
[assets.winni.in/product/primary/2021/8/534423cf5.jpg]
[www.winni.in/amazing-black-forest-cake/pd/19534dbf3.html]
[assets.winni.in/product/primary/2024/3/945713cf5.jpg]
[www.winni.in/cake/express-delivery.html]
[www.winni.in/send-rakhi/express-delivery.html]
[www.winni.in/flowers/express-delivery4658.html]
[www.winni.in/flowers/ak.737.delayed]
[www.winni.in/flowers/ak.t]
[assets.winni.in/groot/2023/12/08/desktop/flowers-colored.jpg]
[www.winni.in/8-red-roses-bouquet/pd/228799e15.html]
[www.winni.in/8-pink-roses/pd/228783dc1.html]
[www.winni.in/vibrant-blue-orchids/pd/33786624c.html]
[www.winni.in/sprinkle-mix-roses-bouquet/pd/493447e1c.html]
[assets.winni.in/product/primary/2023/5/848693cf5.jpg]
[www.winni.in/charismatic-rose-and-teddy-arrangement/pd/379676ffc.html]
[www.winni.in/10-red-rose/pd/23758b883.html]
[assets.winni.in/product/primary/2014/8/367463cf5.jpg]
[www.winni.in/8-mixed-roses-bouquet/pd/22877b70b.html]
[www.winni.in/exotic-pink-roses/pd/379496310.html]
[www.winni.in/blooming-insight/pd/17020237b.html]
[www.winni.in/romantic-pink-roses-glass-vase-arrangement/pd/339370652.html]
[assets.winni.in/product/primary/2021/10/545223cf5.jpg]
[www.winni.in/only-4-you/pd/251396dde.html]
[assets.winni.in/product/primary/2024/2/938843cf5.jpg]
[www.winni.in/choco-beauty/pd/29480f1f3.html]
[www.winni.in/magic-of-love-pink-floral-bunch/pd/37962dd35.html]
[assets.winni.in/product/primary/2022/6/616443cf5.jpg]
[www.winni.in/miniscule-bunch-of-love/pd/290420a50.html]
[www.winni.in/blooming-pink-rose-bouquet/pd/493433b7f.html]
[assets.winni.in/product/primary/2023/5/848673cf5.jpg]
[www.winni.in/attractive-mixed-lilies/pd/29305f0d8.html]
[assets.winni.in/product/primary/2014/10/472773cf5.jpg]
[www.winni.in/classic-aura-12-red-roses-bouquet/pd/48406dd7f.html]
[www.winni.in/wonderful-pink-roses-display/pd/37961daa6.html]
[www.winni.in/alluring-roses-and-chocolate-truffle-cake-combo/pd/48834aafc.html]
[www.winni.in/sweet-memories/pd/16608f824.html]
[www.winni.in/amber-embraced-10-pink-roses-bouquet/pd/48415440f.html]
[assets.winni.in/product/primary/2023/1/819153cf5.jpg]
[www.winni.in/pink-roses-of-happiness/pd/446177188.html]
[www.winni.in/mix-gerbera-flowers-bouquet-in-white-wrapping/pd/30457ee77.html]
[www.winni.in/astonishing-roses-bouquet/pd/48437c3a5.html]
[assets.winni.in/product/primary/2023/1/819813cf5.jpg]
[www.winni.in/12-red-rose-romance-bouquet/pd/234903653.html]
[assets.winni.in/product/primary/2014/8/370243cf5.jpg]
[www.winni.in/magnetize-asiatic-pink-lily-in-vase/pd/4843817ef.html]
[assets.winni.in/product/primary/2023/1/819843cf5.jpg]
[www.winni.in/mesmeric-pink-roses-box/pd/48456efd6.html]
[assets.winni.in/product/primary/2023/1/820363cf5.jpg]
[www.winni.in/black-forest-cake-with-red-roses/pd/22958087f.html]
[www.winni.in/splendid-love-roses-bouquet/pd/48407c20d.html]
