[modinatheme.com/html/transland-html/index.html]
[backblue.gif]
[fade.gif]
[index.html]
[modinatheme.com/html/transland-html/assets/img/favicon.png]
[modinatheme.com/html/transland-html/assets/css/icons.css]
[modinatheme.com/html/transland-html/assets/css/animate.css]
[modinatheme.com/html/transland-html/assets/css/slick.css]
[modinatheme.com/html/transland-html/assets/css/magnific-popup.css]
[modinatheme.com/html/transland-html/assets/css/metismenu.css]
[modinatheme.com/html/transland-html/assets/css/nice-select2.css]
[modinatheme.com/html/transland-html/assets/css/bootstrap.min.css]
[modinatheme.com/html/transland-html/assets/css/style.css]
[modinatheme.com/html/transland-html/style.css]
[modinatheme.com/html/transland-html/assets/img/logo.png]
[modinatheme.com/html/transland-html/index-2.html]
[modinatheme.com/html/transland-html/index-3.html]
[modinatheme.com/html/transland-html/about.html]
[modinatheme.com/html/transland-html/services.html]
[modinatheme.com/html/transland-html/faq.html]
[modinatheme.com/html/transland-html/team.html]
[modinatheme.com/html/transland-html/pricing.html]
[modinatheme.com/html/transland-html/404.html]
[modinatheme.com/html/transland-html/news.html]
[modinatheme.com/html/transland-html/contact.html]
[modinatheme.com/html/transland-html/services-details.html]
[modinatheme.com/html/transland-html/assets/img/home1/slide1.jpg]
[modinatheme.com/html/transland-html/assets/img/faq-video-pup.jpg]
[modinatheme.com/html/transland-html/assets/img/home1/slide2.jpg]
[modinatheme.com/html/transland-html/assets/img/about-air.jpg]
[modinatheme.com/html/transland-html/assets/img/man-img.jpg]
[modinatheme.com/html/transland-html/assets/img/signature.png]
[modinatheme.com/html/transland-html/assets/img/services/air.jpg]
[modinatheme.com/html/transland-html/assets/img/services/ship.jpg]
[modinatheme.com/html/transland-html/assets/img/services/road.jpg]
[modinatheme.com/html/transland-html/assets/img/services/warehouse.jpg]
[modinatheme.com/html/transland-html/assets/img/services/drone-fright.jpg]
[modinatheme.com/html/transland-html/assets/img/services/rail.jpg]
[modinatheme.com/html/transland-html/assets/img/icons/map-classic.png]
[modinatheme.com/html/transland-html/assets/img/icons/plan.png]
[modinatheme.com/html/transland-html/assets/img/icons/box.png]
[modinatheme.com/html/transland-html/assets/img/icons/cup.png]
[modinatheme.com/html/transland-html/assets/img/team/1.jpg]
[modinatheme.com/html/transland-html/team-details.html]
[modinatheme.com/html/transland-html/assets/img/team/2.jpg]
[modinatheme.com/html/transland-html/assets/img/team/3.jpg]
[modinatheme.com/html/transland-html/assets/img/team/4.jpg]
[modinatheme.com/html/transland-html/assets/img/cost-bg.jpg]
[modinatheme.com/html/transland-html/assets/img/blog/author2.jpg]
[modinatheme.com/html/transland-html/assets/img/blog/author3.jpg]
[modinatheme.com/html/transland-html/assets/img/blog/author_img.jpg]
[modinatheme.com/html/transland-html/assets/img/full-video-bg.jpg]
[modinatheme.com/html/transland-html/assets/img/dot_map.png]
[modinatheme.com/html/transland-html/assets/img/mask-bg.jpg]
[modinatheme.com/html/transland-html/assets/img/brand/1.png]
[modinatheme.com/html/transland-html/assets/img/brand/2.png]
[modinatheme.com/html/transland-html/assets/img/brand/3.png]
[modinatheme.com/html/transland-html/assets/img/brand/4.png]
[modinatheme.com/html/transland-html/assets/img/brand/5.png]
[modinatheme.com/html/transland-html/assets/img/brand/6.png]
[modinatheme.com/html/transland-html/assets/img/brand/7.png]
[modinatheme.com/html/transland-html/assets/img/cta-bg.jpg]
[modinatheme.com/html/transland-html/assets/img/footer-logo.png]
[modinatheme.com/html/transland-html/assets/img/blog/b1.jpg]
[modinatheme.com/html/transland-html/news-details.html]
[modinatheme.com/cdn-cgi/scripts/5c5dd728/cloudflare-static/email-decode.min.js]
[modinatheme.com/html/transland-html/assets/js/jquery.min.js]
[modinatheme.com/html/transland-html/assets/js/modernizr.min.js]
[modinatheme.com/html/transland-html/assets/js/jquery.easing.js]
[modinatheme.com/html/transland-html/assets/js/popper.min.js]
[modinatheme.com/html/transland-html/assets/js/bootstrap.min.js]
[modinatheme.com/html/transland-html/assets/js/isotope.pkgd.min.js]
[modinatheme.com/html/transland-html/assets/js/imageload.min.js]
[modinatheme.com/html/transland-html/assets/js/scrollUp.min.js]
[modinatheme.com/html/transland-html/assets/js/slick.min.js]
[modinatheme.com/html/transland-html/assets/js/slick-animation.min.js]
[modinatheme.com/html/transland-html/assets/js/magnific-popup.min.js]
[modinatheme.com/html/transland-html/assets/js/wow.min.js]
[modinatheme.com/html/transland-html/assets/js/metismenu.js]
[modinatheme.com/html/transland-html/assets/js/nice-select2.js]
[modinatheme.com/html/transland-html/index.html]
[modinatheme.com/html/transland-html/assets/js/active.js]
[modinatheme.com/html/transland-html/assets/fonts/fa-brands-400.eot]
[modinatheme.com/html/transland-html/assets/fonts/fa-brands-400d41d.eot]
[modinatheme.com/html/transland-html/assets/fonts/fa-brands-400.woff2]
[modinatheme.com/html/transland-html/assets/fonts/fa-brands-400.woff]
[modinatheme.com/html/transland-html/assets/fonts/fa-brands-400.ttf]
[modinatheme.com/html/transland-html/assets/fonts/fa-brands-400.svg]
[modinatheme.com/html/transland-html/assets/fonts/fa-duotone-900.eot]
[modinatheme.com/html/transland-html/assets/fonts/fa-duotone-900d41d.eot]
[modinatheme.com/html/transland-html/assets/fonts/fa-duotone-900.woff2]
[modinatheme.com/html/transland-html/assets/fonts/fa-duotone-900.woff]
[modinatheme.com/html/transland-html/assets/fonts/fa-duotone-900.ttf]
[modinatheme.com/html/transland-html/assets/fonts/fa-duotone-900.svg]
[modinatheme.com/html/transland-html/assets/fonts/fa-light-300.eot]
[modinatheme.com/html/transland-html/assets/fonts/fa-light-300.woff2]
[modinatheme.com/html/transland-html/assets/fonts/fa-light-300d41d.eot]
[modinatheme.com/html/transland-html/assets/fonts/fa-light-300.woff]
[modinatheme.com/html/transland-html/assets/fonts/fa-light-300.svg]
[modinatheme.com/html/transland-html/assets/fonts/fa-regular-400.eot]
[modinatheme.com/html/transland-html/assets/fonts/fa-regular-400.woff2]
[modinatheme.com/html/transland-html/assets/fonts/fa-regular-400d41d.eot]
[modinatheme.com/html/transland-html/assets/fonts/fa-regular-400.woff]
[modinatheme.com/html/transland-html/assets/fonts/fa-regular-400.svg]
[modinatheme.com/html/transland-html/assets/fonts/fa-solid-900.eot]
[modinatheme.com/html/transland-html/assets/fonts/fa-solid-900.woff2]
[modinatheme.com/html/transland-html/assets/fonts/fa-solid-900d41d.eot]
[modinatheme.com/html/transland-html/assets/fonts/fa-solid-900.woff]
[modinatheme.com/html/transland-html/assets/fonts/fa-solid-900.svg]
[modinatheme.com/html/transland-html/assets/fonts/flaticon2cf8.woff]
[modinatheme.com/html/transland-html/assets/fonts/flaticon2cf8.woff2]
[modinatheme.com/html/transland-html/assets/css/icons.css]
[modinatheme.com/html/transland-html/assets/css/animate.css]
[modinatheme.com/html/transland-html/assets/css/slick.css]
[modinatheme.com/html/transland-html/assets/css/magnific-popup.css]
[modinatheme.com/html/transland-html/assets/css/metismenu.css]
[modinatheme.com/html/transland-html/assets/css/nice-select2.css]
[modinatheme.com/html/transland-html/assets/css/bootstrap.min.css]
[modinatheme.com/html/transland-html/assets/fonts/flaticon2cf8.eot]
[modinatheme.com/html/transland-html/assets/img/quotepost.png]
[modinatheme.com/html/transland-html/assets/css/style.css]
[modinatheme.com/html/transland-html/style.css]
[modinatheme.com/html/transland-html/assets/img/home2/slide1.jpg]
[modinatheme.com/html/transland-html/assets/img/watermark.png]
[modinatheme.com/html/transland-html/assets/img/home2/slide2.jpg]
[modinatheme.com/html/transland-html/assets/img/home2/about-left.jpg]
[modinatheme.com/html/transland-html/assets/img/home2/about-center.jpg]
[modinatheme.com/html/transland-html/assets/img/home2/about-right.jpg]
[modinatheme.com/html/transland-html/assets/img/home2/ceo.jpg]
[modinatheme.com/html/transland-html/assets/img/home2/signature.png]
[modinatheme.com/html/transland-html/assets/img/cta-bg-2.jpg]
[modinatheme.com/html/transland-html/assets/img/home2/fact-img.jpg]
[modinatheme.com/html/transland-html/assets/img/team/5.jpg]
[modinatheme.com/html/transland-html/assets/img/team/6.jpg]
[modinatheme.com/html/transland-html/assets/img/team/7.jpg]
[modinatheme.com/html/transland-html/assets/img/team/8.jpg]
[modinatheme.com/html/transland-html/testimoinals.html]
[modinatheme.com/html/transland-html/assets/img/blog/b7.jpg]
[modinatheme.com/html/transland-html/assets/img/blog/b5.jpg]
[modinatheme.com/html/transland-html/assets/img/flag-1.jpg]
[modinatheme.com/html/transland-html/assets/img/flag-2.jpg]
[modinatheme.com/html/transland-html/assets/img/flag-3.jpg]
[modinatheme.com/html/transland-html/assets/img/footer-bg.jpg]
[modinatheme.com/html/transland-html/index-2.html]
[modinatheme.com/html/transland-html/assets/img/slide3.jpg]
[modinatheme.com/html/transland-html/assets/img/services/bike.jpg]
[modinatheme.com/html/transland-html/assets/img/icons/step1.png]
[modinatheme.com/html/transland-html/assets/img/icons/step2.png]
[modinatheme.com/html/transland-html/assets/img/icons/step3.png]
[modinatheme.com/html/transland-html/assets/img/icons/step4.png]
[modinatheme.com/html/transland-html/assets/img/icons/car.png]
[modinatheme.com/html/transland-html/assets/img/icons/world.png]
[modinatheme.com/html/transland-html/assets/img/icons/store.png]
[modinatheme.com/html/transland-html/assets/img/investor.jpg]
[modinatheme.com/html/transland-html/assets/img/blog/b2.jpg]
[modinatheme.com/html/transland-html/assets/img/blog/b3.jpg]
[modinatheme.com/html/transland-html/index-3.html]
[modinatheme.com/html/transland-html/assets/img/page-banner.jpg]
[modinatheme.com/html/transland-html/about.html]
[modinatheme.com/html/transland-html/services.html]
[modinatheme.com/html/transland-html/faq.html]
[modinatheme.com/html/transland-html/team.html]
[modinatheme.com/html/transland-html/pricing.html]
[modinatheme.com/html/transland-html/assets/img/404.png]
[modinatheme.com/html/transland-html/404.html]
[modinatheme.com/html/transland-html/assets/img/blog/p1.jpg]
[modinatheme.com/html/transland-html/assets/img/blog/p2.jpg]
[modinatheme.com/html/transland-html/assets/img/blog/p3.jpg]
[modinatheme.com/html/transland-html/assets/img/blog/p5.jpg]
[modinatheme.com/html/transland-html/assets/img/blog/pp1.jpg]
[modinatheme.com/html/transland-html/assets/img/blog/pp2.jpg]
[modinatheme.com/html/transland-html/assets/img/blog/pp3.jpg]
[modinatheme.com/html/transland-html/assets/img/blog/pp4.jpg]
[modinatheme.com/html/transland-html/news.html]
[modinatheme.com/html/transland-html/contact.html]
[modinatheme.com/html/transland-html/assets/img/services/b1.jpg]
[modinatheme.com/html/transland-html/services-details.html]
[modinatheme.com/html/transland-html/team-details.html]
[modinatheme.com/html/transland-html/assets/img/blog/p4.jpg]
[modinatheme.com/html/transland-html/assets/img/blog/post-inner.jpg]
[modinatheme.com/html/transland-html/news-details.html]
[modinatheme.com/html/transland-html/assets/fonts/fa-brands-400.html]
[modinatheme.com/html/transland-html/assets/fonts/fa-brands-401.html]
[modinatheme.com/html/transland-html/assets/fonts/fa-duotone-900.html]
[modinatheme.com/html/transland-html/assets/fonts/fa-duotone-901.html]
[modinatheme.com/html/transland-html/assets/fonts/fa-light-300.html]
[modinatheme.com/html/transland-html/assets/fonts/fa-regular-400.html]
[modinatheme.com/html/transland-html/assets/fonts/fa-solid-900.html]
[modinatheme.com/html/transland-html/testimoinals.html]
