[modinatheme.com/html/visaland-html/index.html]
[backblue.gif]
[fade.gif]
[index.html]
[modinatheme.com/html/visaland-html/assets/img/favicon.svg]
[modinatheme.com/html/visaland-html/assets/css/bootstrap.min.css]
[modinatheme.com/html/visaland-html/assets/css/font-awesome.css]
[modinatheme.com/html/visaland-html/assets/css/animate.css]
[modinatheme.com/html/visaland-html/assets/css/magnific-popup.css]
[modinatheme.com/html/visaland-html/assets/css/meanmenu.css]
[modinatheme.com/html/visaland-html/assets/css/slick.css]
[modinatheme.com/html/visaland-html/assets/css/swiper-bundle.min.css]
[modinatheme.com/html/visaland-html/assets/css/nice-select.css]
[modinatheme.com/html/visaland-html/assets/css/main.css]
[modinatheme.com/html/visaland-html/style.css]
[modinatheme.com/html/visaland-html/assets/img/logo/logo.svg]
[modinatheme.com/html/visaland-html/contact.html]
[modinatheme.com/html/visaland-html/faq.html]
[modinatheme.com/html/visaland-html/assets/img/header/home-1.jpg]
[modinatheme.com/html/visaland-html/index-one-page.html]
[modinatheme.com/html/visaland-html/assets/img/header/home-2.jpg]
[modinatheme.com/html/visaland-html/index-2.html]
[modinatheme.com/html/visaland-html/index-two-page.html]
[modinatheme.com/html/visaland-html/assets/img/header/home-3.jpg]
[modinatheme.com/html/visaland-html/index-3.html]
[modinatheme.com/html/visaland-html/index-three-page.html]
[modinatheme.com/html/visaland-html/assets/img/header/home-4.jpg]
[modinatheme.com/html/visaland-html/index-4.html]
[modinatheme.com/html/visaland-html/index-four-page.html]
[modinatheme.com/html/visaland-html/team.html]
[modinatheme.com/html/visaland-html/about.html]
[modinatheme.com/html/visaland-html/service.html]
[modinatheme.com/html/visaland-html/service-details.html]
[modinatheme.com/html/visaland-html/news.html]
[modinatheme.com/html/visaland-html/coaching-details.html]
[modinatheme.com/html/visaland-html/coaching.html]
[modinatheme.com/html/visaland-html/country-details.html]
[modinatheme.com/html/visaland-html/country.html]
[modinatheme.com/html/visaland-html/team-details.html]
[modinatheme.com/html/visaland-html/404.html]
[modinatheme.com/html/visaland-html/news-grid.html]
[modinatheme.com/html/visaland-html/news-details.html]
[modinatheme.com/html/visaland-html/assets/img/call.png]
[modinatheme.com/html/visaland-html/assets/img/hero/object1.png]
[modinatheme.com/html/visaland-html/assets/img/hero/right-shape.png]
[modinatheme.com/html/visaland-html/assets/img/hero/hero-1.jpg]
[modinatheme.com/html/visaland-html/assets/img/hero/hero-2.jpg]
[modinatheme.com/html/visaland-html/assets/img/hero/hero-3.jpg]
[modinatheme.com/html/visaland-html/assets/img/about/border-shape.png]
[modinatheme.com/html/visaland-html/assets/img/about/about.jpg]
[modinatheme.com/html/visaland-html/assets/img/about/about-2.jpg]
[modinatheme.com/html/visaland-html/assets/img/about/author.png]
[modinatheme.com/html/visaland-html/assets/img/about/signature.png]
[modinatheme.com/html/visaland-html/assets/img/service/01.jpg]
[modinatheme.com/html/visaland-html/assets/img/service/02.jpg]
[modinatheme.com/html/visaland-html/assets/img/service/03.jpg]
[modinatheme.com/html/visaland-html/assets/img/service/04.jpg]
[modinatheme.com/html/visaland-html/assets/img/brand/01.png]
[modinatheme.com/html/visaland-html/assets/img/flag/turkey.png]
[modinatheme.com/html/visaland-html/assets/img/flag/france.png]
[modinatheme.com/html/visaland-html/assets/img/flag/aus.jpg]
[modinatheme.com/html/visaland-html/assets/img/flag/us.png]
[modinatheme.com/html/visaland-html/assets/img/flag/india.png]
[modinatheme.com/html/visaland-html/assets/img/flag/dubai.png]
[modinatheme.com/html/visaland-html/assets/img/banner/01.jpg]
[modinatheme.com/html/visaland-html/assets/img/team/01.jpg]
[modinatheme.com/html/visaland-html/assets/img/team/02.jpg]
[modinatheme.com/html/visaland-html/assets/img/team/03.jpg]
[modinatheme.com/html/visaland-html/assets/img/team/04.jpg]
[modinatheme.com/html/visaland-html/assets/img/choose-us/01.jpg]
[modinatheme.com/html/visaland-html/assets/img/choose-us/02.jpg]
[modinatheme.com/html/visaland-html/assets/img/choose-us/03.jpg]
[modinatheme.com/html/visaland-html/assets/img/about/client.png]
[modinatheme.com/html/visaland-html/assets/img/testimonial/01.png]
[modinatheme.com/html/visaland-html/assets/img/testimonial/03.png]
[modinatheme.com/html/visaland-html/assets/img/testimonial/02.png]
[modinatheme.com/html/visaland-html/assets/img/linepng.png]
[modinatheme.com/html/visaland-html/assets/img/contact/01.jpg]
[modinatheme.com/html/visaland-html/assets/img/contact/bg-shape.png]
[modinatheme.com/html/visaland-html/assets/img/news/01.jpg]
[modinatheme.com/html/visaland-html/assets/img/news/02.jpg]
[modinatheme.com/html/visaland-html/assets/img/news/09.jpg]
[modinatheme.com/html/visaland-html/assets/img/logo/footer-logo.svg]
[modinatheme.com/html/visaland-html/assets/img/footer/gallery-1.jpg]
[modinatheme.com/html/visaland-html/assets/img/footer/gallery-2.jpg]
[modinatheme.com/html/visaland-html/assets/img/footer/gallery-3.jpg]
[modinatheme.com/html/visaland-html/assets/img/footer/gallery-4.jpg]
[modinatheme.com/html/visaland-html/assets/img/footer/gallery-5.jpg]
[modinatheme.com/html/visaland-html/assets/img/footer/gallery-6.jpg]
[modinatheme.com/cdn-cgi/scripts/5c5dd728/cloudflare-static/email-decode.min.js]
[modinatheme.com/html/visaland-html/assets/js/jquery-3.7.1.min.js]
[modinatheme.com/html/visaland-html/assets/js/viewport.jquery.js]
[modinatheme.com/html/visaland-html/assets/js/bootstrap.bundle.min.js]
[modinatheme.com/html/visaland-html/assets/js/gsap/gsap.js]
[modinatheme.com/html/visaland-html/assets/js/gsap/gsap-scroll-trigger.js]
[modinatheme.com/html/visaland-html/assets/js/gsap/gsap-split-text.js]
[modinatheme.com/html/visaland-html/assets/js/jquery.nice-select.min.js]
[modinatheme.com/html/visaland-html/assets/js/jquery.waypoints.js]
[modinatheme.com/html/visaland-html/assets/js/jquery.counterup.min.js]
[modinatheme.com/html/visaland-html/assets/js/slick.min.js]
[modinatheme.com/html/visaland-html/assets/js/swiper-bundle.min.js]
[modinatheme.com/html/visaland-html/assets/js/slick-animation.min.js]
[modinatheme.com/html/visaland-html/assets/js/jquery.meanmenu.min.js]
[modinatheme.com/html/visaland-html/assets/js/jquery.magnific-popup.min.js]
[modinatheme.com/html/visaland-html/assets/js/wow.min.js]
[modinatheme.com/html/visaland-html/assets/js/circle-progress.js]
[modinatheme.com/html/visaland-html/index.html]
[modinatheme.com/html/visaland-html/assets/img/favicon.svg]
[modinatheme.com/html/visaland-html/assets/css/bootstrap.min.css]
[modinatheme.com/html/visaland-html/assets/js/main.js]
[modinatheme.com/html/visaland-html/assets/fonts/fa-brands-400.woff2]
[modinatheme.com/html/visaland-html/assets/fonts/fa-brands-400d41d.eot]
[modinatheme.com/html/visaland-html/assets/fonts/fa-brands-400.woff]
[modinatheme.com/html/visaland-html/assets/fonts/fa-light-300.eot]
[modinatheme.com/html/visaland-html/assets/fonts/fa-light-300d41d.eot]
[modinatheme.com/html/visaland-html/assets/fonts/fa-light-300.woff2]
[modinatheme.com/html/visaland-html/assets/fonts/fa-light-300.woff]
[modinatheme.com/html/visaland-html/assets/fonts/fa-regular-400.eot]
[modinatheme.com/html/visaland-html/assets/fonts/fa-regular-400.woff2]
[modinatheme.com/html/visaland-html/assets/fonts/fa-regular-400d41d.eot]
[modinatheme.com/html/visaland-html/assets/fonts/fa-regular-400.woff]
[modinatheme.com/html/visaland-html/assets/fonts/fa-solid-900.eot]
[modinatheme.com/html/visaland-html/assets/fonts/fa-solid-900.woff2]
[modinatheme.com/html/visaland-html/assets/fonts/fa-solid-900d41d.eot]
[modinatheme.com/html/visaland-html/assets/fonts/fa-solid-900.woff]
[modinatheme.com/html/visaland-html/assets/fonts/flaticon.woff2]
[modinatheme.com/html/visaland-html/assets/fonts/flaticon.woff]
[modinatheme.com/html/visaland-html/assets/css/font-awesome.css]
[modinatheme.com/html/visaland-html/assets/css/animate.css]
[modinatheme.com/html/visaland-html/assets/css/magnific-popup.css]
[modinatheme.com/html/visaland-html/assets/css/meanmenu.css]
[modinatheme.com/html/visaland-html/assets/css/slick.css]
[modinatheme.com/html/visaland-html/assets/css/swiper-bundle.min.css]
[modinatheme.com/html/visaland-html/assets/css/nice-select.css]
[modinatheme.com/html/visaland-html/assets/fonts/flaticond41d.eot]
[modinatheme.com/html/visaland-html/assets/img/about/bar.png]
[modinatheme.com/html/visaland-html/assets/img/about/bar-2.png]
[modinatheme.com/html/visaland-html/assets/img/service/line-shape.png]
[modinatheme.com/html/visaland-html/assets/img/testimonial/quote.png]
[modinatheme.com/html/visaland-html/assets/img/home-4/testimonial/comma.png]
[modinatheme.com/html/visaland-html/assets/img/quotepost.png]
[modinatheme.com/html/visaland-html/assets/css/main.css]
[modinatheme.com/html/visaland-html/style.css]
[modinatheme.com/html/visaland-html/assets/img/logo/logo.svg]
[modinatheme.com/html/visaland-html/assets/img/flag.png]
[modinatheme.com/html/visaland-html/assets/img/breadcrumb.jpg]
[modinatheme.com/html/visaland-html/assets/img/contact.jpg]
[modinatheme.com/html/visaland-html/assets/img/footer/arrow-shape-1.png]
[modinatheme.com/html/visaland-html/assets/img/footer/arrow-shape-2.png]
[modinatheme.com/html/visaland-html/contact.html]
[modinatheme.com/html/visaland-html/assets/js/ajax-mail.js]
[modinatheme.com/html/visaland-html/assets/img/project/details.jpg]
[modinatheme.com/html/visaland-html/assets/img/project/details-2.jpg]
[modinatheme.com/html/visaland-html/faq.html]
[modinatheme.com/html/visaland-html/index-one-page.html]
[modinatheme.com/html/visaland-html/assets/img/bar-3.svg]
[modinatheme.com/html/visaland-html/assets/img/hero/hero-4.jpg]
[modinatheme.com/html/visaland-html/assets/img/hero/icon-dots-8.png]
[modinatheme.com/html/visaland-html/assets/img/about/border-shape-2.png]
[modinatheme.com/html/visaland-html/assets/img/about/about-3.jpg]
[modinatheme.com/html/visaland-html/assets/img/about/about-4.jpg]
[modinatheme.com/html/visaland-html/assets/img/coaching/01.jpg]
[modinatheme.com/html/visaland-html/assets/img/coaching/02.jpg]
[modinatheme.com/html/visaland-html/assets/img/coaching/03.jpg]
[modinatheme.com/html/visaland-html/assets/img/coaching/04.jpg]
[modinatheme.com/html/visaland-html/assets/img/shape-left.jpg]
[modinatheme.com/html/visaland-html/assets/img/shape-right.jpg]
[modinatheme.com/html/visaland-html/assets/img/client.png]
[modinatheme.com/html/visaland-html/assets/img/visa/01.jpg]
[modinatheme.com/html/visaland-html/assets/img/visa/02.jpg]
[modinatheme.com/html/visaland-html/assets/img/visa/03.jpg]
[modinatheme.com/html/visaland-html/assets/img/flag/lines-waves1.png]
[modinatheme.com/html/visaland-html/assets/img/flag/eng.png]
[modinatheme.com/html/visaland-html/assets/img/flag/russ.png]
[modinatheme.com/html/visaland-html/assets/img/flag/bra.png]
[modinatheme.com/html/visaland-html/assets/img/flag/ger.png]
[modinatheme.com/html/visaland-html/assets/img/choose/shape.png]
[modinatheme.com/html/visaland-html/_assets/img/choose/01.jpg]
[modinatheme.com/html/visaland-html/assets/img/choose/02.jpg]
[modinatheme.com/html/visaland-html/assets/img/choose/circle-shape.png]
[modinatheme.com/html/visaland-html/assets/img/testimonial/04.png]
[modinatheme.com/html/visaland-html/assets/img/testimonial/05.png]
[modinatheme.com/html/visaland-html/assets/img/contact-shape.png]
[modinatheme.com/html/visaland-html/assets/img/contact/02.jpg]
[modinatheme.com/html/visaland-html/assets/img/home-4/news/01.jpg]
[modinatheme.com/html/visaland-html/assets/img/home-4/news/author.jpg]
[modinatheme.com/html/visaland-html/assets/img/home-4/news/02.jpg]
[modinatheme.com/html/visaland-html/assets/img/home-4/news/author2.jpg]
[modinatheme.com/html/visaland-html/assets/img/home-4/news/03.jpg]
[modinatheme.com/html/visaland-html/assets/img/home-4/news/author3.jpg]
[modinatheme.com/html/visaland-html/assets/img/flag-1.jpg]
[modinatheme.com/html/visaland-html/assets/img/flag-2.jpg]
[modinatheme.com/html/visaland-html/assets/img/flag-3.jpg]
[modinatheme.com/html/visaland-html/index-2.html]
[modinatheme.com/html/visaland-html/index-two-page.html]
[modinatheme.com/html/visaland-html/assets/img/logo/logo-2.svg]
[modinatheme.com/html/visaland-html/assets/img/hero/hero-5.jpg]
[modinatheme.com/html/visaland-html/assets/img/hero/hero-6.jpg]
[modinatheme.com/html/visaland-html/assets/img/hero/hero-7.jpg]
[modinatheme.com/html/visaland-html/assets/img/hero/hero-8.jpg]
[modinatheme.com/html/visaland-html/assets/img/brand/02.png]
[modinatheme.com/html/visaland-html/assets/img/service/line-shape-2.png]
[modinatheme.com/html/visaland-html/assets/img/about/about-5.jpg]
[modinatheme.com/html/visaland-html/assets/img/about/about-6.jpg]
[modinatheme.com/html/visaland-html/assets/img/about/circle-2.png]
[modinatheme.com/html/visaland-html/assets/img/about/video.jpg]
[modinatheme.com/html/visaland-html/assets/img/about/client-2.png]
[modinatheme.com/html/visaland-html/assets/img/contact.png]
[modinatheme.com/html/visaland-html/assets/img/country/01.jpg]
[modinatheme.com/html/visaland-html/assets/img/country/02.jpg]
[modinatheme.com/html/visaland-html/assets/img/country/03.jpg]
[modinatheme.com/html/visaland-html/assets/img/testimonial/06.jpg]
[modinatheme.com/html/visaland-html/assets/img/testimonial/07.jpg]
[modinatheme.com/html/visaland-html/assets/img/testimonial/08.jpg]
[modinatheme.com/html/visaland-html/assets/img/testimonial/09.jpg]
[modinatheme.com/html/visaland-html/assets/img/team/dot-shape-2.png]
[modinatheme.com/html/visaland-html/assets/img/team/07.jpg]
[modinatheme.com/html/visaland-html/assets/img/team/08.jpg]
[modinatheme.com/html/visaland-html/assets/img/team/09.jpg]
[modinatheme.com/html/visaland-html/assets/img/team/10.jpg]
[modinatheme.com/html/visaland-html/assets/img/coaching/05.jpg]
[modinatheme.com/html/visaland-html/assets/img/coaching/06.jpg]
[modinatheme.com/html/visaland-html/assets/img/coaching/07.jpg]
[modinatheme.com/html/visaland-html/assets/img/coaching/08.jpg]
[modinatheme.com/html/visaland-html/assets/img/contact-bg.jpg]
[modinatheme.com/html/visaland-html/assets/img/news/06.jpg]
[modinatheme.com/html/visaland-html/assets/img/news/07.jpg]
[modinatheme.com/html/visaland-html/assets/img/news/08.jpg]
[modinatheme.com/html/visaland-html/index-3.html]
[modinatheme.com/html/visaland-html/index-three-page.html]
[modinatheme.com/html/visaland-html/assets/img/hero/hero-9.jpg]
[modinatheme.com/html/visaland-html/assets/img/hero/hero-10.jpg]
[modinatheme.com/html/visaland-html/assets/img/hero/hero-11.jpg]
[modinatheme.com/html/visaland-html/assets/img/home-4/about/arrow-shape.png]
[modinatheme.com/html/visaland-html/assets/img/home-4/about/circle-shape.png]
[modinatheme.com/html/visaland-html/assets/img/home-4/about/bg-shape.png]
[modinatheme.com/html/visaland-html/assets/img/home-4/about/about2.jpg]
[modinatheme.com/html/visaland-html/assets/img/home-4/about/about3.jpg]
[modinatheme.com/html/visaland-html/assets/img/home-4/service/service-bg.jpg]
[modinatheme.com/html/visaland-html/assets/img/home-4/service/arrow.png]
[modinatheme.com/html/visaland-html/assets/img/home-4/service/service-provide-bg.jpg]
[modinatheme.com/html/visaland-html/assets/img/home-4/feature/benefits-one-img-1.jpg]
[modinatheme.com/html/visaland-html/assets/img/home-4/feature/benefits-one-img-2.jpg]
[modinatheme.com/html/visaland-html/assets/img/team/11.jpg]
[modinatheme.com/html/visaland-html/assets/img/team/12.jpg]
[modinatheme.com/html/visaland-html/assets/img/team/13.jpg]
[modinatheme.com/html/visaland-html/assets/img/team/14.jpg]
[modinatheme.com/html/visaland-html/assets/img/home-4/service/bg-shape.png]
[modinatheme.com/html/visaland-html/assets/img/home-4/testimonial/quote2.png]
[modinatheme.com/html/visaland-html/assets/img/home-4/testimonial/client.png]
[modinatheme.com/html/visaland-html/assets/img/home-4/testimonial/client2.png]
[modinatheme.com/html/visaland-html/assets/img/news/10.jpg]
[modinatheme.com/html/visaland-html/assets/img/news/11.jpg]
[modinatheme.com/html/visaland-html/assets/img/news/12.jpg]
[modinatheme.com/html/visaland-html/assets/img/home-4/banner1.jpg]
[modinatheme.com/html/visaland-html/index-4.html]
[modinatheme.com/html/visaland-html/index-four-page.html]
[modinatheme.com/html/visaland-html/team.html]
[modinatheme.com/html/visaland-html/assets/img/testimonial/08.png]
[modinatheme.com/html/visaland-html/assets/img/testimonial/09.png]
[modinatheme.com/html/visaland-html/assets/img/testimonial/07.png]
[modinatheme.com/html/visaland-html/about.html]
[modinatheme.com/html/visaland-html/service.html]
[modinatheme.com/html/visaland-html/assets/img/service/contact-bg.jpg]
[modinatheme.com/html/visaland-html/assets/img/service/details-1.jpg]
[modinatheme.com/html/visaland-html/service-details.html]
[modinatheme.com/html/visaland-html/assets/img/preloader.svg]
[modinatheme.com/html/visaland-html/assets/img/news/post-1.jpg]
[modinatheme.com/html/visaland-html/assets/img/news/post-2.jpg]
[modinatheme.com/html/visaland-html/assets/img/news/post-3.jpg]
[modinatheme.com/html/visaland-html/assets/img/news/pp1.jpg]
[modinatheme.com/html/visaland-html/assets/img/news/pp2.jpg]
[modinatheme.com/html/visaland-html/assets/img/news/pp3.jpg]
[modinatheme.com/html/visaland-html/news.html]
[modinatheme.com/html/visaland-html/assets/img/coaching/details-1.jpg]
[modinatheme.com/html/visaland-html/assets/img/coaching/details-2.jpg]
[modinatheme.com/html/visaland-html/assets/img/coaching/details-3.jpg]
[modinatheme.com/html/visaland-html/assets/img/coaching/details-4.jpg]
[modinatheme.com/html/visaland-html/coaching-details.html]
[modinatheme.com/html/visaland-html/coaching.html]
[modinatheme.com/html/visaland-html/assets/img/country/details-1.jpg]
[modinatheme.com/html/visaland-html/assets/img/country/details-2.jpg]
[modinatheme.com/html/visaland-html/assets/img/country/details-3.jpg]
[modinatheme.com/html/visaland-html/country-details.html]
[modinatheme.com/html/visaland-html/country.html]
[modinatheme.com/html/visaland-html/assets/img/team/details-1.jpg]
[modinatheme.com/html/visaland-html/team-details.html]
[modinatheme.com/html/visaland-html/404.html]
[modinatheme.com/html/visaland-html/news-grid.html]
[modinatheme.com/html/visaland-html/assets/img/news/post-4.jpg]
[modinatheme.com/html/visaland-html/assets/img/news/post-5.jpg]
[modinatheme.com/html/visaland-html/assets/img/news/author_img2.jpg]
[modinatheme.com/html/visaland-html/assets/img/news/author_img3.jpg]
[modinatheme.com/html/visaland-html/assets/img/news/author_img4.jpg]
[modinatheme.com/html/visaland-html/news-details.html]
[modinatheme.com/html/visaland-html/assets/img/logo/footer-logo.svg]
[modinatheme.com/html/visaland-html/assets/img/bar-3.svg]
[modinatheme.com/html/visaland-html/_assets/img/choose/01.html]
[modinatheme.com/html/visaland-html/assets/img/logo/logo-2.svg]
[modinatheme.com/html/visaland-html/assets/img/preloader.html]
