[templates.thememodern.com/industris/index.html]
[backblue.gif]
[fade.gif]
[index.html]
[templates.thememodern.com/industris/favicon.png]
[templates.thememodern.com/industris/images/logo.png]
[templates.thememodern.com/industris/index-2.html]
[templates.thememodern.com/industris/index-3.html]
[templates.thememodern.com/industris/index-4.html]
[templates.thememodern.com/industris/about-us.html]
[templates.thememodern.com/industris/events.html]
[templates.thememodern.com/industris/events-detail.html]
[templates.thememodern.com/industris/shop.html]
[templates.thememodern.com/industris/shop-detail.html]
[templates.thememodern.com/industris/cart.html]
[templates.thememodern.com/industris/checkout.html]
[templates.thememodern.com/industris/faq.html]
[templates.thememodern.com/industris/gallery.html]
[templates.thememodern.com/industris/404-page.html]
[templates.thememodern.com/industris/comming-soon.html]
[templates.thememodern.com/industris/login.html]
[templates.thememodern.com/industris/typography.html]
[templates.thememodern.com/industris/carrer.html]
[templates.thememodern.com/industris/corporate-governance.html]
[templates.thememodern.com/industris/history.html]
[templates.thememodern.com/industris/our-team.html]
[templates.thememodern.com/industris/partner-clients.html]
[templates.thememodern.com/industris/contact-us.html]
[templates.thememodern.com/industris/services.html]
[templates.thememodern.com/industris/services-2.html]
[templates.thememodern.com/industris/services-detail.html]
[templates.thememodern.com/industris/project.html]
[templates.thememodern.com/industris/project-2.html]
[templates.thememodern.com/industris/project-detail.html]
[templates.thememodern.com/industris/news.html]
[templates.thememodern.com/industris/news-2.html]
[templates.thememodern.com/industris/images/slider-1.jpg]
[templates.thememodern.com/industris/images/slider-2.jpg]
[templates.thememodern.com/industris/images/slider-3.jpg]
[templates.thememodern.com/industris/images/services-solution.png]
[templates.thememodern.com/industris/images/services-icon-1.png]
[templates.thememodern.com/industris/images/services-icon-2.png]
[templates.thememodern.com/industris/images/services-icon-3.png]
[templates.thememodern.com/industris/images/services-icon-4.png]
[templates.thememodern.com/industris/images/services-icon-5.png]
[templates.thememodern.com/industris/images/services-icon-6.png]
[templates.thememodern.com/industris/images/home-video-img.jpg]
[templates.thememodern.com/industris/images/sign.png]
[templates.thememodern.com/industris/images/partner-logo-1.png]
[templates.thememodern.com/industris/images/partner-logo-2.png]
[templates.thememodern.com/industris/images/partner-logo-3.png]
[templates.thememodern.com/industris/images/partner-logo-4.png]
[templates.thememodern.com/industris/images/partner-logo-5.png]
[templates.thememodern.com/industris/images/home-right-img-1.jpg]
[templates.thememodern.com/industris/images/bg-1.jpg]
[templates.thememodern.com/industris/images/portfolio-1.jpg]
[templates.thememodern.com/industris/images/portfolio-2.jpg]
[templates.thememodern.com/industris/images/portfolio-3.jpg]
[templates.thememodern.com/industris/images/portfolio-4.jpg]
[templates.thememodern.com/industris/images/portfolio-5.jpg]
[templates.thememodern.com/industris/images/portfolio-6.jpg]
[templates.thememodern.com/industris/images/testi-img-1.png]
[templates.thememodern.com/industris/images/testi-img-2.png]
[templates.thememodern.com/industris/images/testi-img-3.png]
[templates.thememodern.com/industris/images/testi-img-4.png]
[templates.thememodern.com/industris/images/blog-masonry-img-1.jpg]
[templates.thememodern.com/industris/images/blog-masonry-img-2.jpg]
[templates.thememodern.com/industris/images/blog-masonry-img-3.jpg]
[templates.thememodern.com/industris/images/logo-footer.png]
[templates.thememodern.com/industris/service-detail.html]
[templates.thememodern.com/industris/about.html]
[templates.thememodern.com/industris/blog.html]
[templates.thememodern.com/industris/js/jquery.min.js]
[templates.thememodern.com/industris/js/slick.min.js]
[templates.thememodern.com/industris/js/jquery.sticky.js]
[templates.thememodern.com/industris/js/countto.min.js]
[templates.thememodern.com/industris/js/jquery.magnific-popup.min.js]
[templates.thememodern.com/industris/js/jquery.isotope.min.js]
[templates.thememodern.com/industris/js/scripts.js]
[templates.thememodern.com/industris/index.html]
[templates.thememodern.com/industris/css/bootstrap.css]
[templates.thememodern.com/industris/fonts/fontawesome-webfont3e6e.eot]
[templates.thememodern.com/industris/fonts/fontawesome-webfontd41d.eot]
[templates.thememodern.com/industris/fonts/fontawesome-webfont3e6e.woff2]
[templates.thememodern.com/industris/fonts/fontawesome-webfont3e6e.woff]
[templates.thememodern.com/industris/fonts/fontawesome-webfont3e6e.ttf]
[templates.thememodern.com/industris/css/font-awesome.css]
[templates.thememodern.com/industris/fonts/ioniconsf943.eot]
[templates.thememodern.com/industris/fonts/ioniconsf943.woff2]
[templates.thememodern.com/industris/fonts/ioniconsf943.woff]
[templates.thememodern.com/industris/fonts/ioniconsf943.ttf]
[templates.thememodern.com/industris/css/ionicon.css]
[templates.thememodern.com/industris/css/slick.css]
[templates.thememodern.com/industris/fonts/slick.eot]
[templates.thememodern.com/industris/fonts/slickd41d.eot]
[templates.thememodern.com/industris/fonts/slick.woff]
[templates.thememodern.com/industris/fonts/slick.ttf]
[templates.thememodern.com/industris/fonts/slick.svg]
[templates.thememodern.com/industris/css/slick-theme.css]
[templates.thememodern.com/industris/css/magnific-popup.css]
[templates.thememodern.com/industris/images/bg-footer.jpg]
[templates.thememodern.com/industris/images/bg-footer-h3.jpg]
[templates.thememodern.com/industris/images/bg-footer-2.png]
[templates.thememodern.com/industris/images/videohome3.jpg]
[templates.thememodern.com/industris/images/bg-team.jpg]
[templates.thememodern.com/industris/style.css]
[templates.thememodern.com/industris/images/slider-4.jpg]
[templates.thememodern.com/industris/images/slider-5.jpg]
[templates.thememodern.com/industris/images/slider-6.jpg]
[templates.thememodern.com/industris/images/about-img.jpg]
[templates.thememodern.com/industris/images/about-circle.png]
[templates.thememodern.com/industris/images/bg-home-2.jpg]
[templates.thememodern.com/industris/images/services-img-1.jpg]
[templates.thememodern.com/industris/images/services-img-2.jpg]
[templates.thememodern.com/industris/images/services-img-3.jpg]
[templates.thememodern.com/industris/images/project-feature-1.jpg]
[templates.thememodern.com/industris/images/project-feature-2.jpg]
[templates.thememodern.com/industris/images/project-feature-3.jpg]
[templates.thememodern.com/industris/index-2.html]
[templates.thememodern.com/industris/images/logo-blue.png]
[templates.thememodern.com/industris/images/slider-7.jpg]
[templates.thememodern.com/industris/images/slider-8.jpg]
[templates.thememodern.com/industris/images/slider-9.jpg]
[templates.thememodern.com/industris/images/bg-service-home-3.jpg]
[templates.thememodern.com/industris/images/services-icon-home-3-1.png]
[templates.thememodern.com/industris/images/services-icon-home-3-2.png]
[templates.thememodern.com/industris/images/services-icon-home-3-3.png]
[templates.thememodern.com/industris/images/services-icon-home-3-4.png]
[templates.thememodern.com/industris/images/services-icon-home-3-5.png]
[templates.thememodern.com/industris/images/services-icon-home-3-6.png]
[templates.thememodern.com/industris/images/about-circle-h3.png]
[templates.thememodern.com/industris/images/bg-portfolio-h3.jpg]
[templates.thememodern.com/industris/images/portfolio-img-1.jpg]
[templates.thememodern.com/industris/images/portfolio-img-2.jpg]
[templates.thememodern.com/industris/images/portfolio-img-3.jpg]
[templates.thememodern.com/industris/images/portfolio-img-4.jpg]
[templates.thememodern.com/industris/images/cta-bg-h3.jpg]
[templates.thememodern.com/industris/index-3.html]
[templates.thememodern.com/industris/images/slider-10.jpg]
[templates.thememodern.com/industris/images/slider-11.jpg]
[templates.thememodern.com/industris/images/slider-12.jpg]
[templates.thememodern.com/industris/images/slider-nav-2.jpg]
[templates.thememodern.com/industris/images/slider-nav-3.jpg]
[templates.thememodern.com/industris/images/slider-nav-1.jpg]
[templates.thememodern.com/industris/images/bg-home-services.jpg]
[templates.thememodern.com/industris/images/home-video-img-2.jpg]
[templates.thememodern.com/industris/images/slick-feature-project-1.jpg]
[templates.thememodern.com/industris/images/slick-feature-project-2.jpg]
[templates.thememodern.com/industris/images/slick-feature-project-3.jpg]
[templates.thememodern.com/industris/index-4.html]
[templates.thememodern.com/industris/career.html]
[templates.thememodern.com/industris/images/subheader-about.jpg]
[templates.thememodern.com/industris/images/bg-about-video.jpg]
[templates.thememodern.com/industris/images/cta-bg.jpg]
[templates.thememodern.com/industris/about-us.html]
[templates.thememodern.com/industris/images/subheader-event.jpg]
[templates.thememodern.com/industris/images/events-img-1.jpg]
[templates.thememodern.com/industris/images/events-img-2.jpg]
[templates.thememodern.com/industris/images/events-img-3.jpg]
[templates.thememodern.com/industris/images/events-img-4.jpg]
[templates.thememodern.com/industris/events.html]
[templates.thememodern.com/industris/images/events-detail-img.jpg]
[templates.thememodern.com/industris/events-detail.html]
[templates.thememodern.com/industris/images/subheader-shop.jpg]
[templates.thememodern.com/industris/images/product-1.jpg]
[templates.thememodern.com/industris/images/product-2.jpg]
[templates.thememodern.com/industris/images/product-3.jpg]
[templates.thememodern.com/industris/images/product-4.jpg]
[templates.thememodern.com/industris/images/product-5.jpg]
[templates.thememodern.com/industris/images/product-6.jpg]
[templates.thememodern.com/industris/shop.html]
[templates.thememodern.com/industris/images/product-single-2.jpg]
[templates.thememodern.com/industris/images/product-single.jpg]
[templates.thememodern.com/industris/images/product-single-3.jpg]
[templates.thememodern.com/industris/images/product-single-4.jpg]
[templates.thememodern.com/industris/images/product-single-5.jpg]
[templates.thememodern.com/industris/images/product-gallery-1.jpg]
[templates.thememodern.com/industris/images/product-gallery-2.jpg]
[templates.thememodern.com/industris/images/product-gallery-3.jpg]
[templates.thememodern.com/industris/images/product-gallery-4.jpg]
[templates.thememodern.com/industris/images/product-gallery-5.jpg]
[templates.thememodern.com/industris/Pipes]
[templates.thememodern.com/industris/js/bootstrap.min.js]
[templates.thememodern.com/industris/shop-detail.html]
[templates.thememodern.com/industris/images/product-cart-1.jpg]
[templates.thememodern.com/industris/images/product-cart-2.jpg]
[templates.thememodern.com/industris/cart.html]
[templates.thememodern.com/industris/checkout.html]
[templates.thememodern.com/industris/images/subheader-faq.jpg]
[templates.thememodern.com/industris/faq.html]
[templates.thememodern.com/industris/images/subheader-gallery.jpg]
[templates.thememodern.com/industris/images/gallery-1.jpg]
[templates.thememodern.com/industris/images/gallery-2.jpg]
[templates.thememodern.com/industris/images/gallery-3.jpg]
[templates.thememodern.com/industris/images/gallery-4.jpg]
[templates.thememodern.com/industris/images/gallery-5.jpg]
[templates.thememodern.com/industris/images/gallery-6.jpg]
[templates.thememodern.com/industris/images/gallery-7.jpg]
[templates.thememodern.com/industris/images/gallery-8.jpg]
[templates.thememodern.com/industris/gallery.html]
[templates.thememodern.com/industris/images/subheader-error.jpg]
[templates.thememodern.com/industris/404-page.html]
[templates.thememodern.com/industris/images/coming-soon.jpg]
[templates.thememodern.com/industris/comming-soon.html]
[templates.thememodern.com/industris/login.html]
[templates.thememodern.com/industris/images/recent-post-1.jpg]
[templates.thememodern.com/industris/images/recent-post-2.jpg]
[templates.thememodern.com/industris/images/services-icon-st3.png]
[templates.thememodern.com/industris/images/blog-img-1.jpg]
[templates.thememodern.com/industris/typography.html]
[templates.thememodern.com/industris/carrer.html]
[templates.thememodern.com/industris/images/subheader-corporate-governance.jpg]
[templates.thememodern.com/industris/images/corporate-governance.jpg]
[templates.thememodern.com/industris/images/bg-testi-list.jpg]
[templates.thememodern.com/industris/images/testi-img-big.png]
[templates.thememodern.com/industris/corporate-governance.html]
[templates.thememodern.com/industris/images/subheader-history.jpg]
[templates.thememodern.com/industris/images/history-img-1.jpg]
[templates.thememodern.com/industris/images/history-img-2.jpg]
[templates.thememodern.com/industris/images/history-img-3.jpg]
[templates.thememodern.com/industris/images/history-img-4.jpg]
[templates.thememodern.com/industris/images/history-img-5.jpg]
[templates.thememodern.com/industris/images/history-img-6.jpg]
[templates.thememodern.com/industris/history.html]
[templates.thememodern.com/industris/images/subheader-team.jpg]
[templates.thememodern.com/industris/images/team-img-1.png]
[templates.thememodern.com/industris/images/team-img-2.png]
[templates.thememodern.com/industris/images/team-img-3.png]
[templates.thememodern.com/industris/images/team-img-4.png]
[templates.thememodern.com/industris/images/team-img-5.png]
[templates.thememodern.com/industris/images/team-img-6.png]
[templates.thememodern.com/industris/our-team.html]
[templates.thememodern.com/industris/images/subheader-partner.jpg]
[templates.thememodern.com/industris/images/partner-logo-6.png]
[templates.thememodern.com/industris/images/partner-logo-7.png]
[templates.thememodern.com/industris/images/testi-img-5.png]
[templates.thememodern.com/industris/images/testi-img-6.png]
[templates.thememodern.com/industris/partner-clients.html]
[templates.thememodern.com/industris/images/subheader-contact.jpg]
[templates.thememodern.com/industris/contact-us.html]
[templates.thememodern.com/industris/images/subheader-services.jpg]
[templates.thememodern.com/industris/images/services-img.jpg]
[templates.thememodern.com/industris/services.html]
[templates.thememodern.com/industris/images/services-img-4.jpg]
[templates.thememodern.com/industris/images/services-img-5.jpg]
[templates.thememodern.com/industris/images/services-img-6.jpg]
[templates.thememodern.com/industris/services-2.html]
[templates.thememodern.com/industris/images/services-detail.jpg]
[templates.thememodern.com/industris/images/project-img-1.jpg]
[templates.thememodern.com/industris/images/project-img-2.jpg]
[templates.thememodern.com/industris/services-detail.html]
[templates.thememodern.com/industris/images/subheader-project.jpg]
[templates.thememodern.com/industris/images/project-slide-1.jpg]
[templates.thememodern.com/industris/images/project-slide-2.jpg]
[templates.thememodern.com/industris/images/project-slide-3.jpg]
[templates.thememodern.com/industris/images/portfolio-7.jpg]
[templates.thememodern.com/industris/images/portfolio-8.jpg]
[templates.thememodern.com/industris/images/portfolio-9.jpg]
[templates.thememodern.com/industris/project.html]
[templates.thememodern.com/industris/images/portfolio-img-5.jpg]
[templates.thememodern.com/industris/images/portfolio-img-6.jpg]
[templates.thememodern.com/industris/images/portfolio-img-7.jpg]
[templates.thememodern.com/industris/images/portfolio-img-8.jpg]
[templates.thememodern.com/industris/images/portfolio-img-9.jpg]
[templates.thememodern.com/industris/images/portfolio-img-10.jpg]
[templates.thememodern.com/industris/images/portfolio-img-11.jpg]
[templates.thememodern.com/industris/images/portfolio-img-12.jpg]
[templates.thememodern.com/industris/project-2.html]
[templates.thememodern.com/industris/images/subheader-project-detail.jpg]
[templates.thememodern.com/industris/images/relate-project-1.jpg]
[templates.thememodern.com/industris/images/relate-project-2.jpg]
[templates.thememodern.com/industris/images/relate-project-3.jpg]
[templates.thememodern.com/industris/project-detail.html]
[templates.thememodern.com/industris/images/subheader.jpg]
[templates.thememodern.com/industris/images/blog-img-2.jpg]
[templates.thememodern.com/industris/images/blog-img-3.jpg]
[templates.thememodern.com/industris/images/blog-img-4.jpg]
[templates.thememodern.com/industris/news.html]
[templates.thememodern.com/industris/images/blog-masonry-img-4.jpg]
[templates.thememodern.com/industris/images/blog-masonry-img-5.jpg]
[templates.thememodern.com/industris/images/blog-masonry-img-6.jpg]
[templates.thememodern.com/industris/images/blog-masonry-img-7.jpg]
[templates.thememodern.com/industris/images/blog-masonry-img-8.jpg]
[templates.thememodern.com/industris/news-2.html]
[templates.thememodern.com/industris/service-detail.html]
[templates.thememodern.com/industris/about.html]
[templates.thememodern.com/industris/blog.html]
[templates.thememodern.com/industris/fonts/fontawesome-webfont3e6e.svg]
[templates.thememodern.com/industris/fonts/ioniconsf943.svg]
[templates.thememodern.com/industris/fonts/slick.html]
[templates.thememodern.com/industris/fonts/slickd41d.html]
[templates.thememodern.com/industris/fonts/slick-2.html]
[templates.thememodern.com/industris/fonts/slick-3.html]
[templates.thememodern.com/industris/fonts/slick-4.html]
[templates.thememodern.com/industris/post.html]
[templates.thememodern.com/industris/images/subheader-career.jpg]
[templates.thememodern.com/industris/images/career-img.jpg]
[templates.thememodern.com/industris/career.html]
[templates.thememodern.com/industris/Pipes.html]
[templates.thememodern.com/industris/images/gallery-9.jpg]
[templates.thememodern.com/industris/images/subheader-post.jpg]
[templates.thememodern.com/industris/images/post-img-left.jpg]
[templates.thememodern.com/industris/images/post-img-right-1.jpg]
[templates.thememodern.com/industris/images/post-img-right-2.jpg]
[templates.thememodern.com/industris/images/quote-img.jpg]
[templates.thememodern.com/industris/images/author-img.jpg]
[templates.thememodern.com/industris/images/avatar-1.jpg]
[templates.thememodern.com/industris/images/avatar-2.jpg]
[templates.thememodern.com/industris/images/avatar-3.jpg]
[templates.thememodern.com/industris/post.html]
