[html.kodesolution.com/2024/citycar-html/index.html]
[backblue.gif]
[fade.gif]
[index.html]
[html.kodesolution.com/2024/citycar-html/css/bootstrap.min.css]
[html.kodesolution.com/2024/citycar-html/css/style.css]
[html.kodesolution.com/2024/citycar-html/images/favicon.png]
[html.kodesolution.com/2024/citycar-html/images/logo-2.png]
[html.kodesolution.com/2024/citycar-html/index-2.html]
[html.kodesolution.com/2024/citycar-html/index-3.html]
[html.kodesolution.com/2024/citycar-html/page-about.html]
[html.kodesolution.com/2024/citycar-html/page-booking.html]
[html.kodesolution.com/2024/citycar-html/page-taxi.html]
[html.kodesolution.com/2024/citycar-html/page-team.html]
[html.kodesolution.com/2024/citycar-html/page-team-details.html]
[html.kodesolution.com/2024/citycar-html/page-testimonial.html]
[html.kodesolution.com/2024/citycar-html/page-pricing.html]
[html.kodesolution.com/2024/citycar-html/page-faq.html]
[html.kodesolution.com/2024/citycar-html/page-404.html]
[html.kodesolution.com/2024/citycar-html/page-services.html]
[html.kodesolution.com/2024/citycar-html/page-service-details.html]
[html.kodesolution.com/2024/citycar-html/shop-products.html]
[html.kodesolution.com/2024/citycar-html/shop-products-sidebar.html]
[html.kodesolution.com/2024/citycar-html/shop-product-details.html]
[html.kodesolution.com/2024/citycar-html/shop-cart.html]
[html.kodesolution.com/2024/citycar-html/shop-checkout.html]
[html.kodesolution.com/2024/citycar-html/news-grid.html]
[html.kodesolution.com/2024/citycar-html/news-details.html]
[html.kodesolution.com/2024/citycar-html/page-contact.html]
[html.kodesolution.com/2024/citycar-html/images/logo.png]
[html.kodesolution.com/2024/citycar-html/images/banner/bg1.jpg]
[html.kodesolution.com/2024/citycar-html/images/resource/about1-4.png]
[html.kodesolution.com/2024/citycar-html/images/resource/about1-1.jpg]
[html.kodesolution.com/2024/citycar-html/images/resource/about1-2.png]
[html.kodesolution.com/2024/citycar-html/images/resource/about1-3.png]
[html.kodesolution.com/2024/citycar-html/images/resource/service5-1.jpg]
[html.kodesolution.com/2024/citycar-html/images/resource/service5-2.jpg]
[html.kodesolution.com/2024/citycar-html/images/resource/service5-3.jpg]
[html.kodesolution.com/2024/citycar-html/images/resource/pricing2-1.jpg]
[html.kodesolution.com/2024/citycar-html/images/resource/pricing2-2.jpg]
[html.kodesolution.com/2024/citycar-html/images/resource/pricing2-3.jpg]
[html.kodesolution.com/2024/citycar-html/images/resource/testi2-1.png]
[html.kodesolution.com/2024/citycar-html/images/resource/faq1-1.jpg]
[html.kodesolution.com/2024/citycar-html/images/background/bg-video1.png]
[html.kodesolution.com/2024/citycar-html/images/resource/video-text1.png]
[html.kodesolution.com/2024/citycar-html/images/resource/news4-1.jpg]
[html.kodesolution.com/2024/citycar-html/images/resource/news4-thumb1.png]
[html.kodesolution.com/2024/citycar-html/images/resource/news4-2.jpg]
[html.kodesolution.com/2024/citycar-html/images/resource/news4-thumb2.png]
[html.kodesolution.com/2024/citycar-html/images/resource/news4-3.jpg]
[html.kodesolution.com/2024/citycar-html/images/resource/news4-thumb3.png]
[html.kodesolution.com/2024/citycar-html/images/icons/google-play-2.png]
[html.kodesolution.com/2024/citycar-html/images/icons/app-store-2.png]
[html.kodesolution.com/cdn-cgi/scripts/5c5dd728/cloudflare-static/email-decode.min.js]
[html.kodesolution.com/2024/citycar-html/js/jquery.js]
[html.kodesolution.com/2024/citycar-html/js/popper.min.js]
[html.kodesolution.com/2024/citycar-html/js/bootstrap.min.js]
[html.kodesolution.com/2024/citycar-html/js/jquery.fancybox.js]
[html.kodesolution.com/2024/citycar-html/js/wow.js]
[html.kodesolution.com/2024/citycar-html/js/appear.js]
[html.kodesolution.com/2024/citycar-html/js/gsap.min.js]
[html.kodesolution.com/2024/citycar-html/js/ScrollTrigger.min.js]
[html.kodesolution.com/2024/citycar-html/js/SplitText.min.js]
[html.kodesolution.com/2024/citycar-html/js/splitType.js]
[html.kodesolution.com/2024/citycar-html/js/bundled-lenis.min.js]
[html.kodesolution.com/2024/citycar-html/js/select2.min.js]
[html.kodesolution.com/2024/citycar-html/js/aos.js]
[html.kodesolution.com/2024/citycar-html/js/odometer.js]
[html.kodesolution.com/2024/citycar-html/js/owl.js]
[html.kodesolution.com/2024/citycar-html/js/script-gsap.js]
[html.kodesolution.com/2024/citycar-html/index.html]
[html.kodesolution.com/2024/citycar-html/css/bootstrap.min.css]
[html.kodesolution.com/2024/citycar-html/js/script.js]
[html.kodesolution.com/2024/citycar-html/css/animate.css]
[html.kodesolution.com/2024/citycar-html/css/owl.css]
[html.kodesolution.com/2024/citycar-html/css/swiper.min.css]
[html.kodesolution.com/2024/citycar-html/css/jquery.fancybox.min.css]
[html.kodesolution.com/2024/citycar-html/css/linear.css]
[html.kodesolution.com/2024/citycar-html/css/select2.min.css]
[html.kodesolution.com/2024/citycar-html/css/aos.css]
[html.kodesolution.com/2024/citycar-html/css/odometer-theme-default.css]
[html.kodesolution.com/2024/citycar-html/css/fontawesome.css]
[html.kodesolution.com/2024/citycar-html/css/flaticon_taxi.css]
[html.kodesolution.com/2024/citycar-html/css/tm-bs-mp.css]
[html.kodesolution.com/2024/citycar-html/css/tm-utility-classes.css]
[html.kodesolution.com/2024/citycar-html/images/icons/pattern-1.jpg]
[html.kodesolution.com/2024/citycar-html/images/icons/pattern-2.jpg]
[html.kodesolution.com/2024/citycar-html/images/icons/pattern-3.jpg]
[html.kodesolution.com/2024/citycar-html/images/icons/pattern-4.jpg]
[html.kodesolution.com/2024/citycar-html/images/icons/pattern-5.jpg]
[html.kodesolution.com/2024/citycar-html/images/icons/pattern-6.png]
[html.kodesolution.com/2024/citycar-html/images/icons/pattern-7.jpg]
[html.kodesolution.com/2024/citycar-html/images/icons/pattern-8.jpg]
[html.kodesolution.com/2024/citycar-html/images/icons/icon-quote.png]
[html.kodesolution.com/2024/citycar-html/images/icons/icon-tag.png]
[html.kodesolution.com/2024/citycar-html/images/icons/sub-icon.png]
[html.kodesolution.com/2024/citycar-html/images/icons/icon-car.png]
[html.kodesolution.com/2024/citycar-html/images/icons/icon-car-2.png]
[html.kodesolution.com/2024/citycar-html/images/icons/icon-car-3.png]
[html.kodesolution.com/2024/citycar-html/images/icons/icon-car-4.png]
[html.kodesolution.com/2024/citycar-html/images/icons/icon-car-5.png]
[html.kodesolution.com/2024/citycar-html/images/icons/icon-car-6.png]
[html.kodesolution.com/2024/citycar-html/images/icons/icon-check.png]
[html.kodesolution.com/2024/citycar-html/images/icons/overlay.png]
[html.kodesolution.com/2024/citycar-html/images/icons/overlay-2.png]
[html.kodesolution.com/2024/citycar-html/images/icons/overlay-3.png]
[html.kodesolution.com/2024/citycar-html/images/icons/overlay-4.png]
[html.kodesolution.com/2024/citycar-html/images/icons/overlay-5.png]
[html.kodesolution.com/2024/citycar-html/images/icons/overlay-6.png]
[html.kodesolution.com/2024/citycar-html/images/icons/overlay-7.png]
[html.kodesolution.com/2024/citycar-html/images/icons/overlay-8.png]
[html.kodesolution.com/2024/citycar-html/images/banner/bg-shape.png]
[html.kodesolution.com/2024/citycar-html/images/background/bg-header3.png]
[html.kodesolution.com/2024/citycar-html/images/main-slider/overlay.png]
[html.kodesolution.com/2024/citycar-html/images/banner/banner-shape-1.png]
[html.kodesolution.com/2024/citycar-html/images/banner/banner-car1.png]
[html.kodesolution.com/2024/citycar-html/images/banner/verified.png]
[html.kodesolution.com/2024/citycar-html/images/banner/bg3-shape1.png]
[html.kodesolution.com/2024/citycar-html/images/banner/bg3-shape2.png]
[html.kodesolution.com/2024/citycar-html/images/icons/bg-pricing.jpg]
[html.kodesolution.com/2024/citycar-html/images/icons/shape-3.png]
[html.kodesolution.com/2024/citycar-html/images/icons/shape-1.png]
[html.kodesolution.com/2024/citycar-html/images/icons/icon-car-7.png]
[html.kodesolution.com/2024/citycar-html/images/icons/icon-car-8.png]
[html.kodesolution.com/2024/citycar-html/images/icons/icon-star.png]
[html.kodesolution.com/2024/citycar-html/images/icons/icon-star-2.png]
[html.kodesolution.com/2024/citycar-html/images/icons/icon-star-3.png]
[html.kodesolution.com/2024/citycar-html/images/background/bg-services5.png]
[html.kodesolution.com/2024/citycar-html/images/background/bg-features1.jpg]
[html.kodesolution.com/2024/citycar-html/images/icons/shape-2.png]
[html.kodesolution.com/2024/citycar-html/images/icons/icon-line.png]
[html.kodesolution.com/2024/citycar-html/images/background/bg-testi1.png]
[html.kodesolution.com/2024/citycar-html/images/resource/man1.png]
[html.kodesolution.com/2024/citycar-html/images/icons/icon-map-2.png]
[html.kodesolution.com/2024/citycar-html/images/icons/shape-4.png]
[html.kodesolution.com/2024/citycar-html/images/icons/shape-6.png]
[html.kodesolution.com/2024/citycar-html/images/icons/shape-5.png]
[html.kodesolution.com/2024/citycar-html/images/resource/man3.png]
[html.kodesolution.com/2024/citycar-html/images/resource/image-1.jpg]
[html.kodesolution.com/2024/citycar-html/images/icons/pattern-7.png]
[html.kodesolution.com/2024/citycar-html/images/icons/pattern-3.png]
[html.kodesolution.com/2024/citycar-html/images/icons/cat-1-bg.png]
[html.kodesolution.com/2024/citycar-html/images/icons/cat-2-bg.png]
[html.kodesolution.com/2024/citycar-html/images/icons/cat-3-bg.png]
[html.kodesolution.com/2024/citycar-html/images/icons/cat-4-bg.png]
[html.kodesolution.com/2024/citycar-html/images/icons/pattern-8.png]
[html.kodesolution.com/2024/citycar-html/images/icons/shape-7.png]
[html.kodesolution.com/2024/citycar-html/css/style.css]
[html.kodesolution.com/2024/citycar-html/images/banner/bg2.jpg]
[html.kodesolution.com/2024/citycar-html/images/resource/man2.png]
[html.kodesolution.com/2024/citycar-html/images/resource/features1-1.jpg]
[html.kodesolution.com/2024/citycar-html/images/resource/features1-2.jpg]
[html.kodesolution.com/2024/citycar-html/images/resource/features1-3.jpg]
[html.kodesolution.com/2024/citycar-html/images/resource/benefit2-1.png]
[html.kodesolution.com/2024/citycar-html/images/background/bg-video2.jpg]
[html.kodesolution.com/2024/citycar-html/images/resource/car1-1.png]
[html.kodesolution.com/2024/citycar-html/images/background/bg-faq1.jpg]
[html.kodesolution.com/2024/citycar-html/images/background/bg-form1.png]
[html.kodesolution.com/2024/citycar-html/images/resource/news5-1.jpg]
[html.kodesolution.com/2024/citycar-html/images/clients/1.png]
[html.kodesolution.com/2024/citycar-html/images/clients/2.png]
[html.kodesolution.com/2024/citycar-html/images/clients/3.png]
[html.kodesolution.com/2024/citycar-html/images/clients/4.png]
[html.kodesolution.com/2024/citycar-html/images/clients/5.png]
[html.kodesolution.com/2024/citycar-html/images/clients/6.png]
[html.kodesolution.com/2024/citycar-html/index-2.html]
[html.kodesolution.com/2024/citycar-html/images/logo-3.png]
[html.kodesolution.com/2024/citycar-html/images/banner/bg3.jpg]
[html.kodesolution.com/2024/citycar-html/images/resource/faq1-2.png]
[html.kodesolution.com/2024/citycar-html/images/resource/benefit3-1.png]
[html.kodesolution.com/2024/citycar-html/images/resource/service6-1.jpg]
[html.kodesolution.com/2024/citycar-html/images/resource/service6-2.jpg]
[html.kodesolution.com/2024/citycar-html/images/resource/service6-3.jpg]
[html.kodesolution.com/2024/citycar-html/images/resource/service6-4.jpg]
[html.kodesolution.com/2024/citycar-html/images/background/bg-funfact1.jpg]
[html.kodesolution.com/2024/citycar-html/images/resource/testi3-1.png]
[html.kodesolution.com/2024/citycar-html/images/resource/testi3-2.png]
[html.kodesolution.com/2024/citycar-html/images/resource/testi3-3.png]
[html.kodesolution.com/2024/citycar-html/images/resource/team2-1.jpg]
[html.kodesolution.com/2024/citycar-html/images/resource/team2-2.jpg]
[html.kodesolution.com/2024/citycar-html/images/resource/team2-3.jpg]
[html.kodesolution.com/2024/citycar-html/images/resource/team2-4.jpg]
[html.kodesolution.com/2024/citycar-html/images/resource/team2-5.jpg]
[html.kodesolution.com/2024/citycar-html/images/resource/man4.png]
[html.kodesolution.com/2024/citycar-html/images/resource/gallery-thumb-1.jpg]
[html.kodesolution.com/2024/citycar-html/images/resource/gallery-thumb-2.jpg]
[html.kodesolution.com/2024/citycar-html/images/resource/gallery-thumb-3.jpg]
[html.kodesolution.com/2024/citycar-html/images/resource/gallery-thumb-4.jpg]
[html.kodesolution.com/2024/citycar-html/images/resource/gallery-thumb-5.jpg]
[html.kodesolution.com/2024/citycar-html/images/resource/gallery-thumb-6.jpg]
[html.kodesolution.com/2024/citycar-html/index-3.html]
[html.kodesolution.com/2024/citycar-html/js/swiper.min.js]
[html.kodesolution.com/2024/citycar-html/images/background/page-title.png]
[html.kodesolution.com/2024/citycar-html/images/resource/testi1-1.jpg]
[html.kodesolution.com/2024/citycar-html/images/resource/team1-1.jpg]
[html.kodesolution.com/2024/citycar-html/images/resource/team1-2.jpg]
[html.kodesolution.com/2024/citycar-html/images/resource/team1-3.jpg]
[html.kodesolution.com/2024/citycar-html/images/background/4.jpg]
[html.kodesolution.com/2024/citycar-html/images/icons/google-play.png]
[html.kodesolution.com/2024/citycar-html/images/icons/app-store.png]
[html.kodesolution.com/2024/citycar-html/images/resource/news1-1.jpg]
[html.kodesolution.com/2024/citycar-html/images/resource/news1-thumb1.jpg]
[html.kodesolution.com/2024/citycar-html/images/resource/news1-2.jpg]
[html.kodesolution.com/2024/citycar-html/images/resource/news1-3.jpg]
[html.kodesolution.com/2024/citycar-html/js/jquery.validate.min.js]
[html.kodesolution.com/2024/citycar-html/page-about.html]
[html.kodesolution.com/2024/citycar-html/page-booking.html]
[html.kodesolution.com/2024/citycar-html/js/jquery.form.min.js]
[html.kodesolution.com/2024/citycar-html/images/resource/pricing1-1.jpg]
[html.kodesolution.com/2024/citycar-html/images/resource/pricing1-2.jpg]
[html.kodesolution.com/2024/citycar-html/images/resource/pricing1-3.jpg]
[html.kodesolution.com/2024/citycar-html/images/background/5.jpg]
[html.kodesolution.com/2024/citycar-html/images/resource/app3-3.png]
[html.kodesolution.com/2024/citycar-html/images/resource/news2-1.jpg]
[html.kodesolution.com/2024/citycar-html/images/resource/news2-2.jpg]
[html.kodesolution.com/2024/citycar-html/images/resource/news2-3.jpg]
[html.kodesolution.com/2024/citycar-html/page-taxi.html]
[html.kodesolution.com/2024/citycar-html/images/resource/team1-4.jpg]
[html.kodesolution.com/2024/citycar-html/images/resource/team1-5.jpg]
[html.kodesolution.com/2024/citycar-html/images/resource/team1-6.jpg]
[html.kodesolution.com/2024/citycar-html/page-team.html]
[html.kodesolution.com/2024/citycar-html/images/resource/team-details.jpg]
[html.kodesolution.com/2024/citycar-html/page-team-details.html]
[html.kodesolution.com/2024/citycar-html/images/resource/testi2-1.jpg]
[html.kodesolution.com/2024/citycar-html/images/resource/testi2-2.jpg]
[html.kodesolution.com/2024/citycar-html/page-testimonial.html]
[html.kodesolution.com/2024/citycar-html/page-pricing.html]
[html.kodesolution.com/2024/citycar-html/page-faq.html]
[html.kodesolution.com/2024/citycar-html/js/jquery-ui.js]
[html.kodesolution.com/2024/citycar-html/images/resource/404.jpg]
[html.kodesolution.com/2024/citycar-html/page-404.html]
[html.kodesolution.com/2024/citycar-html/images/resource/service3-1.jpg]
[html.kodesolution.com/2024/citycar-html/images/resource/service3-2.jpg]
[html.kodesolution.com/2024/citycar-html/images/resource/service3-3.jpg]
[html.kodesolution.com/2024/citycar-html/page-services.html]
[html.kodesolution.com/2024/citycar-html/images/resource/service-details.jpg]
[html.kodesolution.com/2024/citycar-html/images/resource/service-d1.jpg]
[html.kodesolution.com/2024/citycar-html/images/resource/service-d2.jpg]
[html.kodesolution.com/2024/citycar-html/page-service-details.html]
[html.kodesolution.com/2024/citycar-html/images/resource/products/1.jpg]
[html.kodesolution.com/2024/citycar-html/images/resource/products/2.jpg]
[html.kodesolution.com/2024/citycar-html/images/resource/products/3.jpg]
[html.kodesolution.com/2024/citycar-html/images/resource/products/4.jpg]
[html.kodesolution.com/2024/citycar-html/images/resource/products/5.jpg]
[html.kodesolution.com/2024/citycar-html/images/resource/products/6.jpg]
[html.kodesolution.com/2024/citycar-html/images/resource/products/7.jpg]
[html.kodesolution.com/2024/citycar-html/images/resource/products/8.jpg]
[html.kodesolution.com/2024/citycar-html/shop-products.html]
[html.kodesolution.com/2024/citycar-html/js/mixitup.js]
[html.kodesolution.com/2024/citycar-html/shop-details.html]
[html.kodesolution.com/2024/citycar-html/images/resource/products/thumb-1.jpg]
[html.kodesolution.com/2024/citycar-html/images/resource/products/thumb-2.jpg]
[html.kodesolution.com/2024/citycar-html/images/resource/products/thumb-3.jpg]
[html.kodesolution.com/2024/citycar-html/shop-products-sidebar.html]
[html.kodesolution.com/2024/citycar-html/images/resource/products/product-details.jpg]
[html.kodesolution.com/2024/citycar-html/images/resource/products/product-details2.jpg]
[html.kodesolution.com/2024/citycar-html/images/resource/products/product-details3.jpg]
[html.kodesolution.com/2024/citycar-html/images/resource/testi-2.jpg]
[html.kodesolution.com/2024/citycar-html/images/resource/testi-1.jpg]
[html.kodesolution.com/2024/citycar-html/shop-product-details.html]
[html.kodesolution.com/2024/citycar-html/shop-cart.html]
[html.kodesolution.com/2024/citycar-html/js/bxslider.js]
[html.kodesolution.com/2024/citycar-html/js/jquery.countdown.js]
[html.kodesolution.com/2024/citycar-html/shop-checkout.html]
[html.kodesolution.com/2024/citycar-html/news-grid.html]
[html.kodesolution.com/2024/citycar-html/images/resource/news-details.jpg]
[html.kodesolution.com/2024/citycar-html/images/resource/testi-2.png]
[html.kodesolution.com/2024/citycar-html/images/resource/testi-1.png]
[html.kodesolution.com/2024/citycar-html/images/resource/news-1.jpg]
[html.kodesolution.com/2024/citycar-html/images/resource/news-2.jpg]
[html.kodesolution.com/2024/citycar-html/images/resource/news-3.jpg]
[html.kodesolution.com/2024/citycar-html/news-details.html]
[html.kodesolution.com/2024/citycar-html/page-contact.html]
[html.kodesolution.com/2024/citycar-html/css/animate.css]
[html.kodesolution.com/2024/citycar-html/css/owl.video.play.png]
[html.kodesolution.com/2024/citycar-html/css/owl.css]
[html.kodesolution.com/2024/citycar-html/css/swiper.min.css]
[html.kodesolution.com/2024/citycar-html/css/jquery.fancybox.min.css]
[html.kodesolution.com/2024/citycar-html/fonts/linearicons-free8429.eot]
[html.kodesolution.com/2024/citycar-html/fonts/linearicons-free8429.ttf]
[html.kodesolution.com/2024/citycar-html/fonts/linearicons-free8429.woff]
[html.kodesolution.com/2024/citycar-html/css/linear.css]
[html.kodesolution.com/2024/citycar-html/css/select2.min.css]
[html.kodesolution.com/2024/citycar-html/css/aos.css]
[html.kodesolution.com/2024/citycar-html/css/odometer-theme-default.css]
[html.kodesolution.com/2024/citycar-html/fonts/linearicons-free8429.svg]
[html.kodesolution.com/2024/citycar-html/fonts/fa-brands-400.woff2]
[html.kodesolution.com/2024/citycar-html/fonts/fa-brands-400.woff]
[html.kodesolution.com/2024/citycar-html/fonts/fa-brands-400.ttf]
[html.kodesolution.com/2024/citycar-html/fonts/fa-duotone-900.woff2]
[html.kodesolution.com/2024/citycar-html/fonts/fa-duotone-900.woff]
[html.kodesolution.com/2024/citycar-html/fonts/fa-duotone-900.ttf]
[html.kodesolution.com/2024/citycar-html/fonts/fa-light-300.woff2]
[html.kodesolution.com/2024/citycar-html/fonts/fa-light-300.woff]
[html.kodesolution.com/2024/citycar-html/fonts/fa-light-300.ttf]
[html.kodesolution.com/2024/citycar-html/fonts/fa-regular-400.woff2]
[html.kodesolution.com/2024/citycar-html/fonts/fa-regular-400.woff]
[html.kodesolution.com/2024/citycar-html/fonts/fa-regular-400.ttf]
[html.kodesolution.com/2024/citycar-html/fonts/fa-solid-900.woff2]
[html.kodesolution.com/2024/citycar-html/fonts/fa-solid-900.woff]
[html.kodesolution.com/2024/citycar-html/fonts/fa-solid-900.ttf]
[html.kodesolution.com/2024/citycar-html/fonts/fa-thin-100.woff2]
[html.kodesolution.com/2024/citycar-html/fonts/fa-thin-100.woff]
[html.kodesolution.com/2024/citycar-html/css/fontawesome.css]
[html.kodesolution.com/2024/citycar-html/fonts/fa-thin-100.ttf]
[html.kodesolution.com/2024/citycar-html/fonts/flaticon_taxicaa5.woff2]
[html.kodesolution.com/2024/citycar-html/fonts/flaticon_taxicaa5.woff]
[html.kodesolution.com/2024/citycar-html/fonts/flaticon_taxicaa5.eot]
[html.kodesolution.com/2024/citycar-html/fonts/flaticon_taxicaa5.ttf]
[html.kodesolution.com/2024/citycar-html/css/flaticon_taxi.css]
[html.kodesolution.com/2024/citycar-html/css/tm-bs-mp.css]
[html.kodesolution.com/2024/citycar-html/css/tm-utility-classes.css]
[html.kodesolution.com/2024/citycar-html/images/icons/pattern-7.html]
[html.kodesolution.com/2024/citycar-html/images/icons/pattern-3.html]
[html.kodesolution.com/2024/citycar-html/images/icons/cat-1-bg.html]
[html.kodesolution.com/2024/citycar-html/images/icons/cat-2-bg.html]
[html.kodesolution.com/2024/citycar-html/images/icons/cat-3-bg.html]
[html.kodesolution.com/2024/citycar-html/images/icons/cat-4-bg.html]
[html.kodesolution.com/2024/citycar-html/images/icons/pattern-8.html]
[html.kodesolution.com/2024/citycar-html/images/icons/shape-7.html]
[html.kodesolution.com/2024/citycar-html/shop-details.html]
[html.kodesolution.com/2024/citycar-html/js/jquery.countdown.html]
[html.kodesolution.com/2024/citycar-html/css/owl.video.play.html]
[html.kodesolution.com/2024/citycar-html/fonts/linearicons-free8429.svg]
[html.kodesolution.com/2024/citycar-html/fonts/flaticon_taxicaa5.svg]
[html.kodesolution.com/2024/citycar-html/fonts/flaticon_taxicaa5.svg]
