[jobko.vercel.app/jobko/index.html]
[backblue.gif]
[fade.gif]
[index.html]
[jobko.vercel.app/jobko/fonts/fonts.css]
[jobko.vercel.app/jobko/fonts/font-icons.css]
[jobko.vercel.app/jobko/css/bootstrap.min.css]
[jobko.vercel.app/jobko/css/nouislider.min.css]
[jobko.vercel.app/jobko/css/swiper-bundle.min.css]
[jobko.vercel.app/jobko/css/styles.css]
[jobko.vercel.app/jobko/_manifest.json]
[jobko.vercel.app/jobko/images/logo/168.png]
[jobko.vercel.app/jobko/setup-profile.html]
[jobko.vercel.app/jobko/images/avt/avt-1.jpg]
[jobko.vercel.app/jobko/images/icon/hello.png]
[jobko.vercel.app/jobko/search-result.html]
[jobko.vercel.app/jobko/job-detail.html]
[jobko.vercel.app/jobko/images/banner/banner-1.png]
[jobko.vercel.app/jobko/all-job.html]
[jobko.vercel.app/jobko/images/category/company.png]
[jobko.vercel.app/jobko/images/category/pull-time.png]
[jobko.vercel.app/jobko/images/category/part-time.png]
[jobko.vercel.app/jobko/images/category/freelancer.png]
[jobko.vercel.app/jobko/images/jobs/google.png]
[jobko.vercel.app/jobko/images/jobs/microsoft.png]
[jobko.vercel.app/jobko/images/jobs/apple.png]
[jobko.vercel.app/jobko/images/jobs/amplitude.png]
[jobko.vercel.app/jobko/images/jobs/adobe.png]
[jobko.vercel.app/jobko/images/jobs/wings.png]
[jobko.vercel.app/jobko/images/jobs/airbnb.png]
[jobko.vercel.app/jobko/application.html]
[jobko.vercel.app/jobko/apply-job.html]
[jobko.vercel.app/jobko/message.html]
[jobko.vercel.app/jobko/profile.html]
[jobko.vercel.app/jobko/images/icon/google.png]
[jobko.vercel.app/jobko/images/icon/slack.png]
[jobko.vercel.app/jobko/images/icon/zapier.png]
[jobko.vercel.app/jobko/images/icon/treehouse.png]
[jobko.vercel.app/jobko/images/icon/microsoft.png]
[jobko.vercel.app/jobko/images/logo/logo-1.png]
[jobko.vercel.app/jobko/onboarding.html]
[jobko.vercel.app/jobko/onboarding-1.html]
[jobko.vercel.app/jobko/onboarding-2.html]
[jobko.vercel.app/jobko/sign-in.html]
[jobko.vercel.app/jobko/sign-up.html]
[jobko.vercel.app/jobko/forgot-pass.html]
[jobko.vercel.app/jobko/otp.html]
[jobko.vercel.app/jobko/new-pass.html]
[jobko.vercel.app/jobko/interest.html]
[jobko.vercel.app/jobko/confirm-new-account.html]
[jobko.vercel.app/jobko/successfully-created-acount.html]
[jobko.vercel.app/jobko/successfully-applied.html]
[jobko.vercel.app/jobko/search-job.html]
[jobko.vercel.app/jobko/job-details-tracking.html]
[jobko.vercel.app/jobko/empty-notification.html]
[jobko.vercel.app/jobko/message-inbox.html]
[jobko.vercel.app/jobko/group-message.html]
[jobko.vercel.app/jobko/skill-view.html]
[jobko.vercel.app/jobko/skill-assasment.html]
[jobko.vercel.app/jobko/work-experience.html]
[jobko.vercel.app/jobko/education.html]
[jobko.vercel.app/jobko/awards.html]
[jobko.vercel.app/jobko/text-success.html]
[jobko.vercel.app/jobko/ui-alert.html]
[jobko.vercel.app/jobko/ui-avatar.html]
[jobko.vercel.app/jobko/ui-button.html]
[jobko.vercel.app/jobko/ui-radio.html]
[jobko.vercel.app/jobko/ui-input.html]
[jobko.vercel.app/jobko/ui-badge.html]
[jobko.vercel.app/jobko/ui-dropdown.html]
[jobko.vercel.app/jobko/ui-modal.html]
[jobko.vercel.app/jobko/ui-progressbar.html]
[jobko.vercel.app/jobko/ui-typography.html]
[jobko.vercel.app/jobko/ui-switch.html]
[jobko.vercel.app/jobko/ui-stepper.html]
[jobko.vercel.app/jobko/ui-spinner.html]
[jobko.vercel.app/jobko/ui-rangle-slider.html]
[jobko.vercel.app/jobko/ui-language.html]
[jobko.vercel.app/jobko/js/bootstrap.min.js]
[jobko.vercel.app/jobko/js/jquery.min.js]
[jobko.vercel.app/jobko/js/lazysize.min.js]
[jobko.vercel.app/jobko/js/swiper-bundle.min.js]
[jobko.vercel.app/jobko/js/carousel.js]
[jobko.vercel.app/jobko/js/jquery.nice-select.min.js]
[jobko.vercel.app/jobko/js/count-down.js]
[jobko.vercel.app/jobko/js/multiple-modal.js]
[jobko.vercel.app/jobko/js/nouislider.min.js]
[jobko.vercel.app/jobko/js/rangle-slider.js]
[jobko.vercel.app/jobko/js/init.js]
[jobko.vercel.app/jobko/index.html]
[jobko.vercel.app/jobko/fonts/fonts.css]
[jobko.vercel.app/jobko/js/main.js]
[jobko.vercel.app/jobko/fonts/icomoon031b.eot]
[jobko.vercel.app/jobko/fonts/icomoon031b.ttf]
[jobko.vercel.app/jobko/fonts/icomoon031b.woff]
[jobko.vercel.app/jobko/fonts/font-icons.css]
[jobko.vercel.app/jobko/css/bootstrap.min.css]
[jobko.vercel.app/jobko/css/nouislider.min.css]
[jobko.vercel.app/jobko/css/swiper-bundle.min.css]
[jobko.vercel.app/jobko/css/styles.css]
[jobko.vercel.app/jobko/fonts/icomoon031b.svg]
[jobko.vercel.app/jobko/css/jqueryui.min.css]
[jobko.vercel.app/jobko/setup-profile.html]
[jobko.vercel.app/jobko/js/jqueryui.min.js]
[jobko.vercel.app/jobko/images/icon/mailchimp.png]
[jobko.vercel.app/jobko/images/icon/evernote.png]
[jobko.vercel.app/jobko/search-result.html]
[jobko.vercel.app/jobko/images/icon/web.svg]
[jobko.vercel.app/jobko/images/icon/calendar.svg]
[jobko.vercel.app/jobko/images/icon/people.svg]
[jobko.vercel.app/jobko/images/icon/wallet.svg]
[jobko.vercel.app/jobko/images/avt/avt-2.png]
[jobko.vercel.app/jobko/images/avt/avt-3.png]
[jobko.vercel.app/jobko/images/avt/avt-4.png]
[jobko.vercel.app/jobko/job-detail.html]
[jobko.vercel.app/jobko/all-job.html]
[jobko.vercel.app/jobko/application.html]
[jobko.vercel.app/jobko/apply-job.html]
[jobko.vercel.app/jobko/js/countto.js]
[jobko.vercel.app/jobko/images/avt/avt-2.jpg]
[jobko.vercel.app/jobko/images/avt/avt-3.jpg]
[jobko.vercel.app/jobko/images/avt/avt-4.jpg]
[jobko.vercel.app/jobko/images/avt/avt-5.jpg]
[jobko.vercel.app/jobko/images/avt/avt-6.jpg]
[jobko.vercel.app/jobko/images/avt/avt-7.jpg]
[jobko.vercel.app/jobko/images/icon/emoji.png]
[jobko.vercel.app/jobko/images/avt/avt-8.jpg]
[jobko.vercel.app/jobko/images/blog/blog1.jpg]
[jobko.vercel.app/jobko/images/blog/blog2.jpg]
[jobko.vercel.app/jobko/images/blog/blog3.jpg]
[jobko.vercel.app/jobko/message.html]
[jobko.vercel.app/jobko/profile.html]
[jobko.vercel.app/jobko/personal-information.html]
[jobko.vercel.app/jobko/images/logo/logo-dark2.png]
[jobko.vercel.app/jobko/images/banner/boarding3.png]
[jobko.vercel.app/jobko/images/banner/boarding2.png]
[jobko.vercel.app/jobko/images/banner/boarding1.png]
[jobko.vercel.app/jobko/onboarding.html]
[jobko.vercel.app/jobko/onboarding-1.html]
[jobko.vercel.app/jobko/onboarding-2.html]
[jobko.vercel.app/jobko/images/logo/logo-light.png]
[jobko.vercel.app/jobko/images/logo/fb.png]
[jobko.vercel.app/jobko/images/logo/google.png]
[jobko.vercel.app/jobko/sign-in.html]
[jobko.vercel.app/jobko/sign-up.html]
[jobko.vercel.app/jobko/forgot-pass.html]
[jobko.vercel.app/jobko/otp.html]
[jobko.vercel.app/jobko/new-pass.html]
[jobko.vercel.app/jobko/interest.html]
[jobko.vercel.app/jobko/confirm-new-account.html]
[jobko.vercel.app/jobko/images/icon/success.png]
[jobko.vercel.app/jobko/successfully-created-acount.html]
[jobko.vercel.app/jobko/successfully-applied.html]
[jobko.vercel.app/jobko/search-job.html]
[jobko.vercel.app/jobko/job-details-tracking.html]
[jobko.vercel.app/jobko/images/banner/noti-Illustration.png]
[jobko.vercel.app/jobko/empty-notification.html]
[jobko.vercel.app/jobko/images/avt/avt-9.png]
[jobko.vercel.app/jobko/message-inbox.html]
[jobko.vercel.app/jobko/images/avt/avt-10.png]
[jobko.vercel.app/jobko/group-message.html]
[jobko.vercel.app/jobko/images/banner/Illustration.png]
[jobko.vercel.app/jobko/skill-view.html]
[jobko.vercel.app/jobko/skill-assasment.html]
[jobko.vercel.app/jobko/work-experience.html]
[jobko.vercel.app/jobko/education.html]
[jobko.vercel.app/jobko/awards.html]
[jobko.vercel.app/jobko/text-success.html]
[jobko.vercel.app/jobko/ui-alert.html]
[jobko.vercel.app/jobko/ui-avatar.html]
[jobko.vercel.app/jobko/ui-button.html]
[jobko.vercel.app/jobko/ui-radio.html]
[jobko.vercel.app/jobko/ui-input.html]
[jobko.vercel.app/jobko/ui-badge.html]
[jobko.vercel.app/jobko/ui-dropdown.html]
[jobko.vercel.app/jobko/ui-modal.html]
[jobko.vercel.app/jobko/ui-progressbar.html]
[jobko.vercel.app/jobko/ui-typography.html]
[jobko.vercel.app/jobko/ui-switch.html]
[jobko.vercel.app/jobko/skill-assasment-2.html]
[jobko.vercel.app/jobko/ui-stepper.html]
[jobko.vercel.app/jobko/ui-spinner.html]
[jobko.vercel.app/jobko/ui-rangle-slider.html]
[jobko.vercel.app/jobko/ui-language.html]
[jobko.vercel.app/jobko/fonts/icomoon031b.svg]
[jobko.vercel.app/jobko/js/bootstrap-touchspin.min.js]
[jobko.vercel.app/jobko/images/ui-icons.png]
[jobko.vercel.app/jobko/css/jqueryui.min.css]
[jobko.vercel.app/jobko/images/icon/web.svg]
[jobko.vercel.app/jobko/images/icon/location.svg]
[jobko.vercel.app/jobko/images/icon/calendar.svg]
[jobko.vercel.app/jobko/images/icon/people.svg]
[jobko.vercel.app/jobko/images/icon/wallet.svg]
[jobko.vercel.app/jobko/personal-information.html]
[jobko.vercel.app/jobko/skill-assasment-2.html]
[jobko.vercel.app/jobko/css/bootstrap-touchspin.min.css]
[jobko.vercel.app/jobko/skill-assasment-3.html]
[jobko.vercel.app/jobko/skill-assasment-3.html]
