[html.narzotech.com/zenis/index.html]
[backblue.gif]
[fade.gif]
[index.html]
[html.narzotech.com/zenis/assets/images/favicon.png]
[html.narzotech.com/zenis/assets/css/all.min.css]
[html.narzotech.com/zenis/assets/css/bootstrap.min.css]
[html.narzotech.com/zenis/assets/css/animate.css]
[html.narzotech.com/zenis/assets/css/mobile_menu.css]
[html.narzotech.com/zenis/assets/css/nice-select.css]
[html.narzotech.com/zenis/assets/css/scroll_button.css]
[html.narzotech.com/zenis/assets/css/slick.css]
[html.narzotech.com/zenis/assets/css/venobox.min.css]
[html.narzotech.com/zenis/assets/css/select2.min.css]
[html.narzotech.com/zenis/assets/css/jquery.pwstabs.css]
[html.narzotech.com/zenis/assets/css/range_slider.css]
[html.narzotech.com/zenis/assets/css/multiple-image-video.css]
[html.narzotech.com/zenis/assets/css/animated_barfiller.css]
[html.narzotech.com/zenis/assets/css/custom_spacing.css]
[html.narzotech.com/zenis/assets/css/style.css]
[html.narzotech.com/zenis/assets/css/responsive.css]
[html.narzotech.com/zenis/assets/images/logo_2.png]
[html.narzotech.com/zenis/assets/images/bar_icon_white.svg]
[html.narzotech.com/zenis/shop.html]
[html.narzotech.com/zenis/assets/images/category_list_icon_1.png]
[html.narzotech.com/zenis/assets/images/category_list_icon_2.png]
[html.narzotech.com/zenis/assets/images/category_list_icon_3.png]
[html.narzotech.com/zenis/assets/images/category_list_icon_4.png]
[html.narzotech.com/zenis/assets/images/category_list_icon_5.png]
[html.narzotech.com/zenis/assets/images/category_list_icon_6.png]
[html.narzotech.com/zenis/assets/images/category_list_icon_7.png]
[html.narzotech.com/zenis/assets/images/category_list_icon_8.png]
[html.narzotech.com/zenis/category.html]
[html.narzotech.com/zenis/home_fashion_2.html]
[html.narzotech.com/zenis/home_grocery.html]
[html.narzotech.com/zenis/home_beauty.html]
[html.narzotech.com/zenis/home_gadgets.html]
[html.narzotech.com/zenis/shop_details.html]
[html.narzotech.com/zenis/vendor.html]
[html.narzotech.com/zenis/vendor_details.html]
[html.narzotech.com/zenis/vendor_registration.html]
[html.narzotech.com/zenis/flash_deals.html]
[html.narzotech.com/zenis/about_us.html]
[html.narzotech.com/zenis/brand.html]
[html.narzotech.com/zenis/cart.html]
[html.narzotech.com/zenis/wishlist.html]
[html.narzotech.com/zenis/compare.html]
[html.narzotech.com/zenis/checkout.html]
[html.narzotech.com/zenis/payment_success.html]
[html.narzotech.com/zenis/payment_cancel.html]
[html.narzotech.com/zenis/track_order.html]
[html.narzotech.com/zenis/error.html]
[html.narzotech.com/zenis/faq.html]
[html.narzotech.com/zenis/privacy_policy.html]
[html.narzotech.com/zenis/terms_condition.html]
[html.narzotech.com/zenis/return_policy.html]
[html.narzotech.com/zenis/sign_in.html]
[html.narzotech.com/zenis/sign_up.html]
[html.narzotech.com/zenis/forgot_password.html]
[html.narzotech.com/zenis/dashboard.html]
[html.narzotech.com/zenis/blog_classic.html]
[html.narzotech.com/zenis/blog_right_sidebar.html]
[html.narzotech.com/zenis/blog_left_sidebar.html]
[html.narzotech.com/zenis/blog_details.html]
[html.narzotech.com/zenis/contact_us.html]
[html.narzotech.com/zenis/assets/images/compare_black.svg]
[html.narzotech.com/zenis/assets/images/love_black.svg]
[html.narzotech.com/zenis/assets/images/cart_black.svg]
[html.narzotech.com/zenis/assets/images/user_icon_black.svg]
[html.narzotech.com/zenis/dashboard_profile.html]
[html.narzotech.com/zenis/dashboard_order.html]
[html.narzotech.com/zenis/dashboard_wishlist.html]
[html.narzotech.com/zenis/assets/images/product_1.png]
[html.narzotech.com/zenis/assets/images/product_2.png]
[html.narzotech.com/zenis/assets/images/product_3.png]
[html.narzotech.com/zenis/assets/images/product_4.png]
[html.narzotech.com/zenis/assets/images/product_5.png]
[html.narzotech.com/zenis/assets/images/slider_1.jpg]
[html.narzotech.com/zenis/assets/images/slider_2.jpg]
[html.narzotech.com/zenis/assets/images/slider_3.jpg]
[html.narzotech.com/zenis/assets/images/banner_3_add_bg_1.jpg]
[html.narzotech.com/zenis/assets/images/feature-icon_1.svg]
[html.narzotech.com/zenis/assets/images/feature-icon_3.svg]
[html.narzotech.com/zenis/assets/images/feature-icon_2.svg]
[html.narzotech.com/zenis/assets/images/feature-icon_4.svg]
[html.narzotech.com/zenis/assets/images/compare_icon_white.svg]
[html.narzotech.com/zenis/assets/images/love_icon_white.svg]
[html.narzotech.com/zenis/assets/images/cart_icon_white.svg]
[html.narzotech.com/zenis/assets/images/product_24.png]
[html.narzotech.com/zenis/assets/images/product_26.png]
[html.narzotech.com/zenis/assets/images/product_8.png]
[html.narzotech.com/zenis/assets/images/product_19.png]
[html.narzotech.com/zenis/assets/images/category_img_2.png]
[html.narzotech.com/zenis/assets/images/category_img_3.png]
[html.narzotech.com/zenis/assets/images/category_img_1.png]
[html.narzotech.com/zenis/assets/images/category_img_4.png]
[html.narzotech.com/zenis/assets/images/category_img_5.png]
[html.narzotech.com/zenis/assets/images/category_img_6.png]
[html.narzotech.com/zenis/assets/images/category_img_7.png]
[html.narzotech.com/zenis/assets/images/home2_special_banner.jpg]
[html.narzotech.com/zenis/assets/images/product_30.png]
[html.narzotech.com/zenis/assets/images/product_27.png]
[html.narzotech.com/zenis/assets/images/product_28.png]
[html.narzotech.com/zenis/assets/images/product_29.png]
[html.narzotech.com/zenis/assets/images/product_7.png]
[html.narzotech.com/zenis/assets/images/product_9.png]
[html.narzotech.com/zenis/assets/images/product_10.png]
[html.narzotech.com/zenis/assets/images/product_11.png]
[html.narzotech.com/zenis/assets/images/product_17.png]
[html.narzotech.com/zenis/assets/images/product_12.png]
[html.narzotech.com/zenis/assets/images/product_13.png]
[html.narzotech.com/zenis/assets/images/product_14.png]
[html.narzotech.com/zenis/assets/images/product_16.png]
[html.narzotech.com/zenis/assets/images/product_15.png]
[html.narzotech.com/zenis/assets/images/product_6.png]
[html.narzotech.com/zenis/assets/images/product_18.png]
[html.narzotech.com/zenis/assets/images/product_20.png]
[html.narzotech.com/zenis/assets/images/product_21.png]
[html.narzotech.com/zenis/assets/images/product_22.png]
[html.narzotech.com/zenis/assets/images/product_23.png]
[html.narzotech.com/zenis/assets/images/product_25.png]
[html.narzotech.com/zenis/assets/images/best_sell_pro_img_1.jpg]
[html.narzotech.com/zenis/assets/images/best_sell_pro_img_2.jpg]
[html.narzotech.com/zenis/assets/images/best_sell_pro_img_3.jpg]
[html.narzotech.com/zenis/assets/images/best_sell_pro_img_4.jpg]
[html.narzotech.com/zenis/assets/images/favourite_pro_2_banner_img.png]
[html.narzotech.com/zenis/assets/images/brand1.png]
[html.narzotech.com/zenis/assets/images/brand2.png]
[html.narzotech.com/zenis/assets/images/brand3.png]
[html.narzotech.com/zenis/assets/images/brand4.png]
[html.narzotech.com/zenis/assets/images/brand5.png]
[html.narzotech.com/zenis/assets/images/brand6.png]
[html.narzotech.com/zenis/assets/images/brand7.png]
[html.narzotech.com/zenis/assets/images/brand8.png]
[html.narzotech.com/zenis/assets/images/brand9.png]
[html.narzotech.com/zenis/assets/images/brand10.png]
[html.narzotech.com/zenis/assets/images/blog_img_1.png]
[html.narzotech.com/zenis/assets/images/calender.png]
[html.narzotech.com/zenis/assets/images/blog_img_2.png]
[html.narzotech.com/zenis/assets/images/blog_img_3.png]
[html.narzotech.com/zenis/assets/images/blog_img_4.png]
[html.narzotech.com/zenis/assets/images/subscribe_2_bg.jpg]
[html.narzotech.com/zenis/assets/images/footer_2_bg_2.jpg]
[html.narzotech.com/zenis/assets/images/footer_logo_2.png]
[html.narzotech.com/zenis/assets/images/location_icon_white.png]
[html.narzotech.com/zenis/assets/images/phone_icon_white.png]
[html.narzotech.com/zenis/assets/images/mail_icon_white.png]
[html.narzotech.com/zenis/assets/images/footer_payment_icon_1.jpg]
[html.narzotech.com/zenis/assets/images/footer_payment_icon_2.jpg]
[html.narzotech.com/zenis/assets/images/footer_payment_icon_3.jpg]
[html.narzotech.com/zenis/assets/js/jquery-3.7.1.min.js]
[html.narzotech.com/zenis/assets/js/bootstrap.bundle.min.js]
[html.narzotech.com/zenis/assets/js/Font-Awesome.js]
[html.narzotech.com/zenis/assets/js/jquery.waypoints.min.js]
[html.narzotech.com/zenis/assets/js/jquery.countup.min.js]
[html.narzotech.com/zenis/assets/js/jquery.nice-select.min.js]
[html.narzotech.com/zenis/assets/js/select2.min.js]
[html.narzotech.com/zenis/assets/js/simplyCountdown.js]
[html.narzotech.com/zenis/assets/js/slick.min.js]
[html.narzotech.com/zenis/assets/js/venobox.min.js]
[html.narzotech.com/zenis/assets/js/wow.min.js]
[html.narzotech.com/zenis/assets/js/jquery.marquee.min.js]
[html.narzotech.com/zenis/assets/js/jquery.pwstabs.min.js]
[html.narzotech.com/zenis/assets/js/scroll_button.js]
[html.narzotech.com/zenis/assets/js/jquery.youtube-background.min.js]
[html.narzotech.com/zenis/assets/js/range_slider.js]
[html.narzotech.com/zenis/assets/js/sticky_sidebar.js]
[html.narzotech.com/zenis/assets/js/multiple-image-video.js]
[html.narzotech.com/zenis/assets/js/animated_barfiller.js]
[html.narzotech.com/zenis/assets/js/custom.js]
[html.narzotech.com/zenis/index.html]
[html.narzotech.com/zenis/assets/webfonts/fa-brands-400.eot]
[html.narzotech.com/zenis/assets/webfonts/fa-brands-400d41d.eot]
[html.narzotech.com/zenis/assets/webfonts/fa-brands-400.woff2]
[html.narzotech.com/zenis/assets/webfonts/fa-brands-400.woff]
[html.narzotech.com/zenis/assets/webfonts/fa-brands-400.ttf]
[html.narzotech.com/zenis/assets/webfonts/fa-brands-400.svg]
[html.narzotech.com/zenis/assets/webfonts/fa-regular-400.eot]
[html.narzotech.com/zenis/assets/webfonts/fa-regular-400d41d.eot]
[html.narzotech.com/zenis/assets/webfonts/fa-regular-400.woff2]
[html.narzotech.com/zenis/assets/webfonts/fa-regular-400.woff]
[html.narzotech.com/zenis/assets/webfonts/fa-regular-400.ttf]
[html.narzotech.com/zenis/assets/webfonts/fa-regular-400.svg]
[html.narzotech.com/zenis/assets/webfonts/fa-solid-900.eot]
[html.narzotech.com/zenis/assets/webfonts/fa-solid-900d41d.eot]
[html.narzotech.com/zenis/assets/webfonts/fa-solid-900.woff2]
[html.narzotech.com/zenis/assets/webfonts/fa-solid-900.woff]
[html.narzotech.com/zenis/assets/webfonts/fa-solid-900.ttf]
[html.narzotech.com/zenis/assets/css/all.min.css]
[html.narzotech.com/zenis/assets/css/bootstrap.min.css]
[html.narzotech.com/zenis/assets/css/animate.css]
[html.narzotech.com/zenis/assets/webfonts/fa-solid-900.svg]
[html.narzotech.com/zenis/assets/images/plus_icon.png]
[html.narzotech.com/zenis/assets/images/minus_icon.png]
[html.narzotech.com/zenis/assets/css/mobile_menu.css]
[html.narzotech.com/zenis/assets/css/nice-select.css]
[html.narzotech.com/zenis/assets/css/scroll_button.css]
[html.narzotech.com/zenis/assets/css/slick.css]
[html.narzotech.com/zenis/assets/css/venobox.min.css]
[html.narzotech.com/zenis/assets/css/select2.min.css]
[html.narzotech.com/zenis/assets/css/jquery.pwstabs.css]
[html.narzotech.com/zenis/assets/css/range_slider.css]
[html.narzotech.com/zenis/assets/css/multiple-image-video.css]
[html.narzotech.com/zenis/assets/css/animated_barfiller.css]
[html.narzotech.com/zenis/assets/css/custom_spacing.css]
[html.narzotech.com/zenis/assets/images/line_shapes.png]
[html.narzotech.com/zenis/assets/images/heading_shapes.png]
[html.narzotech.com/zenis/assets/images/arrow_shapes.png]
[html.narzotech.com/zenis/assets/images/arrow_icon_black.svg]
[html.narzotech.com/zenis/assets/images/farming_shapes_2.png]
[html.narzotech.com/zenis/assets/images/farming_shapes_1.png]
[html.narzotech.com/zenis/assets/images/testimonial_shapes_3.png]
[html.narzotech.com/zenis/assets/images/about_check.png]
[html.narzotech.com/zenis/assets/images/review.png]
[html.narzotech.com/zenis/assets/images/Star.png]
[html.narzotech.com/zenis/assets/images/traking_arrow_1.png]
[html.narzotech.com/zenis/assets/images/yellow_round_shapes.png]
[html.narzotech.com/zenis/assets/css/style.css]
[html.narzotech.com/zenis/assets/css/responsive.css]
[html.narzotech.com/zenis/assets/images/bar_icon_white.svg]
[html.narzotech.com/zenis/assets/images/page_banner_bg.jpg]
[html.narzotech.com/zenis/shop.html]
[html.narzotech.com/zenis/category.html]
[html.narzotech.com/zenis/assets/images/favicon2.png]
[html.narzotech.com/zenis/assets/images/logo.png]
[html.narzotech.com/zenis/assets/images/banner_bg1.jpg]
[html.narzotech.com/zenis/assets/images/banner_img3.png]
[html.narzotech.com/zenis/assets/images/banner_img2.png]
[html.narzotech.com/zenis/assets/images/banner_img.png]
[html.narzotech.com/zenis/assets/images/category_img_8.png]
[html.narzotech.com/zenis/assets/images/category_img_9.png]
[html.narzotech.com/zenis/assets/images/large_banner_bg.jpg]
[html.narzotech.com/zenis/assets/images/large_banner_img.png]
[html.narzotech.com/zenis/assets/images/bundle_banner_img.jpg]
[html.narzotech.com/zenis/assets/images/special_pro_banner_img_4.jpg]
[html.narzotech.com/zenis/assets/images/brand11.png]
[html.narzotech.com/zenis/assets/images/footer_info_bg.jpg]
[html.narzotech.com/zenis/assets/images/footer_logo.png]
[html.narzotech.com/zenis/home_fashion_2.html]
[html.narzotech.com/zenis/assets/images/favicon3.png]
[html.narzotech.com/zenis/assets/images/logo_3.png]
[html.narzotech.com/zenis/assets/images/grocery_category_list_icon_1.png]
[html.narzotech.com/zenis/assets/images/grocery_category_list_icon_2.png]
[html.narzotech.com/zenis/assets/images/grocery_category_list_icon_3.png]
[html.narzotech.com/zenis/assets/images/grocery_category_list_icon_4.png]
[html.narzotech.com/zenis/assets/images/grocery_category_list_icon_5.png]
[html.narzotech.com/zenis/assets/images/grocery_category_list_icon_6.png]
[html.narzotech.com/zenis/assets/images/grocery_category_list_icon_7.png]
[html.narzotech.com/zenis/assets/images/grocery_category_list_icon_8.png]
[html.narzotech.com/zenis/assets/images/grocery_category_list_icon_9.png]
[html.narzotech.com/zenis/assets/images/grocery_product_img_1.jpg]
[html.narzotech.com/zenis/assets/images/grocery_product_img_2.jpg]
[html.narzotech.com/zenis/assets/images/grocery_product_img_3.jpg]
[html.narzotech.com/zenis/assets/images/grocery_product_img_4.jpg]
[html.narzotech.com/zenis/assets/images/grocery_product_img_5.jpg]
[html.narzotech.com/zenis/assets/images/grocery_banner_bg.jpg]
[html.narzotech.com/zenis/assets/images/category_icon_1.png]
[html.narzotech.com/zenis/assets/images/category_icon_2.png]
[html.narzotech.com/zenis/assets/images/category_icon_3.png]
[html.narzotech.com/zenis/assets/images/category_icon_4.png]
[html.narzotech.com/zenis/assets/images/category_icon_5.png]
[html.narzotech.com/zenis/assets/images/category_icon_6.png]
[html.narzotech.com/zenis/assets/images/grocerry_add_bg_1.jpg]
[html.narzotech.com/zenis/assets/images/grocerry_add_bg_2.jpg]
[html.narzotech.com/zenis/assets/images/grocery_product_img_6.jpg]
[html.narzotech.com/zenis/assets/images/grocery_product_img_7.jpg]
[html.narzotech.com/zenis/assets/images/grocery_product_img_8.jpg]
[html.narzotech.com/zenis/assets/images/grocery_countdown_bg.jpg]
[html.narzotech.com/zenis/assets/images/grocery_best_sell_banner.jpg]
[html.narzotech.com/zenis/assets/images/grocery_brand_1.png]
[html.narzotech.com/zenis/assets/images/grocery_brand_2.png]
[html.narzotech.com/zenis/assets/images/grocery_brand_3.png]
[html.narzotech.com/zenis/assets/images/grocery_brand_4.png]
[html.narzotech.com/zenis/assets/images/grocery_brand_5.png]
[html.narzotech.com/zenis/assets/images/grocery_brand_6.png]
[html.narzotech.com/zenis/assets/images/grocery_special_pro_banner_img.jpg]
[html.narzotech.com/zenis/assets/images/grocery_farming_bg.jpg]
[html.narzotech.com/zenis/assets/images/grocery_farming_img_1.jpg]
[html.narzotech.com/zenis/assets/images/grocery_farming_img_2.jpg]
[html.narzotech.com/zenis/assets/images/grocery_farming_img_3.jpg]
[html.narzotech.com/zenis/assets/images/grocery_farming_img_4.jpg]
[html.narzotech.com/zenis/assets/images/grocery_download_img.png]
[html.narzotech.com/zenis/assets/images/grocery_testimonial_bg.jpg]
[html.narzotech.com/zenis/assets/images/testimonial_img_1.jpg]
[html.narzotech.com/zenis/assets/images/testimonial_img_2.jpg]
[html.narzotech.com/zenis/assets/images/grocery_blog_img_1.jpg]
[html.narzotech.com/zenis/assets/images/grocery_blog_img_2.jpg]
[html.narzotech.com/zenis/assets/images/grocery_blog_img_3.jpg]
[html.narzotech.com/zenis/assets/images/footer_logo_3.png]
[html.narzotech.com/zenis/home_grocery.html]
[html.narzotech.com/zenis/assets/images/favicon4.png]
[html.narzotech.com/zenis/assets/images/logo_4.png]
[html.narzotech.com/zenis/assets/images/beauty_banner_icon_1.png]
[html.narzotech.com/zenis/assets/images/beauty_banner_icon_2.png]
[html.narzotech.com/zenis/assets/images/beauty_banner_icon_3.png]
[html.narzotech.com/zenis/assets/images/banner_beauty_img_1.png]
[html.narzotech.com/zenis/assets/images/banner_beauty_img_2.png]
[html.narzotech.com/zenis/assets/images/banner_beauty_img_3.png]
[html.narzotech.com/zenis/assets/images/banner_beauty_small_img_1.png]
[html.narzotech.com/zenis/assets/images/banner_beauty_small_img_2.png]
[html.narzotech.com/zenis/assets/images/banner_beauty_small_img_3.png]
[html.narzotech.com/zenis/assets/images/beauty_featured_products_banner_img.jpg]
[html.narzotech.com/zenis/assets/images/beauty_pro_1.png]
[html.narzotech.com/zenis/assets/images/beauty_pro_2.png]
[html.narzotech.com/zenis/assets/images/beauty_pro_3.png]
[html.narzotech.com/zenis/assets/images/beauty_pro_4.png]
[html.narzotech.com/zenis/assets/images/beauty_category_img_1.jpg]
[html.narzotech.com/zenis/assets/images/beauty_category_img_2.jpg]
[html.narzotech.com/zenis/assets/images/beauty_category_img_3.jpg]
[html.narzotech.com/zenis/assets/images/beauty_category_img_4.jpg]
[html.narzotech.com/zenis/assets/images/beauty_category_img_7.jpg]
[html.narzotech.com/zenis/assets/images/beauty_category_img_5.jpg]
[html.narzotech.com/zenis/assets/images/beauty_category_img_6.jpg]
[html.narzotech.com/zenis/assets/images/beauty_pro_5.png]
[html.narzotech.com/zenis/assets/images/beauty_pro_6.png]
[html.narzotech.com/zenis/assets/images/beauty_pro_7.png]
[html.narzotech.com/zenis/assets/images/beauty_pro_8.png]
[html.narzotech.com/zenis/assets/images/beauty_pro_9.png]
[html.narzotech.com/zenis/assets/images/beauty_add_large_img_1.jpg]
[html.narzotech.com/zenis/assets/images/add_video_bg.jpg]
[html.narzotech.com/zenis/assets/images/beauty_add_large_img_2.jpg]
[html.narzotech.com/zenis/assets/images/beauty_pro_10.png]
[html.narzotech.com/zenis/assets/images/beauty_pro_11.png]
[html.narzotech.com/zenis/assets/images/beauty_pro_12.png]
[html.narzotech.com/zenis/assets/images/beauty_pro_13.png]
[html.narzotech.com/zenis/assets/images/beauty_pro_14.png]
[html.narzotech.com/zenis/assets/images/beauty_pro_15.png]
[html.narzotech.com/zenis/assets/images/beauty_pro_16.png]
[html.narzotech.com/zenis/assets/images/beauty_pro_17.png]
[html.narzotech.com/zenis/assets/images/beauty_pro_18.png]
[html.narzotech.com/zenis/assets/images/beauty_pro_19.png]
[html.narzotech.com/zenis/assets/images/beauty_pro_20.png]
[html.narzotech.com/zenis/assets/images/beauty_pro_21.png]
[html.narzotech.com/zenis/assets/images/beauty_pro_22.png]
[html.narzotech.com/zenis/assets/images/beauty_pro_23.png]
[html.narzotech.com/zenis/assets/images/beauty_pro_24.png]
[html.narzotech.com/zenis/assets/images/beauty_countdown_banner.jpg]
[html.narzotech.com/zenis/assets/images/beauty_countdown_bg.jpg]
[html.narzotech.com/zenis/assets/images/beauty_brand_1.png]
[html.narzotech.com/zenis/assets/images/beauty_brand_2.png]
[html.narzotech.com/zenis/assets/images/beauty_brand_3.png]
[html.narzotech.com/zenis/assets/images/beauty_brand_4.png]
[html.narzotech.com/zenis/assets/images/beauty_brand_5.png]
[html.narzotech.com/zenis/assets/images/beauty_brand_6.png]
[html.narzotech.com/zenis/assets/images/instageam_img_1.jpg]
[html.narzotech.com/zenis/assets/images/instagram_icon.svg]
[html.narzotech.com/zenis/assets/images/instageam_img_2.jpg]
[html.narzotech.com/zenis/assets/images/instageam_img_3.jpg]
[html.narzotech.com/zenis/assets/images/instageam_img_4.jpg]
[html.narzotech.com/zenis/assets/images/instageam_img_5.jpg]
[html.narzotech.com/zenis/assets/images/instageam_img_6.jpg]
[html.narzotech.com/zenis/assets/images/instageam_img_7.jpg]
[html.narzotech.com/zenis/assets/images/beauty_booter_bg.jpg]
[html.narzotech.com/zenis/assets/images/footer_logo_4.png]
[html.narzotech.com/zenis/home_beauty.html]
[html.narzotech.com/zenis/assets/images/gadget_logo.png]
[html.narzotech.com/zenis/assets/images/gadget_category_icon_1.png]
[html.narzotech.com/zenis/assets/images/gadget_category_icon_2.png]
[html.narzotech.com/zenis/assets/images/gadget_category_icon_3.png]
[html.narzotech.com/zenis/assets/images/gadget_category_icon_4.png]
[html.narzotech.com/zenis/assets/images/gadget_category_icon_5.png]
[html.narzotech.com/zenis/assets/images/gadget_category_icon_6.png]
[html.narzotech.com/zenis/assets/images/gadget_category_icon_7.png]
[html.narzotech.com/zenis/assets/images/gadget_category_icon_8.png]
[html.narzotech.com/zenis/assets/images/gadget_category_icon_9.png]
[html.narzotech.com/zenis/assets/images/gadget_banner_bg_1.png]
[html.narzotech.com/zenis/assets/images/gadget_banner_bg_2.png]
[html.narzotech.com/zenis/assets/images/gadget_banner_bg_3.png]
[html.narzotech.com/zenis/assets/images/gadget_feature_img_1.jpg]
[html.narzotech.com/zenis/assets/images/gadget_feature_img_3.jpg]
[html.narzotech.com/zenis/assets/images/gadget_feature_img_2.jpg]
[html.narzotech.com/zenis/assets/images/gadget_trending_product_banner_img.png]
[html.narzotech.com/zenis/assets/images/gadget_product_1.png]
[html.narzotech.com/zenis/assets/images/gadget_product_2.png]
[html.narzotech.com/zenis/assets/images/gadget_product_3.png]
[html.narzotech.com/zenis/assets/images/gadget_product_4.png]
[html.narzotech.com/zenis/assets/images/gadget_product_5.png]
[html.narzotech.com/zenis/assets/images/gadget_product_6.png]
[html.narzotech.com/zenis/assets/images/gadget_product_7.png]
[html.narzotech.com/zenis/assets/images/gadget_product_8.png]
[html.narzotech.com/zenis/assets/images/gadget_large_banner_bg.jpg]
[html.narzotech.com/zenis/assets/images/gadget_large_banner_img.png]
[html.narzotech.com/zenis/assets/images/gadget_product_22.png]
[html.narzotech.com/zenis/assets/images/gadget_product_23.png]
[html.narzotech.com/zenis/assets/images/gadget_product_24.png]
[html.narzotech.com/zenis/assets/images/gadget_product_25.png]
[html.narzotech.com/zenis/assets/images/gadget_product_26.png]
[html.narzotech.com/zenis/assets/images/gadget_brand_1.png]
[html.narzotech.com/zenis/assets/images/gadget_brand_2.png]
[html.narzotech.com/zenis/assets/images/gadget_brand_3.png]
[html.narzotech.com/zenis/assets/images/gadget_brand_4.png]
[html.narzotech.com/zenis/assets/images/gadget_brand_5.png]
[html.narzotech.com/zenis/assets/images/gadget_brand_6.png]
[html.narzotech.com/zenis/assets/images/gadget_product_15.png]
[html.narzotech.com/zenis/assets/images/gadget_product_27.png]
[html.narzotech.com/zenis/assets/images/gadget_product_16.png]
[html.narzotech.com/zenis/assets/images/gadget_product_17.png]
[html.narzotech.com/zenis/assets/images/gadget_product_14.png]
[html.narzotech.com/zenis/assets/images/gadget_product_18.png]
[html.narzotech.com/zenis/assets/images/gadget_product_19.png]
[html.narzotech.com/zenis/assets/images/gadget_product_20.png]
[html.narzotech.com/zenis/assets/images/gadget_product_21.png]
[html.narzotech.com/zenis/assets/images/gadget_middle_banner_img_2.jpg]
[html.narzotech.com/zenis/assets/images/gadget_middle_banner_img_1.jpg]
[html.narzotech.com/zenis/assets/images/gadget_product_9.png]
[html.narzotech.com/zenis/assets/images/gadget_product_12.png]
[html.narzotech.com/zenis/assets/images/gadget_product_11.png]
[html.narzotech.com/zenis/assets/images/gadget_product_13.png]
[html.narzotech.com/zenis/assets/images/gadget_product_10.png]
[html.narzotech.com/zenis/home_gadgets.html]
[html.narzotech.com/zenis/assets/images/product_1-1.png]
[html.narzotech.com/zenis/assets/images/product_1-2.png]
[html.narzotech.com/zenis/assets/images/product_1-3.png]
[html.narzotech.com/zenis/assets/images/product_1-4.png]
[html.narzotech.com/zenis/assets/images/product_1-5.png]
[html.narzotech.com/zenis/assets/images/product_1-6.png]
[html.narzotech.com/zenis/assets/images/comment_1.png]
[html.narzotech.com/zenis/assets/images/comment_2.png]
[html.narzotech.com/zenis/shop_details.html]
[html.narzotech.com/zenis/assets/images/vendor_img_1.jpg]
[html.narzotech.com/zenis/assets/images/vendor_img_2.jpg]
[html.narzotech.com/zenis/assets/images/vendor_img_3.jpg]
[html.narzotech.com/zenis/assets/images/vendor_img_4.jpg]
[html.narzotech.com/zenis/assets/images/vendor_img_6.jpg]
[html.narzotech.com/zenis/assets/images/vendor_img_7.jpg]
[html.narzotech.com/zenis/assets/images/vendor_img_8.jpg]
[html.narzotech.com/zenis/assets/images/vendor_img_5.jpg]
[html.narzotech.com/zenis/vendor.html]
[html.narzotech.com/zenis/assets/images/vendor_details_banner.jpg]
[html.narzotech.com/zenis/vendor_details.html]
[html.narzotech.com/zenis/vendor_registration.html]
[html.narzotech.com/zenis/flash_deals.html]
[html.narzotech.com/zenis/assets/images/about_img.jpg]
[html.narzotech.com/zenis/assets/images/why_choose_img.jpg]
[html.narzotech.com/zenis/assets/images/about_video_bg.jpg]
[html.narzotech.com/zenis/assets/images/counter_icon_1.png]
[html.narzotech.com/zenis/assets/images/counter_icon_2.png]
[html.narzotech.com/zenis/assets/images/counter_icon_3.png]
[html.narzotech.com/zenis/assets/images/counter_icon_4.png]
[html.narzotech.com/zenis/about_us.html]
[html.narzotech.com/zenis/brand.html]
[html.narzotech.com/zenis/cart.html]
[html.narzotech.com/zenis/wishlist.html]
[html.narzotech.com/zenis/compare.html]
[html.narzotech.com/zenis/assets/images/payment-1.jpg]
[html.narzotech.com/zenis/assets/images/payment-2.jpg]
[html.narzotech.com/zenis/assets/images/payment-3.jpg]
[html.narzotech.com/zenis/assets/images/payment-4.jpg]
[html.narzotech.com/zenis/assets/images/payment-5.jpg]
[html.narzotech.com/zenis/checkout.html]
[html.narzotech.com/zenis/assets/images/payment_success_img.png]
[html.narzotech.com/zenis/payment_success.html]
[html.narzotech.com/zenis/assets/images/payment_success_img2.png]
[html.narzotech.com/zenis/payment_cancel.html]
[html.narzotech.com/zenis/assets/images/track_icon_1.png]
[html.narzotech.com/zenis/assets/images/track_icon_2.png]
[html.narzotech.com/zenis/assets/images/track_icon_3.png]
[html.narzotech.com/zenis/assets/images/track_icon_4.png]
[html.narzotech.com/zenis/track_order.html]
[html.narzotech.com/zenis/assets/images/error_bg.jpg]
[html.narzotech.com/zenis/error.html]
[html.narzotech.com/zenis/assets/images/faq_img_1.png]
[html.narzotech.com/zenis/assets/images/faq_img_2.png]
[html.narzotech.com/zenis/assets/images/faq_img_3.png]
[html.narzotech.com/zenis/faq.html]
[html.narzotech.com/zenis/privacy_policy.html]
[html.narzotech.com/zenis/terms_condition.html]
[html.narzotech.com/zenis/return_policy.html]
[html.narzotech.com/zenis/assets/images/sign_in_img.jpg]
[html.narzotech.com/zenis/assets/images/google_logo.png]
[html.narzotech.com/zenis/assets/images/fb_logo.png]
[html.narzotech.com/zenis/assets/images/twitter_logo.png]
[html.narzotech.com/zenis/sign_in.html]
[html.narzotech.com/zenis/assets/images/sign_in_img_2.jpg]
[html.narzotech.com/zenis/sign_up.html]
[html.narzotech.com/zenis/assets/images/sign_in_img_3.jpg]
[html.narzotech.com/zenis/forgot_password.html]
[html.narzotech.com/zenis/assets/images/dashboard_user_img.jpg]
[html.narzotech.com/zenis/dashboard_download.html]
[html.narzotech.com/zenis/dashboard_return_request.html]
[html.narzotech.com/zenis/dashboard_address.html]
[html.narzotech.com/zenis/dashboard_reviews.html]
[html.narzotech.com/zenis/dashboard_change_password.html]
[html.narzotech.com/zenis/dashboard_order_invoice.html]
[html.narzotech.com/zenis/dashboard_order_review.html]
[html.narzotech.com/zenis/dashboard_order_cancel.html]
[html.narzotech.com/zenis/dashboard.html]
[html.narzotech.com/zenis/assets/images/blog_img_12.png]
[html.narzotech.com/zenis/assets/images/blog_img_5.png]
[html.narzotech.com/zenis/assets/images/blog_img_6.png]
[html.narzotech.com/zenis/assets/images/blog_img_7.png]
[html.narzotech.com/zenis/assets/images/blog_img_8.png]
[html.narzotech.com/zenis/assets/images/blog_img_9.png]
[html.narzotech.com/zenis/assets/images/blog_img_10.png]
[html.narzotech.com/zenis/assets/images/blog_img_11.png]
[html.narzotech.com/zenis/blog_classic.html]
[html.narzotech.com/zenis/assets/images/blog_sidebar_add_img.png]
[html.narzotech.com/zenis/blog_right_sidebar.html]
[html.narzotech.com/zenis/blog_left_sidebar.html]
[html.narzotech.com/zenis/assets/images/blog_details_1_img.jpg]
[html.narzotech.com/zenis/assets/images/massage.png]
[html.narzotech.com/zenis/assets/images/blog_details_2_img.jpg]
[html.narzotech.com/zenis/assets/images/blog_details_3_img.jpg]
[html.narzotech.com/zenis/blog_details.html]
[html.narzotech.com/zenis/assets/images/call_icon_black.png]
[html.narzotech.com/zenis/assets/images/mail_icon_black.png]
[html.narzotech.com/zenis/assets/images/location_icon_black.png]
[html.narzotech.com/zenis/assets/images/contact_message.jpg]
[html.narzotech.com/zenis/contact_us.html]
[html.narzotech.com/zenis/assets/images/compare_black.svg]
[html.narzotech.com/zenis/assets/images/love_black.svg]
[html.narzotech.com/zenis/assets/images/cart_black.svg]
[html.narzotech.com/zenis/assets/images/user_icon_black.svg]
[html.narzotech.com/zenis/dashboard_profile_edit.html]
[html.narzotech.com/zenis/dashboard_profile.html]
[html.narzotech.com/zenis/dashboard_order.html]
[html.narzotech.com/zenis/dashboard_wishlist.html]
[html.narzotech.com/zenis/assets/images/feature-icon_1.svg]
[html.narzotech.com/zenis/assets/images/feature-icon_3.svg]
[html.narzotech.com/zenis/assets/images/feature-icon_2.svg]
[html.narzotech.com/zenis/assets/images/feature-icon_4.svg]
[html.narzotech.com/zenis/assets/images/compare_icon_white.svg]
[html.narzotech.com/zenis/assets/images/love_icon_white.svg]
[html.narzotech.com/zenis/assets/images/cart_icon_white.svg]
[html.narzotech.com/zenis/assets/webfonts/fa-brands-400.svg]
[html.narzotech.com/zenis/assets/webfonts/fa-regular-400.svg]
[html.narzotech.com/zenis/assets/webfonts/fa-solid-900.svg]
[html.narzotech.com/zenis/assets/images/arrow_icon_black.svg]
[html.narzotech.com/zenis/assets/images/blog_owner_bg.html]
[html.narzotech.com/zenis/blogs_details.html]
[html.narzotech.com/zenis/cart_view.html]
[html.narzotech.com/zenis/assets/images/instagram_icon.svg]
[html.narzotech.com/zenis/shoop.html]
[html.narzotech.com/zenis/dashboard_download.html]
[html.narzotech.com/zenis/dashboard_return_request_details.html]
[html.narzotech.com/zenis/dashboard_return_request.html]
[html.narzotech.com/zenis/dashboard_address_add.html]
[html.narzotech.com/zenis/dashboard_address.html]
[html.narzotech.com/zenis/dashboard_reviews.html]
[html.narzotech.com/zenis/dashboard_change_password.html]
[html.narzotech.com/zenis/dashboard_order_invoice.html]
[html.narzotech.com/zenis/dashboard_order_review.html]
[html.narzotech.com/zenis/dashboard_order_cancel.html]
[html.narzotech.com/zenis/dashboard_profile_edit.html]
[html.narzotech.com/zenis/dashboard_return_request_details.html]
[html.narzotech.com/zenis/dashboard_address_add.html]
