[askbootstrap.com/preview/busgo-demo/index.html]
[askbootstrap.com/preview/busgo-demo/img/logo.png]
[backblue.gif]
[fade.gif]
[index.html]
[askbootstrap.com/preview/busgo-demo/vender/bootstrap/css/bootstrap.min.css]
[askbootstrap.com/preview/busgo-demo/css/style.css]
[askbootstrap.com/preview/busgo-demo/profile.html]
[askbootstrap.com/preview/busgo-demo/bus-listing.html]
[askbootstrap.com/preview/busgo-demo/bus-details.html]
[askbootstrap.com/preview/busgo-demo/select-seat.html]
[askbootstrap.com/preview/busgo-demo/verification.html]
[askbootstrap.com/preview/busgo-demo/checkout-payment.html]
[askbootstrap.com/preview/busgo-demo/payment-successful.html]
[askbootstrap.com/preview/busgo-demo/my-tickets.html]
[askbootstrap.com/preview/busgo-demo/trip-history.html]
[askbootstrap.com/preview/busgo-demo/my-bookings.html]
[askbootstrap.com/preview/busgo-demo/saved-routes.html]
[askbootstrap.com/preview/busgo-demo/offers-rewards.html]
[askbootstrap.com/preview/busgo-demo/payment-methods.html]
[askbootstrap.com/preview/busgo-demo/notifications.html]
[askbootstrap.com/preview/busgo-demo/settings.html]
[askbootstrap.com/preview/busgo-demo/help-support.html]
[askbootstrap.com/preview/busgo-demo/search.html]
[askbootstrap.com/preview/busgo-demo/sign-in.html]
[askbootstrap.com/preview/busgo-demo/sign-up.html]
[askbootstrap.com/preview/busgo-demo/forgot-password.html]
[askbootstrap.com/preview/busgo-demo/not-available.html]
[askbootstrap.com/preview/busgo-demo/vender/bootstrap/js/bootstrap.bundle.min.js]
[askbootstrap.com/preview/busgo-demo/js/script.js]
[askbootstrap.com/preview/busgo-demo/index.html]
[askbootstrap.com/preview/busgo-demo/vender/bootstrap/css/bootstrap.min.css]
[askbootstrap.com/preview/busgo-demo/css/style.css]
[cdn.jsdelivr.net/npm/bootstrap-icons@1.10.3/font/bootstrap-icons.css]
[askbootstrap.com/cdn-cgi/scripts/7d0fa10a/cloudflare-static/rocket-loader.min.js]
[askbootstrap.com/preview/busgo-demo/profile.html]
[askbootstrap.com/preview/busgo-demo/bus-listing.html]
[askbootstrap.com/cdn-cgi/scripts/5c5dd728/cloudflare-static/email-decode.min.js]
[askbootstrap.com/preview/busgo-demo/img/3.png]
[askbootstrap.com/preview/busgo-demo/img/p1.png]
[askbootstrap.com/preview/busgo-demo/img/p2.png]
[askbootstrap.com/preview/busgo-demo/img/p3.png]
[askbootstrap.com/preview/busgo-demo/img/p4.png]
[askbootstrap.com/preview/busgo-demo/bus-details.html]
[askbootstrap.com/preview/busgo-demo/select-seat.html]
[askbootstrap.com/preview/busgo-demo/verification.html]
[askbootstrap.com/preview/busgo-demo/checkout-payment.html]
[askbootstrap.com/preview/busgo-demo/payment-successful.html]
[askbootstrap.com/preview/busgo-demo/my-tickets.html]
[askbootstrap.com/preview/busgo-demo/my-bookings.html]
[askbootstrap.com/preview/busgo-demo/trip-history.html]
[askbootstrap.com/preview/busgo-demo/saved-routes.html]
[askbootstrap.com/preview/busgo-demo/offers-rewards.html]
[askbootstrap.com/preview/busgo-demo/payment-methods.html]
[askbootstrap.com/preview/busgo-demo/notifications.html]
[askbootstrap.com/preview/busgo-demo/settings.html]
[askbootstrap.com/preview/busgo-demo/help-support.html]
[askbootstrap.com/preview/busgo-demo/img/1.png]
[askbootstrap.com/preview/busgo-demo/img/2.png]
[askbootstrap.com/preview/busgo-demo/search.html]
[askbootstrap.com/preview/busgo-demo/sign-in.html]
[askbootstrap.com/preview/busgo-demo/sign-up.html]
[askbootstrap.com/preview/busgo-demo/forgot-password.html]
[askbootstrap.com/preview/busgo-demo/not-available.html]
[askbootstrap.com/preview/busgo-demo/vender/bootstrap/js/bootstrap.bundle.min.js]
[askbootstrap.com/preview/busgo-demo/js/script.js]
[cdn.jsdelivr.net/npm/bootstrap-icons@1.10.3/font/fonts/bootstrap-iconsbf04.woff2]
[cdn.jsdelivr.net/npm/bootstrap-icons@1.10.3/font/fonts/bootstrap-iconsbf04.woff]
[cdn.jsdelivr.net/npm/bootstrap-icons@1.10.3/font/bootstrap-icons.css]
