[html.narzotech.com/servian/index.html]
[backblue.gif]
[fade.gif]
[index.html]
[html.narzotech.com/servian/assets/images/favicon.png]
[html.narzotech.com/servian/assets/css/all.min.css]
[html.narzotech.com/servian/assets/css/bootstrap.min.css]
[html.narzotech.com/servian/assets/css/venobox.min.css]
[html.narzotech.com/servian/assets/css/slick.css]
[html.narzotech.com/servian/assets/css/scroll_button.css]
[html.narzotech.com/servian/assets/css/custom_spacing.css]
[html.narzotech.com/servian/assets/css/select2.min.css]
[html.narzotech.com/servian/assets/css/animate.css]
[html.narzotech.com/servian/assets/css/nice-select.css]
[html.narzotech.com/servian/assets/css/range_slider.css]
[html.narzotech.com/servian/assets/css/jQuery-plugin-progressbar.css]
[html.narzotech.com/servian/assets/css/pointer.css]
[html.narzotech.com/servian/assets/css/style.css]
[html.narzotech.com/servian/assets/css/responsive.css]
[html.narzotech.com/servian/assets/images/call_icon_blue.svg]
[html.narzotech.com/servian/assets/images/mail_icon_blue.svg]
[html.narzotech.com/servian/assets/images/logo.png]
[html.narzotech.com/servian/index_2.html]
[html.narzotech.com/servian/index_3.html]
[html.narzotech.com/servian/about_us.html]
[html.narzotech.com/servian/services.html]
[html.narzotech.com/servian/service_details.html]
[html.narzotech.com/servian/booking_service.html]
[html.narzotech.com/servian/booking_information.html]
[html.narzotech.com/servian/payment.html]
[html.narzotech.com/servian/faq.html]
[html.narzotech.com/servian/provider.html]
[html.narzotech.com/servian/provider_details.html]
[html.narzotech.com/servian/dashboard.html]
[html.narzotech.com/servian/error.html]
[html.narzotech.com/servian/sign_in.html]
[html.narzotech.com/servian/sign_up.html]
[html.narzotech.com/servian/forgot_password.html]
[html.narzotech.com/servian/privacy_policy.html]
[html.narzotech.com/servian/terms_condition.html]
[html.narzotech.com/servian/blog.html]
[html.narzotech.com/servian/blog_details.html]
[html.narzotech.com/servian/contact_us.html]
[html.narzotech.com/servian/assets/images/search_icon_white.svg]
[html.narzotech.com/servian/assets/images/banner_bg.jpg]
[html.narzotech.com/servian/assets/images/banner_img_1.png]
[html.narzotech.com/servian/assets/images/about_img_1.png]
[html.narzotech.com/servian/assets/images/about_img_2.png]
[html.narzotech.com/servian/assets/images/small_img_1.png]
[html.narzotech.com/servian/assets/images/small_img_2.png]
[html.narzotech.com/servian/assets/images/small_img_3.png]
[html.narzotech.com/servian/assets/images/small_img_4.png]
[html.narzotech.com/servian/assets/images/small_img_5.png]
[html.narzotech.com/servian/assets/images/about_icon_1.svg]
[html.narzotech.com/servian/assets/images/about_icon_2.svg]
[html.narzotech.com/servian/assets/images/services_bg.png]
[html.narzotech.com/servian/assets/images/service_img_1.jpg]
[html.narzotech.com/servian/assets/images/service_img_2.jpg]
[html.narzotech.com/servian/assets/images/service_img_7.jpg]
[html.narzotech.com/servian/assets/images/service_img_4.jpg]
[html.narzotech.com/servian/assets/images/service_img_5.jpg]
[html.narzotech.com/servian/assets/images/service_img_6.jpg]
[html.narzotech.com/servian/assets/images/team_img_1.jpg]
[html.narzotech.com/servian/assets/images/team_img_2.jpg]
[html.narzotech.com/servian/assets/images/team_img_3.jpg]
[html.narzotech.com/servian/assets/images/team_img_4.jpg]
[html.narzotech.com/servian/assets/images/portfolio_img_1.jpg]
[html.narzotech.com/servian/assets/images/portfolio_img_2.jpg]
[html.narzotech.com/servian/assets/images/portfolio_img_3.jpg]
[html.narzotech.com/servian/assets/images/portfolio_img_4.jpg]
[html.narzotech.com/servian/assets/images/portfolio_img_5.jpg]
[html.narzotech.com/servian/assets/images/why_choose_icon_1.svg]
[html.narzotech.com/servian/assets/images/why_choose_icon_2.svg]
[html.narzotech.com/servian/assets/images/why_choose_icon_3.svg]
[html.narzotech.com/servian/assets/images/why_choose_img.png]
[html.narzotech.com/servian/assets/images/why_choose_icon_4.svg]
[html.narzotech.com/servian/assets/images/why_choose_icon_5.svg]
[html.narzotech.com/servian/assets/images/why_choose_icon_6.svg]
[html.narzotech.com/servian/assets/images/counter_bg.jpg]
[html.narzotech.com/servian/assets/images/counter_icon_1.svg]
[html.narzotech.com/servian/assets/images/counter_icon_2.svg]
[html.narzotech.com/servian/assets/images/counter_icon_3.svg]
[html.narzotech.com/servian/assets/images/counter_icon_4.svg]
[html.narzotech.com/servian/assets/images/download_img_1.png]
[html.narzotech.com/servian/assets/images/how_it_work_bg.jpg]
[html.narzotech.com/servian/assets/images/simply_work_icon.svg]
[html.narzotech.com/servian/assets/images/testimonial_bg.jpg]
[html.narzotech.com/servian/assets/images/testimonial_img_1.jpg]
[html.narzotech.com/servian/assets/images/call_to_action_bg.jpg]
[html.narzotech.com/servian/assets/images/blog_img_1.jpg]
[html.narzotech.com/servian/assets/images/calendar_icon_blue.svg]
[html.narzotech.com/servian/assets/images/comment_icon_blue.svg]
[html.narzotech.com/servian/assets/images/blog_img_2.jpg]
[html.narzotech.com/servian/assets/images/blog_img_3.jpg]
[html.narzotech.com/servian/assets/images/footer_bg.jpg]
[html.narzotech.com/servian/assets/images/location_icon_blue.svg]
[html.narzotech.com/servian/assets/js/jquery-3.7.1.min.js]
[html.narzotech.com/servian/assets/js/bootstrap.bundle.min.js]
[html.narzotech.com/servian/assets/js/Font-Awesome.js]
[html.narzotech.com/servian/assets/js/venobox.min.js]
[html.narzotech.com/servian/assets/js/slick.min.js]
[html.narzotech.com/servian/assets/js/jquery.waypoints.min.js]
[html.narzotech.com/servian/assets/js/jquery.countup.min.js]
[html.narzotech.com/servian/assets/js/scroll_button.js]
[html.narzotech.com/servian/assets/js/select2.min.js]
[html.narzotech.com/servian/assets/js/sticky_sidebar.js]
[html.narzotech.com/servian/assets/js/wow.min.js]
[html.narzotech.com/servian/assets/js/range_slider.js]
[html.narzotech.com/servian/assets/js/jquery.nice-select.min.js]
[html.narzotech.com/servian/assets/js/jquery.marquee.min.js]
[html.narzotech.com/servian/assets/js/jQuery-plugin-progressbar.js]
[html.narzotech.com/servian/assets/js/pointer.js]
[html.narzotech.com/servian/assets/js/script.js]
[html.narzotech.com/servian/index.html]
[html.narzotech.com/servian/assets/webfonts/fa-brands-400.eot]
[html.narzotech.com/servian/assets/webfonts/fa-brands-400d41d.eot]
[html.narzotech.com/servian/assets/webfonts/fa-brands-400.woff2]
[html.narzotech.com/servian/assets/webfonts/fa-brands-400.woff]
[html.narzotech.com/servian/assets/webfonts/fa-brands-400.ttf]
[html.narzotech.com/servian/assets/webfonts/fa-regular-400.eot]
[html.narzotech.com/servian/assets/webfonts/fa-brands-400.svg]
[html.narzotech.com/servian/assets/webfonts/fa-regular-400d41d.eot]
[html.narzotech.com/servian/assets/webfonts/fa-regular-400.woff2]
[html.narzotech.com/servian/assets/webfonts/fa-regular-400.woff]
[html.narzotech.com/servian/assets/webfonts/fa-regular-400.ttf]
[html.narzotech.com/servian/assets/webfonts/fa-regular-400.svg]
[html.narzotech.com/servian/assets/webfonts/fa-solid-900.eot]
[html.narzotech.com/servian/assets/webfonts/fa-solid-900d41d.eot]
[html.narzotech.com/servian/assets/webfonts/fa-solid-900.woff2]
[html.narzotech.com/servian/assets/webfonts/fa-solid-900.woff]
[html.narzotech.com/servian/assets/webfonts/fa-solid-900.ttf]
[html.narzotech.com/servian/assets/css/all.min.css]
[html.narzotech.com/servian/assets/css/bootstrap.min.css]
[html.narzotech.com/servian/assets/css/venobox.min.css]
[html.narzotech.com/servian/assets/css/slick.css]
[html.narzotech.com/servian/assets/css/scroll_button.css]
[html.narzotech.com/servian/assets/css/custom_spacing.css]
[html.narzotech.com/servian/assets/css/select2.min.css]
[html.narzotech.com/servian/assets/css/animate.css]
[html.narzotech.com/servian/assets/css/nice-select.css]
[html.narzotech.com/servian/assets/css/range_slider.css]
[html.narzotech.com/servian/assets/css/jQuery-plugin-progressbar.css]
[html.narzotech.com/servian/assets/css/pointer.css]
[html.narzotech.com/servian/assets/webfonts/fa-solid-900.svg]
[html.narzotech.com/servian/assets/images/heading_shapes.svg]
[html.narzotech.com/servian/assets/images/idea.png]
[html.narzotech.com/servian/assets/images/heading_shape_4.png]
[html.narzotech.com/servian/assets/images/globe_icon.png]
[html.narzotech.com/servian/assets/images/banner_heading_shappes.png]
[html.narzotech.com/servian/assets/images/about_shape_1.png]
[html.narzotech.com/servian/assets/images/about_shape_2.png]
[html.narzotech.com/servian/assets/images/why_choose_shapes_2.svg]
[html.narzotech.com/servian/assets/images/why_choose_shapes_1.svg]
[html.narzotech.com/servian/assets/images/counter_shapes.png]
[html.narzotech.com/servian/assets/images/how_it_work_shapes.png]
[html.narzotech.com/servian/assets/images/quot_icon_left_blue.svg]
[html.narzotech.com/servian/assets/images/testimonial_shapes.svg]
[html.narzotech.com/servian/assets/images/Line_1.png]
[html.narzotech.com/servian/assets/images/Line_2.png]
[html.narzotech.com/servian/assets/images/check_in.png]
[html.narzotech.com/servian/assets/images/choose_shape_1.png]
[html.narzotech.com/servian/assets/images/choose_shape_2.png]
[html.narzotech.com/servian/assets/images/booking_form_shape_2.png]
[html.narzotech.com/servian/assets/images/booking_form_shape_1.png]
[html.narzotech.com/servian/assets/images/idea_2.png]
[html.narzotech.com/servian/assets/images/team_2_shape.png]
[html.narzotech.com/servian/assets/images/faq_2_bg_2.png]
[html.narzotech.com/servian/assets/images/plus_btn.png]
[html.narzotech.com/servian/assets/images/minush_btn.png]
[html.narzotech.com/servian/assets/images/testimonial_2_shape.png]
[html.narzotech.com/servian/assets/images/quito.png]
[html.narzotech.com/servian/assets/images/logo_3_bg.png]
[html.narzotech.com/servian/assets/images/heading_shape_3.png]
[html.narzotech.com/servian/assets/images/team_3_bg.png]
[html.narzotech.com/servian/assets/images/team_3_bg_2.png]
[html.narzotech.com/servian/assets/images/mission_3_img_1.png]
[html.narzotech.com/servian/assets/images/accrodion_3_img_1.png]
[html.narzotech.com/servian/assets/images/accrodion_3_img_2.png]
[html.narzotech.com/servian/assets/images/faq_3_img_3.png]
[html.narzotech.com/servian/assets/images/testimonial_3_bg.png]
[html.narzotech.com/servian/assets/images/testimonial_3_img_slide_shape.png]
[html.narzotech.com/servian/assets/images/date_bg.png]
[html.narzotech.com/servian/assets/images/blog_3_shape.png]
[html.narzotech.com/servian/assets/images/check_icon_blue.svg]
[html.narzotech.com/servian/assets/images/faq_page_arrow_1.png]
[html.narzotech.com/servian/assets/images/faq_page_arrow_2.png]
[html.narzotech.com/servian/assets/images/faq_page_img_shape.png]
[html.narzotech.com/servian/assets/images/faq_page_shap_1.png]
[html.narzotech.com/servian/assets/images/faq_page_shap_2.png]
[html.narzotech.com/servian/assets/css/style.css]
[html.narzotech.com/servian/assets/css/responsive.css]
[html.narzotech.com/servian/assets/images/call_icon_blue.svg]
[html.narzotech.com/servian/assets/images/mail_icon_blue.svg]
[html.narzotech.com/servian/assets/images/logo_2.png]
[html.narzotech.com/servian/assets/images/banner_2_bg.png]
[html.narzotech.com/servian/assets/images/about_us_2_img.png]
[html.narzotech.com/servian/assets/images/call_blue_bg.png]
[html.narzotech.com/servian/assets/images/service_2_bg.png]
[html.narzotech.com/servian/assets/images/service_2_img_1.png]
[html.narzotech.com/servian/assets/images/service_2_icon_1.png]
[html.narzotech.com/servian/assets/images/service_2_img_2.png]
[html.narzotech.com/servian/assets/images/service_2_icon_2.png]
[html.narzotech.com/servian/assets/images/service_2_img_3.png]
[html.narzotech.com/servian/assets/images/service_2_icon_3.png]
[html.narzotech.com/servian/assets/images/choose_2_icon_1.png]
[html.narzotech.com/servian/assets/images/choose_2_icon_3.png]
[html.narzotech.com/servian/assets/images/choose_2_icon_2.png]
[html.narzotech.com/servian/assets/images/choose_2_icon_4.png]
[html.narzotech.com/servian/assets/images/choose_2_img_1.png]
[html.narzotech.com/servian/assets/images/booking_form_bg.png]
[html.narzotech.com/servian/assets/images/team_2_img_1.png]
[html.narzotech.com/servian/assets/images/team_2_img_2.png]
[html.narzotech.com/servian/assets/images/team_2_img_3.png]
[html.narzotech.com/servian/assets/images/team_2_img_4.png]
[html.narzotech.com/servian/assets/images/fqa_2_bg.png]
[html.narzotech.com/servian/assets/images/faq_2_img.png]
[html.narzotech.com/servian/assets/images/portfolio_2_img_1.png]
[html.narzotech.com/servian/assets/images/portfolio_2_img_2.png]
[html.narzotech.com/servian/assets/images/portfolio_2_img_3.png]
[html.narzotech.com/servian/assets/images/portfolio_2_img_4.png]
[html.narzotech.com/servian/assets/images/portfolio_2_img_5.png]
[html.narzotech.com/servian/assets/images/portfolio_2_img_6.png]
[html.narzotech.com/servian/assets/images/more_about_bg.png]
[html.narzotech.com/servian/assets/images/process_2_icon_1.png]
[html.narzotech.com/servian/assets/images/process_2_icon_2.png]
[html.narzotech.com/servian/assets/images/process_2_icon_3.png]
[html.narzotech.com/servian/assets/images/process_2_icon_4.png]
[html.narzotech.com/servian/assets/images/testimonial_2_bg.png]
[html.narzotech.com/servian/assets/images/testimonial_2_img_1.png]
[html.narzotech.com/servian/assets/images/testimonial_2_img_2.png]
[html.narzotech.com/servian/assets/images/testimonial_2_img_3.png]
[html.narzotech.com/servian/assets/images/blog_2_img_1.png]
[html.narzotech.com/servian/assets/images/blog_2_img_2.png]
[html.narzotech.com/servian/assets/images/blog_2_img_3.png]
[html.narzotech.com/servian/assets/images/footer_2_bg.png]
[html.narzotech.com/servian/assets/images/footer_recent_post_1.png]
[html.narzotech.com/servian/assets/images/clender.png]
[html.narzotech.com/servian/assets/images/footer_recent_post_2.png]
[html.narzotech.com/servian/index_2.html]
[html.narzotech.com/servian/assets/images/logo_3.png]
[html.narzotech.com/servian/assets/images/banner_3_bg.png]
[html.narzotech.com/servian/assets/images/choose_3_icon_1.png]
[html.narzotech.com/servian/assets/images/choose_3_icon_3.png]
[html.narzotech.com/servian/assets/images/about_3_img_1.png]
[html.narzotech.com/servian/assets/images/about_3_icon_1.png]
[html.narzotech.com/servian/assets/images/about_3_icon_2.png]
[html.narzotech.com/servian/assets/images/about_3_img_2.png]
[html.narzotech.com/servian/assets/images/Signature.png]
[html.narzotech.com/servian/assets/images/service_3_bg.png]
[html.narzotech.com/servian/assets/images/service_3_img_2.png]
[html.narzotech.com/servian/assets/images/service_3_img_1.png]
[html.narzotech.com/servian/assets/images/service_3_img_3.png]
[html.narzotech.com/servian/assets/images/service_3_img_4.png]
[html.narzotech.com/servian/assets/images/service_3_img_5.png]
[html.narzotech.com/servian/assets/images/service_3_img_6.png]
[html.narzotech.com/servian/assets/images/team_3_img_1.png]
[html.narzotech.com/servian/assets/images/call_black.png]
[html.narzotech.com/servian/assets/images/team_3_img_2.png]
[html.narzotech.com/servian/assets/images/team_3_img_3.png]
[html.narzotech.com/servian/assets/images/team_3_img_4.png]
[html.narzotech.com/servian/assets/images/mission_3_bg.png]
[html.narzotech.com/servian/assets/images/faq_3_img_1.png]
[html.narzotech.com/servian/assets/images/faq_3_img_2.png]
[html.narzotech.com/servian/assets/images/award_img.png]
[html.narzotech.com/servian/assets/images/award_icon_1.png]
[html.narzotech.com/servian/assets/images/award_icon_2.png]
[html.narzotech.com/servian/assets/images/quot_icon_3.png]
[html.narzotech.com/servian/assets/images/testimonial_3_img_1.png]
[html.narzotech.com/servian/assets/images/testimonial_3_img_2.png]
[html.narzotech.com/servian/assets/images/testimonial_3_img_3.png]
[html.narzotech.com/servian/assets/images/testimonial_3_img_4.png]
[html.narzotech.com/servian/assets/images/testimonial_3_img_5.png]
[html.narzotech.com/servian/assets/images/blog_3_img_1.png]
[html.narzotech.com/servian/assets/images/blog_3_img_2.png]
[html.narzotech.com/servian/assets/images/blog_3_img_3.png]
[html.narzotech.com/servian/assets/images/footer_3_bg.png]
[html.narzotech.com/servian/assets/images/call_white.png]
[html.narzotech.com/servian/assets/images/footer_3_insta_1.png]
[html.narzotech.com/servian/assets/images/footer_3_insta_2.png]
[html.narzotech.com/servian/assets/images/footer_3_insta_3.png]
[html.narzotech.com/servian/assets/images/footer_3_insta_4.png]
[html.narzotech.com/servian/assets/images/footer_3_insta_5.png]
[html.narzotech.com/servian/assets/images/footer_3_insta_6.png]
[html.narzotech.com/servian/index_3.html]
[html.narzotech.com/servian/assets/images/breadcrumb_bg.jpg]
[html.narzotech.com/servian/about_us.html]
[html.narzotech.com/servian/services.html]
[html.narzotech.com/servian/assets/images/service_details_img.jpg]
[html.narzotech.com/servian/assets/images/review_img_1.png]
[html.narzotech.com/servian/assets/images/review_img_2.png]
[html.narzotech.com/servian/assets/images/review_img_3.png]
[html.narzotech.com/servian/service_details.html]
[html.narzotech.com/servian/booking_service.html]
[html.narzotech.com/servian/booking_information.html]
[html.narzotech.com/servian/assets/images/pay_icon_1.png]
[html.narzotech.com/servian/assets/images/pay_icon_2.png]
[html.narzotech.com/servian/assets/images/pay_icon_3.png]
[html.narzotech.com/servian/assets/images/pay_icon_4.png]
[html.narzotech.com/servian/assets/images/pay_icon_5.png]
[html.narzotech.com/servian/assets/images/pay_icon_6.png]
[html.narzotech.com/servian/assets/images/pay_icon_7.png]
[html.narzotech.com/servian/assets/images/pay_icon_8.png]
[html.narzotech.com/servian/assets/images/pay_icon_9.png]
[html.narzotech.com/servian/payment.html]
[html.narzotech.com/servian/assets/images/faq_page_img.jpg]
[html.narzotech.com/servian/faq.html]
[html.narzotech.com/servian/provider.html]
[html.narzotech.com/servian/assets/images/team_details_img.png]
[html.narzotech.com/servian/provider_details.html]
[html.narzotech.com/servian/assets/images/dashboard_user_img.jpg]
[html.narzotech.com/servian/dashboard_order.html]
[html.narzotech.com/servian/dashboard_review.html]
[html.narzotech.com/servian/dashboard_wishlist.html]
[html.narzotech.com/servian/dashboard_change_password.html]
[html.narzotech.com/servian/dashboard_info_edit.html]
[html.narzotech.com/servian/dashboard.html]
[html.narzotech.com/servian/assets/images/error_img.png]
[html.narzotech.com/servian/error.html]
[html.narzotech.com/servian/assets/images/google.png]
[html.narzotech.com/servian/assets/images/facebook.png]
[html.narzotech.com/servian/assets/images/login_bg.jpg]
[html.narzotech.com/servian/sign_in.html]
[html.narzotech.com/servian/sign_up.html]
[html.narzotech.com/servian/forgot_password.html]
[html.narzotech.com/servian/privacy_policy.html]
[html.narzotech.com/servian/terms_condition.html]
[html.narzotech.com/servian/assets/images/sidebar_blog_img_3.jpg]
[html.narzotech.com/servian/assets/images/sidebar_blog_img_4.jpg]
[html.narzotech.com/servian/assets/images/sidebar_blog_img_2.jpg]
[html.narzotech.com/servian/blog.html]
[html.narzotech.com/servian/assets/images/blog_details_img.jpg]
[html.narzotech.com/servian/assets/images/sidebar_contact_img.jpg]
[html.narzotech.com/servian/blog_details.html]
[html.narzotech.com/servian/assets/images/mail_icon_black.svg]
[html.narzotech.com/servian/assets/images/call_icon_black.svg]
[html.narzotech.com/servian/contact_us.html]
[html.narzotech.com/servian/assets/images/search_icon_white.svg]
[html.narzotech.com/servian/assets/images/about_icon_1.svg]
[html.narzotech.com/servian/assets/images/about_icon_2.svg]
[html.narzotech.com/servian/assets/images/why_choose_icon_1.svg]
[html.narzotech.com/servian/assets/images/why_choose_icon_2.svg]
[html.narzotech.com/servian/assets/images/why_choose_icon_3.svg]
[html.narzotech.com/servian/assets/images/why_choose_icon_4.svg]
[html.narzotech.com/servian/assets/images/why_choose_icon_5.svg]
[html.narzotech.com/servian/assets/images/why_choose_icon_6.svg]
[html.narzotech.com/servian/assets/images/counter_icon_1.svg]
[html.narzotech.com/servian/assets/images/counter_icon_2.svg]
[html.narzotech.com/servian/assets/images/counter_icon_3.svg]
[html.narzotech.com/servian/assets/images/counter_icon_4.svg]
[html.narzotech.com/servian/assets/images/simply_work_icon.svg]
[html.narzotech.com/servian/assets/images/calendar_icon_blue.svg]
[html.narzotech.com/servian/assets/images/comment_icon_blue.svg]
[html.narzotech.com/servian/assets/images/location_icon_blue.svg]
[html.narzotech.com/servian/assets/webfonts/fa-brands-400.svg]
[html.narzotech.com/servian/assets/webfonts/fa-regular-400.svg]
[html.narzotech.com/servian/assets/webfonts/fa-solid-900.svg]
[html.narzotech.com/servian/assets/images/heading_shapes.svg]
[html.narzotech.com/servian/assets/images/why_choose_shapes_1.svg]
[html.narzotech.com/servian/assets/images/why_choose_shapes_2.svg]
[html.narzotech.com/servian/assets/images/testimonial_shapes.svg]
[html.narzotech.com/servian/assets/images/quot_icon_left_blue.svg]
[html.narzotech.com/servian/assets/images/check_icon_blue.svg]
[html.narzotech.com/servian/dashboard_order_invoice.html]
[html.narzotech.com/servian/dashboard_order.html]
[html.narzotech.com/servian/dashboard_review.html]
[html.narzotech.com/servian/dashboard_wishlist.html]
[html.narzotech.com/servian/dashboard_change_password.html]
[html.narzotech.com/servian/dashboard_info_edit.html]
[html.narzotech.com/servian/assets/images/mail_icon_black.svg]
[html.narzotech.com/servian/assets/images/call_icon_black.svg]
[html.narzotech.com/servian/dashboard_order_invoice.html]
