[creativelayers.net/themes/superio/index.html]
[backblue.gif]
[fade.gif]
[index.html]
[creativelayers.net/themes/superio/css/bootstrap.css]
[creativelayers.net/themes/superio/css/style.css]
[creativelayers.net/themes/superio/css/responsive.css]
[creativelayers.net/themes/superio/images/favicon.png]
[creativelayers.net/themes/superio/index-2.html]
[creativelayers.net/themes/superio/index-3.html]
[creativelayers.net/themes/superio/index-4.html]
[creativelayers.net/themes/superio/index-5.html]
[creativelayers.net/themes/superio/index-6.html]
[creativelayers.net/themes/superio/index-7.html]
[creativelayers.net/themes/superio/index-8.html]
[creativelayers.net/themes/superio/index-9.html]
[creativelayers.net/themes/superio/index-10.html]
[creativelayers.net/themes/superio/index-11.html]
[creativelayers.net/themes/superio/index-12.html]
[creativelayers.net/themes/superio/index-13.html]
[creativelayers.net/themes/superio/index-14.html]
[creativelayers.net/themes/superio/index-15.html]
[creativelayers.net/themes/superio/index-16.html]
[creativelayers.net/themes/superio/index-17.html]
[creativelayers.net/themes/superio/index-18.html]
[creativelayers.net/themes/superio/index-19.html]
[creativelayers.net/themes/superio/index-20.html]
[creativelayers.net/themes/superio/index-21.html]
[creativelayers.net/themes/superio/index-22.html]
[creativelayers.net/themes/superio/job-list-v1.html]
[creativelayers.net/themes/superio/job-list-v2.html]
[creativelayers.net/themes/superio/job-list-v3.html]
[creativelayers.net/themes/superio/job-list-v4.html]
[creativelayers.net/themes/superio/job-list-v5.html]
[creativelayers.net/themes/superio/job-list-v6.html]
[creativelayers.net/themes/superio/job-list-v7.html]
[creativelayers.net/themes/superio/job-list-v8.html]
[creativelayers.net/themes/superio/job-list-v9.html]
[creativelayers.net/themes/superio/job-list-v10.html]
[creativelayers.net/themes/superio/job-list-v11.html]
[creativelayers.net/themes/superio/job-list-v12.html]
[creativelayers.net/themes/superio/job-list-v13.html]
[creativelayers.net/themes/superio/job-list-v14.html]
[creativelayers.net/themes/superio/job-list-v15.html]
[creativelayers.net/themes/superio/job-list-v16.html]
[creativelayers.net/themes/superio/job-list-v17.html]
[creativelayers.net/themes/superio/job-single.html]
[creativelayers.net/themes/superio/job-single-2.html]
[creativelayers.net/themes/superio/job-single-3.html]
[creativelayers.net/themes/superio/job-single-4.html]
[creativelayers.net/themes/superio/job-single-5.html]
[creativelayers.net/themes/superio/job-single-6.html]
[creativelayers.net/themes/superio/job-single-7.html]
[creativelayers.net/themes/superio/employers-list-v1.html]
[creativelayers.net/themes/superio/employers-list-v2.html]
[creativelayers.net/themes/superio/employers-list-v3.html]
[creativelayers.net/themes/superio/employers-list-v4.html]
[creativelayers.net/themes/superio/employers-single-v1.html]
[creativelayers.net/themes/superio/employers-single-v2.html]
[creativelayers.net/themes/superio/employers-single-v3.html]
[creativelayers.net/themes/superio/dashboard.html]
[creativelayers.net/themes/superio/candidates-list-v1.html]
[creativelayers.net/themes/superio/candidates-list-v2.html]
[creativelayers.net/themes/superio/candidates-list-v3.html]
[creativelayers.net/themes/superio/candidates-list-v4.html]
[creativelayers.net/themes/superio/candidates-list-v5.html]
[creativelayers.net/themes/superio/candidates-list-v6.html]
[creativelayers.net/themes/superio/candidates-list-v7.html]
[creativelayers.net/themes/superio/candidates-single-v1.html]
[creativelayers.net/themes/superio/candidates-single-v2.html]
[creativelayers.net/themes/superio/candidates-single-v3.html]
[creativelayers.net/themes/superio/candidates-single-v4.html]
[creativelayers.net/themes/superio/candidates-single-v5.html]
[creativelayers.net/themes/superio/candidate-dashboard.html]
[creativelayers.net/themes/superio/blog-list-v1.html]
[creativelayers.net/themes/superio/blog-list-v2.html]
[creativelayers.net/themes/superio/blog-list-v3.html]
[creativelayers.net/themes/superio/blog-single.html]
[creativelayers.net/themes/superio/shop.html]
[creativelayers.net/themes/superio/shop-single.html]
[creativelayers.net/themes/superio/shopping-cart.html]
[creativelayers.net/themes/superio/shop-checkout.html]
[creativelayers.net/themes/superio/order-completed.html]
[creativelayers.net/themes/superio/login.html]
[creativelayers.net/themes/superio/register.html]
[creativelayers.net/themes/superio/about.html]
[creativelayers.net/themes/superio/pricing.html]
[creativelayers.net/themes/superio/faqs.html]
[creativelayers.net/themes/superio/terms.html]
[creativelayers.net/themes/superio/invoice.html]
[creativelayers.net/themes/superio/elements.html]
[creativelayers.net/themes/superio/contact.html]
[creativelayers.net/themes/superio/candidate-dashboard-cv-manager.html]
[creativelayers.net/themes/superio/login-popup.html]
[creativelayers.net/themes/superio/dashboard-post-job.html]
[creativelayers.net/themes/superio/images/resource/banner-img-1.png]
[creativelayers.net/themes/superio/images/resource/multi-peoples.png]
[creativelayers.net/themes/superio/images/resource/company-logo/1-1.png]
[creativelayers.net/themes/superio/images/resource/company-logo/1-2.png]
[creativelayers.net/themes/superio/images/resource/company-logo/1-3.png]
[creativelayers.net/themes/superio/images/resource/company-logo/1-4.png]
[creativelayers.net/themes/superio/images/resource/company-logo/1-5.png]
[creativelayers.net/themes/superio/images/resource/company-logo/1-6.png]
[creativelayers.net/themes/superio/images/resource/testi-thumb-1.png]
[creativelayers.net/themes/superio/images/resource/testi-thumb-2.png]
[creativelayers.net/themes/superio/images/resource/testi-thumb-3.png]
[creativelayers.net/themes/superio/images/clients/1-1.png]
[creativelayers.net/themes/superio/images/clients/1-2.png]
[creativelayers.net/themes/superio/images/clients/1-3.png]
[creativelayers.net/themes/superio/images/clients/1-4.png]
[creativelayers.net/themes/superio/images/clients/1-5.png]
[creativelayers.net/themes/superio/images/clients/1-6.png]
[creativelayers.net/themes/superio/images/clients/1-7.png]
[creativelayers.net/themes/superio/images/resource/image-2.jpg]
[creativelayers.net/themes/superio/images/resource/multi-logo.png]
[creativelayers.net/themes/superio/images/resource/news-1.jpg]
[creativelayers.net/themes/superio/images/resource/news-2.jpg]
[creativelayers.net/themes/superio/images/resource/news-3.jpg]
[creativelayers.net/themes/superio/images/resource/mobile-app.png]
[creativelayers.net/themes/superio/images/icons/apple.png]
[creativelayers.net/themes/superio/images/icons/google.png]
[creativelayers.net/themes/superio/images/resource/image-1.png]
[creativelayers.net/themes/superio/js/jquery.js]
[creativelayers.net/themes/superio/js/popper.min.js]
[creativelayers.net/themes/superio/js/chosen.min.js]
[creativelayers.net/themes/superio/js/bootstrap.min.js]
[creativelayers.net/themes/superio/js/jquery.fancybox.js]
[creativelayers.net/themes/superio/js/jquery.modal.min.js]
[creativelayers.net/themes/superio/js/mmenu.polyfills.js]
[creativelayers.net/themes/superio/js/mmenu.js]
[creativelayers.net/themes/superio/js/appear.js]
[creativelayers.net/themes/superio/js/anm.min.js]
[creativelayers.net/themes/superio/js/ScrollMagic.min.js]
[creativelayers.net/themes/superio/js/rellax.min.js]
[creativelayers.net/themes/superio/js/owl.js]
[creativelayers.net/themes/superio/js/wow.js]
[creativelayers.net/themes/superio/js/script.js]
[creativelayers.net/themes/superio/index.html]
[creativelayers.net/themes/superio/css/bootstrap.css]
[creativelayers.net/themes/superio/css/icons.css]
[creativelayers.net/themes/superio/css/flaticon.css]
[creativelayers.net/themes/superio/css/fontawesome.css]
[creativelayers.net/themes/superio/css/animate.css]
[creativelayers.net/themes/superio/css/owl.css]
[creativelayers.net/themes/superio/css/jquery-ui.min.css]
[creativelayers.net/themes/superio/css/select2.min.css]
[creativelayers.net/themes/superio/css/jquery.modal.min.css]
[creativelayers.net/themes/superio/css/chosen.css]
[creativelayers.net/themes/superio/css/line-awesome.css]
[creativelayers.net/themes/superio/css/mmenu.css]
[creativelayers.net/themes/superio/css/jquery.fancybox.min.css]
[creativelayers.net/themes/superio/images/background/6.png]
[creativelayers.net/themes/superio/images/icons/bg-4.png]
[creativelayers.net/themes/superio/images/icons/bg-5.png]
[creativelayers.net/themes/superio/images/background/job-list-17.jpg]
[creativelayers.net/themes/superio/images/icons/quote-icon.png]
[creativelayers.net/themes/superio/images/index-20/quote.png]
[creativelayers.net/themes/superio/images/icons/shape-2.png]
[creativelayers.net/themes/superio/images/icons/shape-1.png]
[creativelayers.net/themes/superio/images/icons/shape-3.png]
[creativelayers.net/themes/superio/images/index-11/header/bg.png]
[creativelayers.net/themes/superio/images/index-19/home19-hero-bg.png]
[creativelayers.net/themes/superio/images/index-18/hero-bg.png]
[creativelayers.net/themes/superio/images/background/home22-hero-bg.png]
[creativelayers.net/themes/superio/images/index-13/header/test.png]
[creativelayers.net/themes/superio/images/index-18/cta-bg.png]
[creativelayers.net/themes/superio/images/index-19/footer-bg.png]
[creativelayers.net/themes/superio/images/index-19/home19-cta-bg.png]
[creativelayers.net/themes/superio/images/background/home22-cta-bg.png]
[creativelayers.net/themes/superio/images/icons/bg-2.png]
[creativelayers.net/themes/superio/images/icons/bg-3.png]
[creativelayers.net/themes/superio/images/icons/bg-1.png]
[creativelayers.net/themes/superio/images/index-20/line-1.png]
[creativelayers.net/themes/superio/images/index-20/line-2.png]
[creativelayers.net/themes/superio/images/index-18/cta-bg-2.png]
[creativelayers.net/themes/superio/css/style.css]
[creativelayers.net/themes/superio/images/icons/shape-4.png]
[creativelayers.net/themes/superio/css/responsive.css]
[creativelayers.net/themes/superio/images/logo.svg]
[creativelayers.net/themes/superio/images/resource/banner-img-2.png]
[creativelayers.net/themes/superio/images/resource/work-1.png]
[creativelayers.net/themes/superio/images/resource/work-2.png]
[creativelayers.net/themes/superio/images/resource/work-3.png]
[creativelayers.net/themes/superio/images/resource/featured-1.png]
[creativelayers.net/themes/superio/images/resource/featured-2.png]
[creativelayers.net/themes/superio/images/resource/featured-4.png]
[creativelayers.net/themes/superio/images/resource/featured-3.png]
[creativelayers.net/themes/superio/images/resource/featured-5.png]
[creativelayers.net/themes/superio/images/background/1.jpg]
[creativelayers.net/themes/superio/images/resource/candidate-1.png]
[creativelayers.net/themes/superio/images/resource/candidate-2.png]
[creativelayers.net/themes/superio/images/resource/candidate-3.png]
[creativelayers.net/themes/superio/images/resource/candidate-4.png]
[creativelayers.net/themes/superio/index-2.html]
[creativelayers.net/themes/superio/images/resource/banner-img-3.png]
[creativelayers.net/themes/superio/images/resource/company-logo/2-1.png]
[creativelayers.net/themes/superio/images/resource/company-logo/2-2.png]
[creativelayers.net/themes/superio/images/resource/company-logo/2-3.png]
[creativelayers.net/themes/superio/images/resource/company-logo/2-4.png]
[creativelayers.net/themes/superio/images/resource/company-logo/2-5.png]
[creativelayers.net/themes/superio/images/resource/company-logo/2-6.png]
[creativelayers.net/themes/superio/images/resource/company-logo/2-7.png]
[creativelayers.net/themes/superio/images/resource/company-logo/2-8.png]
[creativelayers.net/themes/superio/images/resource/company-logo/2-9.png]
[creativelayers.net/themes/superio/images/resource/testimonial-left.png]
[creativelayers.net/themes/superio/images/resource/testimonial-right.png]
[creativelayers.net/themes/superio/images/resource/company-1.png]
[creativelayers.net/themes/superio/images/resource/company-2.png]
[creativelayers.net/themes/superio/images/resource/company-3.png]
[creativelayers.net/themes/superio/images/resource/company-4.png]
[creativelayers.net/themes/superio/images/resource/image-3.png]
[creativelayers.net/themes/superio/images/resource/applicant-1.png]
[creativelayers.net/themes/superio/images/resource/applicant-2.png]
[creativelayers.net/themes/superio/images/resource/applicant-3.png]
[creativelayers.net/themes/superio/index-3.html]
[creativelayers.net/themes/superio/images/background/2.png]
[creativelayers.net/themes/superio/images/resource/process-1.png]
[creativelayers.net/themes/superio/images/resource/process-2.png]
[creativelayers.net/themes/superio/images/resource/process-3.png]
[creativelayers.net/themes/superio/images/background/3.png]
[creativelayers.net/themes/superio/index-4.html]
[creativelayers.net/themes/superio/images/resource/banner-img-4.png]
[creativelayers.net/themes/superio/images/resource/banner-img-5.png]
[creativelayers.net/themes/superio/images/resource/banner-img-6.png]
[creativelayers.net/themes/superio/images/resource/company-logo/3-1.png]
[creativelayers.net/themes/superio/images/resource/company-logo/3-2.png]
[creativelayers.net/themes/superio/images/resource/company-logo/3-3.png]
[creativelayers.net/themes/superio/images/resource/company-logo/3-4.png]
[creativelayers.net/themes/superio/images/resource/company-logo/3-5.png]
[creativelayers.net/themes/superio/images/resource/company-logo/3-6.png]
[creativelayers.net/themes/superio/images/resource/image-4.png]
[creativelayers.net/themes/superio/images/resource/testimonial-image.jpg]
[creativelayers.net/themes/superio/index-5.html]
[creativelayers.net/themes/superio/images/resource/banner-img-7.png]
[creativelayers.net/themes/superio/images/resource/company-logo/4-1.png]
[creativelayers.net/themes/superio/images/resource/company-logo/4-2.png]
[creativelayers.net/themes/superio/images/resource/company-logo/4-3.png]
[creativelayers.net/themes/superio/images/resource/company-logo/4-4.png]
[creativelayers.net/themes/superio/images/resource/company-logo/4-5.png]
[creativelayers.net/themes/superio/images/background/4.jpg]
[creativelayers.net/themes/superio/images/resource/news-2-1.png]
[creativelayers.net/themes/superio/images/resource/news-2-2.png]
[creativelayers.net/themes/superio/images/resource/news-2-3.png]
[creativelayers.net/themes/superio/images/resource/news-2-4.png]
[creativelayers.net/themes/superio/images/background/5.png]
[creativelayers.net/themes/superio/index-6.html]
[creativelayers.net/themes/superio/images/resource/banner-img-8.png]
[creativelayers.net/themes/superio/images/resource/image-5.png]
[creativelayers.net/themes/superio/images/resource/company-5.png]
[creativelayers.net/themes/superio/images/resource/ads-bg-1.png]
[creativelayers.net/themes/superio/images/resource/ads-bg-2.png]
[creativelayers.net/themes/superio/images/resource/ads-bg-3.png]
[creativelayers.net/themes/superio/index-7.html]
[creativelayers.net/themes/superio/images/resource/banner-img-9.png]
[creativelayers.net/themes/superio/images/resource/recruiter.png]
[creativelayers.net/themes/superio/images/resource/company-logo/3-7.png]
[creativelayers.net/themes/superio/images/resource/company-logo/3-8.png]
[creativelayers.net/themes/superio/images/resource/jobseeker.png]
[creativelayers.net/themes/superio/images/resource/company-6.png]
[creativelayers.net/themes/superio/images/icons/apple-2.png]
[creativelayers.net/themes/superio/images/icons/google-2.png]
[creativelayers.net/themes/superio/index-8.html]
[creativelayers.net/themes/superio/images/background/7.jpg]
[creativelayers.net/themes/superio/images/resource/steps-img.png]
[creativelayers.net/themes/superio/images/background/8.png]
[creativelayers.net/themes/superio/images/background/9.png]
[creativelayers.net/themes/superio/index-9.html]
[creativelayers.net/themes/superio/images/background/10.jpg]
[creativelayers.net/themes/superio/images/resource/employ.png]
[creativelayers.net/themes/superio/images/resource/candidate.png]
[creativelayers.net/themes/superio/images/background/11.png]
[creativelayers.net/themes/superio/images/resource/news-3-5.png]
[creativelayers.net/themes/superio/images/resource/news-3-1.png]
[creativelayers.net/themes/superio/images/resource/news-3-2.png]
[creativelayers.net/themes/superio/images/resource/news-3-3.png]
[creativelayers.net/themes/superio/images/resource/news-3-4.png]
[creativelayers.net/themes/superio/index-10.html]
[creativelayers.net/themes/superio/images/index-11/header/image.png]
[creativelayers.net/themes/superio/images/index-11/shapes/1.png]
[creativelayers.net/themes/superio/images/index-11/text/image-1.png]
[creativelayers.net/themes/superio/images/index-11/text/image-2.png]
[creativelayers.net/themes/superio/images/index-11/shapes/2.png]
[creativelayers.net/themes/superio/images/resource/company-logo/1-7.png]
[creativelayers.net/themes/superio/images/resource/company-logo/1-8.png]
[creativelayers.net/themes/superio/images/resource/company-logo/1-9.png]
[creativelayers.net/themes/superio/images/index-11/shapes/3.png]
[creativelayers.net/themes/superio/images/index-11/download/1.png]
[creativelayers.net/themes/superio/images/index-11/pricing/1.png]
[creativelayers.net/themes/superio/images/index-11/pricing/2.png]
[creativelayers.net/themes/superio/images/index-11/pricing/3.png]
[creativelayers.net/themes/superio/images/index-11/pricing/4.png]
[creativelayers.net/themes/superio/images/index-11/footer/1.png]
[creativelayers.net/themes/superio/index-11.html]
[creativelayers.net/themes/superio/images/index-12/header/bg.png]
[creativelayers.net/themes/superio/images/index-12/header/image.png]
[creativelayers.net/themes/superio/images/index-12/images/1.png]
[creativelayers.net/themes/superio/images/index-12/images/2.png]
[creativelayers.net/themes/superio/images/index-12/images/3.png]
[creativelayers.net/themes/superio/images/index-12/steps/1.png]
[creativelayers.net/themes/superio/images/index-12/steps/2.png]
[creativelayers.net/themes/superio/images/index-12/steps/3.png]
[creativelayers.net/themes/superio/images/index-12/candidates/1.png]
[creativelayers.net/themes/superio/images/index-12/candidates/2.png]
[creativelayers.net/themes/superio/images/index-12/candidates/3.png]
[creativelayers.net/themes/superio/images/index-12/candidates/4.png]
[creativelayers.net/themes/superio/images/index-12/candidates/5.png]
[creativelayers.net/themes/superio/images/index-12/testimonials/1.png]
[creativelayers.net/themes/superio/images/index-12/testimonials/2.png]
[creativelayers.net/themes/superio/images/index-12/testimonials/3.png]
[creativelayers.net/themes/superio/images/index-12/news/1.png]
[creativelayers.net/themes/superio/images/index-12/news/2.png]
[creativelayers.net/themes/superio/images/index-12/news/3.png]
[creativelayers.net/themes/superio/images/index-12/news/4.png]
[creativelayers.net/themes/superio/images/index-12/subs/bg.png]
[creativelayers.net/themes/superio/index-12.html]
[creativelayers.net/themes/superio/images/index-13/header/2.png]
[creativelayers.net/themes/superio/images/index-13/images/1.png]
[creativelayers.net/themes/superio/images/index-13/banner/bg-1.png]
[creativelayers.net/themes/superio/images/index-13/banner/bg-2.png]
[creativelayers.net/themes/superio/images/index-13/cta/bg.png]
[creativelayers.net/themes/superio/images/index-13/cta/1.png]
[creativelayers.net/themes/superio/index-13.html]
[creativelayers.net/themes/superio/images/index-14/header/1.png]
[creativelayers.net/themes/superio/images/index-14/header/2.png]
[creativelayers.net/themes/superio/images/index-14/header/3.png]
[creativelayers.net/themes/superio/images/index-14/header/4.png]
[creativelayers.net/themes/superio/images/index-14/jobs/logos.png]
[creativelayers.net/themes/superio/images/index-14/images/1.png]
[creativelayers.net/themes/superio/images/index-14/testimonials/1.png]
[creativelayers.net/themes/superio/images/index-14/testimonials/2.png]
[creativelayers.net/themes/superio/images/index-14/testimonials/3.png]
[creativelayers.net/themes/superio/images/index-14/images/2.png]
[creativelayers.net/themes/superio/index-14.html]
[creativelayers.net/themes/superio/images/index-15/header/bg.png]
[creativelayers.net/themes/superio/images/index-15/cta/bg.png]
[creativelayers.net/themes/superio/images/index-15/cities/1.png]
[creativelayers.net/themes/superio/images/index-15/cities/2.png]
[creativelayers.net/themes/superio/images/index-15/cities/3.png]
[creativelayers.net/themes/superio/images/index-15/cities/4.png]
[creativelayers.net/themes/superio/images/index-15/cta-2/bg.png]
[creativelayers.net/themes/superio/images/index-15/cta-2/1.png]
[creativelayers.net/themes/superio/images/index-15/app/1.png]
[creativelayers.net/themes/superio/index-15.html]
[creativelayers.net/themes/superio/images/index-16/header/bg.png]
[creativelayers.net/themes/superio/images/index-16/cta/bg.png]
[creativelayers.net/themes/superio/images/index-16/cta-2/bg.png]
[creativelayers.net/themes/superio/index-16.html]
[creativelayers.net/themes/superio/images/index-17/header/bg.png]
[creativelayers.net/themes/superio/images/index-17/header/1.png]
[creativelayers.net/themes/superio/images/index-17/images/1.png]
[creativelayers.net/themes/superio/images/index-17/images/2.png]
[creativelayers.net/themes/superio/images/index-17/images/3.png]
[creativelayers.net/themes/superio/images/index-17/jobs/bg.png]
[creativelayers.net/themes/superio/images/index-17/cta/bg.png]
[creativelayers.net/themes/superio/index-17.html]
[creativelayers.net/themes/superio/images/index-18/banner-1.png]
[creativelayers.net/themes/superio/images/index-20/company-logo-2.png]
[creativelayers.net/themes/superio/images/index-20/company-logo-1.png]
[creativelayers.net/themes/superio/images/index-20/company-logo-5.png]
[creativelayers.net/themes/superio/images/index-20/company-logo-3.png]
[creativelayers.net/themes/superio/images/index-20/company-logo-4.png]
[creativelayers.net/themes/superio/images/index-20/company-logo-7.png]
[creativelayers.net/themes/superio/images/index-22/home22-city-1.png]
[creativelayers.net/themes/superio/images/index-22/home22-city-2.png]
[creativelayers.net/themes/superio/images/index-22/home22-city-4.png]
[creativelayers.net/themes/superio/images/index-22/home22-city-5.png]
[creativelayers.net/themes/superio/images/index-22/home22-city-6.png]
[creativelayers.net/themes/superio/images/index-22/home22-city-7.png]
[creativelayers.net/themes/superio/images/index-18/about-1.jpg]
[creativelayers.net/themes/superio/images/index-18/testimonials-1.png]
[creativelayers.net/themes/superio/images/index-20/top-company-1.png]
[creativelayers.net/themes/superio/images/index-20/top-company-2.png]
[creativelayers.net/themes/superio/images/index-20/top-company-3.png]
[creativelayers.net/themes/superio/images/index-20/top-company-4.png]
[creativelayers.net/themes/superio/images/index-18/banner-2.png]
[creativelayers.net/themes/superio/images/index-21/blog-1.png]
[creativelayers.net/themes/superio/images/index-21/blog-2.png]
[creativelayers.net/themes/superio/index-18.html]
[creativelayers.net/themes/superio/images/index-19/hero-img-1.png]
[creativelayers.net/themes/superio/images/index-19/category-1.png]
[creativelayers.net/themes/superio/images/index-19/category-2.png]
[creativelayers.net/themes/superio/images/index-19/category-3.png]
[creativelayers.net/themes/superio/images/index-19/category-4.png]
[creativelayers.net/themes/superio/images/index-19/category-5.png]
[creativelayers.net/themes/superio/images/index-19/category-6.png]
[creativelayers.net/themes/superio/images/index-19/about-1.png]
[creativelayers.net/themes/superio/images/index-22/cta-1.png]
[creativelayers.net/themes/superio/images/index-19/testi-1.png]
[creativelayers.net/themes/superio/images/index-19/testi-2.png]
[creativelayers.net/themes/superio/images/index-19/testi-3.png]
[creativelayers.net/themes/superio/images/index-19/testi-4.png]
[creativelayers.net/themes/superio/images/index-19/testi-5.png]
[creativelayers.net/themes/superio/images/index-21/about-1.png]
[creativelayers.net/themes/superio/images/index-21/apple.png]
[creativelayers.net/themes/superio/images/index-21/google.png]
[creativelayers.net/themes/superio/index-19.html]
[creativelayers.net/themes/superio/images/index-20/hero-apple.png]
[creativelayers.net/themes/superio/images/index-20/hero-amazon.png]
[creativelayers.net/themes/superio/images/index-20/hero-tesla.png]
[creativelayers.net/themes/superio/images/index-20/hero-tumbl.png]
[creativelayers.net/themes/superio/images/index-20/hero-feed.png]
[creativelayers.net/themes/superio/images/index-20/hero-visa.png]
[creativelayers.net/themes/superio/images/index-20/company-logo-6.png]
[creativelayers.net/themes/superio/images/index-22/client-1.png]
[creativelayers.net/themes/superio/images/index-22/client-2.png]
[creativelayers.net/themes/superio/images/index-22/client-3.png]
[creativelayers.net/themes/superio/images/index-22/client-4.png]
[creativelayers.net/themes/superio/images/index-22/client-5.png]
[creativelayers.net/themes/superio/images/index-22/client-6.png]
[creativelayers.net/themes/superio/images/index-20/newslatter-img-1.png]
[creativelayers.net/themes/superio/index-20.html]
[creativelayers.net/themes/superio/images/index-21/home21-hero-peoples.png]
[creativelayers.net/themes/superio/images/index-21/usa-job-1.png]
[creativelayers.net/themes/superio/images/index-21/usa-job-2.png]
[creativelayers.net/themes/superio/images/index-21/usa-job-3.png]
[creativelayers.net/themes/superio/images/index-21/usa-job-4.png]
[creativelayers.net/themes/superio/images/index-21/usa-job-5.png]
[creativelayers.net/themes/superio/images/index-21/usa-job-6.png]
[creativelayers.net/themes/superio/images/index-21/company-logos.png]
[creativelayers.net/themes/superio/images/index-21/icon-logo-1.png]
[creativelayers.net/themes/superio/images/index-21/icon-logo-2.png]
[creativelayers.net/themes/superio/images/index-21/icon-logo-3.png]
[creativelayers.net/themes/superio/images/index-21/quote.png]
[creativelayers.net/themes/superio/images/index-21/about-2.png]
[creativelayers.net/themes/superio/index-21.html]
[creativelayers.net/themes/superio/images/index-22/home22-hero-img1.png]
[creativelayers.net/themes/superio/images/index-22/home22-banner-1.png]
[creativelayers.net/themes/superio/images/index-22/home22-banner-2.png]
[creativelayers.net/themes/superio/images/index-22/home22-img-3.png]
[creativelayers.net/themes/superio/images/index-22/cta-2.png]
[creativelayers.net/themes/superio/images/index-22/home22-video-img1.jpg]
[creativelayers.net/themes/superio/images/index-22/home22-banner-3.png]
[creativelayers.net/themes/superio/images/index-22/home22-city-3.png]
[creativelayers.net/themes/superio/images/index-22/home22-city-8.png]
[creativelayers.net/themes/superio/images/index-22/newslatter-img-1.png]
[creativelayers.net/themes/superio/index-22.html]
[creativelayers.net/themes/superio/images/resource/ads-bg-4.png]
[creativelayers.net/themes/superio/job-list-v1.html]
[creativelayers.net/themes/superio/job-list-v2.html]
[creativelayers.net/themes/superio/job-list-v3.html]
[creativelayers.net/themes/superio/job-list-v4.html]
[creativelayers.net/themes/superio/job-list-v5.html]
[creativelayers.net/themes/superio/job-list-v6.html]
[creativelayers.net/themes/superio/job-list-v7.html]
[creativelayers.net/themes/superio/job-list-v8.html]
[creativelayers.net/themes/superio/job-list-v9.html]
[creativelayers.net/themes/superio/job-list-v10.html]
[creativelayers.net/themes/superio/job-list-v11.html]
[creativelayers.net/themes/superio/js/jquery-ui.min.js]
[creativelayers.net/themes/superio/js/infobox.min.js]
[creativelayers.net/themes/superio/js/markerclusterer.js]
[creativelayers.net/themes/superio/js/maps.js]
[creativelayers.net/themes/superio/job-list-v12.html]
[creativelayers.net/themes/superio/job-list-v13.html]
[creativelayers.net/themes/superio/job-list-v14.html]
[creativelayers.net/themes/superio/job-list-v15.html]
[creativelayers.net/themes/superio/job-list-v16.html]
[creativelayers.net/themes/superio/job-list-v17.html]
[creativelayers.net/themes/superio/images/resource/company-logo/5-1.png]
[creativelayers.net/themes/superio/images/resource/company-7.png]
[creativelayers.net/themes/superio/js/map-script.js]
[creativelayers.net/themes/superio/job-single.html]
[creativelayers.net/themes/superio/job-single-2.html]
[creativelayers.net/themes/superio/job-single-3.html]
[creativelayers.net/themes/superio/images/resource/job-post-img.jpg]
[creativelayers.net/themes/superio/job-single-4.html]
[creativelayers.net/themes/superio/job-single-5.html]
[creativelayers.net/themes/superio/images/resource/portfolio-1.jpg]
[creativelayers.net/themes/superio/images/resource/portfolio-2.jpg]
[creativelayers.net/themes/superio/images/resource/portfolio-3.jpg]
[creativelayers.net/themes/superio/images/resource/portfolio-4.jpg]
[creativelayers.net/themes/superio/images/resource/video-img.jpg]
[creativelayers.net/themes/superio/job-single-6.html]
[creativelayers.net/themes/superio/job-single-7.html]
[creativelayers.net/themes/superio/images/resource/company-logo/6-1.png]
[creativelayers.net/themes/superio/images/resource/company-logo/6-2.png]
[creativelayers.net/themes/superio/images/resource/company-logo/6-3.png]
[creativelayers.net/themes/superio/images/resource/company-logo/6-4.png]
[creativelayers.net/themes/superio/images/resource/company-logo/6-5.png]
[creativelayers.net/themes/superio/images/resource/company-logo/6-6.png]
[creativelayers.net/themes/superio/images/resource/company-logo/6-7.png]
[creativelayers.net/themes/superio/images/resource/company-logo/6-8.png]
[creativelayers.net/themes/superio/employers-list-v1.html]
[creativelayers.net/themes/superio/images/resource/company-logo/6-9.png]
[creativelayers.net/themes/superio/employers-list-v2.html]
[creativelayers.net/themes/superio/images/resource/company-logo/6-10.png]
[creativelayers.net/themes/superio/images/resource/company-logo/6-11.png]
[creativelayers.net/themes/superio/images/resource/company-logo/6-12.png]
[creativelayers.net/themes/superio/employers-list-v3.html]
[creativelayers.net/themes/superio/employers-list-v4.html]
[creativelayers.net/themes/superio/images/resource/employers-single-1.png]
[creativelayers.net/themes/superio/images/resource/employers-single-2.png]
[creativelayers.net/themes/superio/images/resource/employers-single-3.png]
[creativelayers.net/themes/superio/images/resource/employers-single-4.png]
[creativelayers.net/themes/superio/employers-single-v1.html]
[creativelayers.net/themes/superio/employers-single-v2.html]
[creativelayers.net/themes/superio/employers-single-v3.html]
[creativelayers.net/themes/superio/dashboard-company-profile.html]
[creativelayers.net/themes/superio/dashboard-manage-job.html]
[creativelayers.net/themes/superio/dashboard-applicants.html]
[creativelayers.net/themes/superio/dashboard-resumes.html]
[creativelayers.net/themes/superio/dashboard-packages.html]
[creativelayers.net/themes/superio/dashboard-messages.html]
[creativelayers.net/themes/superio/dashboard-resume-alerts.html]
[creativelayers.net/themes/superio/dashboard-change-password.html]
[creativelayers.net/themes/superio/dashboard.html]
[creativelayers.net/themes/superio/js/chart.min.js]
[creativelayers.net/themes/superio/images/resource/candidate-5.png]
[creativelayers.net/themes/superio/images/resource/candidate-6.png]
[creativelayers.net/themes/superio/images/resource/candidate-7.png]
[creativelayers.net/themes/superio/images/resource/candidate-8.png]
[creativelayers.net/themes/superio/images/resource/candidate-9.png]
[creativelayers.net/themes/superio/candidates-list-v1.html]
[creativelayers.net/themes/superio/candidates-list-v2.html]
[creativelayers.net/themes/superio/candidates-list-v3.html]
[creativelayers.net/themes/superio/candidates-list-v4.html]
[creativelayers.net/themes/superio/candidates-list-v5.html]
[creativelayers.net/themes/superio/candidates-list-v6.html]
[creativelayers.net/themes/superio/candidates-list-v7.html]
[creativelayers.net/themes/superio/candidates-single-v1.html]
[creativelayers.net/themes/superio/candidates-single-v2.html]
[creativelayers.net/themes/superio/candidates-single-v3.html]
[creativelayers.net/themes/superio/images/resource/candidate-1-v4.png]
[creativelayers.net/themes/superio/candidates-single-v4.html]
[creativelayers.net/themes/superio/candidates-single-v5.html]
[creativelayers.net/themes/superio/candidate-dashboard-profile.html]
[creativelayers.net/themes/superio/candidate-dashboard-resume.html]
[creativelayers.net/themes/superio/candidate-dashboard-applied-job.html]
[creativelayers.net/themes/superio/candidate-dashboard-job-alerts.html]
[creativelayers.net/themes/superio/candidate-dashboard-shortlisted-resume.html]
[creativelayers.net/themes/superio/js/knob.js]
[creativelayers.net/themes/superio/candidate-dashboard.html]
[creativelayers.net/themes/superio/images/resource/news-4.jpg]
[creativelayers.net/themes/superio/images/resource/news-5.jpg]
[creativelayers.net/themes/superio/images/resource/news-6.jpg]
[creativelayers.net/themes/superio/images/resource/post-thumb-1.png]
[creativelayers.net/themes/superio/images/resource/post-thumb-2.png]
[creativelayers.net/themes/superio/images/resource/post-thumb-3.png]
[creativelayers.net/themes/superio/blog-list-v1.html]
[creativelayers.net/themes/superio/images/resource/blog-list-1.png]
[creativelayers.net/themes/superio/images/resource/blog-list-2.png]
[creativelayers.net/themes/superio/images/resource/blog-list-3.png]
[creativelayers.net/themes/superio/images/resource/blog-list-4.png]
[creativelayers.net/themes/superio/images/resource/blog-list-5.png]
[creativelayers.net/themes/superio/blog-list-v2.html]
[creativelayers.net/themes/superio/blog-list-v3.html]
[creativelayers.net/themes/superio/images/resource/thumb-1.png]
[creativelayers.net/themes/superio/images/resource/blog-single.jpg]
[creativelayers.net/themes/superio/images/resource/post-img.jpg]
[creativelayers.net/themes/superio/images/resource/avatar-1.jpg]
[creativelayers.net/themes/superio/images/resource/avatar-2.jpg]
[creativelayers.net/themes/superio/blog-single.html]
[creativelayers.net/themes/superio/images/resource/products/1.png]
[creativelayers.net/themes/superio/images/resource/products/2.png]
[creativelayers.net/themes/superio/images/resource/products/3.png]
[creativelayers.net/themes/superio/images/resource/products/4.png]
[creativelayers.net/themes/superio/images/resource/products/5.png]
[creativelayers.net/themes/superio/images/resource/products/6.png]
[creativelayers.net/themes/superio/images/resource/products/7.png]
[creativelayers.net/themes/superio/images/resource/products/8.png]
[creativelayers.net/themes/superio/images/resource/products/9.png]
[creativelayers.net/themes/superio/images/resource/products/10.png]
[creativelayers.net/themes/superio/images/resource/products/11.png]
[creativelayers.net/themes/superio/images/resource/products/12.png]
[creativelayers.net/themes/superio/shop.html]
[creativelayers.net/themes/superio/images/resource/products/shop-single.jpg]
[creativelayers.net/themes/superio/shop-single.html]
[creativelayers.net/themes/superio/images/resource/products/cart-img.png]
[creativelayers.net/themes/superio/shopping-cart.html]
[creativelayers.net/themes/superio/images/icons/paypal.png]
[creativelayers.net/themes/superio/shop-checkout.html]
[creativelayers.net/themes/superio/order-completed.html]
[creativelayers.net/themes/superio/js/select2.min.js]
[creativelayers.net/themes/superio/images/background/12.jpg]
[creativelayers.net/themes/superio/login.html]
[creativelayers.net/themes/superio/register.html]
[creativelayers.net/themes/superio/images/resource/about-img-1.jpg]
[creativelayers.net/themes/superio/images/resource/about-img-2.jpg]
[creativelayers.net/themes/superio/images/resource/about-img-3.jpg]
[creativelayers.net/themes/superio/images/resource/about-img-4.jpg]
[creativelayers.net/themes/superio/images/resource/about-img-5.jpg]
[creativelayers.net/themes/superio/images/resource/about-img-6.jpg]
[creativelayers.net/themes/superio/about.html]
[creativelayers.net/themes/superio/pricing.html]
[creativelayers.net/themes/superio/faqs.html]
[creativelayers.net/themes/superio/terms.html]
[creativelayers.net/themes/superio/invoice.html]
[creativelayers.net/themes/superio/elements.html]
[creativelayers.net/themes/superio/contact.html]
[creativelayers.net/themes/superio/add-listing.html]
[creativelayers.net/themes/superio/candidate-dashboard-cv-manager.html]
[creativelayers.net/themes/superio/register-popup.html]
[creativelayers.net/themes/superio/login-popup.html]
[creativelayers.net/themes/superio/dashboard-post-job.html]
[creativelayers.net/themes/superio/thebeehost@support.html]
[creativelayers.net/themes/superio/fonts/icomoon06c8.eot]
[creativelayers.net/themes/superio/fonts/icomoon06c8.ttf]
[creativelayers.net/themes/superio/fonts/icomoon06c8.woff]
[creativelayers.net/themes/superio/css/icons.css]
[creativelayers.net/themes/superio/fonts/Flaticon.eot]
[creativelayers.net/themes/superio/fonts/Flaticond41d.eot]
[creativelayers.net/themes/superio/fonts/Flaticon.woff2]
[creativelayers.net/themes/superio/fonts/Flaticon.woff]
[creativelayers.net/themes/superio/fonts/Flaticon.ttf]
[creativelayers.net/themes/superio/css/flaticon.css]
[creativelayers.net/themes/superio/fonts/webfonts/fa-brands-400.woff2]
[creativelayers.net/themes/superio/fonts/webfonts/fa-brands-400.woff]
[creativelayers.net/themes/superio/fonts/webfonts/fa-brands-400.ttf]
[creativelayers.net/themes/superio/fonts/webfonts/fa-duotone-900.woff2]
[creativelayers.net/themes/superio/fonts/webfonts/fa-duotone-900.woff]
[creativelayers.net/themes/superio/fonts/webfonts/fa-duotone-900.ttf]
[creativelayers.net/themes/superio/fonts/webfonts/fa-light-300.woff2]
[creativelayers.net/themes/superio/fonts/webfonts/fa-light-300.woff]
[creativelayers.net/themes/superio/fonts/webfonts/fa-light-300.ttf]
[creativelayers.net/themes/superio/fonts/webfonts/fa-regular-400.woff2]
[creativelayers.net/themes/superio/fonts/webfonts/fa-regular-400.woff]
[creativelayers.net/themes/superio/fonts/webfonts/fa-regular-400.ttf]
[creativelayers.net/themes/superio/fonts/webfonts/fa-solid-900.woff2]
[creativelayers.net/themes/superio/fonts/webfonts/fa-solid-900.woff]
[creativelayers.net/themes/superio/fonts/webfonts/fa-solid-900.ttf]
[creativelayers.net/themes/superio/fonts/webfonts/fa-thin-100.woff2]
[creativelayers.net/themes/superio/fonts/webfonts/fa-thin-100.woff]
[creativelayers.net/themes/superio/fonts/webfonts/fa-thin-100.ttf]
[creativelayers.net/themes/superio/css/fontawesome.css]
[creativelayers.net/themes/superio/css/animate.css]
[creativelayers.net/themes/superio/css/owl.css]
[creativelayers.net/themes/superio/css/images/ui-icons_444444_256x240.png]
[creativelayers.net/themes/superio/css/images/ui-icons_555555_256x240.png]
[creativelayers.net/themes/superio/css/jquery-ui.min.css]
[creativelayers.net/themes/superio/css/select2.min.css]
[creativelayers.net/themes/superio/css/jquery.modal.min.css]
[creativelayers.net/themes/superio/css/chosen.css]
[creativelayers.net/themes/superio/fonts/la-brands-400.eot]
[creativelayers.net/themes/superio/fonts/la-brands-400d41d.eot]
[creativelayers.net/themes/superio/fonts/la-brands-400.woff2]
[creativelayers.net/themes/superio/fonts/la-brands-400.woff]
[creativelayers.net/themes/superio/fonts/la-brands-400.ttf]
[creativelayers.net/themes/superio/fonts/la-regular-400.eot]
[creativelayers.net/themes/superio/fonts/la-regular-400d41d.eot]
[creativelayers.net/themes/superio/fonts/la-regular-400.woff2]
[creativelayers.net/themes/superio/fonts/la-regular-400.woff]
[creativelayers.net/themes/superio/fonts/la-regular-400.ttf]
[creativelayers.net/themes/superio/fonts/la-solid-900.eot]
[creativelayers.net/themes/superio/fonts/la-solid-900d41d.eot]
[creativelayers.net/themes/superio/fonts/la-solid-900.woff2]
[creativelayers.net/themes/superio/fonts/la-solid-900.woff]
[creativelayers.net/themes/superio/fonts/la-solid-900.ttf]
[creativelayers.net/themes/superio/css/line-awesome.css]
[creativelayers.net/themes/superio/css/mmenu.css]
[creativelayers.net/themes/superio/css/jquery.fancybox.min.css]
[creativelayers.net/themes/superio/images/icons/icon-calendar.svg]
[creativelayers.net/themes/superio/images/icons/icon-expiry.svg]
[creativelayers.net/themes/superio/images/icons/icon-location.svg]
[creativelayers.net/themes/superio/images/icons/icon-user-2.svg]
[creativelayers.net/themes/superio/images/icons/icon-clock.svg]
[creativelayers.net/themes/superio/images/icons/icon-rate.svg]
[creativelayers.net/themes/superio/images/icons/icon-salary.svg]
[creativelayers.net/themes/superio/images/icons/icon-language.svg]
[creativelayers.net/themes/superio/images/icons/icon-degree.svg]
[creativelayers.net/themes/superio/images/icons/user.svg]
[creativelayers.net/themes/superio/css/images/resource/company-logo/3-1.html]
[creativelayers.net/themes/superio/images/icons/filter.svg]
[creativelayers.net/themes/superio/images/index-13/footer/bg.svg]
[creativelayers.net/themes/superio/images/logo-2.svg]
[creativelayers.net/themes/superio/images/logo-3.svg]
[creativelayers.net/themes/superio/images/index-11/clients/1.svg]
[creativelayers.net/themes/superio/images/index-11/clients/2.svg]
[creativelayers.net/themes/superio/images/index-11/clients/3.svg]
[creativelayers.net/themes/superio/images/index-11/clients/4.svg]
[creativelayers.net/themes/superio/images/index-11/clients/5.svg]
[creativelayers.net/themes/superio/images/index-11/clients/6.svg]
[creativelayers.net/themes/superio/images/index-11/clients/7.svg]
[creativelayers.net/themes/superio/images/index-12/icons/1.svg]
[creativelayers.net/themes/superio/images/index-12/icons/2.svg]
[creativelayers.net/themes/superio/images/index-13/pricing/1.svg]
[creativelayers.net/themes/superio/images/index-13/pricing/2.svg]
[creativelayers.net/themes/superio/images/index-13/pricing/3.svg]
[creativelayers.net/themes/superio/images/index-13/cta/1.svg]
[creativelayers.net/themes/superio/images/index-13/cta/2.svg]
[creativelayers.net/themes/superio/images/index-14/icons/1.svg]
[creativelayers.net/themes/superio/images/index-14/icons/2.svg]
[creativelayers.net/themes/superio/images/index-14/icons/3.svg]
[creativelayers.net/themes/superio/images/index-14/icons/4.svg]
[creativelayers.net/themes/superio/images/logo-green-light.svg]
[creativelayers.net/themes/superio/images/logo-dark-blue.svg]
[creativelayers.net/themes/superio/images/index-21/footer-logo.svg]
[creativelayers.net/themes/superio/images/index-21/header-logo.svg]
[creativelayers.net/themes/superio/dashboard-company-profile.html]
[creativelayers.net/themes/superio/dashboard-manage-job.html]
[creativelayers.net/themes/superio/dashboard-applicants.html]
[creativelayers.net/themes/superio/dashboard-resumes.html]
[creativelayers.net/themes/superio/dashboard-packages.html]
[creativelayers.net/themes/superio/dashboard-messages.html]
[creativelayers.net/themes/superio/dashboard-resume-alerts.html]
[creativelayers.net/themes/superio/dashboard-change-password.html]
[creativelayers.net/themes/superio/candidate-dashboard-profile.html]
[creativelayers.net/themes/superio/candidate-dashboard-resume.html]
[creativelayers.net/themes/superio/candidate-dashboard-applied-job.html]
[creativelayers.net/themes/superio/candidate-dashboard-job-alerts.html]
[creativelayers.net/themes/superio/candidate-dashboard-shortlisted-resume.html]
[creativelayers.net/themes/superio/dashboard-profile.html]
[creativelayers.net/themes/superio/dashboard-delete.html]
[creativelayers.net/themes/superio/invoice@superio.html]
[creativelayers.net/themes/superio/images/icons/placeholder.svg]
[creativelayers.net/themes/superio/images/icons/smartphone.svg]
[creativelayers.net/themes/superio/images/icons/letter.svg]
[creativelayers.net/themes/superio/register-popup.html]
[creativelayers.net/themes/superio/fonts/icomoon06c8.svg]
[creativelayers.net/themes/superio/fonts/Flaticon.svg]
[creativelayers.net/themes/superio/css/owl.video.play.html]
[creativelayers.net/themes/superio/css/images/ui-icons_ffffff_256x240.html]
[creativelayers.net/themes/superio/css/images/ui-icons_777620_256x240.html]
[creativelayers.net/themes/superio/css/images/ui-icons_cc0000_256x240.html]
[creativelayers.net/themes/superio/css/images/ui-icons_777777_256x240.html]
[creativelayers.net/themes/superio/fonts/la-brands-400.svg]
[creativelayers.net/themes/superio/fonts/la-regular-400.svg]
[creativelayers.net/themes/superio/fonts/la-solid-900.svg]
