[unicktheme.com/2025/reroof/main-html/index.html]
[backblue.gif]
[fade.gif]
[index.html]
[unicktheme.com/2025/reroof/main-html/assets/images/favicons/apple-touch-icon.png]
[unicktheme.com/2025/reroof/main-html/assets/images/favicons/favicon-32x32.png]
[unicktheme.com/2025/reroof/main-html/assets/images/favicons/favicon-16x16.png]
[unicktheme.com/2025/reroof/main-html/assets/images/favicons/site.webmanifest]
[unicktheme.com/2025/reroof/main-html/assets/css/bootstrap.min.css]
[unicktheme.com/2025/reroof/main-html/assets/css/animate.min.css]
[unicktheme.com/2025/reroof/main-html/assets/css/custom-animate.css]
[unicktheme.com/2025/reroof/main-html/assets/css/swiper.min.css]
[unicktheme.com/2025/reroof/main-html/assets/css/font-awesome-all.css]
[unicktheme.com/2025/reroof/main-html/assets/css/jarallax.css]
[unicktheme.com/2025/reroof/main-html/assets/css/jquery.magnific-popup.css]
[unicktheme.com/2025/reroof/main-html/assets/css/flaticon.css]
[unicktheme.com/2025/reroof/main-html/assets/css/owl.carousel.min.css]
[unicktheme.com/2025/reroof/main-html/assets/css/owl.theme.default.min.css]
[unicktheme.com/2025/reroof/main-html/assets/css/nice-select.css]
[unicktheme.com/2025/reroof/main-html/assets/css/jquery-ui.css]
[unicktheme.com/2025/reroof/main-html/assets/css/aos.css]
[unicktheme.com/2025/reroof/main-html/assets/css/module-css/slider.css]
[unicktheme.com/2025/reroof/main-html/assets/css/module-css/footer.css]
[unicktheme.com/2025/reroof/main-html/assets/css/module-css/brand.css]
[unicktheme.com/2025/reroof/main-html/assets/css/module-css/services.css]
[unicktheme.com/2025/reroof/main-html/assets/css/module-css/about.css]
[unicktheme.com/2025/reroof/main-html/assets/css/module-css/why-choose.css]
[unicktheme.com/2025/reroof/main-html/assets/css/module-css/portfolio.css]
[unicktheme.com/2025/reroof/main-html/assets/css/module-css/testimonial.css]
[unicktheme.com/2025/reroof/main-html/assets/css/module-css/blog.css]
[unicktheme.com/2025/reroof/main-html/assets/css/module-css/newsletter.css]
[unicktheme.com/2025/reroof/main-html/assets/css/module-css/features.css]
[unicktheme.com/2025/reroof/main-html/assets/css/module-css/working-process.css]
[unicktheme.com/2025/reroof/main-html/assets/css/module-css/team.css]
[unicktheme.com/2025/reroof/main-html/assets/css/module-css/faq.css]
[unicktheme.com/2025/reroof/main-html/assets/css/style.css]
[unicktheme.com/2025/reroof/main-html/assets/css/responsive.css]
[unicktheme.com/2025/reroof/main-html/assets/images/resources/logo-1.png]
[unicktheme.com/2025/reroof/main-html/index2.html]
[unicktheme.com/2025/reroof/main-html/index-dark.html]
[unicktheme.com/2025/reroof/main-html/index-one-page.html]
[unicktheme.com/2025/reroof/main-html/index2-one-page.html]
[unicktheme.com/2025/reroof/main-html/about.html]
[unicktheme.com/2025/reroof/main-html/service.html]
[unicktheme.com/2025/reroof/main-html/flashing-repairs.html]
[unicktheme.com/2025/reroof/main-html/inspections-installations.html]
[unicktheme.com/2025/reroof/main-html/roof-masters.html]
[unicktheme.com/2025/reroof/main-html/chimney-flashing.html]
[unicktheme.com/2025/reroof/main-html/roof-insulation-services.html]
[unicktheme.com/2025/reroof/main-html/roof-genius.html]
[unicktheme.com/2025/reroof/main-html/team.html]
[unicktheme.com/2025/reroof/main-html/project.html]
[unicktheme.com/2025/reroof/main-html/project-details.html]
[unicktheme.com/2025/reroof/main-html/coming-soon.html]
[unicktheme.com/2025/reroof/main-html/products.html]
[unicktheme.com/2025/reroof/main-html/product-details.html]
[unicktheme.com/2025/reroof/main-html/cart.html]
[unicktheme.com/2025/reroof/main-html/checkout.html]
[unicktheme.com/2025/reroof/main-html/wishlist.html]
[unicktheme.com/2025/reroof/main-html/sign-up.html]
[unicktheme.com/2025/reroof/main-html/login.html]
[unicktheme.com/2025/reroof/main-html/blog.html]
[unicktheme.com/2025/reroof/main-html/blog-details.html]
[unicktheme.com/2025/reroof/main-html/contact.html]
[unicktheme.com/2025/reroof/main-html/assets/images/backgrounds/main-slider-v1-img1.jpg]
[unicktheme.com/2025/reroof/main-html/assets/images/backgrounds/main-slider-v1-img2.jpg]
[unicktheme.com/2025/reroof/main-html/assets/images/backgrounds/main-slider-v1-img3.jpg]
[unicktheme.com/2025/reroof/main-html/assets/images/about/about-v1-img1.jpg]
[unicktheme.com/2025/reroof/main-html/assets/images/about/about-v1-img2.jpg]
[unicktheme.com/2025/reroof/main-html/assets/images/services/service-v1-img1.jpg]
[unicktheme.com/2025/reroof/main-html/assets/images/project/projects-v1-img1.jpg]
[unicktheme.com/2025/reroof/main-html/assets/images/project/projects-v1-img2.jpg]
[unicktheme.com/2025/reroof/main-html/assets/images/project/projects-v1-img3.jpg]
[unicktheme.com/2025/reroof/main-html/assets/images/project/projects-v1-img4.jpg]
[unicktheme.com/2025/reroof/main-html/assets/images/project/projects-v1-img5.jpg]
[unicktheme.com/2025/reroof/main-html/assets/images/project/projects-v1-img6.jpg]
[unicktheme.com/2025/reroof/main-html/assets/images/resources/work-process-v1-img1.jpg]
[unicktheme.com/2025/reroof/main-html/assets/images/resources/work-process-v1-img2.jpg]
[unicktheme.com/2025/reroof/main-html/assets/images/resources/work-process-v1-img3.jpg]
[unicktheme.com/2025/reroof/main-html/assets/images/resources/work-process-v1-img4.jpg]
[unicktheme.com/2025/reroof/main-html/assets/images/team/team-v1-img1.jpg]
[unicktheme.com/2025/reroof/main-html/assets/images/team/team-v1-img2.jpg]
[unicktheme.com/2025/reroof/main-html/assets/images/team/team-v1-img3.jpg]
[unicktheme.com/2025/reroof/main-html/assets/images/backgrounds/testimonials-v1-bg.jpg]
[unicktheme.com/2025/reroof/main-html/assets/images/testimonial/testimonials-v1-img4.jpg]
[unicktheme.com/2025/reroof/main-html/assets/images/testimonial/testimonials-v1-img1.jpg]
[unicktheme.com/2025/reroof/main-html/assets/images/shapes/testimonials-v1-shape1.png]
[unicktheme.com/2025/reroof/main-html/assets/images/testimonial/testimonials-v1-img2.jpg]
[unicktheme.com/2025/reroof/main-html/assets/images/testimonial/testimonials-v1-img3.jpg]
[unicktheme.com/2025/reroof/main-html/assets/images/blog/blog-v1-img1.jpg]
[unicktheme.com/2025/reroof/main-html/assets/images/blog/blog-v1-img2.jpg]
[unicktheme.com/2025/reroof/main-html/assets/images/blog/blog-v1-img3.jpg]
[unicktheme.com/2025/reroof/main-html/assets/images/pattern/site-footer-v1-pattern.png]
[unicktheme.com/2025/reroof/main-html/assets/images/resources/logo-2.png]
[unicktheme.com/2025/reroof/main-html/assets/images/resources/logo-4.png]
[unicktheme.com/2025/reroof/main-html/assets/js/jquery-3.6.0.min.js]
[unicktheme.com/2025/reroof/main-html/assets/js/bootstrap.bundle.min.js]
[unicktheme.com/2025/reroof/main-html/assets/js/jarallax.min.js]
[unicktheme.com/2025/reroof/main-html/assets/js/jquery.ajaxchimp.min.js]
[unicktheme.com/2025/reroof/main-html/assets/js/jquery.appear.min.js]
[unicktheme.com/2025/reroof/main-html/assets/js/swiper.min.js]
[unicktheme.com/2025/reroof/main-html/assets/js/jquery.magnific-popup.min.js]
[unicktheme.com/2025/reroof/main-html/assets/js/jquery.validate.min.js]
[unicktheme.com/2025/reroof/main-html/assets/js/wNumb.min.js]
[unicktheme.com/2025/reroof/main-html/assets/js/wow.js]
[unicktheme.com/2025/reroof/main-html/assets/js/isotope.js]
[unicktheme.com/2025/reroof/main-html/assets/js/owl.carousel.min.js]
[unicktheme.com/2025/reroof/main-html/assets/js/jquery-ui.js]
[unicktheme.com/2025/reroof/main-html/assets/js/jquery.nice-select.min.js]
[unicktheme.com/2025/reroof/main-html/assets/js/marquee.min.js]
[unicktheme.com/2025/reroof/main-html/assets/js/countdown.min.js]
[unicktheme.com/2025/reroof/main-html/assets/js/jquery.circleType.js]
[unicktheme.com/2025/reroof/main-html/assets/js/jquery.fittext.js]
[unicktheme.com/2025/reroof/main-html/assets/js/jquery.lettering.min.js]
[unicktheme.com/2025/reroof/main-html/assets/js/jquery-sidebar-content.js]
[unicktheme.com/2025/reroof/main-html/assets/js/aos.js]
[unicktheme.com/2025/reroof/main-html/assets/js/typed-2.0.11.js]
[unicktheme.com/2025/reroof/main-html/assets/js/gsap/gsap.js]
[unicktheme.com/2025/reroof/main-html/assets/js/gsap/ScrollTrigger.js]
[unicktheme.com/2025/reroof/main-html/assets/js/gsap/SplitText.js]
[unicktheme.com/2025/reroof/main-html/assets/js/script.js]
[unicktheme.com/2025/reroof/main-html/index.html]
[unicktheme.com/2025/reroof/main-html/assets/css/bootstrap.min.css]
[unicktheme.com/2025/reroof/main-html/assets/css/animate.min.css]
[unicktheme.com/2025/reroof/main-html/assets/css/custom-animate.css]
[unicktheme.com/2025/reroof/main-html/assets/css/swiper.min.css]
[unicktheme.com/2025/reroof/main-html/assets/fonts/fa-brands-400.eot]
[unicktheme.com/2025/reroof/main-html/assets/fonts/fa-brands-400d41d.eot]
[unicktheme.com/2025/reroof/main-html/assets/fonts/fa-brands-400.woff2]
[unicktheme.com/2025/reroof/main-html/assets/fonts/fa-brands-400.woff]
[unicktheme.com/2025/reroof/main-html/assets/fonts/fa-brands-400.ttf]
[unicktheme.com/2025/reroof/main-html/assets/fonts/fa-light-300.woff2]
[unicktheme.com/2025/reroof/main-html/assets/fonts/fa-light-300.woff]
[unicktheme.com/2025/reroof/main-html/assets/fonts/fa-regular-400.eot]
[unicktheme.com/2025/reroof/main-html/assets/fonts/fa-regular-400.woff2]
[unicktheme.com/2025/reroof/main-html/assets/fonts/fa-regular-400d41d.eot]
[unicktheme.com/2025/reroof/main-html/assets/fonts/fa-regular-400.woff]
[unicktheme.com/2025/reroof/main-html/assets/fonts/fa-solid-900.woff2]
[unicktheme.com/2025/reroof/main-html/assets/fonts/fa-solid-900.woff]
[unicktheme.com/2025/reroof/main-html/assets/css/font-awesome-all.css]
[unicktheme.com/2025/reroof/main-html/assets/css/jarallax.css]
[unicktheme.com/2025/reroof/main-html/assets/css/jquery.magnific-popup.css]
[unicktheme.com/2025/reroof/main-html/assets/fonts/icomoon78ed.eot]
[unicktheme.com/2025/reroof/main-html/assets/fonts/icomoon78ed.ttf]
[unicktheme.com/2025/reroof/main-html/assets/fonts/icomoon78ed.woff]
[unicktheme.com/2025/reroof/main-html/assets/css/flaticon.css]
[unicktheme.com/2025/reroof/main-html/assets/fonts/icomoon78ed.svg]
[unicktheme.com/2025/reroof/main-html/assets/css/owl.carousel.min.css]
[unicktheme.com/2025/reroof/main-html/assets/css/owl.theme.default.min.css]
[unicktheme.com/2025/reroof/main-html/assets/css/nice-select.css]
[unicktheme.com/2025/reroof/main-html/assets/css/images/ui-bg_highlight-soft_75_cccccc_1x100.png]
[unicktheme.com/2025/reroof/main-html/assets/css/images/ui-bg_glass_75_e6e6e6_1x400.png]
[unicktheme.com/2025/reroof/main-html/assets/css/images/ui-bg_glass_75_dadada_1x400.png]
[unicktheme.com/2025/reroof/main-html/assets/css/images/ui-bg_glass_65_ffffff_1x400.png]
[unicktheme.com/2025/reroof/main-html/assets/css/images/ui-bg_glass_55_fbf9ee_1x400.png]
[unicktheme.com/2025/reroof/main-html/assets/css/images/ui-bg_glass_95_fef1ec_1x400.png]
[unicktheme.com/2025/reroof/main-html/assets/css/images/ui-icons_222222_256x240.png]
[unicktheme.com/2025/reroof/main-html/assets/css/images/ui-icons_888888_256x240.png]
[unicktheme.com/2025/reroof/main-html/assets/css/images/ui-icons_454545_256x240.png]
[unicktheme.com/2025/reroof/main-html/assets/css/images/ui-icons_2e83ff_256x240.png]
[unicktheme.com/2025/reroof/main-html/assets/css/images/ui-icons_cd0a0a_256x240.png]
[unicktheme.com/2025/reroof/main-html/assets/css/jquery-ui.css]
[unicktheme.com/2025/reroof/main-html/assets/css/aos.css]
[unicktheme.com/2025/reroof/main-html/assets/css/module-css/slider.css]
[unicktheme.com/2025/reroof/main-html/assets/css/module-css/footer.css]
[unicktheme.com/2025/reroof/main-html/assets/css/module-css/brand.css]
[unicktheme.com/2025/reroof/main-html/assets/css/module-css/services.css]
[unicktheme.com/2025/reroof/main-html/assets/css/module-css/about.css]
[unicktheme.com/2025/reroof/main-html/assets/css/module-css/why-choose.css]
[unicktheme.com/2025/reroof/main-html/assets/css/module-css/process.html]
[unicktheme.com/2025/reroof/main-html/assets/css/module-css/portfolio.css]
[unicktheme.com/2025/reroof/main-html/assets/css/module-css/testimonial.css]
[unicktheme.com/2025/reroof/main-html/assets/css/module-css/pricing.html]
[unicktheme.com/2025/reroof/main-html/assets/css/module-css/blog.css]
[unicktheme.com/2025/reroof/main-html/assets/css/module-css/newsletter.css]
[unicktheme.com/2025/reroof/main-html/assets/css/module-css/features.css]
[unicktheme.com/2025/reroof/main-html/assets/css/module-css/working-process.css]
[unicktheme.com/2025/reroof/main-html/assets/css/module-css/team.css]
[unicktheme.com/2025/reroof/main-html/assets/css/module-css/faq.css]
[unicktheme.com/2025/reroof/main-html/assets/css/style.css]
[unicktheme.com/2025/reroof/main-html/assets/css/responsive.css]
[unicktheme.com/2025/reroof/main-html/assets/css/module-css/banner.css]
[unicktheme.com/2025/reroof/main-html/assets/css/module-css/counter.css]
[unicktheme.com/2025/reroof/main-html/assets/images/resources/logo-3.png]
[unicktheme.com/2025/reroof/main-html/assets/images/banner/banner-v1-img1.jpg]
[unicktheme.com/2025/reroof/main-html/assets/images/banner/banner-v1-img2.jpg]
[unicktheme.com/2025/reroof/main-html/assets/images/banner/banner-v1-img3.jpg]
[unicktheme.com/2025/reroof/main-html/assets/images/banner/banner-v1-img4.jpg]
[unicktheme.com/2025/reroof/main-html/assets/images/banner/banner-v1-img5.jpg]
[unicktheme.com/2025/reroof/main-html/assets/images/shapes/about-v2-shape2.png]
[unicktheme.com/2025/reroof/main-html/assets/images/shapes/about-v2-shape1.png]
[unicktheme.com/2025/reroof/main-html/assets/images/about/about-v2-img1.jpg]
[unicktheme.com/2025/reroof/main-html/assets/images/services/service-v2-img1.jpg]
[unicktheme.com/2025/reroof/main-html/assets/images/services/service-v2-img2.jpg]
[unicktheme.com/2025/reroof/main-html/assets/images/services/service-v2-img3.jpg]
[unicktheme.com/2025/reroof/main-html/assets/images/project/projects-v2-img1.jpg]
[unicktheme.com/2025/reroof/main-html/assets/images/project/projects-v2-img2.jpg]
[unicktheme.com/2025/reroof/main-html/assets/images/project/projects-v2-img3.jpg]
[unicktheme.com/2025/reroof/main-html/assets/images/project/projects-v2-img4.jpg]
[unicktheme.com/2025/reroof/main-html/assets/images/project/projects-v2-img5.jpg]
[unicktheme.com/2025/reroof/main-html/assets/images/brand/brand-1-1.png]
[unicktheme.com/2025/reroof/main-html/assets/images/brand/brand-1-2.png]
[unicktheme.com/2025/reroof/main-html/assets/images/brand/brand-1-3.png]
[unicktheme.com/2025/reroof/main-html/assets/images/brand/brand-1-4.png]
[unicktheme.com/2025/reroof/main-html/assets/images/brand/brand-1-5.png]
[unicktheme.com/2025/reroof/main-html/assets/images/testimonial/testimonials-v2-img1.jpg]
[unicktheme.com/2025/reroof/main-html/assets/images/testimonial/testimonials-v2-img2.jpg]
[unicktheme.com/2025/reroof/main-html/assets/images/testimonial/testimonials-v2-img3.jpg]
[unicktheme.com/2025/reroof/main-html/assets/images/blog/blog-v2-img1.jpg]
[unicktheme.com/2025/reroof/main-html/assets/images/blog/blog-v2-img2.jpg]
[unicktheme.com/2025/reroof/main-html/assets/images/blog/blog-v2-img3.jpg]
[unicktheme.com/2025/reroof/main-html/assets/images/resources/newsletter-v2-bg.jpg]
[unicktheme.com/2025/reroof/main-html/assets/images/pattern/site-footer-v2-pattern.png]
[unicktheme.com/2025/reroof/main-html/index2.html]
[unicktheme.com/2025/reroof/main-html/assets/css/dark.css]
[unicktheme.com/2025/reroof/main-html/index-dark.html]
[unicktheme.com/2025/reroof/main-html/index-one-page.html]
[unicktheme.com/2025/reroof/main-html/index2-one-page.html]
[unicktheme.com/2025/reroof/main-html/assets/css/module-css/page-header.css]
[unicktheme.com/2025/reroof/main-html/assets/images/backgrounds/page-header-bg.jpg]
[unicktheme.com/2025/reroof/main-html/assets/images/pattern/page-header-pattern.png]
[unicktheme.com/2025/reroof/main-html/assets/images/backgrounds/testimonials-v1-bg2.jpg]
[unicktheme.com/2025/reroof/main-html/about.html]
[unicktheme.com/2025/reroof/main-html/service.html]
[unicktheme.com/2025/reroof/main-html/assets/images/services/service-details-img1.jpg]
[unicktheme.com/2025/reroof/main-html/flashing-repairs.html]
[unicktheme.com/2025/reroof/main-html/assets/images/services/service-details-img2.jpg]
[unicktheme.com/2025/reroof/main-html/inspections-installations.html]
[unicktheme.com/2025/reroof/main-html/assets/images/services/service-details-img3.jpg]
[unicktheme.com/2025/reroof/main-html/roof-masters.html]
[unicktheme.com/2025/reroof/main-html/assets/images/services/service-details-img4.jpg]
[unicktheme.com/2025/reroof/main-html/chimney-flashing.html]
[unicktheme.com/2025/reroof/main-html/assets/images/services/service-details-img5.jpg]
[unicktheme.com/2025/reroof/main-html/roof-insulation-services.html]
[unicktheme.com/2025/reroof/main-html/assets/images/services/service-details-img6.jpg]
[unicktheme.com/2025/reroof/main-html/roof-genius.html]
[unicktheme.com/2025/reroof/main-html/assets/images/team/team-v1-img4.jpg]
[unicktheme.com/2025/reroof/main-html/assets/images/team/team-v1-img5.jpg]
[unicktheme.com/2025/reroof/main-html/assets/images/team/team-v1-img6.jpg]
[unicktheme.com/2025/reroof/main-html/team.html]
[unicktheme.com/2025/reroof/main-html/project.html]
[unicktheme.com/2025/reroof/main-html/assets/images/project/project-details-img1.jpg]
[unicktheme.com/2025/reroof/main-html/assets/images/project/projects-v1-img7.jpg]
[unicktheme.com/2025/reroof/main-html/assets/images/project/projects-v1-img8.jpg]
[unicktheme.com/2025/reroof/main-html/assets/images/project/projects-v1-img9.jpg]
[unicktheme.com/2025/reroof/main-html/project-details.html]
[unicktheme.com/2025/reroof/main-html/assets/css/module-css/contact.css]
[unicktheme.com/2025/reroof/main-html/assets/css/module-css/google-map.css]
[unicktheme.com/2025/reroof/main-html/assets/css/module-css/coming-soon.css]
[unicktheme.com/2025/reroof/main-html/assets/images/backgrounds/coming-soon-page-bg.jpg]
[unicktheme.com/2025/reroof/main-html/coming-soon.html]
[unicktheme.com/2025/reroof/main-html/assets/css/module-css/shop.css]
[unicktheme.com/2025/reroof/main-html/assets/images/shop/shop-product-1-1.jpg]
[unicktheme.com/2025/reroof/main-html/assets/images/shop/shop-product-1-2.jpg]
[unicktheme.com/2025/reroof/main-html/assets/images/shop/shop-product-1-3.jpg]
[unicktheme.com/2025/reroof/main-html/assets/images/shop/shop-product-1-4.jpg]
[unicktheme.com/2025/reroof/main-html/assets/images/shop/shop-product-1-5.jpg]
[unicktheme.com/2025/reroof/main-html/assets/images/shop/shop-product-1-6.jpg]
[unicktheme.com/2025/reroof/main-html/assets/images/shop/shop-product-1-7.jpg]
[unicktheme.com/2025/reroof/main-html/assets/images/shop/shop-product-1-8.jpg]
[unicktheme.com/2025/reroof/main-html/assets/images/shop/shop-product-1-9.jpg]
[unicktheme.com/2025/reroof/main-html/assets/images/shop/shop-product-2-1.jpg]
[unicktheme.com/2025/reroof/main-html/assets/images/shop/shop-product-2-2.jpg]
[unicktheme.com/2025/reroof/main-html/assets/images/shop/shop-product-2-3.jpg]
[unicktheme.com/2025/reroof/main-html/assets/images/shop/shop-product-2-4.jpg]
[unicktheme.com/2025/reroof/main-html/assets/images/shop/shop-product-2-5.jpg]
[unicktheme.com/2025/reroof/main-html/assets/images/shop/shop-product-2-6.jpg]
[unicktheme.com/2025/reroof/main-html/assets/images/shop/shop-product-2-7.jpg]
[unicktheme.com/2025/reroof/main-html/assets/images/shop/shop-product-2-8.jpg]
[unicktheme.com/2025/reroof/main-html/assets/images/shop/shop-product-2-9.jpg]
[unicktheme.com/2025/reroof/main-html/assets/images/shop/product-thumb-1.jpg]
[unicktheme.com/2025/reroof/main-html/assets/images/shop/product-thumb-2.jpg]
[unicktheme.com/2025/reroof/main-html/assets/images/shop/product-thumb-3.jpg]
[unicktheme.com/2025/reroof/main-html/assets/images/shop/product-thumb-4.jpg]
[unicktheme.com/2025/reroof/main-html/products.html]
[unicktheme.com/2025/reroof/main-html/assets/images/shop/product-details-img-1.jpg]
[unicktheme.com/2025/reroof/main-html/assets/images/shop/product-details-img-2.jpg]
[unicktheme.com/2025/reroof/main-html/assets/images/shop/product-details-img-3.jpg]
[unicktheme.com/2025/reroof/main-html/assets/images/shop/product-details-thumb-img-1.jpg]
[unicktheme.com/2025/reroof/main-html/assets/images/shop/product-details-thumb-img-2.jpg]
[unicktheme.com/2025/reroof/main-html/assets/images/shop/product-details-thumb-img-3.jpg]
[unicktheme.com/2025/reroof/main-html/assets/images/shop/review-1-1.jpg]
[unicktheme.com/2025/reroof/main-html/assets/images/shop/review-1-2.jpg]
[unicktheme.com/2025/reroof/main-html/product-details.html]
[unicktheme.com/2025/reroof/main-html/assets/images/shop/cart-page-img-1.jpg]
[unicktheme.com/2025/reroof/main-html/assets/images/shop/cart-page-img-2.jpg]
[unicktheme.com/2025/reroof/main-html/assets/images/shop/cart-page-img-3.jpg]
[unicktheme.com/2025/reroof/main-html/assets/images/shop/cart-page-img-4.jpg]
[unicktheme.com/2025/reroof/main-html/cart.html]
[unicktheme.com/2025/reroof/main-html/assets/images/shop/cart-page-img-5.jpg]
[unicktheme.com/2025/reroof/main-html/checkout.html]
[unicktheme.com/2025/reroof/main-html/assets/images/shop/wishlist-page-img-1.jpg]
[unicktheme.com/2025/reroof/main-html/assets/images/shop/wishlist-page-img-2.jpg]
[unicktheme.com/2025/reroof/main-html/assets/images/shop/wishlist-page-img-3.jpg]
[unicktheme.com/2025/reroof/main-html/assets/images/shop/wishlist-page-img-4.jpg]
[unicktheme.com/2025/reroof/main-html/wishlist.html]
[unicktheme.com/2025/reroof/main-html/assets/images/icon/icon-google-2.png]
[unicktheme.com/2025/reroof/main-html/assets/images/icon/icon-facebook.png]
[unicktheme.com/2025/reroof/main-html/sign-up.html]
[unicktheme.com/2025/reroof/main-html/login.html]
[unicktheme.com/2025/reroof/main-html/assets/images/blog/blog-page-img1.jpg]
[unicktheme.com/2025/reroof/main-html/assets/images/blog/blog-page-img2.jpg]
[unicktheme.com/2025/reroof/main-html/assets/images/blog/blog-page-img3.jpg]
[unicktheme.com/2025/reroof/main-html/assets/images/icon/sidebar-title-icon.png]
[unicktheme.com/2025/reroof/main-html/assets/images/blog/sidebar-img1.jpg]
[unicktheme.com/2025/reroof/main-html/assets/images/blog/sidebar-img2.jpg]
[unicktheme.com/2025/reroof/main-html/assets/images/blog/sidebar-img3.jpg]
[unicktheme.com/2025/reroof/main-html/blog.html]
[unicktheme.com/2025/reroof/main-html/assets/images/blog/blog-details-img1.jpg]
[unicktheme.com/2025/reroof/main-html/assets/images/resources/comment-1.png]
[unicktheme.com/2025/reroof/main-html/assets/images/resources/comment-2.png]
[unicktheme.com/2025/reroof/main-html/blog-details.html]
[unicktheme.com/2025/reroof/main-html/contact.html]
[unicktheme.com/2025/reroof/main-html/faq.html]
[unicktheme.com/2025/reroof/main-html/testimonial.html]
[unicktheme.com/2025/reroof/main-html/assets/fonts/fa-brands-400.html]
[unicktheme.com/2025/reroof/main-html/assets/fonts/fa-light-300.html]
[unicktheme.com/2025/reroof/main-html/assets/fonts/fa-light-300d41d.html]
[unicktheme.com/2025/reroof/main-html/assets/fonts/fa-light-301.html]
[unicktheme.com/2025/reroof/main-html/assets/fonts/fa-light-302.html]
[unicktheme.com/2025/reroof/main-html/assets/fonts/fa-regular-400.html]
[unicktheme.com/2025/reroof/main-html/assets/fonts/fa-regular-401.html]
[unicktheme.com/2025/reroof/main-html/assets/fonts/fa-solid-900.html]
[unicktheme.com/2025/reroof/main-html/assets/fonts/fa-solid-900d41d.html]
[unicktheme.com/2025/reroof/main-html/assets/fonts/fa-solid-901.html]
[unicktheme.com/2025/reroof/main-html/assets/fonts/fa-solid-902.html]
[unicktheme.com/2025/reroof/main-html/assets/fonts/icomoon78ed.svg]
[unicktheme.com/2025/reroof/main-html/assets/css/owl.video.play.html]
[unicktheme.com/2025/reroof/main-html/assets/images/icon/cross-out.html]
[unicktheme.com/2025/reroof/main-html/assets/css/module-css/banner.css]
[unicktheme.com/2025/reroof/main-html/assets/css/module-css/counter.css]
[unicktheme.com/2025/reroof/main-html/assets/css/dark.css]
[unicktheme.com/2025/reroof/main-html/assets/css/module-css/page-header.css]
[unicktheme.com/2025/reroof/main-html/assets/css/module-css/cta.html]
[unicktheme.com/2025/reroof/main-html/assets/css/module-css/sliding-text.html]
[unicktheme.com/2025/reroof/main-html/assets/css/module-css/contact.css]
[unicktheme.com/2025/reroof/main-html/assets/css/module-css/google-map.css]
[unicktheme.com/2025/reroof/main-html/assets/css/module-css/coming-soon.css]
[unicktheme.com/2025/reroof/main-html/assets/css/module-css/shop.css]
