[html.themehour.net/kleanix/demo/index.html]
[backblue.gif]
[fade.gif]
[index.html]
[html.themehour.net/kleanix/demo/assets/img/favicons/apple-icon-57x57.png]
[html.themehour.net/kleanix/demo/assets/img/favicons/apple-icon-60x60.png]
[html.themehour.net/kleanix/demo/assets/img/favicons/apple-icon-72x72.png]
[html.themehour.net/kleanix/demo/assets/img/favicons/apple-icon-76x76.png]
[html.themehour.net/kleanix/demo/assets/img/favicons/apple-icon-114x114.png]
[html.themehour.net/kleanix/demo/assets/img/favicons/apple-icon-120x120.png]
[html.themehour.net/kleanix/demo/assets/img/favicons/apple-icon-144x144.png]
[html.themehour.net/kleanix/demo/assets/img/favicons/apple-icon-152x152.png]
[html.themehour.net/kleanix/demo/assets/img/favicons/apple-icon-180x180.png]
[html.themehour.net/kleanix/demo/assets/img/favicons/android-icon-192x192.png]
[html.themehour.net/kleanix/demo/assets/img/favicons/favicon-32x32.png]
[html.themehour.net/kleanix/demo/assets/img/favicons/favicon-96x96.png]
[html.themehour.net/kleanix/demo/assets/img/favicons/favicon-16x16.png]
[html.themehour.net/kleanix/demo/assets/img/favicons/manifest.json]
[html.themehour.net/kleanix/demo/assets/img/favicons/ms-icon-144x144.png]
[html.themehour.net/kleanix/demo/assets/css/bootstrap.min.css]
[html.themehour.net/kleanix/demo/assets/css/fontawesome.min.css]
[html.themehour.net/kleanix/demo/assets/css/magnific-popup.min.css]
[html.themehour.net/kleanix/demo/assets/css/swiper-bundle.min.css]
[html.themehour.net/kleanix/demo/assets/css/jquery.datetimepicker.min.css]
[html.themehour.net/kleanix/demo/assets/css/style.css]
[html.themehour.net/kleanix/demo/assets/img/logo.svg]
[html.themehour.net/kleanix/demo/home-2.html]
[html.themehour.net/kleanix/demo/home-3.html]
[html.themehour.net/kleanix/demo/home-1-op.html]
[html.themehour.net/kleanix/demo/home-2-op.html]
[html.themehour.net/kleanix/demo/home-3-op.html]
[html.themehour.net/kleanix/demo/home-1-rtl.html]
[html.themehour.net/kleanix/demo/home-2-rtl.html]
[html.themehour.net/kleanix/demo/home-3-rtl.html]
[html.themehour.net/kleanix/demo/about.html]
[html.themehour.net/kleanix/demo/service.html]
[html.themehour.net/kleanix/demo/service-details.html]
[html.themehour.net/kleanix/demo/shop.html]
[html.themehour.net/kleanix/demo/shop-details.html]
[html.themehour.net/kleanix/demo/cart.html]
[html.themehour.net/kleanix/demo/checkout.html]
[html.themehour.net/kleanix/demo/wishlist.html]
[html.themehour.net/kleanix/demo/team.html]
[html.themehour.net/kleanix/demo/team-details.html]
[html.themehour.net/kleanix/demo/project.html]
[html.themehour.net/kleanix/demo/project-details.html]
[html.themehour.net/kleanix/demo/pricing.html]
[html.themehour.net/kleanix/demo/testimonials.html]
[html.themehour.net/kleanix/demo/appointment.html]
[html.themehour.net/kleanix/demo/faq.html]
[html.themehour.net/kleanix/demo/error.html]
[html.themehour.net/kleanix/demo/blog.html]
[html.themehour.net/kleanix/demo/blog-details.html]
[html.themehour.net/kleanix/demo/contact.html]
[html.themehour.net/kleanix/demo/assets/img/icon/english.png]
[html.themehour.net/kleanix/demo/assets/img/pages/index.jpg]
[html.themehour.net/kleanix/demo/assets/img/pages/home-2.jpg]
[html.themehour.net/kleanix/demo/assets/img/pages/home-3.jpg]
[html.themehour.net/kleanix/demo/assets/img/pages/home-4.jpg]
[html.themehour.net/kleanix/demo/home-4.html]
[html.themehour.net/kleanix/demo/home-4-op.html]
[html.themehour.net/kleanix/demo/home-4-rtl.html]
[html.themehour.net/kleanix/demo/assets/img/pages/home-5.jpg]
[html.themehour.net/kleanix/demo/home-5.html]
[html.themehour.net/kleanix/demo/home-5-op.html]
[html.themehour.net/kleanix/demo/home-5-rtl.html]
[html.themehour.net/kleanix/demo/assets/img/pages/home-6.jpg]
[html.themehour.net/kleanix/demo/home-6.html]
[html.themehour.net/kleanix/demo/home-6-op.html]
[html.themehour.net/kleanix/demo/home-6-rtl.html]
[html.themehour.net/kleanix/demo/assets/img/hero/hero_bg_1_1.jpg]
[html.themehour.net/kleanix/demo/assets/img/shape/hero_shape_1_1.svg]
[html.themehour.net/kleanix/demo/assets/img/shape/hero_shape_1_2.svg]
[html.themehour.net/kleanix/demo/assets/img/shape/hero_shape_1_3.svg]
[html.themehour.net/kleanix/demo/assets/img/shape/hero_shape_1_4.svg]
[html.themehour.net/kleanix/demo/assets/img/shape/hero_shape_1_5.svg]
[html.themehour.net/kleanix/demo/assets/img/shape/hero_shape_1_6.svg]
[html.themehour.net/kleanix/demo/assets/img/hero/hero_1_1.png]
[html.themehour.net/kleanix/demo/assets/img/icon/feature-1.svg]
[html.themehour.net/kleanix/demo/assets/img/icon/feature-2.svg]
[html.themehour.net/kleanix/demo/assets/img/icon/feature-3.svg]
[html.themehour.net/kleanix/demo/assets/img/about/about-1-left.jpg]
[html.themehour.net/kleanix/demo/assets/img/about/about-1-right.jpg]
[html.themehour.net/kleanix/demo/assets/img/about/about-1-main.jpg]
[html.themehour.net/kleanix/demo/assets/img/bg/service-bg-1-1.png]
[html.themehour.net/kleanix/demo/assets/img/shape/services-shape-1-1.svg]
[html.themehour.net/kleanix/demo/assets/img/shape/services-shape-1-2.svg]
[html.themehour.net/kleanix/demo/assets/img/shape/services-shape-1-3.svg]
[html.themehour.net/kleanix/demo/assets/img/shape/services-shape-1-4.svg]
[html.themehour.net/kleanix/demo/assets/img/icon/service-desc-icon-1-1.svg]
[html.themehour.net/kleanix/demo/assets/img/service/service-1-1.jpg]
[html.themehour.net/kleanix/demo/assets/img/service/service-1-2.jpg]
[html.themehour.net/kleanix/demo/assets/img/service/service-1-3.jpg]
[html.themehour.net/kleanix/demo/assets/img/icon/cta-1.svg]
[html.themehour.net/kleanix/demo/assets/img/icon/why-count-star-1-1.svg]
[html.themehour.net/kleanix/demo/assets/img/why/why-choose-left.jpg]
[html.themehour.net/kleanix/demo/assets/img/brand/brand_1_1.svg]
[html.themehour.net/kleanix/demo/assets/img/brand/brand_1_2.svg]
[html.themehour.net/kleanix/demo/assets/img/brand/brand_1_3.svg]
[html.themehour.net/kleanix/demo/assets/img/brand/brand_1_4.svg]
[html.themehour.net/kleanix/demo/assets/img/brand/brand_1_5.svg]
[html.themehour.net/kleanix/demo/assets/img/brand/brand_1_6.svg]
[html.themehour.net/kleanix/demo/assets/img/brand/brand_1_7.svg]
[html.themehour.net/kleanix/demo/assets/img/shape/team-sahpe-1-1.svg]
[html.themehour.net/kleanix/demo/assets/img/shape/team-sahpe-1-2.svg]
[html.themehour.net/kleanix/demo/assets/img/shape/team-sahpe-1-3.svg]
[html.themehour.net/kleanix/demo/assets/img/shape/team-sahpe-1-4.svg]
[html.themehour.net/kleanix/demo/assets/img/team/team_1_1.jpg]
[html.themehour.net/kleanix/demo/assets/img/team/team_1_2.jpg]
[html.themehour.net/kleanix/demo/assets/img/team/team_1_3.jpg]
[html.themehour.net/kleanix/demo/assets/img/team/team_1_4.jpg]
[html.themehour.net/kleanix/demo/assets/img/icon/counter-shape-1-1.png]
[html.themehour.net/kleanix/demo/assets/img/bg/pricing-bg-1-1.png]
[html.themehour.net/kleanix/demo/assets/img/shape/pricing-1-round.png]
[html.themehour.net/kleanix/demo/assets/img/bg/cta-bg-1-1.jpg]
[html.themehour.net/kleanix/demo/assets/img/shape/cta-shape-top.png]
[html.themehour.net/kleanix/demo/assets/img/shape/cta-shape-bottom.png]
[html.themehour.net/kleanix/demo/assets/img/bg/testimonials-bg-1.png]
[html.themehour.net/kleanix/demo/assets/img/testimonial/test-1-left-shape.png]
[html.themehour.net/kleanix/demo/assets/img/testimonial/testi_1_1.jpg]
[html.themehour.net/kleanix/demo/assets/img/testimonial/testi_1_2.jpg]
[html.themehour.net/kleanix/demo/assets/img/testimonial/testi_1_3.jpg]
[html.themehour.net/kleanix/demo/assets/img/testimonial/testi_1_4.jpg]
[html.themehour.net/kleanix/demo/assets/img/blog/blog_1_1.jpg]
[html.themehour.net/kleanix/demo/assets/img/blog/blog_1_2.jpg]
[html.themehour.net/kleanix/demo/assets/img/blog/blog_1_3.jpg]
[html.themehour.net/kleanix/demo/assets/img/blog/blog_1_4.jpg]
[html.themehour.net/kleanix/demo/assets/img/blog/blog_1_5.jpg]
[html.themehour.net/kleanix/demo/assets/img/bg/footer_bg_1.jpg]
[html.themehour.net/kleanix/demo/assets/img/icon/footer-shape-1.png]
[html.themehour.net/kleanix/demo/assets/img/icon/footer-shape-2.png]
[html.themehour.net/kleanix/demo/assets/img/bg/footer-shape-bottom.png]
[html.themehour.net/kleanix/demo/assets/img/logo-footer.svg]
[html.themehour.net/kleanix/demo/assets/js/vendor/jquery-3.7.1.min.js]
[html.themehour.net/kleanix/demo/assets/js/swiper-bundle.min.js]
[html.themehour.net/kleanix/demo/assets/js/bootstrap.min.js]
[html.themehour.net/kleanix/demo/assets/js/jquery.magnific-popup.min.js]
[html.themehour.net/kleanix/demo/assets/js/jquery.counterup.min.js]
[html.themehour.net/kleanix/demo/assets/js/circle-progress.js]
[html.themehour.net/kleanix/demo/assets/js/jquery.datetimepicker.min.js]
[html.themehour.net/kleanix/demo/assets/js/jquery-ui.min.js]
[html.themehour.net/kleanix/demo/assets/js/tilt.jquery.min.js]
[html.themehour.net/kleanix/demo/assets/js/imagesloaded.pkgd.min.js]
[html.themehour.net/kleanix/demo/assets/js/isotope.pkgd.min.js]
[html.themehour.net/kleanix/demo/assets/js/main.js]
[html.themehour.net/kleanix/demo/index.html]
[html.themehour.net/kleanix/demo/assets/css/bootstrap.min.css]
[html.themehour.net/kleanix/demo/assets/fonts/fontawesome/fa-brands-400.woff2]
[html.themehour.net/kleanix/demo/assets/fonts/fontawesome/fa-brands-400.ttf]
[html.themehour.net/kleanix/demo/assets/fonts/fontawesome/fa-duotone-900.woff2]
[html.themehour.net/kleanix/demo/assets/fonts/fontawesome/fa-duotone-900.ttf]
[html.themehour.net/kleanix/demo/assets/fonts/fontawesome/fa-light-300.woff2]
[html.themehour.net/kleanix/demo/assets/fonts/fontawesome/fa-regular-400.woff2]
[html.themehour.net/kleanix/demo/assets/fonts/fontawesome/fa-light-300.ttf]
[html.themehour.net/kleanix/demo/assets/fonts/fontawesome/fa-regular-400.ttf]
[html.themehour.net/kleanix/demo/assets/fonts/fontawesome/fa-solid-900.woff2]
[html.themehour.net/kleanix/demo/assets/fonts/fontawesome/fa-solid-900.ttf]
[html.themehour.net/kleanix/demo/assets/fonts/fontawesome/fa-thin-100.woff2]
[html.themehour.net/kleanix/demo/assets/css/fontawesome.min.css]
[html.themehour.net/kleanix/demo/assets/css/magnific-popup.min.css]
[html.themehour.net/kleanix/demo/assets/css/swiper-bundle.min.css]
[html.themehour.net/kleanix/demo/assets/css/jquery.datetimepicker.min.css]
[html.themehour.net/kleanix/demo/assets/fonts/fontawesome/fa-thin-100.ttf]
[html.themehour.net/kleanix/demo/assets/img/shape/logo-shape.png]
[html.themehour.net/kleanix/demo/assets/img/hero/hero-shape.png]
[html.themehour.net/kleanix/demo/assets/img/hero/hero-shape1.png]
[html.themehour.net/kleanix/demo/assets/css/style.css]
[html.themehour.net/kleanix/demo/assets/img/logo.svg]
[html.themehour.net/kleanix/demo/assets/img/shape/header-menu-left-shape.png]
[html.themehour.net/kleanix/demo/assets/img/hero/hero_bg_2_1.jpg]
[html.themehour.net/kleanix/demo/assets/img/hero/hero2-overlay.png]
[html.themehour.net/kleanix/demo/assets/img/shape/bubble_1.png]
[html.themehour.net/kleanix/demo/assets/img/shape/bubble_2.png]
[html.themehour.net/kleanix/demo/assets/img/shape/bubble_3.png]
[html.themehour.net/kleanix/demo/assets/img/shape/bubble_4.png]
[html.themehour.net/kleanix/demo/assets/img/shape/bubble_5.png]
[html.themehour.net/kleanix/demo/assets/img/shape/bubble_6.png]
[html.themehour.net/kleanix/demo/assets/img/shape/bubble_7.png]
[html.themehour.net/kleanix/demo/assets/img/shape/bubble_8.png]
[html.themehour.net/kleanix/demo/assets/img/shape/bubble_9.png]
[html.themehour.net/kleanix/demo/assets/img/shape/bubble_10.png]
[html.themehour.net/kleanix/demo/assets/img/shape/bubble_11.png]
[html.themehour.net/kleanix/demo/assets/img/shape/bubble_12.png]
[html.themehour.net/kleanix/demo/assets/img/hero/hero_bg_2_2.jpg]
[html.themehour.net/kleanix/demo/assets/img/bg/hero-2-bottom-shape.svg]
[html.themehour.net/kleanix/demo/assets/img/about/about-2-right.jpg]
[html.themehour.net/kleanix/demo/assets/img/about/about-2-main.jpg]
[html.themehour.net/kleanix/demo/assets/img/icon/counter-shape-2-1.png]
[html.themehour.net/kleanix/demo/assets/img/shape/servicce-2-shape-theme2.svg]
[html.themehour.net/kleanix/demo/assets/img/bg/service-2-bg-right.png]
[html.themehour.net/kleanix/demo/assets/img/bg/service-2-bg-right-mask.png]
[html.themehour.net/kleanix/demo/assets/img/bg/service-bg-2-1.png]
[html.themehour.net/kleanix/demo/assets/img/icon/service-2-card-bg-icon.svg]
[html.themehour.net/kleanix/demo/assets/img/shape/service-2-icon-bg.png]
[html.themehour.net/kleanix/demo/assets/img/icon/service-2-1.svg]
[html.themehour.net/kleanix/demo/assets/img/icon/service-2-2.svg]
[html.themehour.net/kleanix/demo/assets/img/shape/why-2-shape.svg]
[html.themehour.net/kleanix/demo/assets/img/why/why-choose-2-left.png]
[html.themehour.net/kleanix/demo/assets/img/bg/why-2-right-bg-triangle.png]
[html.themehour.net/kleanix/demo/assets/img/icon/why-2-right-1.svg]
[html.themehour.net/kleanix/demo/assets/img/icon/why-2-right-2.svg]
[html.themehour.net/kleanix/demo/assets/img/icon/why-2-right-3.svg]
[html.themehour.net/kleanix/demo/assets/img/bg/gallery-bg-1.jpg]
[html.themehour.net/kleanix/demo/assets/img/shape/gallery-2-shape-round-top.png]
[html.themehour.net/kleanix/demo/assets/img/shape/gallery-1-bg-mask.png]
[html.themehour.net/kleanix/demo/assets/img/gallery/gallery-1-1.jpg]
[html.themehour.net/kleanix/demo/assets/img/gallery/gallery-1-2.jpg]
[html.themehour.net/kleanix/demo/assets/img/gallery/gallery-1-3.jpg]
[html.themehour.net/kleanix/demo/assets/img/bg/pricing-bg-2-1.jpg]
[html.themehour.net/kleanix/demo/assets/img/bg/pricing-bg-2-left-mask.png]
[html.themehour.net/kleanix/demo/assets/img/icon/price-2-icon-1.svg]
[html.themehour.net/kleanix/demo/assets/img/icon/price-2-icon-2.svg]
[html.themehour.net/kleanix/demo/assets/img/icon/price-2-icon-3.svg]
[html.themehour.net/kleanix/demo/assets/img/shape/test-2-right-shape.png]
[html.themehour.net/kleanix/demo/assets/img/testimonial/test-2-right-main.png]
[html.themehour.net/kleanix/demo/assets/img/bg/contact_form_bg.jpg]
[html.themehour.net/kleanix/demo/assets/img/bg/blog-2-bg.jpg]
[html.themehour.net/kleanix/demo/assets/img/bg/footer_bg_2.jpg]
[html.themehour.net/kleanix/demo/assets/img/shape/footer-1-top-shape.png]
[html.themehour.net/kleanix/demo/home-2.html]
[html.themehour.net/kleanix/demo/assets/img/hero/hero_bg_3_1.jpg]
[html.themehour.net/kleanix/demo/assets/img/hero/hero_3-right_shape.png]
[html.themehour.net/kleanix/demo/assets/img/hero/hero_3-right_shape2.png]
[html.themehour.net/kleanix/demo/assets/img/hero/hero_3-main-img.png]
[html.themehour.net/kleanix/demo/assets/img/shape/home-3-shape-1.svg]
[html.themehour.net/kleanix/demo/assets/img/shape/home-3-shape-2.svg]
[html.themehour.net/kleanix/demo/assets/img/shape/home-3-shape-3.svg]
[html.themehour.net/kleanix/demo/assets/img/hero/hero-3-client-1.png]
[html.themehour.net/kleanix/demo/assets/img/icon/how-it-work-2-shape.png]
[html.themehour.net/kleanix/demo/assets/img/icon/how-it-work-2-1.svg]
[html.themehour.net/kleanix/demo/assets/img/icon/how-it-work-2-2.svg]
[html.themehour.net/kleanix/demo/assets/img/icon/how-it-work-2-3.svg]
[html.themehour.net/kleanix/demo/assets/img/bg/about-sec-3-bg.jpg]
[html.themehour.net/kleanix/demo/assets/img/icon/about-3-count-1.png]
[html.themehour.net/kleanix/demo/assets/img/icon/about-3-count-2.png]
[html.themehour.net/kleanix/demo/assets/img/about/about_3_1.jpg]
[html.themehour.net/kleanix/demo/assets/img/bg/service-3-bg.png]
[html.themehour.net/kleanix/demo/assets/img/bg/service-3-card-bg.png]
[html.themehour.net/kleanix/demo/assets/img/icon/service-3-1.svg]
[html.themehour.net/kleanix/demo/assets/img/icon/service-3-2.svg]
[html.themehour.net/kleanix/demo/assets/img/icon/service-3-3.svg]
[html.themehour.net/kleanix/demo/assets/img/service/service_3_1.jpg]
[html.themehour.net/kleanix/demo/assets/img/bg/cta-v4-bg.jpg]
[html.themehour.net/kleanix/demo/assets/img/shape/cta-4-shape-left.svg]
[html.themehour.net/kleanix/demo/assets/img/shape/cta-4-shape-right.svg]
[html.themehour.net/kleanix/demo/assets/img/icon/cta-3.svg]
[html.themehour.net/kleanix/demo/assets/img/shape/testimonials-bg-3.png]
[html.themehour.net/kleanix/demo/assets/img/testimonial/testi_1_5.jpg]
[html.themehour.net/kleanix/demo/assets/img/testimonial/testi_1_6.jpg]
[html.themehour.net/kleanix/demo/assets/img/testimonial/testi_1_7.jpg]
[html.themehour.net/kleanix/demo/assets/img/testimonial/testi_1_8.jpg]
[html.themehour.net/kleanix/demo/assets/img/testimonial/testi_1_9.jpg]
[html.themehour.net/kleanix/demo/assets/img/bg/gallery-bg-3.jpg]
[html.themehour.net/kleanix/demo/assets/img/gallery/gallery_3_1.jpg]
[html.themehour.net/kleanix/demo/assets/img/gallery/gallery_3_2.jpg]
[html.themehour.net/kleanix/demo/assets/img/gallery/gallery_3_3.jpg]
[html.themehour.net/kleanix/demo/assets/img/gallery/gallery_3_4.jpg]
[html.themehour.net/kleanix/demo/assets/img/gallery/gallery_3_6.jpg]
[html.themehour.net/kleanix/demo/assets/img/gallery/gallery_3_5.jpg]
[html.themehour.net/kleanix/demo/assets/img/blog/blog_3_1.jpg]
[html.themehour.net/kleanix/demo/assets/img/blog/blog_3_2.jpg]
[html.themehour.net/kleanix/demo/assets/img/blog/blog_3_3.jpg]
[html.themehour.net/kleanix/demo/assets/img/blog/blog_3_4.jpg]
[html.themehour.net/kleanix/demo/assets/img/bg/footer_bg_3.jpg]
[html.themehour.net/kleanix/demo/assets/img/logo2.svg]
[html.themehour.net/kleanix/demo/home-3.html]
[html.themehour.net/kleanix/demo/home-1-op.html]
[html.themehour.net/kleanix/demo/home-2-op.html]
[html.themehour.net/kleanix/demo/home-3-op.html]
[html.themehour.net/kleanix/demo/assets/css/bootstrap.rtl.min.css]
[html.themehour.net/kleanix/demo/home-1-rtl.html]
[html.themehour.net/kleanix/demo/home-2-rtl.html]
[html.themehour.net/kleanix/demo/home-3-rtl.html]
[html.themehour.net/kleanix/demo/assets/img/bg/breadcrumb-bg.jpg]
[html.themehour.net/kleanix/demo/assets/img/bg/breadcrumb-bottom.png]
[html.themehour.net/kleanix/demo/assets/img/icon/breadcrumb-left.png]
[html.themehour.net/kleanix/demo/assets/img/icon/breadcrumb-right.png]
[html.themehour.net/kleanix/demo/assets/img/bg/team-bg-1.jpg]
[html.themehour.net/kleanix/demo/assets/img/bg/why-3-bg.jpg]
[html.themehour.net/kleanix/demo/about.html]
[html.themehour.net/kleanix/demo/assets/img/service/service-1-4.jpg]
[html.themehour.net/kleanix/demo/assets/img/service/service-1-5.jpg]
[html.themehour.net/kleanix/demo/assets/img/service/service-1-6.jpg]
[html.themehour.net/kleanix/demo/service.html]
[html.themehour.net/kleanix/demo/assets/img/service/service_details.jpg]
[html.themehour.net/kleanix/demo/assets/img/service/service_inner_1.jpg]
[html.themehour.net/kleanix/demo/service-details.html]
[html.themehour.net/kleanix/demo/assets/img/service/service_inner_2.jpg]
[html.themehour.net/kleanix/demo/assets/img/product/product_details_1_1.jpg]
[html.themehour.net/kleanix/demo/assets/img/product/product_1_1.png]
[html.themehour.net/kleanix/demo/assets/img/product/product_1_2.png]
[html.themehour.net/kleanix/demo/assets/img/product/product_1_3.png]
[html.themehour.net/kleanix/demo/assets/img/product/product_1_4.png]
[html.themehour.net/kleanix/demo/assets/img/product/product_1_5.png]
[html.themehour.net/kleanix/demo/assets/img/product/product_1_6.png]
[html.themehour.net/kleanix/demo/assets/img/product/product_1_7.png]
[html.themehour.net/kleanix/demo/assets/img/product/product_1_8.png]
[html.themehour.net/kleanix/demo/assets/img/product/product_1_9.png]
[html.themehour.net/kleanix/demo/assets/img/product/product_1_10.png]
[html.themehour.net/kleanix/demo/assets/img/product/product_1_11.png]
[html.themehour.net/kleanix/demo/assets/img/product/product_1_12.png]
[html.themehour.net/kleanix/demo/shop.html]
[html.themehour.net/kleanix/demo/assets/img/product/product_details_1_1.png]
[html.themehour.net/kleanix/demo/assets/img/blog/comment-author-1.jpg]
[html.themehour.net/kleanix/demo/assets/img/blog/comment-author-2.jpg]
[html.themehour.net/kleanix/demo/assets/img/blog/comment-author-3.jpg]
[html.themehour.net/kleanix/demo/assets/img/blog/comment-author-4.jpg]
[html.themehour.net/kleanix/demo/shop-details.html]
[html.themehour.net/kleanix/demo/cart.html]
[html.themehour.net/kleanix/demo/checkout.html]
[html.themehour.net/kleanix/demo/wishlist.html]
[html.themehour.net/kleanix/demo/assets/img/team/team_1_5.jpg]
[html.themehour.net/kleanix/demo/assets/img/team/team_1_6.jpg]
[html.themehour.net/kleanix/demo/assets/img/team/team_1_7.jpg]
[html.themehour.net/kleanix/demo/assets/img/team/team_1_8.jpg]
[html.themehour.net/kleanix/demo/team.html]
[html.themehour.net/kleanix/demo/assets/img/team/team_details_1.jpg]
[html.themehour.net/kleanix/demo/team-details.html]
[html.themehour.net/kleanix/demo/assets/img/gallery/gallery_3_7.jpg]
[html.themehour.net/kleanix/demo/assets/img/gallery/gallery_3_8.jpg]
[html.themehour.net/kleanix/demo/assets/img/gallery/gallery_3_9.jpg]
[html.themehour.net/kleanix/demo/project.html]
[html.themehour.net/kleanix/demo/assets/img/project/project_details.jpg]
[html.themehour.net/kleanix/demo/project-details.html]
[html.themehour.net/kleanix/demo/assets/img/project/project_details-1.jpg]
[html.themehour.net/kleanix/demo/pricing.html]
[html.themehour.net/kleanix/demo/testimonials.html]
[html.themehour.net/kleanix/demo/appointment.html]
[html.themehour.net/kleanix/demo/faq.html]
[html.themehour.net/kleanix/demo/error.html]
[html.themehour.net/kleanix/demo/assets/img/blog/blog-s-1-1.jpg]
[html.themehour.net/kleanix/demo/assets/img/theme-img/error.svg]
[html.themehour.net/kleanix/demo/assets/img/blog/blog-s-1-2.jpg]
[html.themehour.net/kleanix/demo/assets/img/blog/blog-s-1-4.jpg]
[html.themehour.net/kleanix/demo/assets/img/blog/blog-s-1-3.jpg]
[html.themehour.net/kleanix/demo/assets/img/blog/recent-post-1-1.jpg]
[html.themehour.net/kleanix/demo/assets/img/blog/recent-post-1-2.jpg]
[html.themehour.net/kleanix/demo/assets/img/blog/recent-post-1-3.jpg]
[html.themehour.net/kleanix/demo/blog.html]
[html.themehour.net/kleanix/demo/assets/img/blog/blog_inner_1.jpg]
[html.themehour.net/kleanix/demo/blog-details.html]
[html.themehour.net/kleanix/demo/assets/img/icon/feature-contact-icon.png]
[html.themehour.net/kleanix/demo/contact.html]
[html.themehour.net/kleanix/demo/assets/img/product/product_thumb_1_1.jpg]
[html.themehour.net/kleanix/demo/assets/img/product/product_thumb_1_2.jpg]
[html.themehour.net/kleanix/demo/assets/img/product/product_thumb_1_3.jpg]
[html.themehour.net/kleanix/demo/assets/img/product/product_thumb_1_4.jpg]
[html.themehour.net/kleanix/demo/assets/img/product/product_thumb_1_5.jpg]
[html.themehour.net/kleanix/demo/assets/img/logo-white.svg]
[html.themehour.net/kleanix/demo/assets/img/hero/hero_bg_4_1.jpg]
[html.themehour.net/kleanix/demo/assets/img/theme-img/title_icon.svg]
[html.themehour.net/kleanix/demo/assets/img/hero/hero_4_1.png]
[html.themehour.net/kleanix/demo/assets/img/hero/hero_shape_2_1.svg]
[html.themehour.net/kleanix/demo/assets/img/hero/hero_shape_2_2.svg]
[html.themehour.net/kleanix/demo/assets/img/hero/bubble_3.png]
[html.themehour.net/kleanix/demo/assets/img/hero/bubble_5.png]
[html.themehour.net/kleanix/demo/assets/img/hero/bubble_4.png]
[html.themehour.net/kleanix/demo/assets/img/hero/bubble_2.png]
[html.themehour.net/kleanix/demo/assets/img/shape/tool_shape_1.png]
[html.themehour.net/kleanix/demo/assets/img/shape/vector_shape_1.png]
[html.themehour.net/kleanix/demo/assets/img/service/service_card_1.jpg]
[html.themehour.net/kleanix/demo/assets/img/icon/service_card_1.svg]
[html.themehour.net/kleanix/demo/assets/img/service/service_card_2.jpg]
[html.themehour.net/kleanix/demo/assets/img/icon/service_card_2.svg]
[html.themehour.net/kleanix/demo/assets/img/service/service_card_3.jpg]
[html.themehour.net/kleanix/demo/assets/img/icon/service_card_3.svg]
[html.themehour.net/kleanix/demo/assets/img/service/service_card_4.jpg]
[html.themehour.net/kleanix/demo/assets/img/icon/service_card_4.svg]
[html.themehour.net/kleanix/demo/assets/img/service/service_card_5.jpg]
[html.themehour.net/kleanix/demo/assets/img/icon/service_card_5.svg]
[html.themehour.net/kleanix/demo/assets/img/service/service_card_6.jpg]
[html.themehour.net/kleanix/demo/assets/img/icon/service_card_6.svg]
[html.themehour.net/kleanix/demo/assets/img/shape/vector_shape_3.png]
[html.themehour.net/kleanix/demo/assets/img/normal/about_1_1.jpg]
[html.themehour.net/kleanix/demo/assets/img/normal/about_1_2.jpg]
[html.themehour.net/kleanix/demo/assets/img/shape/vector_shape_2.png]
[html.themehour.net/kleanix/demo/assets/img/icon/about_feature_1.svg]
[html.themehour.net/kleanix/demo/assets/img/icon/about_feature_2.svg]
[html.themehour.net/kleanix/demo/assets/img/normal/about_author.jpg]
[html.themehour.net/kleanix/demo/assets/img/normal/about_signature.jpg]
[html.themehour.net/kleanix/demo/assets/img/bg/video_bg_1.jpg]
[html.themehour.net/kleanix/demo/assets/img/shape/vector_shape_4.svg]
[html.themehour.net/kleanix/demo/assets/img/shape/vector_shape_5.png]
[html.themehour.net/kleanix/demo/assets/img/shape/tool_shape_2.png]
[html.themehour.net/kleanix/demo/assets/img/shape/tool_shape_3.png]
[html.themehour.net/kleanix/demo/assets/img/bg/price_card_1.jpg]
[html.themehour.net/kleanix/demo/assets/img/icon/price_card_1.svg]
[html.themehour.net/kleanix/demo/assets/img/icon/price_card_2.svg]
[html.themehour.net/kleanix/demo/assets/img/icon/price_card_3.svg]
[html.themehour.net/kleanix/demo/assets/img/bg/why_bg_1.jpg]
[html.themehour.net/kleanix/demo/assets/img/icon/about_feature_3.svg]
[html.themehour.net/kleanix/demo/assets/img/icon/about_feature_4.svg]
[html.themehour.net/kleanix/demo/assets/img/icon/about_feature_5.svg]
[html.themehour.net/kleanix/demo/assets/img/normal/why_1_1.jpg]
[html.themehour.net/kleanix/demo/assets/img/normal/why_1_2.jpg]
[html.themehour.net/kleanix/demo/assets/img/testimonial/testi_2_1.jpg]
[html.themehour.net/kleanix/demo/assets/img/testimonial/testi_3_1.jpg]
[html.themehour.net/kleanix/demo/assets/img/testimonial/testi_3_2.jpg]
[html.themehour.net/kleanix/demo/assets/img/bg/gallery_bg_1.jpg]
[html.themehour.net/kleanix/demo/assets/img/gallery/gallery_1_1.jpg]
[html.themehour.net/kleanix/demo/assets/img/gallery/gallery_1_2.jpg]
[html.themehour.net/kleanix/demo/assets/img/gallery/gallery_1_3.jpg]
[html.themehour.net/kleanix/demo/assets/img/gallery/gallery_1_4.jpg]
[html.themehour.net/kleanix/demo/assets/img/gallery/gallery_1_5.jpg]
[html.themehour.net/kleanix/demo/assets/img/shape/tool_shape_4.png]
[html.themehour.net/kleanix/demo/assets/img/blog/blog_2_1.jpg]
[html.themehour.net/kleanix/demo/assets/img/blog/blog_2_2.jpg]
[html.themehour.net/kleanix/demo/assets/img/blog/blog_2_3.jpg]
[html.themehour.net/kleanix/demo/assets/img/blog/blog_2_4.jpg]
[html.themehour.net/kleanix/demo/assets/img/shape/tool_shape_5.png]
[html.themehour.net/kleanix/demo/assets/img/brand/brand_2_1.svg]
[html.themehour.net/kleanix/demo/assets/img/brand/brand_2_2.svg]
[html.themehour.net/kleanix/demo/assets/img/brand/brand_2_3.svg]
[html.themehour.net/kleanix/demo/assets/img/brand/brand_2_4.svg]
[html.themehour.net/kleanix/demo/assets/img/brand/brand_2_5.svg]
[html.themehour.net/kleanix/demo/assets/img/brand/brand_2_6.svg]
[html.themehour.net/kleanix/demo/assets/img/bg/footer_bg_4.jpg]
[html.themehour.net/kleanix/demo/assets/img/shape/footer_shape_1.png]
[html.themehour.net/kleanix/demo/assets/img/shape/footer_shape_2.png]
[html.themehour.net/kleanix/demo/home-4.html]
[html.themehour.net/kleanix/demo/home-4-op.html]
[html.themehour.net/kleanix/demo/assets/img/bg/why_bg_1_1.jpg]
[html.themehour.net/kleanix/demo/home-4-rtl.html]
[html.themehour.net/kleanix/demo/assets/img/hero/hero_bg_5_1.jpg]
[html.themehour.net/kleanix/demo/assets/img/hero/hero_overlay_1.png]
[html.themehour.net/kleanix/demo/assets/img/hero/bubble_1.png]
[html.themehour.net/kleanix/demo/assets/img/hero/hero_bg_5_2.jpg]
[html.themehour.net/kleanix/demo/assets/img/hero/hero_bg_5_3.jpg]
[html.themehour.net/kleanix/demo/assets/img/hero/circle_big.png]
[html.themehour.net/kleanix/demo/assets/img/hero/circle_middle.png]
[html.themehour.net/kleanix/demo/assets/img/shape/vector_shape_6.png]
[html.themehour.net/kleanix/demo/assets/img/normal/about_2_1.jpg]
[html.themehour.net/kleanix/demo/assets/img/normal/about_2_2.jpg]
[html.themehour.net/kleanix/demo/assets/img/normal/dots.png]
[html.themehour.net/kleanix/demo/assets/img/shape/vector_shape_7.png]
[html.themehour.net/kleanix/demo/assets/img/service/service_box_1.png]
[html.themehour.net/kleanix/demo/assets/img/service/service_box_2.png]
[html.themehour.net/kleanix/demo/assets/img/service/service_box_3.png]
[html.themehour.net/kleanix/demo/assets/img/bg/counter_bg_1.jpg]
[html.themehour.net/kleanix/demo/assets/img/icon/counter_card_1.svg]
[html.themehour.net/kleanix/demo/assets/img/icon/counter_card_2.svg]
[html.themehour.net/kleanix/demo/assets/img/icon/counter_card_3.svg]
[html.themehour.net/kleanix/demo/assets/img/icon/counter_card_4.svg]
[html.themehour.net/kleanix/demo/assets/img/shape/vector_shape_8.png]
[html.themehour.net/kleanix/demo/assets/img/normal/process_card_1.jpg]
[html.themehour.net/kleanix/demo/assets/img/normal/process_card_2.jpg]
[html.themehour.net/kleanix/demo/assets/img/normal/process_card_3.jpg]
[html.themehour.net/kleanix/demo/assets/img/bg/cta_bg_1.jpg]
[html.themehour.net/kleanix/demo/assets/img/team/team_2_1.jpg]
[html.themehour.net/kleanix/demo/assets/img/team/team_2_2.jpg]
[html.themehour.net/kleanix/demo/assets/img/team/team_2_3.jpg]
[html.themehour.net/kleanix/demo/assets/img/team/team_2_4.jpg]
[html.themehour.net/kleanix/demo/assets/img/team/team_2_5.jpg]
[html.themehour.net/kleanix/demo/assets/img/team/team_2_6.jpg]
[html.themehour.net/kleanix/demo/assets/img/shape/tool_shape_6.png]
[html.themehour.net/kleanix/demo/assets/img/shape/vector_shape_9.png]
[html.themehour.net/kleanix/demo/assets/img/gallery/gallery_2_1.jpg]
[html.themehour.net/kleanix/demo/assets/img/gallery/gallery_2_2.jpg]
[html.themehour.net/kleanix/demo/assets/img/gallery/gallery_2_3.jpg]
[html.themehour.net/kleanix/demo/assets/img/gallery/gallery_2_4.jpg]
[html.themehour.net/kleanix/demo/assets/img/gallery/gallery_2_5.jpg]
[html.themehour.net/kleanix/demo/assets/img/shape/vector_shape_10.png]
[html.themehour.net/kleanix/demo/assets/img/testimonial/testi_5_1.jpg]
[html.themehour.net/kleanix/demo/assets/img/testimonial/testi_5_2.jpg]
[html.themehour.net/kleanix/demo/assets/img/testimonial/testi_5_3.jpg]
[html.themehour.net/kleanix/demo/assets/img/blog/blog_5_1.jpg]
[html.themehour.net/kleanix/demo/assets/img/blog/blog_5_2.jpg]
[html.themehour.net/kleanix/demo/assets/img/blog/blog_5_3.jpg]
[html.themehour.net/kleanix/demo/assets/img/bg/subscribe_bg_1.png]
[html.themehour.net/kleanix/demo/assets/img/shape/footer_shape_3.png]
[html.themehour.net/kleanix/demo/assets/img/gallery/widget_gallery_1.jpg]
[html.themehour.net/kleanix/demo/assets/img/gallery/widget_gallery_2.jpg]
[html.themehour.net/kleanix/demo/assets/img/gallery/widget_gallery_3.jpg]
[html.themehour.net/kleanix/demo/assets/img/gallery/widget_gallery_4.jpg]
[html.themehour.net/kleanix/demo/assets/img/gallery/widget_gallery_5.jpg]
[html.themehour.net/kleanix/demo/assets/img/gallery/widget_gallery_6.jpg]
[html.themehour.net/kleanix/demo/home-5.html]
[html.themehour.net/kleanix/demo/home-5-op.html]
[html.themehour.net/kleanix/demo/assets/img/hero/hero_bg_5_1_1.jpg]
[html.themehour.net/kleanix/demo/assets/img/hero/hero_overlay_1_1.png]
[html.themehour.net/kleanix/demo/assets/img/hero/hero_bg_5_2_2.jpg]
[html.themehour.net/kleanix/demo/home-5-rtl.html]
[html.themehour.net/kleanix/demo/assets/img/hero/hero_bg_5_3_3.jpg]
[html.themehour.net/kleanix/demo/assets/img/bg/hero_bg_1.jpg]
[html.themehour.net/kleanix/demo/assets/img/hero/hero_2_1.jpg]
[html.themehour.net/kleanix/demo/assets/img/shape/vector_shape_11.png]
[html.themehour.net/kleanix/demo/assets/img/shape/vector_shape_12.png]
[html.themehour.net/kleanix/demo/assets/img/normal/about_3_1.jpg]
[html.themehour.net/kleanix/demo/assets/img/normal/about_3_2.jpg]
[html.themehour.net/kleanix/demo/assets/img/normal/dots-1.png]
[html.themehour.net/kleanix/demo/assets/img/shape/logo.svg]
[html.themehour.net/kleanix/demo/assets/img/bg/counter_bg_2.jpg]
[html.themehour.net/kleanix/demo/assets/img/bg/contact_bg_1.jpg]
[html.themehour.net/kleanix/demo/assets/img/gallery/gallery_4_1.jpg]
[html.themehour.net/kleanix/demo/assets/img/gallery/gallery_4_2.jpg]
[html.themehour.net/kleanix/demo/assets/img/gallery/gallery_4_3.jpg]
[html.themehour.net/kleanix/demo/assets/img/gallery/gallery_4_4.jpg]
[html.themehour.net/kleanix/demo/assets/img/gallery/gallery_4_6.jpg]
[html.themehour.net/kleanix/demo/assets/img/gallery/gallery_4_5.jpg]
[html.themehour.net/kleanix/demo/assets/img/bg/testi_bg_1.jpg]
[html.themehour.net/kleanix/demo/assets/img/testimonial/testi_4_1.png]
[html.themehour.net/kleanix/demo/assets/img/icon/quote.svg]
[html.themehour.net/kleanix/demo/assets/img/testimonial/testi_4_2.png]
[html.themehour.net/kleanix/demo/assets/img/shape/vector_shape_4.png]
[html.themehour.net/kleanix/demo/assets/img/shape/vector_shape_13.png]
[html.themehour.net/kleanix/demo/assets/img/blog/blog_6_1.jpg]
[html.themehour.net/kleanix/demo/assets/img/blog/blog_6_2.jpg]
[html.themehour.net/kleanix/demo/assets/img/blog/blog_6_3.jpg]
[html.themehour.net/kleanix/demo/assets/img/bg/subscribe_bg_2.png]
[html.themehour.net/kleanix/demo/home-6.html]
[html.themehour.net/kleanix/demo/home-6-op.html]
[html.themehour.net/kleanix/demo/home-6-rtl.html]
[html.themehour.net/kleanix/demo/assets/img/shape/hero_shape_1_1.svg]
[html.themehour.net/kleanix/demo/assets/img/shape/hero_shape_1_2.svg]
[html.themehour.net/kleanix/demo/assets/img/shape/hero_shape_1_3.svg]
[html.themehour.net/kleanix/demo/assets/img/shape/hero_shape_1_4.svg]
[html.themehour.net/kleanix/demo/assets/img/shape/hero_shape_1_5.svg]
[html.themehour.net/kleanix/demo/assets/img/shape/hero_shape_1_6.svg]
[html.themehour.net/kleanix/demo/assets/img/icon/feature-1.svg]
[html.themehour.net/kleanix/demo/assets/img/icon/feature-2.svg]
[html.themehour.net/kleanix/demo/assets/img/icon/feature-3.svg]
[html.themehour.net/kleanix/demo/assets/img/shape/services-shape-1-1.svg]
[html.themehour.net/kleanix/demo/assets/img/shape/services-shape-1-2.svg]
[html.themehour.net/kleanix/demo/assets/img/shape/services-shape-1-3.svg]
[html.themehour.net/kleanix/demo/assets/img/shape/services-shape-1-4.svg]
[html.themehour.net/kleanix/demo/assets/img/icon/service-desc-icon-1-1.svg]
[html.themehour.net/kleanix/demo/assets/img/icon/cta-1.svg]
[html.themehour.net/kleanix/demo/assets/img/icon/why-count-star-1-1.svg]
[html.themehour.net/kleanix/demo/assets/img/brand/brand_1_1.svg]
[html.themehour.net/kleanix/demo/assets/img/brand/brand_1_2.svg]
[html.themehour.net/kleanix/demo/assets/img/brand/brand_1_3.svg]
[html.themehour.net/kleanix/demo/assets/img/brand/brand_1_4.svg]
[html.themehour.net/kleanix/demo/assets/img/brand/brand_1_5.svg]
[html.themehour.net/kleanix/demo/assets/img/brand/brand_1_6.svg]
[html.themehour.net/kleanix/demo/assets/img/brand/brand_1_7.svg]
[html.themehour.net/kleanix/demo/assets/img/shape/team-sahpe-1-1.svg]
[html.themehour.net/kleanix/demo/assets/img/shape/team-sahpe-1-2.svg]
[html.themehour.net/kleanix/demo/assets/img/shape/team-sahpe-1-3.svg]
[html.themehour.net/kleanix/demo/assets/img/shape/team-sahpe-1-4.svg]
[html.themehour.net/kleanix/demo/assets/img/logo-footer.svg]
[html.themehour.net/kleanix/demo/privacy-policy.html]
[html.themehour.net/kleanix/demo/portfolio.html]
[html.themehour.net/kleanix/demo/assets/img/theme-img/button_shape.html]
[html.themehour.net/kleanix/demo/assets/img/bg/hero-2-bottom-shape.svg]
[html.themehour.net/kleanix/demo/assets/img/shape/servicce-2-shape-theme2.svg]
[html.themehour.net/kleanix/demo/assets/img/icon/service-2-card-bg-icon.svg]
[html.themehour.net/kleanix/demo/assets/img/icon/service-2-1.svg]
[html.themehour.net/kleanix/demo/assets/img/icon/service-2-2.svg]
[html.themehour.net/kleanix/demo/assets/img/shape/why-2-shape.svg]
[html.themehour.net/kleanix/demo/assets/img/icon/why-2-right-1.svg]
[html.themehour.net/kleanix/demo/assets/img/icon/why-2-right-2.svg]
[html.themehour.net/kleanix/demo/assets/img/icon/why-2-right-3.svg]
[html.themehour.net/kleanix/demo/assets/img/icon/price-2-icon-1.svg]
[html.themehour.net/kleanix/demo/assets/img/icon/price-2-icon-2.svg]
[html.themehour.net/kleanix/demo/assets/img/icon/price-2-icon-3.svg]
[html.themehour.net/kleanix/demo/assets/img/shape/home-3-shape-1.svg]
[html.themehour.net/kleanix/demo/assets/img/shape/home-3-shape-2.svg]
[html.themehour.net/kleanix/demo/assets/img/shape/home-3-shape-3.svg]
[html.themehour.net/kleanix/demo/assets/img/icon/how-it-work-2-1.svg]
[html.themehour.net/kleanix/demo/assets/img/icon/how-it-work-2-2.svg]
[html.themehour.net/kleanix/demo/assets/img/icon/how-it-work-2-3.svg]
[html.themehour.net/kleanix/demo/assets/img/icon/service-3-1.svg]
[html.themehour.net/kleanix/demo/assets/img/icon/service-3-2.svg]
[html.themehour.net/kleanix/demo/assets/img/icon/service-3-3.svg]
[html.themehour.net/kleanix/demo/assets/img/shape/cta-4-shape-left.svg]
[html.themehour.net/kleanix/demo/assets/img/shape/cta-4-shape-right.svg]
[html.themehour.net/kleanix/demo/assets/img/icon/cta-3.svg]
[html.themehour.net/kleanix/demo/assets/img/logo2.svg]
[html.themehour.net/kleanix/demo/assets/css/bootstrap.rtl.min.css]
[html.themehour.net/kleanix/demo/assets/img/theme-img/error.svg]
[html.themehour.net/kleanix/demo/assets/img/logo-white.svg]
[html.themehour.net/kleanix/demo/assets/img/theme-img/title_icon.svg]
[html.themehour.net/kleanix/demo/assets/img/hero/hero_shape_2_1.svg]
[html.themehour.net/kleanix/demo/assets/img/hero/hero_shape_2_2.svg]
[html.themehour.net/kleanix/demo/assets/img/icon/service_card_1.svg]
[html.themehour.net/kleanix/demo/assets/img/icon/service_card_2.svg]
[html.themehour.net/kleanix/demo/assets/img/icon/service_card_3.svg]
[html.themehour.net/kleanix/demo/assets/img/icon/service_card_4.svg]
[html.themehour.net/kleanix/demo/assets/img/icon/service_card_5.svg]
[html.themehour.net/kleanix/demo/assets/img/icon/service_card_6.svg]
[html.themehour.net/kleanix/demo/assets/img/icon/about_feature_1.svg]
[html.themehour.net/kleanix/demo/assets/img/icon/about_feature_2.svg]
[html.themehour.net/kleanix/demo/assets/img/shape/vector_shape_4.svg]
[html.themehour.net/kleanix/demo/assets/img/icon/price_card_1.svg]
[html.themehour.net/kleanix/demo/assets/img/icon/price_card_2.svg]
[html.themehour.net/kleanix/demo/assets/img/icon/price_card_3.svg]
[html.themehour.net/kleanix/demo/assets/img/icon/about_feature_3.svg]
[html.themehour.net/kleanix/demo/assets/img/icon/about_feature_4.svg]
[html.themehour.net/kleanix/demo/assets/img/icon/about_feature_5.svg]
[html.themehour.net/kleanix/demo/assets/img/brand/brand_2_1.svg]
[html.themehour.net/kleanix/demo/assets/img/brand/brand_2_2.svg]
[html.themehour.net/kleanix/demo/assets/img/brand/brand_2_3.svg]
[html.themehour.net/kleanix/demo/assets/img/brand/brand_2_4.svg]
[html.themehour.net/kleanix/demo/assets/img/brand/brand_2_5.svg]
[html.themehour.net/kleanix/demo/assets/img/brand/brand_2_6.svg]
[html.themehour.net/kleanix/demo/assets/img/icon/counter_card_1.svg]
[html.themehour.net/kleanix/demo/assets/img/icon/counter_card_2.svg]
[html.themehour.net/kleanix/demo/assets/img/icon/counter_card_3.svg]
[html.themehour.net/kleanix/demo/assets/img/icon/counter_card_4.svg]
[html.themehour.net/kleanix/demo/assets/img/shape/logo.svg]
[html.themehour.net/kleanix/demo/assets/img/icon/quote.svg]
