[emotionindia.com/aarohi-cabs/index.html]
[backblue.gif]
[fade.gif]
[index.html]
[emotionindia.com/aarohi-cabs/img/favi.png]
[emotionindia.com/aarohi-cabs/assets/js/theme-script.js]
[emotionindia.com/aarohi-cabs/assets/css/animate.css]
[emotionindia.com/aarohi-cabs/assets/css/bootstrap.min.css]
[emotionindia.com/aarohi-cabs/assets/css/meanmenu.css]
[emotionindia.com/aarohi-cabs/assets/plugins/tabler-icons/tabler-icons.css]
[emotionindia.com/aarohi-cabs/assets/plugins/fontawesome/css/fontawesome.min.css]
[emotionindia.com/aarohi-cabs/assets/plugins/fontawesome/css/all.min.css]
[cdnjs.cloudflare.com/ajax/libs/font-awesome/4.7.0/css/font-awesome.min.css]
[emotionindia.com/aarohi-cabs/assets/plugins/fancybox/jquery.fancybox.min.css]
[emotionindia.com/aarohi-cabs/assets/plugins/owlcarousel/owl.carousel.min.css]
[emotionindia.com/aarohi-cabs/assets/plugins/slick/slick.css]
[emotionindia.com/aarohi-cabs/assets/css/iconsax.css]
[emotionindia.com/aarohi-cabs/assets/css/bootstrap-datetimepicker.min.css]
[emotionindia.com/aarohi-cabs/assets/css/style.css]
[emotionindia.com/aarohi-cabs/assets/img/shape-4.png]
[emotionindia.com/aarohi-cabs/index-2.html]
[emotionindia.com/aarohi-cabs/img/logo.png]
[emotionindia.com/aarohi-cabs/img/logo-white1.png]
[emotionindia.com/aarohi-cabs/about.html]
[emotionindia.com/aarohi-cabs/taxi-packages.html]
[emotionindia.com/aarohi-cabs/payment.html]
[emotionindia.com/aarohi-cabs/contact.html]
[emotionindia.com/aarohi-cabs/img/b1.png]
[emotionindia.com/aarohi-cabs/img/b2.png]
[emotionindia.com/aarohi-cabs/img/b3.png]
[emotionindia.com/aarohi-cabs/img/b4.png]
[emotionindia.com/aarohi-cabs/img/about.webp]
[emotionindia.com/aarohi-cabs/assets/img/bg/about-bg.png]
[emotionindia.com/aarohi-cabs/assets/img/bg/about-bg-01.svg]
[emotionindia.com/aarohi-cabs/img/t1.jpg]
[emotionindia.com/aarohi-cabs/img/t2.jpg]
[emotionindia.com/aarohi-cabs/img/t3.jpg]
[emotionindia.com/aarohi-cabs/img/s1.webp]
[emotionindia.com/aarohi-cabs/img/s2.jpg]
[emotionindia.com/aarohi-cabs/img/s3.jpg]
[emotionindia.com/aarohi-cabs/assets/t1.png]
[emotionindia.com/aarohi-cabs/assets/t2.png]
[emotionindia.com/aarohi-cabs/assets/t3.png]
[emotionindia.com/aarohi-cabs/assets/t5.png]
[emotionindia.com/aarohi-cabs/assets/img/bg/testimonial-bg-01.svg]
[emotionindia.com/aarohi-cabs/assets/img/blog/blog-01.jpg]
[emotionindia.com/aarohi-cabs/assets/img/blog/blog-02.jpg]
[emotionindia.com/aarohi-cabs/assets/img/blog/blog-03.jpg]
[emotionindia.com/aarohi-cabs/gallery.html]
[emotionindia.com/aarohi-cabs/terms-conditions.html]
[emotionindia.com/aarohi-cabs/privacy-policy.html]
[emotionindia.com/aarohi-cabs/assets/img/icons/googleplay.svg]
[emotionindia.com/aarohi-cabs/assets/img/icons/appstore.svg]
[emotionindia.com/aarohi-cabs/assets/img/icons/card-01.svg]
[emotionindia.com/aarohi-cabs/assets/img/bg/footer.svg]
[emotionindia.com/aarohi-cabs/assets/img/icons/card-02.svg]
[emotionindia.com/aarohi-cabs/assets/img/icons/card-03.svg]
[emotionindia.com/aarohi-cabs/assets/img/icons/card-04.svg]
[emotionindia.com/aarohi-cabs/assets/img/icons/card-05.svg]
[emotionindia.com/aarohi-cabs/assets/img/icons/card-06.svg]
[emotionindia.com/aarohi-cabs/assets/img/icons/google-icon.svg]
[emotionindia.com/aarohi-cabs/assets/img/icons/fb-icon.svg]
[emotionindia.com/aarohi-cabs/assets/js/jquery-3.7.1.min.js]
[emotionindia.com/aarohi-cabs/assets/js/bootstrap.bundle.min.js]
[emotionindia.com/aarohi-cabs/assets/js/wow.min.js]
[emotionindia.com/aarohi-cabs/assets/js/jquery.meanmenu.min.js]
[emotionindia.com/aarohi-cabs/assets/plugins/owlcarousel/owl.carousel.min.js]
[emotionindia.com/aarohi-cabs/assets/plugins/fancybox/jquery.fancybox.min.js]
[emotionindia.com/aarohi-cabs/assets/js/jquery.counterup.min.js]
[emotionindia.com/aarohi-cabs/assets/js/jquery.waypoints.min.js]
[emotionindia.com/aarohi-cabs/assets/plugins/moment/moment.js]
[emotionindia.com/aarohi-cabs/assets/js/bootstrap-datetimepicker.min.js]
[emotionindia.com/aarohi-cabs/assets/js/cursor.js]
[emotionindia.com/aarohi-cabs/assets/js/script.js]
[emotionindia.com/aarohi-cabs/index.html]
[emotionindia.com/aarohi-cabs/assets/css/animate.css]
[emotionindia.com/aarohi-cabs/assets/css/bootstrap.min.css]
[emotionindia.com/aarohi-cabs/assets/css/meanmenu.css]
[emotionindia.com/aarohi-cabs/assets/plugins/tabler-icons/fonts/tabler-icons539a539a.eot]
[emotionindia.com/aarohi-cabs/assets/plugins/tabler-icons/fonts/tabler-icons539a539a.woff2]
[emotionindia.com/aarohi-cabs/assets/plugins/tabler-icons/fonts/tabler-iconsd41dd41d.eot]
[emotionindia.com/aarohi-cabs/assets/plugins/tabler-icons/fonts/tabler-iconsd41dd41d.woff]
[emotionindia.com/aarohi-cabs/assets/plugins/tabler-icons/tabler-icons.css]
[emotionindia.com/aarohi-cabs/assets/plugins/fontawesome/css/fontawesome.min.css]
[emotionindia.com/aarohi-cabs/assets/plugins/fontawesome/webfonts/fa-brands-400.woff2]
[emotionindia.com/aarohi-cabs/assets/plugins/tabler-icons/fonts/tabler-icons539a539a.ttf]
[emotionindia.com/aarohi-cabs/assets/plugins/fontawesome/webfonts/fa-brands-400.ttf]
[emotionindia.com/aarohi-cabs/assets/plugins/fontawesome/webfonts/fa-regular-400.woff2]
[emotionindia.com/aarohi-cabs/assets/plugins/fontawesome/webfonts/fa-regular-400.ttf]
[emotionindia.com/aarohi-cabs/assets/plugins/fontawesome/webfonts/fa-solid-900.woff2]
[emotionindia.com/aarohi-cabs/assets/plugins/fontawesome/webfonts/fa-solid-900.ttf]
[emotionindia.com/aarohi-cabs/assets/plugins/fontawesome/webfonts/fa-v4compatibility.woff2]
[emotionindia.com/aarohi-cabs/assets/plugins/fontawesome/css/all.min.css]
[emotionindia.com/aarohi-cabs/assets/plugins/fontawesome/webfonts/fa-v4compatibility.ttf]
[cdnjs.cloudflare.com/ajax/libs/font-awesome/4.7.0/css/font-awesome.min.css]
[emotionindia.com/aarohi-cabs/assets/plugins/fancybox/jquery.fancybox.min.css]
[emotionindia.com/aarohi-cabs/assets/plugins/owlcarousel/owl.video.play.png]
[emotionindia.com/aarohi-cabs/assets/plugins/owlcarousel/owl.carousel.min.css]
[emotionindia.com/aarohi-cabs/assets/plugins/slick/slick.css]
[emotionindia.com/aarohi-cabs/assets/fonts/iconsax92de92de.html]
[emotionindia.com/aarohi-cabs/assets/fonts/iconsax92de-292de.html]
[emotionindia.com/aarohi-cabs/assets/fonts/iconsax92de92de.ttf]
[emotionindia.com/aarohi-cabs/assets/fonts/iconsax92de-392de.html]
[emotionindia.com/aarohi-cabs/assets/css/iconsax.css]
[emotionindia.com/aarohi-cabs/assets/css/bootstrap-datetimepicker.min.css]
[emotionindia.com/aarohi-cabs/assets/img/bg/menu-bg.png]
[emotionindia.com/aarohi-cabs/assets/img/bg/breadcrumb.jpg]
[emotionindia.com/aarohi-cabs/assets/img/bg/breadcrumb-02.jpg]
[emotionindia.com/aarohi-cabs/assets/img/bg/breadcrumb-03.jpg]
[emotionindia.com/aarohi-cabs/assets/img/bg/breadcrumb-05.jpg]
[emotionindia.com/aarohi-cabs/assets/img/bg/breadcrumb-04.jpg]
[emotionindia.com/aarohi-cabs/assets/img/banner/b1.png]
[emotionindia.com/aarohi-cabs/assets/img/bg/benefit-bg.png]
[emotionindia.com/aarohi-cabs/assets/img/icons/star-icon.svg]
[emotionindia.com/aarohi-cabs/assets/img/video.jpg]
[emotionindia.com/aarohi-cabs/assets/img/bg/faq-bg.png]
[emotionindia.com/aarohi-cabs/assets/img/banner/car-banner.jpg]
[emotionindia.com/aarohi-cabs/assets/img/bg/faq-bg-03.png]
[emotionindia.com/aarohi-cabs/assets/img/banner/flight-banner.jpg]
[emotionindia.com/aarohi-cabs/assets/img/banner/cruise-banner.jpg]
[emotionindia.com/aarohi-cabs/assets/img/icons/star-white.svg]
[emotionindia.com/aarohi-cabs/assets/img/bg/authetication-bg.png]
[emotionindia.com/aarohi-cabs/assets/img/bg/authentication-footer-bg.png]
[emotionindia.com/aarohi-cabs/assets/img/bg/coming-soon-bg.svg]
[emotionindia.com/aarohi-cabs/assets/img/icons/star-icon-2.svg]
[emotionindia.com/aarohi-cabs/assets/img/bg/hotel-bg-07.png]
[emotionindia.com/aarohi-cabs/assets/img/tours/home-banner-6.jpg]
[emotionindia.com/aarohi-cabs/assets/img/bg/section-top-bg.png]
[emotionindia.com/aarohi-cabs/assets/img/tours/tours-35.jpg]
[emotionindia.com/aarohi-cabs/assets/img/icons/dropdown.html]
[emotionindia.com/aarohi-cabs/assets/css/style.css]
[emotionindia.com/aarohi-cabs/index-2.html]
[emotionindia.com/aarohi-cabs/enquiry.html]
[emotionindia.com/aarohi-cabs/assets/img/bg/about-bg-stars-bottom.png]
[emotionindia.com/aarohi-cabs/assets/img/bg/about-bg-stars-top.png]
[emotionindia.com/aarohi-cabs/about.html]
[emotionindia.com/aarohi-cabs/assets/img/hotels/hotel-08.jpg]
[emotionindia.com/aarohi-cabs/assets/img/hotels/hotel-03.jpg]
[emotionindia.com/aarohi-cabs/assets/img/hotels/hotel-02.jpg]
[emotionindia.com/aarohi-cabs/assets/plugins/theia-sticky-sidebar/ResizeSensor.js]
[emotionindia.com/aarohi-cabs/taxi-packages.html]
[emotionindia.com/aarohi-cabs/assets/plugins/theia-sticky-sidebar/theia-sticky-sidebar.js]
[emotionindia.com/aarohi-cabs/payment.html]
[emotionindia.com/aarohi-cabs/contact.html]
[emotionindia.com/aarohi-cabs/assets/img/bg/about-bg-01.svg]
[emotionindia.com/aarohi-cabs/assets/img/bg/testimonial-bg-01.svg]
[emotionindia.com/aarohi-cabs/assets/img/gallery/gallery-01.jpg]
[emotionindia.com/aarohi-cabs/assets/img/gallery/gallery-02.jpg]
[emotionindia.com/aarohi-cabs/assets/img/gallery/gallery-03.jpg]
[emotionindia.com/aarohi-cabs/assets/img/gallery/gallery-04.jpg]
[emotionindia.com/aarohi-cabs/assets/img/gallery/gallery-05.jpg]
[emotionindia.com/aarohi-cabs/assets/img/gallery/gallery-06.jpg]
[emotionindia.com/aarohi-cabs/assets/img/gallery/gallery-07.jpg]
[emotionindia.com/aarohi-cabs/assets/img/gallery/gallery-08.jpg]
[emotionindia.com/aarohi-cabs/assets/img/gallery/gallery-09.jpg]
[emotionindia.com/aarohi-cabs/assets/img/gallery/gallery-10.jpg]
[emotionindia.com/aarohi-cabs/assets/img/gallery/gallery-11.jpg]
[emotionindia.com/aarohi-cabs/assets/img/gallery/gallery-12.jpg]
[emotionindia.com/aarohi-cabs/assets/img/gallery/gallery-13.jpg]
[emotionindia.com/aarohi-cabs/assets/img/gallery/gallery-14.jpg]
[emotionindia.com/aarohi-cabs/assets/img/gallery/gallery-15.jpg]
[emotionindia.com/aarohi-cabs/assets/img/gallery/gallery-16.jpg]
[emotionindia.com/aarohi-cabs/gallery.html]
[emotionindia.com/aarohi-cabs/terms-conditions.html]
[emotionindia.com/aarohi-cabs/privacy-policy.html]
[emotionindia.com/aarohi-cabs/assets/img/icons/googleplay.svg]
[emotionindia.com/aarohi-cabs/assets/img/icons/appstore.svg]
[emotionindia.com/aarohi-cabs/assets/img/bg/footer.svg]
[emotionindia.com/aarohi-cabs/assets/img/icons/card-01.svg]
[emotionindia.com/aarohi-cabs/assets/img/icons/card-02.svg]
[emotionindia.com/aarohi-cabs/assets/img/icons/card-03.svg]
[emotionindia.com/aarohi-cabs/assets/img/icons/card-04.svg]
[emotionindia.com/aarohi-cabs/assets/img/icons/card-05.svg]
[emotionindia.com/aarohi-cabs/assets/img/icons/card-06.svg]
[emotionindia.com/aarohi-cabs/assets/img/icons/google-icon.svg]
[emotionindia.com/aarohi-cabs/assets/img/icons/fb-icon.svg]
[emotionindia.com/aarohi-cabs/assets/fonts/iconsax92de92de.html]
[emotionindia.com/aarohi-cabs/assets/fonts/iconsax92de-292de.html]
[emotionindia.com/aarohi-cabs/assets/fonts/iconsax92de-392de.html]
[emotionindia.com/aarohi-cabs/assets/img/icons/star-icon.svg]
[emotionindia.com/aarohi-cabs/assets/img/icons/star-white.svg]
[emotionindia.com/aarohi-cabs/assets/img/bg/coming-soon-bg.svg]
[emotionindia.com/aarohi-cabs/assets/img/icons/star-icon-2.svg]
[emotionindia.com/aarohi-cabs/assets/img/icons/dropdown.html]
[cdn-cgi/scripts/5c5dd728/cloudflare-static/email-decode.min.js]
[cdn-cgi/scripts/7d0fa10a/cloudflare-static/rocket-loader.min.js]
