[html.vecurosoft.com/tripix/tripix-demo/index.html]
[backblue.gif]
[fade.gif]
[index.html]
[html.vecurosoft.com/tripix/tripix-demo/assets/img/favicons/apple-icon-57x57.png]
[html.vecurosoft.com/tripix/tripix-demo/assets/img/favicons/apple-icon-60x60.png]
[html.vecurosoft.com/tripix/tripix-demo/assets/img/favicons/apple-icon-72x72.png]
[html.vecurosoft.com/tripix/tripix-demo/assets/img/favicons/apple-icon-76x76.png]
[html.vecurosoft.com/tripix/tripix-demo/assets/img/favicons/apple-icon-114x114.png]
[html.vecurosoft.com/tripix/tripix-demo/assets/img/favicons/apple-icon-120x120.png]
[html.vecurosoft.com/tripix/tripix-demo/assets/img/favicons/apple-icon-144x144.png]
[html.vecurosoft.com/tripix/tripix-demo/assets/img/favicons/apple-icon-152x152.png]
[html.vecurosoft.com/tripix/tripix-demo/assets/img/favicons/apple-icon-180x180.png]
[html.vecurosoft.com/tripix/tripix-demo/assets/img/favicons/favicon-32x32.png]
[html.vecurosoft.com/tripix/tripix-demo/assets/img/favicons/favicon-96x96.png]
[html.vecurosoft.com/tripix/tripix-demo/assets/img/favicons/favicon-16x16.png]
[html.vecurosoft.com/tripix/tripix-demo/assets/img/favicons/manifest.json]
[html.vecurosoft.com/tripix/tripix-demo/assets/img/favicons/ms-icon-144x144.png]
[html.vecurosoft.com/tripix/tripix-demo/assets/css/plugins.css]
[html.vecurosoft.com/tripix/tripix-demo/assets/css/style.css]
[html.vecurosoft.com/tripix/tripix-demo/index-2.html]
[html.vecurosoft.com/tripix/tripix-demo/index-3.html]
[html.vecurosoft.com/tripix/tripix-demo/destinations.html]
[html.vecurosoft.com/tripix/tripix-demo/destination-details.html]
[html.vecurosoft.com/tripix/tripix-demo/about.html]
[html.vecurosoft.com/tripix/tripix-demo/faq.html]
[html.vecurosoft.com/tripix/tripix-demo/activities.html]
[html.vecurosoft.com/tripix/tripix-demo/blog.html]
[html.vecurosoft.com/tripix/tripix-demo/blog-details.html]
[html.vecurosoft.com/tripix/tripix-demo/trips.html]
[html.vecurosoft.com/tripix/tripix-demo/404.html]
[html.vecurosoft.com/tripix/tripix-demo/contact.html]
[html.vecurosoft.com/tripix/tripix-demo/assets/img/hero/hero-layout1-bg.png]
[html.vecurosoft.com/tripix/tripix-demo/assets/img/icons/hero-sun.png]
[html.vecurosoft.com/tripix/tripix-demo/assets/img/bg/destination.png]
[html.vecurosoft.com/tripix/tripix-demo/assets/img/icons/destination-icon-1.png]
[html.vecurosoft.com/tripix/tripix-demo/assets/img/icons/destination-icon-2.png]
[html.vecurosoft.com/tripix/tripix-demo/assets/img/destination/destination-1-1.png]
[html.vecurosoft.com/tripix/tripix-demo/assets/img/destination/destination-1-2.png]
[html.vecurosoft.com/tripix/tripix-demo/assets/img/destination/destination-1-3.jpg]
[html.vecurosoft.com/tripix/tripix-demo/assets/img/destination/destination-1-4.jpg]
[html.vecurosoft.com/tripix/tripix-demo/assets/img/tour-packages/tour-package-1-1.png]
[html.vecurosoft.com/tripix/tripix-demo/assets/img/tour-packages/tour-package-1-2.png]
[html.vecurosoft.com/tripix/tripix-demo/assets/img/tour-packages/tour-package-1-3.png]
[html.vecurosoft.com/tripix/tripix-demo/assets/img/destination-galler/destination-gallery-1-1.png]
[html.vecurosoft.com/tripix/tripix-demo/assets/img/destination-galler/destination-gallery-1-2.png]
[html.vecurosoft.com/tripix/tripix-demo/assets/img/destination-galler/destination-gallery-1-3.png]
[html.vecurosoft.com/tripix/tripix-demo/assets/img/destination-galler/destination-gallery-1-4.png]
[html.vecurosoft.com/tripix/tripix-demo/assets/img/destination-galler/destination-gallery-1-5.png]
[html.vecurosoft.com/tripix/tripix-demo/assets/img/services/vs-services-style1-bg.png]
[html.vecurosoft.com/tripix/tripix-demo/assets/img/icons/cloud.png]
[html.vecurosoft.com/tripix/tripix-demo/assets/img/icons/ballon.png]
[html.vecurosoft.com/tripix/tripix-demo/assets/img/services/services-thumb-1-3.png]
[html.vecurosoft.com/tripix/tripix-demo/assets/img/services/services-thumb-1-4.png]
[html.vecurosoft.com/tripix/tripix-demo/assets/img/services/services-thumb-1-1.png]
[html.vecurosoft.com/tripix/tripix-demo/assets/img/services/services-thumb-1-2.png]
[html.vecurosoft.com/tripix/tripix-demo/assets/img/services/vs-services-box-style1-v2-avatars.png]
[html.vecurosoft.com/tripix/tripix-demo/assets/img/icons/eiffel-tower.png]
[html.vecurosoft.com/tripix/tripix-demo/assets/img/awards/awards-style1-bg.png]
[html.vecurosoft.com/tripix/tripix-demo/assets/img/icons/award-icon-1.png]
[html.vecurosoft.com/tripix/tripix-demo/assets/img/icons/award-icon-2.png]
[html.vecurosoft.com/tripix/tripix-demo/assets/img/icons/awards-google.png]
[html.vecurosoft.com/tripix/tripix-demo/assets/img/awards/award-box-left-wings.png]
[html.vecurosoft.com/tripix/tripix-demo/assets/img/awards/award-box-right-wings.png]
[html.vecurosoft.com/tripix/tripix-demo/assets/img/blog/blog-1-1.png]
[html.vecurosoft.com/tripix/tripix-demo/assets/img/blog/blog-1-2.png]
[html.vecurosoft.com/tripix/tripix-demo/assets/img/blog/blog-1-3.png]
[html.vecurosoft.com/tripix/tripix-demo/assets/img/footer/footer-style1-bg.png]
[html.vecurosoft.com/tripix/tripix-demo/assets/img/footer/footer-cta-bg.png]
[html.vecurosoft.com/tripix/tripix-demo/assets/img/instagram-post/instagram-1.png]
[html.vecurosoft.com/tripix/tripix-demo/assets/img/instagram-post/instagram-2.png]
[html.vecurosoft.com/tripix/tripix-demo/assets/img/instagram-post/instagram-3.png]
[html.vecurosoft.com/tripix/tripix-demo/assets/img/instagram-post/instagram-4.png]
[html.vecurosoft.com/tripix/tripix-demo/assets/img/instagram-post/instagram-5.png]
[html.vecurosoft.com/tripix/tripix-demo/assets/img/instagram-post/instagram-6.png]
[html.vecurosoft.com/tripix/tripix-demo/assets/js/vendor/jquery-3.6.0.min.js]
[html.vecurosoft.com/tripix/tripix-demo/assets/js/jquery-ui.min.js]
[html.vecurosoft.com/tripix/tripix-demo/assets/js/moment.min.js]
[html.vecurosoft.com/tripix/tripix-demo/assets/js/daterangepicker.min.js]
[html.vecurosoft.com/tripix/tripix-demo/assets/js/swiper-bundle.min.js]
[html.vecurosoft.com/tripix/tripix-demo/assets/js/bootstrap.min.js]
[html.vecurosoft.com/tripix/tripix-demo/assets/js/wow.min.js]
[html.vecurosoft.com/tripix/tripix-demo/assets/js/jquery.magnific-popup.min.js]
[html.vecurosoft.com/tripix/tripix-demo/assets/js/imagesloaded.pkgd.min.js]
[html.vecurosoft.com/tripix/tripix-demo/assets/js/gsap.min.js]
[html.vecurosoft.com/tripix/tripix-demo/assets/js/ScrollTrigger.min.js]
[html.vecurosoft.com/tripix/tripix-demo/assets/js/ScrollToPlugin.min.js]
[html.vecurosoft.com/tripix/tripix-demo/assets/js/SplitText.min.js]
[html.vecurosoft.com/tripix/tripix-demo/index.html]
[html.vecurosoft.com/tripix/tripix-demo/assets/js/main.js]
[html.vecurosoft.com/tripix/tripix-demo/assets/plugins/animate.min.css]
[html.vecurosoft.com/tripix/tripix-demo/assets/plugins/fontawesome.min.css]
[html.vecurosoft.com/tripix/tripix-demo/assets/plugins/bootstrap.min.css]
[html.vecurosoft.com/tripix/tripix-demo/assets/plugins/jquery-ui.min.css]
[html.vecurosoft.com/tripix/tripix-demo/assets/plugins/magnific-popup.min.css]
[html.vecurosoft.com/tripix/tripix-demo/assets/plugins/odometer.css]
[html.vecurosoft.com/tripix/tripix-demo/assets/plugins/swiper-bundle.min.css]
[html.vecurosoft.com/tripix/tripix-demo/assets/plugins/daterangepicker.css]
[html.vecurosoft.com/tripix/tripix-demo/assets/css/plugins.css]
[html.vecurosoft.com/tripix/tripix-demo/assets/img/bg/bg-wave.png]
[html.vecurosoft.com/tripix/tripix-demo/assets/img/bg/cta-bg-top-shape.png]
[html.vecurosoft.com/tripix/tripix-demo/assets/img/bg/cta-bg-bottom-shape.png]
[html.vecurosoft.com/tripix/tripix-demo/assets/css/style.css]
[html.vecurosoft.com/tripix/tripix-demo/assets/img/logo.svg]
[html.vecurosoft.com/tripix/tripix-demo/assets/img/hero/hero-layout2-bg.png]
[html.vecurosoft.com/tripix/tripix-demo/assets/img/icons/ballon-sclation.png]
[html.vecurosoft.com/tripix/tripix-demo/assets/img/bg/about-trip-bg.png]
[html.vecurosoft.com/tripix/tripix-demo/assets/img/destination/destination-2-1.png]
[html.vecurosoft.com/tripix/tripix-demo/assets/img/destination/destination-2-2.png]
[html.vecurosoft.com/tripix/tripix-demo/assets/img/destination/destination-2-3.png]
[html.vecurosoft.com/tripix/tripix-demo/assets/img/bg/services-style2-bg.png]
[html.vecurosoft.com/tripix/tripix-demo/assets/img/services/services-thumb-2-1.png]
[html.vecurosoft.com/tripix/tripix-demo/assets/img/services/services-info-download-img.png]
[html.vecurosoft.com/tripix/tripix-demo/assets/img/services/services-thumb-2-1.1.png]
[html.vecurosoft.com/tripix/tripix-demo/assets/img/services/services-thumb-2-1.abs.png]
[html.vecurosoft.com/tripix/tripix-demo/assets/img/tour-packages/tour-package-2-1.png]
[html.vecurosoft.com/tripix/tripix-demo/assets/img/tour-packages/tour-package-2-2.png]
[html.vecurosoft.com/tripix/tripix-demo/assets/img/tour-packages/tour-package-2-3.png]
[html.vecurosoft.com/tripix/tripix-demo/assets/img/bg/travel-guides-bg.png]
[html.vecurosoft.com/tripix/tripix-demo/assets/img/icons/plain-sclation.png]
[html.vecurosoft.com/tripix/tripix-demo/assets/img/icons/rops.png]
[html.vecurosoft.com/tripix/tripix-demo/assets/img/guides/guide-1-1.png]
[html.vecurosoft.com/tripix/tripix-demo/assets/img/guides/guide-1-2.png]
[html.vecurosoft.com/tripix/tripix-demo/assets/img/guides/guide-1-3.png]
[html.vecurosoft.com/tripix/tripix-demo/assets/img/guides/guide-1-4.png]
[html.vecurosoft.com/tripix/tripix-demo/assets/img/bg/testimonial-bg.png]
[html.vecurosoft.com/tripix/tripix-demo/assets/img/icons/eiffel-tower-dark.png]
[html.vecurosoft.com/tripix/tripix-demo/assets/img/testimonial/testimonial-thumb-1-1.png]
[html.vecurosoft.com/tripix/tripix-demo/assets/img/testimonial/testimonial-thumb-1-2.png]
[html.vecurosoft.com/tripix/tripix-demo/assets/img/testimonial/testimonial-thumb-1-3.png]
[html.vecurosoft.com/tripix/tripix-demo/assets/img/testimonial/testimonial-thumb-1-4.png]
[html.vecurosoft.com/tripix/tripix-demo/assets/img/instagram/insta-post-1-1.png]
[html.vecurosoft.com/tripix/tripix-demo/assets/img/instagram/insta-post-1-2.png]
[html.vecurosoft.com/tripix/tripix-demo/assets/img/instagram/insta-post-1-3.png]
[html.vecurosoft.com/tripix/tripix-demo/assets/img/instagram/insta-post-1-4.png]
[html.vecurosoft.com/tripix/tripix-demo/assets/img/instagram/insta-post-1-5.png]
[html.vecurosoft.com/tripix/tripix-demo/assets/js/odometer.min.js]
[html.vecurosoft.com/tripix/tripix-demo/assets/js/viewport.jquery.js]
[html.vecurosoft.com/tripix/tripix-demo/index-2.html]
[html.vecurosoft.com/tripix/tripix-demo/assets/img/hero/hero-layout3-bg.png]
[html.vecurosoft.com/tripix/tripix-demo/assets/img/hero/booking-avatar.png]
[html.vecurosoft.com/tripix/tripix-demo/assets/img/icons/offer-arrow-icon.png]
[html.vecurosoft.com/tripix/tripix-demo/assets/img/offer/offer-img-1-1.png]
[html.vecurosoft.com/tripix/tripix-demo/assets/img/offer/offer-img-1-2.png]
[html.vecurosoft.com/tripix/tripix-demo/assets/img/offer/offer-img-1-3.png]
[html.vecurosoft.com/tripix/tripix-demo/assets/img/icons/plain-globe.png]
[html.vecurosoft.com/tripix/tripix-demo/assets/img/icons/map.png]
[html.vecurosoft.com/tripix/tripix-demo/assets/img/about/about-thumb.png]
[html.vecurosoft.com/tripix/tripix-demo/assets/img/icons/rope-clamps.png]
[html.vecurosoft.com/tripix/tripix-demo/assets/img/icons/mountan.png]
[html.vecurosoft.com/tripix/tripix-demo/assets/img/bg/exclusive-gallery-bg.png]
[html.vecurosoft.com/tripix/tripix-demo/assets/img/exclusive-gallery/exclusive-gallery-thumb-1.png]
[html.vecurosoft.com/tripix/tripix-demo/assets/img/exclusive-gallery/exclusive-gallery-thumb-2.png]
[html.vecurosoft.com/tripix/tripix-demo/assets/img/exclusive-gallery/exclusive-gallery-thumb-3.png]
[html.vecurosoft.com/tripix/tripix-demo/assets/img/icons/plain-sclation-2.png]
[html.vecurosoft.com/tripix/tripix-demo/assets/img/choos-us/choos-us-thumb-1-1.png]
[html.vecurosoft.com/tripix/tripix-demo/assets/img/icons/owl.png]
[html.vecurosoft.com/tripix/tripix-demo/assets/img/icons/choos-us-icon-1.png]
[html.vecurosoft.com/tripix/tripix-demo/assets/img/icons/choos-us-icon-2.png]
[html.vecurosoft.com/tripix/tripix-demo/assets/img/icons/eiffel-tower-3.png]
[html.vecurosoft.com/tripix/tripix-demo/assets/img/top-place/top-place-1.png]
[html.vecurosoft.com/tripix/tripix-demo/assets/img/top-place/top-place-2.png]
[html.vecurosoft.com/tripix/tripix-demo/assets/img/top-place/top-place-3.png]
[html.vecurosoft.com/tripix/tripix-demo/assets/img/top-place/top-place-4.png]
[html.vecurosoft.com/tripix/tripix-demo/assets/img/top-place/top-place-5.png]
[html.vecurosoft.com/tripix/tripix-demo/assets/img/bg/cta-bg.png]
[html.vecurosoft.com/tripix/tripix-demo/assets/img/bg/counter-style1-bg.png]
[html.vecurosoft.com/tripix/tripix-demo/assets/img/counter/counter-style1-thumb.png]
[html.vecurosoft.com/tripix/tripix-demo/assets/img/blog/blog-2-1.png]
[html.vecurosoft.com/tripix/tripix-demo/assets/img/blog/blog-2-2.png]
[html.vecurosoft.com/tripix/tripix-demo/assets/img/blog/blog-2-3.png]
[html.vecurosoft.com/tripix/tripix-demo/index-3.html]
[html.vecurosoft.com/tripix/tripix-demo/assets/img/bg/breadcrumb-bg.png]
[html.vecurosoft.com/tripix/tripix-demo/assets/img/destination/destinations-thumb-2-1.png]
[html.vecurosoft.com/tripix/tripix-demo/assets/img/destination/destinations-thumb-2-2.png]
[html.vecurosoft.com/tripix/tripix-demo/assets/img/destination/destinations-thumb-2-3.png]
[html.vecurosoft.com/tripix/tripix-demo/assets/img/destination/destinations-thumb-2-4.png]
[html.vecurosoft.com/tripix/tripix-demo/assets/img/destination/destinations-thumb-2-5.png]
[html.vecurosoft.com/tripix/tripix-demo/assets/img/destination/destinations-thumb-2-6.png]
[html.vecurosoft.com/tripix/tripix-demo/assets/img/destination/destinations-thumb-2-7.png]
[html.vecurosoft.com/tripix/tripix-demo/assets/img/destination/destinations-thumb-2-8.png]
[html.vecurosoft.com/tripix/tripix-demo/assets/img/destination/destinations-thumb-2-9.png]
[html.vecurosoft.com/tripix/tripix-demo/assets/img/destination/destinations-thumb-2-10.png]
[html.vecurosoft.com/tripix/tripix-demo/destinations.html]
[html.vecurosoft.com/tripix/tripix-demo/assets/img/destination/destination-single-1.png]
[html.vecurosoft.com/tripix/tripix-demo/assets/img/tour-packages/tour-package-3-1.png]
[html.vecurosoft.com/tripix/tripix-demo/assets/img/tour-packages/tour-package-3-2.png]
[html.vecurosoft.com/tripix/tripix-demo/assets/img/tour-packages/tour-package-3-3.png]
[html.vecurosoft.com/tripix/tripix-demo/destination-details.html]
[html.vecurosoft.com/tripix/tripix-demo/assets/img/bg/breadcrumb-bg-2.png]
[html.vecurosoft.com/tripix/tripix-demo/about.html]
[html.vecurosoft.com/tripix/tripix-demo/assets/img/bg/404-faq.png]
[html.vecurosoft.com/tripix/tripix-demo/faq.html]
[html.vecurosoft.com/tripix/tripix-demo/assets/img/icons/tree.png]
[html.vecurosoft.com/tripix/tripix-demo/assets/img/activities/activities-thumb-1-1.png]
[html.vecurosoft.com/tripix/tripix-demo/assets/img/activities/activities-thumb-1-2.png]
[html.vecurosoft.com/tripix/tripix-demo/assets/img/activities/activities-thumb-1-3.png]
[html.vecurosoft.com/tripix/tripix-demo/assets/img/activities/activities-thumb-1-4.png]
[html.vecurosoft.com/tripix/tripix-demo/assets/img/activities/activities-thumb-1-5.png]
[html.vecurosoft.com/tripix/tripix-demo/activities.html]
[html.vecurosoft.com/tripix/tripix-demo/assets/img/blog/blog-3-1.png]
[html.vecurosoft.com/tripix/tripix-demo/assets/img/blog/blog-3-2.png]
[html.vecurosoft.com/tripix/tripix-demo/assets/img/blog/blog-3-3.png]
[html.vecurosoft.com/tripix/tripix-demo/assets/img/blog/recent-post-1-1.png]
[html.vecurosoft.com/tripix/tripix-demo/assets/img/blog/recent-post-1-2.png]
[html.vecurosoft.com/tripix/tripix-demo/assets/img/blog/recent-post-1-3.png]
[html.vecurosoft.com/tripix/tripix-demo/blog.html]
[html.vecurosoft.com/tripix/tripix-demo/assets/img/blog/blog-big-1-1.png]
[html.vecurosoft.com/tripix/tripix-demo/assets/img/blog/blog-d-1-1.png]
[html.vecurosoft.com/tripix/tripix-demo/assets/img/blog/blog-d-1-2.png]
[html.vecurosoft.com/tripix/tripix-demo/assets/img/blog/blog-author.png]
[html.vecurosoft.com/tripix/tripix-demo/assets/img/blog/comment-author-1.png]
[html.vecurosoft.com/tripix/tripix-demo/assets/img/blog/comment-author-2.png]
[html.vecurosoft.com/tripix/tripix-demo/assets/img/blog/comment-author-3.png]
[html.vecurosoft.com/tripix/tripix-demo/blog-details.html]
[html.vecurosoft.com/tripix/tripix-demo/assets/img/tour-packages/tour-package-3-4.png]
[html.vecurosoft.com/tripix/tripix-demo/assets/img/tour-packages/tour-package-3-5.png]
[html.vecurosoft.com/tripix/tripix-demo/assets/img/tour-packages/tour-package-3-6.png]
[html.vecurosoft.com/tripix/tripix-demo/trips.html]
[html.vecurosoft.com/tripix/tripix-demo/assets/img/bg/404-bg.png]
[html.vecurosoft.com/tripix/tripix-demo/assets/img/error/error.png]
[html.vecurosoft.com/tripix/tripix-demo/404.html]
[html.vecurosoft.com/tripix/tripix-demo/contact.html]
[html.vecurosoft.com/tripix/tripix-demo/assets/img/partner/partner-1-1.svg]
[html.vecurosoft.com/tripix/tripix-demo/assets/img/partner/partner-1-2.svg]
[html.vecurosoft.com/tripix/tripix-demo/assets/img/partner/partner-1-3.svg]
[html.vecurosoft.com/tripix/tripix-demo/assets/img/partner/partner-1-4.svg]
[html.vecurosoft.com/tripix/tripix-demo/assets/img/partner/partner-1-5.svg]
[html.vecurosoft.com/tripix/tripix-demo/assets/plugins/animate.min.css]
[html.vecurosoft.com/tripix/tripix-demo/assets/webfonts/fa-brands-400.woff2]
[html.vecurosoft.com/tripix/tripix-demo/assets/webfonts/fa-duotone-900.woff2]
[html.vecurosoft.com/tripix/tripix-demo/assets/webfonts/fa-light-300.woff2]
[html.vecurosoft.com/tripix/tripix-demo/assets/webfonts/fa-regular-400.woff2]
[html.vecurosoft.com/tripix/tripix-demo/assets/webfonts/fa-solid-900.woff2]
[html.vecurosoft.com/tripix/tripix-demo/assets/webfonts/fa-thin-100.woff2]
[html.vecurosoft.com/tripix/tripix-demo/assets/webfonts/fa-v4compatibility.woff2]
[html.vecurosoft.com/tripix/tripix-demo/assets/webfonts/fa-sharp-duotone-thin-100.woff2]
[html.vecurosoft.com/tripix/tripix-demo/assets/webfonts/fa-sharp-duotone-solid-900.woff2]
[html.vecurosoft.com/tripix/tripix-demo/assets/webfonts/fa-sharp-duotone-regular-400.woff2]
[html.vecurosoft.com/tripix/tripix-demo/assets/webfonts/fa-sharp-duotone-light-300.woff2]
[html.vecurosoft.com/tripix/tripix-demo/assets/webfonts/fa-sharp-thin-100.woff2]
[html.vecurosoft.com/tripix/tripix-demo/assets/webfonts/fa-sharp-solid-900.woff2]
[html.vecurosoft.com/tripix/tripix-demo/assets/webfonts/fa-sharp-regular-400.woff2]
[html.vecurosoft.com/tripix/tripix-demo/assets/webfonts/fa-sharp-light-300.woff2]
[html.vecurosoft.com/tripix/tripix-demo/assets/webfonts/fa-duotone-thin-100.woff2]
[html.vecurosoft.com/tripix/tripix-demo/assets/webfonts/fa-duotone-light-300.woff2]
[html.vecurosoft.com/tripix/tripix-demo/assets/webfonts/fa-duotone-regular-400.woff2]
[html.vecurosoft.com/tripix/tripix-demo/assets/plugins/fontawesome.min.css]
[html.vecurosoft.com/tripix/tripix-demo/assets/plugins/bootstrap.min.css]
[html.vecurosoft.com/tripix/tripix-demo/assets/plugins/images/ui-icons_444444_256x240.png]
[html.vecurosoft.com/tripix/tripix-demo/assets/plugins/images/ui-icons_555555_256x240.png]
[html.vecurosoft.com/tripix/tripix-demo/assets/plugins/images/ui-icons_ffffff_256x240.png]
[html.vecurosoft.com/tripix/tripix-demo/assets/plugins/images/ui-icons_777620_256x240.png]
[html.vecurosoft.com/tripix/tripix-demo/assets/plugins/images/ui-icons_cc0000_256x240.png]
[html.vecurosoft.com/tripix/tripix-demo/assets/plugins/images/ui-icons_777777_256x240.png]
[html.vecurosoft.com/tripix/tripix-demo/assets/plugins/jquery-ui.min.css]
[html.vecurosoft.com/tripix/tripix-demo/assets/plugins/magnific-popup.min.css]
[html.vecurosoft.com/tripix/tripix-demo/assets/plugins/odometer.css]
[html.vecurosoft.com/tripix/tripix-demo/assets/plugins/swiper-bundle.min.css]
[html.vecurosoft.com/tripix/tripix-demo/assets/plugins/daterangepicker.css]
[html.vecurosoft.com/tripix/tripix-demo/assets/img/choos-us/choos-us-mask-image.svg]
[html.vecurosoft.com/tripix/tripix-demo/assets/img/offer/offer-shap-1-1.svg]
[html.vecurosoft.com/tripix/tripix-demo/assets/img/offer/offer-shap-1-2.svg]
[html.vecurosoft.com/tripix/tripix-demo/assets/img/logo-v2.svg]
[html.vecurosoft.com/tripix/tripix-demo/assets/img/icons/offers-img.svg]
[html.vecurosoft.com/tripix/tripix-demo/ht.html]
[html.vecurosoft.com/tripix/tripix-demo/assets/img/icons/svg-blog-details-quote-icon-1-1.svg]
[html.vecurosoft.com/tripix/tripix-demo/assets/webfonts/fa-brands-400.html]
[html.vecurosoft.com/tripix/tripix-demo/assets/webfonts/fa-duotone-900.html]
[html.vecurosoft.com/tripix/tripix-demo/assets/webfonts/fa-light-300.ttf]
[html.vecurosoft.com/tripix/tripix-demo/assets/webfonts/fa-regular-400.ttf]
[html.vecurosoft.com/tripix/tripix-demo/assets/webfonts/fa-solid-900.html]
[html.vecurosoft.com/tripix/tripix-demo/assets/webfonts/fa-thin-100.html]
[html.vecurosoft.com/tripix/tripix-demo/assets/webfonts/fa-v4compatibility.ttf]
[html.vecurosoft.com/tripix/tripix-demo/assets/webfonts/fa-sharp-duotone-thin-100.html]
[html.vecurosoft.com/tripix/tripix-demo/assets/webfonts/fa-sharp-duotone-solid-900.html]
[html.vecurosoft.com/tripix/tripix-demo/assets/webfonts/fa-sharp-duotone-regular-400.html]
[html.vecurosoft.com/tripix/tripix-demo/assets/webfonts/fa-sharp-duotone-light-300.html]
[html.vecurosoft.com/tripix/tripix-demo/assets/webfonts/fa-sharp-thin-100.html]
[html.vecurosoft.com/tripix/tripix-demo/assets/webfonts/fa-sharp-solid-900.html]
[html.vecurosoft.com/tripix/tripix-demo/assets/webfonts/fa-sharp-regular-400.html]
[html.vecurosoft.com/tripix/tripix-demo/assets/webfonts/fa-sharp-light-300.html]
[html.vecurosoft.com/tripix/tripix-demo/assets/webfonts/fa-duotone-thin-100.html]
[html.vecurosoft.com/tripix/tripix-demo/assets/webfonts/fa-duotone-light-300.html]
[html.vecurosoft.com/tripix/tripix-demo/assets/webfonts/fa-duotone-regular-400.html]
