[themes.adnanshoukat.com/designsbridge/jobfinder/index.html]
[backblue.gif]
[fade.gif]
[index.html]
[themes.adnanshoukat.com/designsbridge/jobfinder/favicon.ico]
[themes.adnanshoukat.com/designsbridge/jobfinder/css/owl.carousel.css]
[themes.adnanshoukat.com/designsbridge/jobfinder/css/bootstrap.min.css]
[themes.adnanshoukat.com/designsbridge/jobfinder/css/font-awesome.css]
[themes.adnanshoukat.com/designsbridge/jobfinder/css/style.css]
[themes.adnanshoukat.com/designsbridge/jobfinder/images/logo.png]
[themes.adnanshoukat.com/designsbridge/jobfinder/index2.html]
[themes.adnanshoukat.com/designsbridge/jobfinder/about-us.html]
[themes.adnanshoukat.com/designsbridge/jobfinder/job-listing.html]
[themes.adnanshoukat.com/designsbridge/jobfinder/job-details.html]
[themes.adnanshoukat.com/designsbridge/jobfinder/candidates-listing.html]
[themes.adnanshoukat.com/designsbridge/jobfinder/candidates-details.html]
[themes.adnanshoukat.com/designsbridge/jobfinder/login.html]
[themes.adnanshoukat.com/designsbridge/jobfinder/register.html]
[themes.adnanshoukat.com/designsbridge/jobfinder/post-job.html]
[themes.adnanshoukat.com/designsbridge/jobfinder/pricing.html]
[themes.adnanshoukat.com/designsbridge/jobfinder/testimonials.html]
[themes.adnanshoukat.com/designsbridge/jobfinder/faqs.html]
[themes.adnanshoukat.com/designsbridge/jobfinder/404.html]
[themes.adnanshoukat.com/designsbridge/jobfinder/typoghrapy.html]
[themes.adnanshoukat.com/designsbridge/jobfinder/blog.html]
[themes.adnanshoukat.com/designsbridge/jobfinder/blog-grid.html]
[themes.adnanshoukat.com/designsbridge/jobfinder/blog-grid-full-width.html]
[themes.adnanshoukat.com/designsbridge/jobfinder/blog-details.html]
[themes.adnanshoukat.com/designsbridge/jobfinder/blog-details-full-width.html]
[themes.adnanshoukat.com/designsbridge/jobfinder/contact-us.html]
[themes.adnanshoukat.com/designsbridge/jobfinder/images/feature01.png]
[themes.adnanshoukat.com/designsbridge/jobfinder/images/feature02.png]
[themes.adnanshoukat.com/designsbridge/jobfinder/images/feature03.png]
[themes.adnanshoukat.com/designsbridge/jobfinder/images/feature04.png]
[themes.adnanshoukat.com/designsbridge/jobfinder/images/client.jpg]
[themes.adnanshoukat.com/designsbridge/jobfinder/images/client2.jpg]
[themes.adnanshoukat.com/designsbridge/jobfinder/images/blog/1.jpg]
[themes.adnanshoukat.com/designsbridge/jobfinder/images/blog/2.jpg]
[themes.adnanshoukat.com/designsbridge/jobfinder/images/blog/4.jpg]
[themes.adnanshoukat.com/designsbridge/jobfinder/images/apple.png]
[themes.adnanshoukat.com/designsbridge/jobfinder/images/andriod.png]
[themes.adnanshoukat.com/designsbridge/jobfinder/images/app-mobile.png]
[themes.adnanshoukat.com/designsbridge/jobfinder/images/footer-logo.png]
[themes.adnanshoukat.com/designsbridge/jobfinder/js/jquery-2.1.4.min.js]
[themes.adnanshoukat.com/designsbridge/jobfinder/js/bootstrap.bundle.min.js]
[themes.adnanshoukat.com/designsbridge/jobfinder/js/owl.carousel.js]
[themes.adnanshoukat.com/designsbridge/jobfinder/js/script.js]
[themes.adnanshoukat.com/designsbridge/jobfinder/index.html]
[themes.adnanshoukat.com/designsbridge/jobfinder/css/bootstrap.min.css]
[themes.adnanshoukat.com/designsbridge/jobfinder/css/owl.video.play.png]
[themes.adnanshoukat.com/designsbridge/jobfinder/css/owl.carousel.css]
[themes.adnanshoukat.com/designsbridge/jobfinder/fonts/fontawesome-webfont3e6e.eot]
[themes.adnanshoukat.com/designsbridge/jobfinder/fonts/fontawesome-webfontd41d.eot]
[themes.adnanshoukat.com/designsbridge/jobfinder/fonts/fontawesome-webfont3e6e.woff2]
[themes.adnanshoukat.com/designsbridge/jobfinder/fonts/fontawesome-webfont3e6e.woff]
[themes.adnanshoukat.com/designsbridge/jobfinder/fonts/fontawesome-webfont3e6e.ttf]
[themes.adnanshoukat.com/designsbridge/jobfinder/css/font-awesome.css]
[themes.adnanshoukat.com/designsbridge/jobfinder/fonts/fontawesome-webfont3e6e.svg]
[themes.adnanshoukat.com/designsbridge/jobfinder/images/slider-bg.jpg]
[themes.adnanshoukat.com/designsbridge/jobfinder/images/new pattern.png]
[themes.adnanshoukat.com/designsbridge/jobfinder/images/testimonials-bg.jpg]
[themes.adnanshoukat.com/designsbridge/jobfinder/images/app-bg.jpg]
[themes.adnanshoukat.com/designsbridge/jobfinder/images/inner-heading-bg.jpg]
[themes.adnanshoukat.com/designsbridge/jobfinder/css/style.css]
[themes.adnanshoukat.com/designsbridge/jobfinder/images/dummy.png]
[themes.adnanshoukat.com/designsbridge/jobfinder/images/banner.jpg]
[themes.adnanshoukat.com/designsbridge/jobfinder/images/banner2.jpg]
[themes.adnanshoukat.com/designsbridge/jobfinder/rs-plugin/js/jquery.themepunch.tools.min.js]
[themes.adnanshoukat.com/designsbridge/jobfinder/index2.html]
[themes.adnanshoukat.com/designsbridge/jobfinder/rs-plugin/js/jquery.themepunch.revolution.min.js]
[themes.adnanshoukat.com/designsbridge/jobfinder/images/about2.jpg]
[themes.adnanshoukat.com/designsbridge/jobfinder/images/about.jpg]
[themes.adnanshoukat.com/designsbridge/jobfinder/images/about3.jpg]
[themes.adnanshoukat.com/designsbridge/jobfinder/about-us.html]
[themes.adnanshoukat.com/designsbridge/jobfinder/images/ad.jpg]
[themes.adnanshoukat.com/designsbridge/jobfinder/job-listing.html]
[themes.adnanshoukat.com/designsbridge/jobfinder/images/jobdetail.jpg]
[themes.adnanshoukat.com/designsbridge/jobfinder/job-details.html]
[themes.adnanshoukat.com/designsbridge/jobfinder/images/resume01.jpg]
[themes.adnanshoukat.com/designsbridge/jobfinder/images/resume02.jpg]
[themes.adnanshoukat.com/designsbridge/jobfinder/images/resume03.jpg]
[themes.adnanshoukat.com/designsbridge/jobfinder/images/resume04.jpg]
[themes.adnanshoukat.com/designsbridge/jobfinder/candidates-listing.html]
[themes.adnanshoukat.com/designsbridge/jobfinder/candidates-details.html]
[themes.adnanshoukat.com/designsbridge/jobfinder/login.html]
[themes.adnanshoukat.com/designsbridge/jobfinder/register.html]
[themes.adnanshoukat.com/designsbridge/jobfinder/post-job.html]
[themes.adnanshoukat.com/designsbridge/jobfinder/pricing.html]
[themes.adnanshoukat.com/designsbridge/jobfinder/testimonials.html]
[themes.adnanshoukat.com/designsbridge/jobfinder/images/faq.jpg]
[themes.adnanshoukat.com/designsbridge/jobfinder/faqs.html]
[themes.adnanshoukat.com/designsbridge/jobfinder/404.html]
[themes.adnanshoukat.com/designsbridge/jobfinder/typoghrapy.html]
[themes.adnanshoukat.com/designsbridge/jobfinder/images/blog/3.jpg]
[themes.adnanshoukat.com/designsbridge/jobfinder/blog.html]
[themes.adnanshoukat.com/designsbridge/jobfinder/blog-grid.html]
[themes.adnanshoukat.com/designsbridge/jobfinder/blog-grid-full-width.html]
[themes.adnanshoukat.com/designsbridge/jobfinder/images/blog/large-1.jpg]
[themes.adnanshoukat.com/designsbridge/jobfinder/blog-details.html]
[themes.adnanshoukat.com/designsbridge/jobfinder/blog-details-full-width.html]
[themes.adnanshoukat.com/designsbridge/jobfinder/contact-us.html]
[themes.adnanshoukat.com/designsbridge/jobfinder/js/jquery-2.1.4.min.js]
[themes.adnanshoukat.com/designsbridge/jobfinder/js/bootstrap.bundle.min.js]
[themes.adnanshoukat.com/designsbridge/jobfinder/js/owl.carousel.js]
[themes.adnanshoukat.com/designsbridge/jobfinder/js/script.js]
[themes.adnanshoukat.com/designsbridge/jobfinder/css/owl.video.play.html]
[themes.adnanshoukat.com/designsbridge/jobfinder/fonts/fontawesome-webfont3e6e.svg]
[themes.adnanshoukat.com/designsbridge/jobfinder/TweenLite.js]
[themes.adnanshoukat.com/designsbridge/TweenLite.js]
[themes.adnanshoukat.com/designsbridge/jobfinder/rs-plugin/js/jquery.themepunch.tools.min.js]
[themes.adnanshoukat.com/designsbridge/jobfinder/rs-plugin/js/jquery.themepunch.revolution.min.js]
[themes.adnanshoukat.com/designsbridge/jobfinder/TweenLite.html]
[themes.adnanshoukat.com/designsbridge/jobfinder/Version/index.html]
[themes.adnanshoukat.com/designsbridge/jobfinder/Version/index.html]
[themes.adnanshoukat.com/designsbridge/TweenLite.html]
