[themedox.com/demo/tourex/index.html]
[backblue.gif]
[fade.gif]
[index.html]
[themedox.com/demo/tourex/assets/img/favicon.png]
[themedox.com/demo/tourex/assets/css/bootstrap.min.css]
[themedox.com/demo/tourex/assets/css/animate.min.css]
[themedox.com/demo/tourex/assets/css/magnific-popup.css]
[themedox.com/demo/tourex/assets/css/fontawesome-all.min.css]
[themedox.com/demo/tourex/assets/css/swiper-bundle.min.css]
[themedox.com/demo/tourex/assets/css/flatpicker.css]
[themedox.com/demo/tourex/assets/css/odometer.css]
[themedox.com/demo/tourex/assets/css/default.css]
[themedox.com/demo/tourex/assets/css/main.css]
[themedox.com/demo/tourex/assets/img/logo/logo-white.png]
[themedox.com/demo/tourex/assets/img/logo/logo-green.png]
[themedox.com/demo/tourex/index-2.html]
[themedox.com/demo/tourex/index-3.html]
[themedox.com/demo/tourex/index-4.html]
[themedox.com/demo/tourex/index-6.html]
[themedox.com/demo/tourex/index-5.html]
[themedox.com/demo/tourex/index-7.html]
[themedox.com/demo/tourex/hotel-grid.html]
[themedox.com/demo/tourex/tour-grid-1.html]
[themedox.com/demo/tourex/tour-grid-2.html]
[themedox.com/demo/tourex/map-listing.html]
[themedox.com/demo/tourex/tour-details.html]
[themedox.com/demo/tourex/tour-details-2.html]
[themedox.com/demo/tourex/about.html]
[themedox.com/demo/tourex/team.html]
[themedox.com/demo/tourex/team-details.html]
[themedox.com/demo/tourex/shop.html]
[themedox.com/demo/tourex/shop-details.html]
[themedox.com/demo/tourex/cart.html]
[themedox.com/demo/tourex/checkout.html]
[themedox.com/demo/tourex/pricing.html]
[themedox.com/demo/tourex/faq.html]
[themedox.com/demo/tourex/login.html]
[themedox.com/demo/tourex/register.html]
[themedox.com/demo/tourex/error.html]
[themedox.com/demo/tourex/blog-grid.html]
[themedox.com/demo/tourex/blog-standard.html]
[themedox.com/demo/tourex/blog-details.html]
[themedox.com/demo/tourex/contact.html]
[themedox.com/demo/tourex/assets/img/hero/tu/banner.jpg]
[themedox.com/demo/tourex/assets/img/hero/tu/avatar.png]
[themedox.com/demo/tourex/assets/img/destination/tu/bg.png]
[themedox.com/demo/tourex/assets/img/destination/tu/des-4.jpg]
[themedox.com/demo/tourex/assets/img/destination/tu/des-2.jpg]
[themedox.com/demo/tourex/assets/img/destination/tu/des-3.jpg]
[themedox.com/demo/tourex/assets/img/destination/tu/des-1.jpg]
[themedox.com/demo/tourex/assets/img/about/su/right-shape.png]
[themedox.com/demo/tourex/assets/img/about/su/shape.png]
[themedox.com/demo/tourex/assets/img/about/su/shape-2.png]
[themedox.com/demo/tourex/assets/img/about/su/thumb.png]
[themedox.com/demo/tourex/assets/img/about/su/fun-3.png]
[themedox.com/demo/tourex/assets/img/about/su/fun-2.png]
[themedox.com/demo/tourex/assets/img/about/su/fun-1.png]
[themedox.com/demo/tourex/assets/img/about/su/author.jpg]
[themedox.com/demo/tourex/assets/img/listing/su/shape-2.png]
[themedox.com/demo/tourex/assets/img/listing/su/shape-1.png]
[themedox.com/demo/tourex/assets/img/listing/su/listing-1.jpg]
[themedox.com/demo/tourex/assets/img/listing/su/listing-2.jpg]
[themedox.com/demo/tourex/assets/img/listing/su/listing-3.jpg]
[themedox.com/demo/tourex/assets/img/listing/su/listing-4.jpg]
[themedox.com/demo/tourex/assets/img/listing/su/listing-5.jpg]
[themedox.com/demo/tourex/assets/img/listing/su/listing-6.jpg]
[themedox.com/demo/tourex/assets/img/ads/su/bg.jpg]
[themedox.com/demo/tourex/assets/img/ads/su/banner.jpg]
[themedox.com/demo/tourex/assets/img/chose/chose-2/shape.png]
[themedox.com/demo/tourex/assets/img/chose/chose-2/thumb-1.jpg]
[themedox.com/demo/tourex/assets/img/chose/chose-2/thumb-2.jpg]
[themedox.com/demo/tourex/assets/img/chose/chose-2/thumb-3.jpg]
[themedox.com/demo/tourex/assets/img/testimonial/su/shape.png]
[themedox.com/demo/tourex/assets/img/testimonial/su/shape-2.png]
[themedox.com/demo/tourex/assets/img/testimonial/tes-4/tes-1.png]
[themedox.com/demo/tourex/assets/img/testimonial/tes-4/tes-2.png]
[themedox.com/demo/tourex/assets/img/testimonial/tes-4/tes-3.png]
[themedox.com/demo/tourex/assets/img/testimonial/tes-4/tes-4.png]
[themedox.com/demo/tourex/assets/img/blog/blog-2/blog-1.jpg]
[themedox.com/demo/tourex/assets/img/blog/blog-2/blog-2.jpg]
[themedox.com/demo/tourex/assets/img/blog/blog-2/blog-3.jpg]
[themedox.com/demo/tourex/assets/img/cta/banner.jpg]
[themedox.com/demo/tourex/assets/img/cta/phone.png]
[themedox.com/demo/tourex/assets/img/cta/google.png]
[themedox.com/demo/tourex/assets/img/cta/app.png]
[themedox.com/demo/tourex/assets/img/footer/footer.jpg]
[themedox.com/demo/tourex/assets/js/vendor/jquery.js]
[themedox.com/demo/tourex/assets/js/bootstrap.min.js]
[themedox.com/demo/tourex/assets/js/isotope.pkgd.min.js]
[themedox.com/demo/tourex/assets/js/imagesloaded.pkgd.min.js]
[themedox.com/demo/tourex/assets/js/jquery.magnific-popup.min.js]
[themedox.com/demo/tourex/assets/js/jquery.odometer.min.js]
[themedox.com/demo/tourex/assets/js/jquery.appear.js]
[themedox.com/demo/tourex/assets/js/swiper-bundle.min.js]
[themedox.com/demo/tourex/assets/js/flatpickr.js]
[themedox.com/demo/tourex/assets/js/nice-select.js]
[themedox.com/demo/tourex/assets/js/ajax-form.js]
[themedox.com/demo/tourex/assets/js/wow.min.js]
[themedox.com/demo/tourex/index.html]
[themedox.com/demo/tourex/assets/css/bootstrap.min.css]
[themedox.com/demo/tourex/assets/css/animate.min.css]
[themedox.com/demo/tourex/assets/css/magnific-popup.css]
[themedox.com/demo/tourex/assets/js/main.js]
[themedox.com/demo/tourex/assets/fonts/fa-brands-400.woff2]
[themedox.com/demo/tourex/assets/fonts/fa-brands-400.ttf]
[themedox.com/demo/tourex/assets/fonts/fa-duotone-900.woff2]
[themedox.com/demo/tourex/assets/fonts/fa-duotone-900.ttf]
[themedox.com/demo/tourex/assets/fonts/fa-light-300.woff2]
[themedox.com/demo/tourex/assets/fonts/fa-regular-400.woff2]
[themedox.com/demo/tourex/assets/fonts/fa-light-300.ttf]
[themedox.com/demo/tourex/assets/fonts/fa-solid-900.woff2]
[themedox.com/demo/tourex/assets/fonts/fa-solid-900.ttf]
[themedox.com/demo/tourex/assets/fonts/fa-thin-100.woff2]
[themedox.com/demo/tourex/assets/fonts/fa-thin-100.ttf]
[themedox.com/demo/tourex/assets/fonts/fa-regular-400.ttf]
[themedox.com/demo/tourex/assets/fonts/fa-v4compatibility.woff2]
[themedox.com/demo/tourex/assets/fonts/fa-v4compatibility.ttf]
[themedox.com/demo/tourex/assets/css/fontawesome-all.min.css]
[themedox.com/demo/tourex/assets/css/swiper-bundle.min.css]
[themedox.com/demo/tourex/assets/css/flatpicker.css]
[themedox.com/demo/tourex/assets/css/odometer.css]
[themedox.com/demo/tourex/assets/css/default.css]
[themedox.com/demo/tourex/assets/fonts/Segoe-Print-Font.ttf]
[themedox.com/demo/tourex/assets/fonts/Chillax-Semibold.ttf]
[themedox.com/demo/tourex/assets/fonts/Quentin.otf]
[themedox.com/demo/tourex/assets/fonts/RAGE_1.TTF]
[themedox.com/demo/tourex/assets/img/listing/angle.png]
[themedox.com/demo/tourex/assets/img/listing/angle-2.png]
[themedox.com/demo/tourex/assets/img/listing/angle-3.png]
[themedox.com/demo/tourex/assets/img/listing/listing-5/shape-2.png]
[themedox.com/demo/tourex/assets/img/listing/angle-4.png]
[themedox.com/demo/tourex/assets/img/listing/listing-3/rectangle.png]
[themedox.com/demo/tourex/assets/img/listing/listing-5/shape-1.png]
[themedox.com/demo/tourex/assets/css/main.css]
[themedox.com/demo/tourex/assets/img/hero/tu-2/bg.jpg]
[themedox.com/demo/tourex/assets/img/brand/su/logo.png]
[themedox.com/demo/tourex/assets/img/brand/su/logo-2.png]
[themedox.com/demo/tourex/assets/img/brand/su/logo-3.png]
[themedox.com/demo/tourex/assets/img/brand/su/logo-4.png]
[themedox.com/demo/tourex/assets/img/brand/su/logo-5.png]
[themedox.com/demo/tourex/assets/img/listing/su/shape-3.png]
[themedox.com/demo/tourex/assets/img/chose/su/shape.png]
[themedox.com/demo/tourex/assets/img/chose/su/thumb.jpg]
[themedox.com/demo/tourex/assets/img/chose/su/circle-text.png]
[themedox.com/demo/tourex/assets/img/chose/su/thumb-2.png]
[themedox.com/demo/tourex/assets/img/location/su/destination.jpg]
[themedox.com/demo/tourex/assets/img/location/su/destination-2.jpg]
[themedox.com/demo/tourex/assets/img/location/su/destination-3.jpg]
[themedox.com/demo/tourex/assets/img/location/su/destination-4.jpg]
[themedox.com/demo/tourex/assets/img/location/su/destination-5.jpg]
[themedox.com/demo/tourex/assets/img/location/su/destination-6.jpg]
[themedox.com/demo/tourex/assets/img/process/bg.jpg]
[themedox.com/demo/tourex/assets/img/pricing/shape.png]
[themedox.com/demo/tourex/assets/img/pricing/shape-2.png]
[themedox.com/demo/tourex/assets/img/cta/su/shape-3.png]
[themedox.com/demo/tourex/assets/img/cta/su/thumb.png]
[themedox.com/demo/tourex/assets/img/cta/su/shape.png]
[themedox.com/demo/tourex/assets/img/testimonial/avatar.png]
[themedox.com/demo/tourex/assets/img/testimonial/avatar-2.png]
[themedox.com/demo/tourex/assets/img/testimonial/avatar-3.png]
[themedox.com/demo/tourex/assets/img/footer/footer-3.jpg]
[themedox.com/demo/tourex/index-2.html]
[themedox.com/demo/tourex/assets/img/shop/sm-product-1.jpg]
[themedox.com/demo/tourex/assets/img/shop/sm-product-2.jpg]
[themedox.com/demo/tourex/assets/img/hero/hero-1.jpg]
[themedox.com/demo/tourex/assets/img/hero/hero-2.jpg]
[themedox.com/demo/tourex/assets/img/hero/hero-3.jpg]
[themedox.com/demo/tourex/assets/img/hero/hero-4.jpg]
[themedox.com/demo/tourex/assets/img/hero/hero-5.jpg]
[themedox.com/demo/tourex/assets/img/about/about.jpg]
[themedox.com/demo/tourex/assets/img/about/about-2.jpg]
[themedox.com/demo/tourex/assets/img/about/logo.png]
[themedox.com/demo/tourex/assets/img/about/about-3.jpg]
[themedox.com/demo/tourex/assets/img/about/about-4.jpg]
[themedox.com/demo/tourex/assets/img/listing/about-shape.png]
[themedox.com/demo/tourex/assets/img/listing/about-shape-2.png]
[themedox.com/demo/tourex/assets/img/listing/about-shape-3.png]
[themedox.com/demo/tourex/assets/img/listing/listing-3.jpg]
[themedox.com/demo/tourex/assets/img/listing/listing-2.jpg]
[themedox.com/demo/tourex/assets/img/listing/listing-1.jpg]
[themedox.com/demo/tourex/assets/img/listing/listing-5.jpg]
[themedox.com/demo/tourex/assets/img/listing/listing-6.jpg]
[themedox.com/demo/tourex/assets/img/listing/listing-7.jpg]
[themedox.com/demo/tourex/assets/img/listing/listing-8.jpg]
[themedox.com/demo/tourex/assets/img/listing/listing-4.jpg]
[themedox.com/demo/tourex/assets/img/chose/chose-shape-2.png]
[themedox.com/demo/tourex/assets/img/chose/chose-shape.png]
[themedox.com/demo/tourex/assets/img/chose/chose.png]
[themedox.com/demo/tourex/assets/img/chose/chose-2.jpg]
[themedox.com/demo/tourex/assets/img/banner/thumb.jpg]
[themedox.com/demo/tourex/assets/img/banner/shape.png]
[themedox.com/demo/tourex/assets/img/location/shape-2.png]
[themedox.com/demo/tourex/assets/img/location/location.jpg]
[themedox.com/demo/tourex/assets/img/location/location-2.jpg]
[themedox.com/demo/tourex/assets/img/location/location-3.jpg]
[themedox.com/demo/tourex/assets/img/location/location-4.jpg]
[themedox.com/demo/tourex/assets/img/banner/banner.png]
[themedox.com/demo/tourex/assets/img/blog/shape.png]
[themedox.com/demo/tourex/assets/img/blog/shape-2.png]
[themedox.com/demo/tourex/assets/img/blog/blog-1.jpg]
[themedox.com/demo/tourex/assets/img/blog/blog-2.jpg]
[themedox.com/demo/tourex/assets/img/blog/blog-3.jpg]
[themedox.com/demo/tourex/index-3.html]
[themedox.com/demo/tourex/assets/img/hero/hero-2/slider.jpg]
[themedox.com/demo/tourex/assets/img/brand/shape.png]
[themedox.com/demo/tourex/assets/img/brand/shape-2.png]
[themedox.com/demo/tourex/assets/img/brand/logo-1.png]
[themedox.com/demo/tourex/assets/img/brand/logo-2.png]
[themedox.com/demo/tourex/assets/img/brand/logo-3.png]
[themedox.com/demo/tourex/assets/img/brand/logo-4.png]
[themedox.com/demo/tourex/assets/img/brand/logo-5.png]
[themedox.com/demo/tourex/assets/img/destination/des.jpg]
[themedox.com/demo/tourex/assets/img/listing/listing-2/shape.png]
[themedox.com/demo/tourex/assets/img/destination/des-2.jpg]
[themedox.com/demo/tourex/assets/img/destination/des-3.jpg]
[themedox.com/demo/tourex/assets/img/destination/des-4.jpg]
[themedox.com/demo/tourex/assets/img/banner/banner-2/shape.png]
[themedox.com/demo/tourex/assets/img/banner/banner-2/shape-2.png]
[themedox.com/demo/tourex/assets/img/banner/banner-2/thumb.jpg]
[themedox.com/demo/tourex/assets/img/listing/listing-2/shape-1.png]
[themedox.com/demo/tourex/assets/img/listing/listing-2/shape-2.png]
[themedox.com/demo/tourex/assets/img/listing/listing-2/shape-3.png]
[themedox.com/demo/tourex/assets/img/listing/listing-2/listing.jpg]
[themedox.com/demo/tourex/assets/img/listing/listing-2/listing-2.jpg]
[themedox.com/demo/tourex/assets/img/listing/listing-2/listing-3.jpg]
[themedox.com/demo/tourex/assets/img/listing/listing-2/listing-4.jpg]
[themedox.com/demo/tourex/assets/img/listing/listing-2/listing-5.jpg]
[themedox.com/demo/tourex/assets/img/listing/listing-2/listing-6.jpg]
[themedox.com/demo/tourex/assets/img/listing/listing-2/listing-10.jpg]
[themedox.com/demo/tourex/assets/img/listing/listing-2/listing-8.jpg]
[themedox.com/demo/tourex/assets/img/chose/chose-2/shape-2.png]
[themedox.com/demo/tourex/assets/img/testimonial/tower.png]
[themedox.com/demo/tourex/assets/img/testimonial/shape.png]
[themedox.com/demo/tourex/assets/img/blog/blog-2/shape-2.png]
[themedox.com/demo/tourex/assets/img/blog/blog-2/shape.png]
[themedox.com/demo/tourex/index-4.html]
[themedox.com/demo/tourex/assets/img/hero/hero-3/hero.jpg]
[themedox.com/demo/tourex/assets/img/brand/brand-3/logo-1.png]
[themedox.com/demo/tourex/assets/img/brand/brand-3/logo-2.png]
[themedox.com/demo/tourex/assets/img/brand/brand-3/logo-3.png]
[themedox.com/demo/tourex/assets/img/brand/brand-3/logo-4.png]
[themedox.com/demo/tourex/assets/img/brand/brand-3/logo-5.png]
[themedox.com/demo/tourex/assets/img/location/location-2/thumb.jpg]
[themedox.com/demo/tourex/assets/img/location/location-2/thumb-2.jpg]
[themedox.com/demo/tourex/assets/img/location/location-2/thumb-3.jpg]
[themedox.com/demo/tourex/assets/img/location/location-2/thumb-4.jpg]
[themedox.com/demo/tourex/assets/img/chose/chose-3/bridge.png]
[themedox.com/demo/tourex/assets/img/chose/chose-3/map.png]
[themedox.com/demo/tourex/assets/img/chose/chose-3/circle-text.png]
[themedox.com/demo/tourex/assets/img/chose/chose-3/star.png]
[themedox.com/demo/tourex/assets/img/chose/chose-3/thumb-2.jpg]
[themedox.com/demo/tourex/assets/img/chose/chose-3/thumb-1.jpg]
[themedox.com/demo/tourex/assets/img/listing/listing-3/list.jpg]
[themedox.com/demo/tourex/assets/img/listing/listing-3/list-2.jpg]
[themedox.com/demo/tourex/assets/img/listing/listing-3/list-3.jpg]
[themedox.com/demo/tourex/assets/img/listing/listing-3/list-4.jpg]
[themedox.com/demo/tourex/assets/img/listing/listing-3/list-5.jpg]
[themedox.com/demo/tourex/assets/img/listing/listing-3/list-6.jpg]
[themedox.com/demo/tourex/assets/img/listing/listing-3/list-7.jpg]
[themedox.com/demo/tourex/assets/img/listing/listing-3/list-8.jpg]
[themedox.com/demo/tourex/assets/img/ads/destination-1.jpg]
[themedox.com/demo/tourex/assets/img/ads/destination-2.jpg]
[themedox.com/demo/tourex/assets/img/ads/destination-3.jpg]
[themedox.com/demo/tourex/assets/img/testimonial/clock.png]
[themedox.com/demo/tourex/assets/img/cta/cta-3/shape-2.png]
[themedox.com/demo/tourex/assets/img/cta/cta-3/cta.png]
[themedox.com/demo/tourex/assets/img/cta/cta-3/shape.png]
[themedox.com/demo/tourex/index-5.html]
[themedox.com/demo/tourex/assets/img/booking/shape.png]
[themedox.com/demo/tourex/assets/img/booking/shape-2.png]
[themedox.com/demo/tourex/assets/img/hero/hero-4/hero-4.jpg]
[themedox.com/demo/tourex/assets/img/listing/listing-4/thumb-2.jpg]
[themedox.com/demo/tourex/assets/img/listing/listing-4/thumb.jpg]
[themedox.com/demo/tourex/assets/img/listing/listing-4/thumb-3.jpg]
[themedox.com/demo/tourex/assets/img/listing/listing-4/thumb-4.jpg]
[themedox.com/demo/tourex/assets/img/listing/listing-4/thumb-5.jpg]
[themedox.com/demo/tourex/assets/img/chose/chose-4/chose-2.jpg]
[themedox.com/demo/tourex/assets/img/chose/chose-4/chose.jpg]
[themedox.com/demo/tourex/assets/img/banner/banner-4/banner-4.png]
[themedox.com/demo/tourex/assets/img/cta/cta-4/thumb.png]
[themedox.com/demo/tourex/assets/img/blog/blog-4/blog.jpg]
[themedox.com/demo/tourex/assets/img/footer/footer-2.jpg]
[themedox.com/demo/tourex/index-6.html]
[themedox.com/demo/tourex/assets/img/hero/hero-5/bg.jpg]
[themedox.com/demo/tourex/assets/img/foods/food-2.jpg]
[themedox.com/demo/tourex/assets/img/foods/food-3.jpg]
[themedox.com/demo/tourex/assets/img/foods/food-4.jpg]
[themedox.com/demo/tourex/assets/img/foods/food-1.jpg]
[themedox.com/demo/tourex/assets/img/foods/food-5.jpg]
[themedox.com/demo/tourex/assets/img/listing/listing-5/listing-1.jpg]
[themedox.com/demo/tourex/assets/img/listing/listing-5/listing-2.jpg]
[themedox.com/demo/tourex/assets/img/listing/listing-5/listing-3.jpg]
[themedox.com/demo/tourex/assets/img/listing/listing-5/listing-4.jpg]
[themedox.com/demo/tourex/assets/img/banner/banner-5/banner-5.jpg]
[themedox.com/demo/tourex/assets/img/chose/chose-5/map.png]
[themedox.com/demo/tourex/assets/img/chose/chose-5/chose-2.jpg]
[themedox.com/demo/tourex/assets/img/chose/chose-5/chose-3.jpg]
[themedox.com/demo/tourex/assets/img/chose/chose-5/text.png]
[themedox.com/demo/tourex/assets/img/chose/chose-5/icon.png]
[themedox.com/demo/tourex/assets/img/chose/chose-5/chose-1.jpg]
[themedox.com/demo/tourex/assets/img/location/location-5/location-3.jpg]
[themedox.com/demo/tourex/assets/img/location/location-5/location-2.jpg]
[themedox.com/demo/tourex/assets/img/location/location-5/location.jpg]
[themedox.com/demo/tourex/assets/img/location/location-5/location-4.jpg]
[themedox.com/demo/tourex/index-7.html]
[themedox.com/demo/tourex/assets/img/listing/listing-4/thumb-6.jpg]
[themedox.com/demo/tourex/assets/img/listing/listing-4/thumb-7.jpg]
[themedox.com/demo/tourex/assets/img/listing/listing-4/thumb-8.jpg]
[themedox.com/demo/tourex/single-listing.html]
[themedox.com/demo/tourex/hotel-grid.html]
[themedox.com/demo/tourex/assets/img/breadcrumb/breadcrumb.jpg]
[themedox.com/demo/tourex/tour-grid-1.html]
[themedox.com/demo/tourex/assets/img/listing/listing-2/listing-9.jpg]
[themedox.com/demo/tourex/assets/img/listing/listing-2/listing-1.jpg]
[themedox.com/demo/tourex/assets/img/listing/listing-2/listing-11.jpg]
[themedox.com/demo/tourex/assets/img/listing/listing-2/listing-12.jpg]
[themedox.com/demo/tourex/tour-grid-2.html]
[themedox.com/demo/tourex/assets/img/breadcrumb/breadcrumb-2.jpg]
[themedox.com/demo/tourex/assets/img/listing/map-list/list.jpg]
[themedox.com/demo/tourex/assets/img/listing/map-list/list-2.jpg]
[themedox.com/demo/tourex/assets/img/listing/map-list/list-3.jpg]
[themedox.com/demo/tourex/assets/img/listing/map-list/list-4.jpg]
[themedox.com/demo/tourex/assets/img/listing/map-list/list-5.jpg]
[themedox.com/demo/tourex/assets/img/listing/map-list/list-6.jpg]
[themedox.com/demo/tourex/map-listing.html]
[themedox.com/demo/tourex/assets/img/tour-details/thumb-4.jpg]
[themedox.com/demo/tourex/assets/img/tour-details/thumb-1.jpg]
[themedox.com/demo/tourex/assets/img/tour-details/thumb-2.jpg]
[themedox.com/demo/tourex/assets/img/tour-details/thumb-3.jpg]
[themedox.com/demo/tourex/assets/img/tour-details/avatar.png]
[themedox.com/demo/tourex/assets/img/tour-details/avatr.png]
[themedox.com/demo/tourex/tour-details.html]
[themedox.com/demo/tourex/assets/img/tour-details/details-2/slider-big-1.jpg]
[themedox.com/demo/tourex/assets/img/blog/sidebar/standard.jpg]
[themedox.com/demo/tourex/assets/img/blog/sidebar/standard-2.jpg]
[themedox.com/demo/tourex/assets/img/blog/sidebar/standard-3.jpg]
[themedox.com/demo/tourex/assets/img/blog/sidebar/standard-4.jpg]
[themedox.com/demo/tourex/assets/img/tour-details/details-2/slider-big-6.jpg]
[themedox.com/demo/tourex/assets/img/tour-details/details-2/slider-1.jpg]
[themedox.com/demo/tourex/assets/img/tour-details/details-2/slider-2.jpg]
[themedox.com/demo/tourex/assets/img/tour-details/details-2/slider-3.jpg]
[themedox.com/demo/tourex/assets/img/tour-details/details-2/slider-4.jpg]
[themedox.com/demo/tourex/assets/img/tour-details/details-2/slider-5.jpg]
[themedox.com/demo/tourex/tour-details-2.html]
[themedox.com/demo/tourex/assets/img/about/details/shape.png]
[themedox.com/demo/tourex/assets/img/about/details/shape-2.png]
[themedox.com/demo/tourex/assets/img/about/details/thumb-1.jpg]
[themedox.com/demo/tourex/assets/img/about/details/thumb-3.jpg]
[themedox.com/demo/tourex/assets/img/about/details/thumb-2.jpg]
[themedox.com/demo/tourex/about.html]
[themedox.com/demo/tourex/assets/img/team/member.png]
[themedox.com/demo/tourex/assets/img/team/member-2.png]
[themedox.com/demo/tourex/assets/img/team/member-3.png]
[themedox.com/demo/tourex/assets/img/team/member-4.png]
[themedox.com/demo/tourex/assets/img/team/member-5.png]
[themedox.com/demo/tourex/assets/img/team/member-6.png]
[themedox.com/demo/tourex/assets/img/team/member-7.png]
[themedox.com/demo/tourex/team.html]
[themedox.com/demo/tourex/assets/img/team/details.jpg]
[themedox.com/demo/tourex/team-details.html]
[themedox.com/demo/tourex/assets/img/shop/sm-product.jpg]
[themedox.com/demo/tourex/assets/img/shop/sm-product-3.jpg]
[themedox.com/demo/tourex/assets/img/shop/product.jpg]
[themedox.com/demo/tourex/assets/img/shop/product-2.jpg]
[themedox.com/demo/tourex/assets/img/shop/product-3.jpg]
[themedox.com/demo/tourex/assets/img/shop/product-4.jpg]
[themedox.com/demo/tourex/assets/img/shop/product-5.jpg]
[themedox.com/demo/tourex/assets/img/shop/product-6.jpg]
[themedox.com/demo/tourex/assets/img/shop/product-7.jpg]
[themedox.com/demo/tourex/assets/img/shop/product-8.jpg]
[themedox.com/demo/tourex/assets/img/shop/product-9.jpg]
[themedox.com/demo/tourex/shop.html]
[themedox.com/demo/tourex/assets/img/shop/details/dt-large.png]
[themedox.com/demo/tourex/assets/img/shop/details/dt-large-2.png]
[themedox.com/demo/tourex/assets/img/shop/details/dt-large-3.png]
[themedox.com/demo/tourex/assets/img/shop/details/dt-large-4.png]
[themedox.com/demo/tourex/assets/img/shop/details/dt-small.png]
[themedox.com/demo/tourex/assets/img/shop/details/dt-small-2.png]
[themedox.com/demo/tourex/assets/img/shop/details/dt-small-3.png]
[themedox.com/demo/tourex/assets/img/shop/details/dt-small-4.png]
[themedox.com/demo/tourex/shop-details.html]
[themedox.com/demo/tourex/cart.html]
[themedox.com/demo/tourex/checkout.html]
[themedox.com/demo/tourex/pricing.html]
[themedox.com/demo/tourex/faq.html]
[themedox.com/demo/tourex/login.html]
[themedox.com/demo/tourex/register.html]
[themedox.com/demo/tourex/assets/img/error/text.png]
[themedox.com/demo/tourex/error.html]
[themedox.com/demo/tourex/assets/img/blog/grid/grid.jpg]
[themedox.com/demo/tourex/assets/img/blog/grid/grid-2.jpg]
[themedox.com/demo/tourex/assets/img/blog/grid/grid-3.jpg]
[themedox.com/demo/tourex/assets/img/blog/grid/grid-4.jpg]
[themedox.com/demo/tourex/assets/img/blog/grid/grid-5.jpg]
[themedox.com/demo/tourex/assets/img/blog/grid/grid-6.jpg]
[themedox.com/demo/tourex/assets/img/blog/grid/grid-7.jpg]
[themedox.com/demo/tourex/assets/img/blog/grid/grid-8.jpg]
[themedox.com/demo/tourex/assets/img/blog/sidebar/post-2.jpg]
[themedox.com/demo/tourex/assets/img/blog/sidebar/post-3.jpg]
[themedox.com/demo/tourex/assets/img/blog/sidebar/post-4.jpg]
[themedox.com/demo/tourex/assets/img/blog/sidebar/post.jpg]
[themedox.com/demo/tourex/assets/img/blog/sidebar/ads.jpg]
[themedox.com/demo/tourex/blog-grid.html]
[themedox.com/demo/tourex/blog-standard.html]
[themedox.com/demo/tourex/assets/img/blog/details/video.jpg]
[themedox.com/demo/tourex/assets/img/blog/details/avatar.png]
[themedox.com/demo/tourex/blog-details.html]
[themedox.com/demo/tourex/contact.html]
[themedox.com/demo/tourex/assets/js/vendor/jquery.js]
[themedox.com/demo/tourex/assets/js/bootstrap.min.js]
[themedox.com/demo/tourex/assets/js/isotope.pkgd.min.js]
[themedox.com/demo/tourex/assets/js/imagesloaded.pkgd.min.js]
[themedox.com/demo/tourex/assets/js/jquery.magnific-popup.min.js]
[themedox.com/demo/tourex/assets/js/jquery.odometer.min.js]
[themedox.com/demo/tourex/assets/js/jquery.appear.js]
[themedox.com/demo/tourex/e]
[themedox.com/demo/tourex/a.params.url]
[themedox.com/demo/tourex/assets/js/swiper-bundle.min.js]
[themedox.com/demo/tourex/assets/js/flatpickr.js]
[themedox.com/demo/tourex/assets/js/nice-select.js]
[themedox.com/demo/tourex/assets/js/ajax-form.js]
[themedox.com/demo/tourex/assets/js/wow.min.js]
[themedox.com/demo/tourex/assets/js/main.js]
[themedox.com/demo/tourex/assets/fonts/fa-duotone-900.html]
[themedox.com/demo/tourex/assets/fonts/fa-duotone-901.html]
[themedox.com/demo/tourex/assets/fonts/fa-thin-100.html]
[themedox.com/demo/tourex/assets/fonts/fa-thin-101.html]
[themedox.com/demo/tourex/assets/fonts/fa-v4compatibility.html]
[themedox.com/demo/tourex/assets/fonts/fa-v4compatibility-2.html]
[themedox.com/demo/tourex/single-listing.html]
[themedox.com/demo/tourex/e.html]
[themedox.com/demo/tourex/a.params.html]
