[askbootstrap.com/preview/karyana/home.html]
[askbootstrap.com/preview/karyana/img/brand.png]
[backblue.gif]
[fade.gif]
[index.html]
[askbootstrap.com/preview/karyana/vendor/bootstrap/css/bootstrap.min.css]
[askbootstrap.com/preview/karyana/vendor/icons/icofont.min.css]
[cdn.jsdelivr.net/npm/bootstrap-icons@1.8.1/font/bootstrap-icons.css]
[askbootstrap.com/preview/karyana/vendor/slick/slick.min.css]
[askbootstrap.com/preview/karyana/vendor/slick/slick-theme.min.css]
[askbootstrap.com/preview/karyana/css/style.css]
[askbootstrap.com/preview/karyana/vendor/sidebar/demo.css]
[askbootstrap.com/preview/karyana/signin.html]
[askbootstrap.com/preview/karyana/bag.html]
[askbootstrap.com/preview/karyana/listing.html]
[askbootstrap.com/preview/karyana/img/1.png]
[askbootstrap.com/preview/karyana/img/2.png]
[askbootstrap.com/preview/karyana/img/3.png]
[askbootstrap.com/preview/karyana/img/4.png]
[askbootstrap.com/preview/karyana/img/5.png]
[askbootstrap.com/preview/karyana/img/6.png]
[askbootstrap.com/preview/karyana/img/cate/1.jpg]
[askbootstrap.com/preview/karyana/img/cate/2.jpg]
[askbootstrap.com/preview/karyana/img/cate/3.jpg]
[askbootstrap.com/preview/karyana/img/cate/4.jpg]
[askbootstrap.com/preview/karyana/img/cate/5.jpg]
[askbootstrap.com/preview/karyana/img/cate/6.jpg]
[askbootstrap.com/preview/karyana/img/cate/7.jpg]
[askbootstrap.com/preview/karyana/img/cate/8.jpg]
[askbootstrap.com/preview/karyana/img/listing/1.jpg]
[askbootstrap.com/preview/karyana/img/listing/2.jpg]
[askbootstrap.com/preview/karyana/img/listing/3.jpg]
[askbootstrap.com/preview/karyana/img/listing/4.jpg]
[askbootstrap.com/preview/karyana/img/listing/5.jpg]
[askbootstrap.com/preview/karyana/img/listing/6.jpg]
[askbootstrap.com/preview/karyana/gift-card.html]
[askbootstrap.com/preview/karyana/my-order.html]
[askbootstrap.com/preview/karyana/img/profile.jpg]
[askbootstrap.com/preview/karyana/index.html]
[askbootstrap.com/preview/karyana/landing.html]
[askbootstrap.com/preview/karyana/get-started.html]
[askbootstrap.com/preview/karyana/signup.html]
[askbootstrap.com/preview/karyana/change-password.html]
[askbootstrap.com/preview/karyana/verification.html]
[askbootstrap.com/preview/karyana/order-confirm.html]
[askbootstrap.com/preview/karyana/order-detail.html]
[askbootstrap.com/preview/karyana/add-address.html]
[askbootstrap.com/preview/karyana/support.html]
[askbootstrap.com/preview/karyana/notification.html]
[askbootstrap.com/preview/karyana/empty.html]
[askbootstrap.com/preview/karyana/vendor/jquery/jquery.min.js]
[askbootstrap.com/preview/karyana/vendor/bootstrap/js/bootstrap.bundle.min.js]
[askbootstrap.com/preview/karyana/vendor/slick/slick.min.js]
[askbootstrap.com/preview/karyana/vendor/sidebar/hc-offcanvas-nav.js]
[askbootstrap.com/preview/karyana/js/custom.js]
[askbootstrap.com/preview/karyana/home.html]
[askbootstrap.com/preview/karyana/vendor/bootstrap/css/bootstrap.min.css]
[askbootstrap.com/cdn-cgi/scripts/7d0fa10a/cloudflare-static/rocket-loader.min.js]
[askbootstrap.com/preview/karyana/vendor/icons/fonts/icofont.woff2]
[askbootstrap.com/preview/karyana/vendor/icons/icofont.min.css]
[cdn.jsdelivr.net/npm/bootstrap-icons@1.8.1/font/fonts/bootstrap-icons44df.woff2]
[cdn.jsdelivr.net/npm/bootstrap-icons@1.8.1/font/fonts/bootstrap-icons44df.woff]
[cdn.jsdelivr.net/npm/bootstrap-icons@1.8.1/font/bootstrap-icons.css]
[askbootstrap.com/preview/karyana/vendor/slick/slick.min.css]
[askbootstrap.com/preview/karyana/vendor/icons/fonts/icofont.woff]
[askbootstrap.com/preview/karyana/vendor/slick/ajax-loader.gif]
[askbootstrap.com/preview/karyana/vendor/slick/fonts/slick.eot]
[askbootstrap.com/preview/karyana/vendor/slick/fonts/slickd41d.eot]
[askbootstrap.com/preview/karyana/vendor/slick/fonts/slick.woff]
[askbootstrap.com/preview/karyana/vendor/slick/fonts/slick.ttf]
[askbootstrap.com/preview/karyana/vendor/slick/slick-theme.min.css]
[askbootstrap.com/preview/karyana/vendor/slick/fonts/slick.svg]
[askbootstrap.com/preview/karyana/img/bg.png]
[askbootstrap.com/preview/karyana/css/style.css]
[askbootstrap.com/preview/karyana/vendor/sidebar/demo.css]
[askbootstrap.com/preview/karyana/signin.html]
[askbootstrap.com/preview/karyana/img/d1.png]
[askbootstrap.com/preview/karyana/img/d2.png]
[askbootstrap.com/preview/karyana/img/d3.png]
[askbootstrap.com/preview/karyana/bag.html]
[askbootstrap.com/preview/karyana/listing.html]
[askbootstrap.com/preview/karyana/gift-card.html]
[askbootstrap.com/preview/karyana/my-order.html]
[askbootstrap.com/preview/karyana/index.html]
[askbootstrap.com/preview/karyana/landing.html]
[askbootstrap.com/preview/karyana/get-started.html]
[askbootstrap.com/preview/karyana/signup.html]
[askbootstrap.com/preview/karyana/change-password.html]
[askbootstrap.com/preview/karyana/verification.html]
[askbootstrap.com/preview/karyana/img/sign-in-pana.svg]
[askbootstrap.com/preview/karyana/order-confirm.html]
[askbootstrap.com/preview/karyana/img/confirmed.svg]
[askbootstrap.com/preview/karyana/img/card.png]
[askbootstrap.com/preview/karyana/order-detail.html]
[askbootstrap.com/preview/karyana/add-address.html]
[askbootstrap.com/preview/karyana/support.html]
[askbootstrap.com/preview/karyana/notification.html]
[askbootstrap.com/preview/karyana/empty.html]
[askbootstrap.com/preview/karyana/vendor/jquery/jquery.min.js]
[askbootstrap.com/preview/karyana/vendor/bootstrap/js/bootstrap.bundle.min.js]
[askbootstrap.com/preview/karyana/vendor/slick/slick.min.js]
[askbootstrap.com/preview/karyana/vendor/sidebar/hc-offcanvas-nav.js]
[askbootstrap.com/preview/karyana/img/empty.svg]
[www.google-analytics.com/analytics.js]
[askbootstrap.com/preview/karyana/js/custom.js]
[askbootstrap.com/preview/karyana/vendor/slick/fonts/slick.svg]
[askbootstrap.com/preview/karyana/img/sign-in-pana.svg]
[askbootstrap.com/preview/karyana/img/confirmed.svg]
[askbootstrap.com/preview/karyana/img/empty.svg]
