[html.awaikenthemes.com/toplax/index.html]
[backblue.gif]
[fade.gif]
[index.html]
[html.awaikenthemes.com/toplax/images/favicon.png]
[html.awaikenthemes.com/toplax/css/bootstrap.min.css]
[html.awaikenthemes.com/toplax/css/slicknav.min.css]
[html.awaikenthemes.com/toplax/css/swiper-bundle.min.css]
[html.awaikenthemes.com/toplax/css/all.css]
[html.awaikenthemes.com/toplax/css/animate.css]
[html.awaikenthemes.com/toplax/css/magnific-popup.css]
[html.awaikenthemes.com/toplax/css/mousecursor.css]
[html.awaikenthemes.com/toplax/css/custom.css]
[html.awaikenthemes.com/toplax/images/loader.svg]
[html.awaikenthemes.com/toplax/images/logo.svg]
[html.awaikenthemes.com/toplax/index-2.html]
[html.awaikenthemes.com/toplax/images/icon-phone.svg]
[html.awaikenthemes.com/toplax/images/icon-mail.svg]
[html.awaikenthemes.com/toplax/contact.html]
[html.awaikenthemes.com/toplax/images/footer-logo.svg]
[html.awaikenthemes.com/toplax/index-video.html]
[html.awaikenthemes.com/toplax/index-slider.html]
[html.awaikenthemes.com/toplax/about.html]
[html.awaikenthemes.com/toplax/services.html]
[html.awaikenthemes.com/toplax/blog.html]
[html.awaikenthemes.com/toplax/projects.html]
[html.awaikenthemes.com/toplax/service-single.html]
[html.awaikenthemes.com/toplax/blog-single.html]
[html.awaikenthemes.com/toplax/project-single.html]
[html.awaikenthemes.com/toplax/team.html]
[html.awaikenthemes.com/toplax/team-single.html]
[html.awaikenthemes.com/toplax/pricing.html]
[html.awaikenthemes.com/toplax/testimonial.html]
[html.awaikenthemes.com/toplax/image-gallery.html]
[html.awaikenthemes.com/toplax/video-gallery.html]
[html.awaikenthemes.com/toplax/faqs.html]
[html.awaikenthemes.com/toplax/404.html]
[html.awaikenthemes.com/toplax/images/about-img-1.jpg]
[html.awaikenthemes.com/toplax/images/about-img-2.jpg]
[html.awaikenthemes.com/toplax/images/icon-service-1.svg]
[html.awaikenthemes.com/toplax/images/arrow-dark.svg]
[html.awaikenthemes.com/toplax/images/icon-service-2.svg]
[html.awaikenthemes.com/toplax/images/icon-service-3.svg]
[html.awaikenthemes.com/toplax/images/icon-service-4.svg]
[html.awaikenthemes.com/toplax/images/our-story-header-img-1.jpg]
[html.awaikenthemes.com/toplax/images/our-story-header-img-2.jpg]
[html.awaikenthemes.com/toplax/images/our-story-img.jpg]
[html.awaikenthemes.com/toplax/images/story-client-img-1.jpg]
[html.awaikenthemes.com/toplax/images/story-client-img-2.jpg]
[html.awaikenthemes.com/toplax/images/story-client-img-3.jpg]
[html.awaikenthemes.com/toplax/images/icon-who-we-do-1.svg]
[html.awaikenthemes.com/toplax/images/icon-who-we-do-2.svg]
[html.awaikenthemes.com/toplax/images/icon-who-we-do-3.svg]
[html.awaikenthemes.com/toplax/images/icon-who-we-do-4.svg]
[html.awaikenthemes.com/toplax/images/what-we-do-image.jpg]
[html.awaikenthemes.com/toplax/images/contact-now-circle.svg]
[html.awaikenthemes.com/toplax/images/project-1.jpg]
[html.awaikenthemes.com/toplax/images/project-2.jpg]
[html.awaikenthemes.com/toplax/images/project-3.jpg]
[html.awaikenthemes.com/toplax/images/project-4.jpg]
[html.awaikenthemes.com/toplax/images/our-process-image.jpg]
[html.awaikenthemes.com/toplax/images/icon-pricing-benefit-1.svg]
[html.awaikenthemes.com/toplax/images/icon-pricing-benefit-2.svg]
[html.awaikenthemes.com/toplax/images/icon-pricing-benefit-3.svg]
[html.awaikenthemes.com/toplax/images/testimonial-image.jpg]
[html.awaikenthemes.com/toplax/images/author-1.jpg]
[html.awaikenthemes.com/toplax/images/author-2.jpg]
[html.awaikenthemes.com/toplax/images/company-logo-1.svg]
[html.awaikenthemes.com/toplax/images/company-logo-2.svg]
[html.awaikenthemes.com/toplax/images/company-logo-3.svg]
[html.awaikenthemes.com/toplax/images/company-logo-4.svg]
[html.awaikenthemes.com/toplax/images/company-logo-5.svg]
[html.awaikenthemes.com/toplax/images/blog-1.jpg]
[html.awaikenthemes.com/toplax/images/arrow-white.svg]
[html.awaikenthemes.com/toplax/images/blog-2.jpg]
[html.awaikenthemes.com/toplax/js/jquery-3.7.1.min.js]
[html.awaikenthemes.com/toplax/js/bootstrap.min.js]
[html.awaikenthemes.com/toplax/js/validator.min.js]
[html.awaikenthemes.com/toplax/js/jquery.slicknav.js]
[html.awaikenthemes.com/toplax/js/swiper-bundle.min.js]
[html.awaikenthemes.com/toplax/js/jquery.waypoints.min.js]
[html.awaikenthemes.com/toplax/js/jquery.counterup.min.js]
[html.awaikenthemes.com/toplax/js/isotope.min.js]
[html.awaikenthemes.com/toplax/js/jquery.magnific-popup.min.js]
[html.awaikenthemes.com/toplax/js/SmoothScroll.js]
[html.awaikenthemes.com/toplax/js/parallaxie.js]
[html.awaikenthemes.com/toplax/js/gsap.min.js]
[html.awaikenthemes.com/toplax/js/magiccursor.js]
[html.awaikenthemes.com/toplax/js/SplitText.js]
[html.awaikenthemes.com/toplax/js/ScrollTrigger.min.js]
[html.awaikenthemes.com/toplax/js/jquery.mb.YTPlayer.min.js]
[html.awaikenthemes.com/toplax/js/wow.js]
[html.awaikenthemes.com/toplax/index.html]
[html.awaikenthemes.com/toplax/css/bootstrap.min.css]
[html.awaikenthemes.com/toplax/css/slicknav.min.css]
[html.awaikenthemes.com/toplax/css/swiper-bundle.min.css]
[html.awaikenthemes.com/toplax/js/function.js]
[html.awaikenthemes.com/toplax/webfonts/fa-brands-400.woff2]
[html.awaikenthemes.com/toplax/webfonts/fa-regular-400.woff2]
[html.awaikenthemes.com/toplax/webfonts/fa-brands-400.ttf]
[html.awaikenthemes.com/toplax/webfonts/fa-regular-400.ttf]
[html.awaikenthemes.com/toplax/webfonts/fa-solid-900.woff2]
[html.awaikenthemes.com/toplax/webfonts/fa-solid-900.ttf]
[html.awaikenthemes.com/toplax/webfonts/fa-v4compatibility.woff2]
[html.awaikenthemes.com/toplax/css/all.css]
[html.awaikenthemes.com/toplax/css/animate.css]
[html.awaikenthemes.com/toplax/css/magnific-popup.css]
[html.awaikenthemes.com/toplax/css/mousecursor.css]
[html.awaikenthemes.com/toplax/webfonts/fa-v4compatibility.ttf]
[html.awaikenthemes.com/toplax/images/icon-sub-heading.svg]
[html.awaikenthemes.com/toplax/images/hero-bg.jpg]
[html.awaikenthemes.com/toplax/images/icon-check.svg]
[html.awaikenthemes.com/toplax/images/genuine-rating-counter-bg.jpg]
[html.awaikenthemes.com/toplax/images/our-service-bg.jpg]
[html.awaikenthemes.com/toplax/images/about-us-bg.svg]
[html.awaikenthemes.com/toplax/images/icon-pricing-box-1.svg]
[html.awaikenthemes.com/toplax/images/what-we-do-bg.svg]
[html.awaikenthemes.com/toplax/images/icon-pricing-box-2.svg]
[html.awaikenthemes.com/toplax/images/icon-pricing-box-3.svg]
[html.awaikenthemes.com/toplax/images/testimonial-bg.png]
[html.awaikenthemes.com/toplax/images/page-header-bg.jpg]
[html.awaikenthemes.com/toplax/images/footer-bg.svg]
[html.awaikenthemes.com/toplax/images/sidebar-cta-bg-img.jpg]
[html.awaikenthemes.com/toplax/images/arrow-accent.svg]
[html.awaikenthemes.com/toplax/css/custom.css]
[html.awaikenthemes.com/toplax/images/loader.svg]
[html.awaikenthemes.com/toplax/index-2.html]
[html.awaikenthemes.com/toplax/images/logo.svg]
[html.awaikenthemes.com/toplax/images/icon-phone.svg]
[html.awaikenthemes.com/toplax/images/icon-mail.svg]
[html.awaikenthemes.com/toplax/images/icon-blockquote.svg]
[html.awaikenthemes.com/toplax/contact.html]
[html.awaikenthemes.com/toplax/images/footer-logo.svg]
[html.awaikenthemes.com/toplax/index-video.html]
[html.awaikenthemes.com/toplax/images/icon-location.svg]
[html.awaikenthemes.com/toplax/images/hero-bg-2.jpg]
[html.awaikenthemes.com/toplax/index-slider.html]
[html.awaikenthemes.com/toplax/images/icon-mission-nav.svg]
[html.awaikenthemes.com/toplax/images/icon-vision-nav.svg]
[html.awaikenthemes.com/toplax/images/icon-value-nav.svg]
[html.awaikenthemes.com/toplax/images/mission-image.jpg]
[html.awaikenthemes.com/toplax/images/vision-image.jpg]
[html.awaikenthemes.com/toplax/images/value-image.jpg]
[html.awaikenthemes.com/toplax/images/history-image-1.jpg]
[html.awaikenthemes.com/toplax/images/icon-features-1.svg]
[html.awaikenthemes.com/toplax/images/icon-features-2.svg]
[html.awaikenthemes.com/toplax/images/icon-features-3.svg]
[html.awaikenthemes.com/toplax/images/features-box-image.jpg]
[html.awaikenthemes.com/toplax/images/team-1.jpg]
[html.awaikenthemes.com/toplax/images/team-2.jpg]
[html.awaikenthemes.com/toplax/images/team-3.jpg]
[html.awaikenthemes.com/toplax/images/team-4.jpg]
[html.awaikenthemes.com/toplax/images/our-faqs-image.jpg]
[html.awaikenthemes.com/toplax/images/icon-phone-accent.svg]
[html.awaikenthemes.com/toplax/about.html]
[html.awaikenthemes.com/toplax/images/icon-mail-accent.svg]
[html.awaikenthemes.com/toplax/images/icon-service-5.svg]
[html.awaikenthemes.com/toplax/images/icon-service-6.svg]
[html.awaikenthemes.com/toplax/images/icon-service-7.svg]
[html.awaikenthemes.com/toplax/services.html]
[html.awaikenthemes.com/toplax/images/icon-service-8.svg]
[html.awaikenthemes.com/toplax/images/post-1.jpg]
[html.awaikenthemes.com/toplax/images/post-2.jpg]
[html.awaikenthemes.com/toplax/images/post-3.jpg]
[html.awaikenthemes.com/toplax/images/post-4.jpg]
[html.awaikenthemes.com/toplax/images/post-5.jpg]
[html.awaikenthemes.com/toplax/images/post-6.jpg]
[html.awaikenthemes.com/toplax/blog.html]
[html.awaikenthemes.com/toplax/images/project-5.jpg]
[html.awaikenthemes.com/toplax/images/project-6.jpg]
[html.awaikenthemes.com/toplax/projects.html]
[html.awaikenthemes.com/toplax/images/service-single-img.jpg]
[html.awaikenthemes.com/toplax/images/service-entry-img-1.jpg]
[html.awaikenthemes.com/toplax/images/service-entry-img-2.jpg]
[html.awaikenthemes.com/toplax/service-single.html]
[html.awaikenthemes.com/toplax/blog-single.html]
[html.awaikenthemes.com/toplax/project.html]
[html.awaikenthemes.com/toplax/images/sidebar-project-detail-1.svg]
[html.awaikenthemes.com/toplax/images/sidebar-project-detail-2.svg]
[html.awaikenthemes.com/toplax/images/sidebar-project-detail-3.svg]
[html.awaikenthemes.com/toplax/images/sidebar-project-detail-4.svg]
[html.awaikenthemes.com/toplax/images/sidebar-project-detail-5.svg]
[html.awaikenthemes.com/toplax/images/project-query-img-1.jpg]
[html.awaikenthemes.com/toplax/images/project-query-img-2.jpg]
[html.awaikenthemes.com/toplax/project-single.html]
[html.awaikenthemes.com/toplax/images/team-5.jpg]
[html.awaikenthemes.com/toplax/images/team-6.jpg]
[html.awaikenthemes.com/toplax/images/team-7.jpg]
[html.awaikenthemes.com/toplax/images/team-8.jpg]
[html.awaikenthemes.com/toplax/team.html]
[html.awaikenthemes.com/toplax/images/sidebar-team-detail-1.svg]
[html.awaikenthemes.com/toplax/team-single.html]
[html.awaikenthemes.com/toplax/pricing.html]
[html.awaikenthemes.com/toplax/images/sidebar-team-detail-2.svg]
[html.awaikenthemes.com/toplax/images/client-testimonial-quote.svg]
[html.awaikenthemes.com/toplax/images/author-3.jpg]
[html.awaikenthemes.com/toplax/images/author-4.jpg]
[html.awaikenthemes.com/toplax/images/author-5.jpg]
[html.awaikenthemes.com/toplax/images/author-6.jpg]
[html.awaikenthemes.com/toplax/testimonial.html]
[html.awaikenthemes.com/toplax/images/gallery-1.jpg]
[html.awaikenthemes.com/toplax/images/gallery-2.jpg]
[html.awaikenthemes.com/toplax/images/gallery-3.jpg]
[html.awaikenthemes.com/toplax/images/gallery-4.jpg]
[html.awaikenthemes.com/toplax/images/gallery-5.jpg]
[html.awaikenthemes.com/toplax/images/gallery-6.jpg]
[html.awaikenthemes.com/toplax/images/gallery-7.jpg]
[html.awaikenthemes.com/toplax/images/gallery-8.jpg]
[html.awaikenthemes.com/toplax/images/gallery-9.jpg]
[html.awaikenthemes.com/toplax/image-gallery.html]
[html.awaikenthemes.com/toplax/video-gallery.html]
[html.awaikenthemes.com/toplax/faqs.html]
[html.awaikenthemes.com/toplax/images/404-error-img.png]
[html.awaikenthemes.com/toplax/404.html]
[html.awaikenthemes.com/toplax/images/icon-service-1.svg]
[html.awaikenthemes.com/toplax/images/arrow-dark.svg]
[html.awaikenthemes.com/toplax/images/icon-service-2.svg]
[html.awaikenthemes.com/toplax/images/icon-service-3.svg]
[html.awaikenthemes.com/toplax/images/icon-service-4.svg]
[html.awaikenthemes.com/toplax/images/icon-who-we-do-1.svg]
[html.awaikenthemes.com/toplax/images/icon-who-we-do-2.svg]
[html.awaikenthemes.com/toplax/images/icon-who-we-do-3.svg]
[html.awaikenthemes.com/toplax/images/icon-who-we-do-4.svg]
[html.awaikenthemes.com/toplax/images/contact-now-circle.svg]
[html.awaikenthemes.com/toplax/images/icon-pricing-benefit-1.svg]
[html.awaikenthemes.com/toplax/images/icon-pricing-benefit-2.svg]
[html.awaikenthemes.com/toplax/images/icon-pricing-benefit-3.svg]
[html.awaikenthemes.com/toplax/images/company-logo-1.svg]
[html.awaikenthemes.com/toplax/images/company-logo-2.svg]
[html.awaikenthemes.com/toplax/images/company-logo-3.svg]
[html.awaikenthemes.com/toplax/images/company-logo-4.svg]
[html.awaikenthemes.com/toplax/images/company-logo-5.svg]
[html.awaikenthemes.com/toplax/images/arrow-white.svg]
[html.awaikenthemes.com/toplax/images/icon-sub-heading.svg]
[html.awaikenthemes.com/toplax/images/icon-check.svg]
[html.awaikenthemes.com/toplax/images/about-us-bg.svg]
[html.awaikenthemes.com/toplax/images/what-we-do-bg.svg]
[html.awaikenthemes.com/toplax/images/icon-pricing-box-1.svg]
[html.awaikenthemes.com/toplax/images/icon-pricing-box-2.svg]
[html.awaikenthemes.com/toplax/images/icon-pricing-box-3.svg]
[html.awaikenthemes.com/toplax/images/footer-bg.svg]
[html.awaikenthemes.com/toplax/images/arrow-accent.svg]
[html.awaikenthemes.com/toplax/images/icon-blockquote.svg]
[html.awaikenthemes.com/toplax/images/icon-location.svg]
[html.awaikenthemes.com/toplax/images/icon-mission-nav.svg]
[html.awaikenthemes.com/toplax/images/icon-vision-nav.svg]
[html.awaikenthemes.com/toplax/images/icon-value-nav.svg]
[html.awaikenthemes.com/toplax/images/icon-features-1.svg]
[html.awaikenthemes.com/toplax/images/icon-features-2.svg]
[html.awaikenthemes.com/toplax/images/icon-features-3.svg]
[html.awaikenthemes.com/toplax/images/icon-phone-accent.svg]
[html.awaikenthemes.com/toplax/images/icon-mail-accent.svg]
[html.awaikenthemes.com/toplax/images/icon-service-5.svg]
[html.awaikenthemes.com/toplax/images/icon-service-6.svg]
[html.awaikenthemes.com/toplax/images/icon-service-7.svg]
[html.awaikenthemes.com/toplax/images/icon-service-8.svg]
[html.awaikenthemes.com/toplax/project.html]
[html.awaikenthemes.com/toplax/images/sidebar-project-detail-1.svg]
[html.awaikenthemes.com/toplax/images/sidebar-project-detail-2.svg]
[html.awaikenthemes.com/toplax/images/sidebar-project-detail-3.svg]
[html.awaikenthemes.com/toplax/images/sidebar-project-detail-4.svg]
[html.awaikenthemes.com/toplax/images/sidebar-project-detail-5.svg]
[html.awaikenthemes.com/toplax/images/sidebar-team-detail-1.svg]
[html.awaikenthemes.com/toplax/images/sidebar-team-detail-2.svg]
[html.awaikenthemes.com/toplax/images/client-testimonial-quote.svg]
