[www.eco4govscheme.co.uk/index.html]
[backblue.gif]
[fade.gif]
[index.html]
[d9hhrg4mnvzow.cloudfront.net/www.eco4govscheme.co.uk/9b8602d4-eco4-1.png]
[d9hhrg4mnvzow.cloudfront.net/www.eco4govscheme.co.uk/08fcae1c-untitled-design-2024-11-27t165530-125_1000000000000000000028.png]
[d9hhrg4mnvzow.cloudfront.net/www.eco4govscheme.co.uk/bf2d9408-untitled-design-2023-11-02t162456-226_10000000uk1fn00001y028.png]
[d9hhrg4mnvzow.cloudfront.net/www.eco4govscheme.co.uk/bf2d9408-untitled-design-2023-11-02t162456-226_10000000uk0mw0000gb028.png]
[d9hhrg4mnvzow.cloudfront.net/www.eco4govscheme.co.uk/39b24eab-untitled-design-2024-11-27t171747-184_1000000000000000000028.png]
[d9hhrg4mnvzow.cloudfront.net/www.eco4govscheme.co.uk/bf2d9408-untitled-design-2023-11-02t162456-226_10000000df1jk08k000028.png]
[d9hhrg4mnvzow.cloudfront.net/www.eco4govscheme.co.uk/bf2d9408-untitled-design-2023-11-02t162456-226_10go0ub000000000000028.png]
[d9hhrg4mnvzow.cloudfront.net/www.eco4govscheme.co.uk/bf2d9408-untitled-design-2023-11-02t162456-226_1000000000000000000028.png]
[builder-assets.unbounce.com/published-css/main-ebbfc5e.z.css]
[widgets.widg.io/widgio-elements.js]
[code.jquery.com/jquery-3.7.1.min.js]
[d9hhrg4mnvzow.cloudfront.net/www.eco4govscheme.co.uk/81ae853c-untitled-design-2023-11-02t163358-845_10cd0cd000000000000028.png]
[scripts.iconnode.com/126931.js]
[www.eco4govscheme.co.uk/_ub/static/ts/6622902072f544a006592f968a158074f43318d5.js]
[d9hhrg4mnvzow.cloudfront.net/www.eco4govscheme.co.uk/ef4fe683-aida-arrow_1000000000000000000028.png]
[d9hhrg4mnvzow.cloudfront.net/www.eco4govscheme.co.uk/1q6e5td-o-icons-checkmark-64x64_1000000000000000000028.png]
[d9hhrg4mnvzow.cloudfront.net/www.eco4govscheme.co.uk/5710f335-untitled-design-2023-11-02t162704-946_1000000000000000000028.png]
[d9hhrg4mnvzow.cloudfront.net/www.eco4govscheme.co.uk/81ae853c-untitled-design-2023-11-02t163358-845_1000000000000000000028.png]
[d9hhrg4mnvzow.cloudfront.net/www.eco4govscheme.co.uk/1707eedb-untitled-design-2023-11-02t163757-748_1000000000000000000028.png]
[d9hhrg4mnvzow.cloudfront.net/www.eco4govscheme.co.uk/13613cbd-untitled-design-2023-11-02t164943-455_1000000000000000000028.png]
[d9hhrg4mnvzow.cloudfront.net/www.eco4govscheme.co.uk/bfb9bc61-untitled-design-2023-11-02t165910-699_1000000000000000000028.png]
[d9hhrg4mnvzow.cloudfront.net/www.eco4govscheme.co.uk/79c299cb-untitled-design-2023-11-02t170104-328_1000000000000000000028.png]
[d9hhrg4mnvzow.cloudfront.net/www.eco4govscheme.co.uk/36a3e653-destination_1000000000000000000028.png]
[d9hhrg4mnvzow.cloudfront.net/www.eco4govscheme.co.uk/7c9a0654-destination-1_1000000000000000000028.png]
[d9hhrg4mnvzow.cloudfront.net/www.eco4govscheme.co.uk/e872ee6c-destination-2_1000000000000000000028.png]
[d9hhrg4mnvzow.cloudfront.net/www.eco4govscheme.co.uk/d00242d9-untitled-design-2023-11-08t162019-431_1000000000000000000028.png]
[d9hhrg4mnvzow.cloudfront.net/www.eco4govscheme.co.uk/111f980f-untitled-design-2023-11-02t124455-036_1000000000000000000028.png]
[d9hhrg4mnvzow.cloudfront.net/www.eco4govscheme.co.uk/e7ff13da-gov-uk-logo_105i026000000000000028.png]
[d9hhrg4mnvzow.cloudfront.net/www.eco4govscheme.co.uk/e7ff13da-gov-uk-logo_1000000000000000000028.png]
[www.eco4govscheme.co.uk/index.html]
[builder-assets.unbounce.com/published-css/main-ebbfc5e.z.css]
[www.eco4govscheme.co.uk/assets/555958bf-ae2b-4a17-b74d-c70cb6a8f244/untitled-design-2023-11-08t162019-431.original9cd2.html]
[www.googletagmanager.com/gtm5445.html]
[builder-assets.unbounce.com/published-js/main.bundle-f4428e5.z.js]
[builder-assets.unbounce.com/images/transparent.gif]
