[industrie.rstheme.com/html/index.html]
[backblue.gif]
[fade.gif]
[index.html]
[industrie.rstheme.com/html/assets/images/favicon.png]
[industrie.rstheme.com/html/assets/css/vendor/bootstrap.min.css]
[industrie.rstheme.com/html/assets/css/vendor/animate.min.css]
[industrie.rstheme.com/html/assets/css/plugins/swiper.min.css]
[industrie.rstheme.com/html/assets/css/plugins/nice-select.css]
[industrie.rstheme.com/html/assets/css/plugins/nouislider.min.css]
[industrie.rstheme.com/html/assets/css/vendor/magnific-popup.css]
[industrie.rstheme.com/html/assets/css/vendor/odometer.min.css]
[industrie.rstheme.com/html/assets/css/vendor/spacing.css]
[industrie.rstheme.com/html/assets/css/vendor/fontawesome-pro.css]
[industrie.rstheme.com/html/assets/css/vendor/remixicon.css]
[industrie.rstheme.com/html/assets/css/main.css]
[industrie.rstheme.com/html/assets/images/logo/logo-orange.png]
[industrie.rstheme.com/html/red-engineering.html]
[industrie.rstheme.com/html/blue-construction.html]
[industrie.rstheme.com/html/metallurgy.html]
[industrie.rstheme.com/html/orange-construction.html]
[industrie.rstheme.com/html/laboratory.html]
[industrie.rstheme.com/html/renewable-energy.html]
[industrie.rstheme.com/html/oil-gas.html]
[industrie.rstheme.com/html/factory.html]
[industrie.rstheme.com/html/robotic.html]
[industrie.rstheme.com/html/architecture.html]
[industrie.rstheme.com/html/manufacturing.html]
[industrie.rstheme.com/html/industrie-one-page.html]
[industrie.rstheme.com/html/red-engineering-one-page.html]
[industrie.rstheme.com/html/blue-construction-one-page.html]
[industrie.rstheme.com/html/metallurgy-one-page.html]
[industrie.rstheme.com/html/orange-construction-one-page.html]
[industrie.rstheme.com/html/laboratory-one-page.html]
[industrie.rstheme.com/html/renewable-energy-one-page.html]
[industrie.rstheme.com/html/oil-gas-one-page.html]
[industrie.rstheme.com/html/factory-one-page.html]
[industrie.rstheme.com/html/robotic-one-page.html]
[industrie.rstheme.com/html/architecture-one-page.html]
[industrie.rstheme.com/html/manufacturing-one-page.html]
[industrie.rstheme.com/html/about.html]
[industrie.rstheme.com/html/about-two.html]
[industrie.rstheme.com/html/services.html]
[industrie.rstheme.com/html/services-details.html]
[industrie.rstheme.com/html/team.html]
[industrie.rstheme.com/html/team-details.html]
[industrie.rstheme.com/html/portfolio.html]
[industrie.rstheme.com/html/portfolio-details.html]
[industrie.rstheme.com/html/pricing.html]
[industrie.rstheme.com/html/shop.html]
[industrie.rstheme.com/html/shop-details.html]
[industrie.rstheme.com/html/checkout.html]
[industrie.rstheme.com/html/cart.html]
[industrie.rstheme.com/html/faq.html]
[industrie.rstheme.com/html/appointment.html]
[industrie.rstheme.com/html/elements-features.html]
[industrie.rstheme.com/html/elements-advance-tab.html]
[industrie.rstheme.com/html/elements-work-process.html]
[industrie.rstheme.com/html/elements-counter.html]
[industrie.rstheme.com/html/elements-gsap.html]
[industrie.rstheme.com/html/elements-services.html]
[industrie.rstheme.com/html/elements-team.html]
[industrie.rstheme.com/html/elements-pricing.html]
[industrie.rstheme.com/html/elements-portfolio.html]
[industrie.rstheme.com/html/elements-services-tab.html]
[industrie.rstheme.com/html/elements-testimonial.html]
[industrie.rstheme.com/html/elements-brand.html]
[industrie.rstheme.com/html/elements-blog.html]
[industrie.rstheme.com/html/blog.html]
[industrie.rstheme.com/html/blog-details.html]
[industrie.rstheme.com/html/contact.html]
[industrie.rstheme.com/html/contact-two.html]
[industrie.rstheme.com/html/assets/images/gallery/gallery-thumb-01.png]
[industrie.rstheme.com/html/assets/images/gallery/gallery-thumb-02.png]
[industrie.rstheme.com/html/assets/images/gallery/gallery-thumb-03.png]
[industrie.rstheme.com/html/assets/images/gallery/gallery-thumb-04.png]
[industrie.rstheme.com/html/assets/images/gallery/gallery-thumb-05.png]
[industrie.rstheme.com/html/assets/images/shape/half-arrow.png]
[industrie.rstheme.com/html/assets/images/bg/banner-bg-01.png]
[industrie.rstheme.com/html/assets/images/bg/banner-bg-02.png]
[industrie.rstheme.com/html/assets/images/about/about-thumb-01.png]
[industrie.rstheme.com/html/assets/images/shape/wave-shape-01.png]
[industrie.rstheme.com/html/assets/images/services/services-thumb-01.png]
[industrie.rstheme.com/html/assets/images/services/services-thumb-02.png]
[industrie.rstheme.com/html/assets/images/services/services-thumb-03.png]
[industrie.rstheme.com/html/assets/images/services/services-thumb-04.png]
[industrie.rstheme.com/html/assets/images/services/services-thumb-05.png]
[industrie.rstheme.com/html/assets/images/services/services-thumb-06.png]
[industrie.rstheme.com/html/assets/images/portfolio/portfolio-thumb-01.png]
[industrie.rstheme.com/html/assets/images/portfolio/portfolio-thumb-02.png]
[industrie.rstheme.com/html/assets/images/portfolio/portfolio-thumb-03.png]
[industrie.rstheme.com/html/assets/images/portfolio/portfolio-thumb-04.png]
[industrie.rstheme.com/html/assets/images/bg/cta-bg-01.png]
[industrie.rstheme.com/html/assets/images/team/team-thumb-01.png]
[industrie.rstheme.com/html/assets/images/team/team-thumb-02.png]
[industrie.rstheme.com/html/assets/images/team/team-thumb-03.png]
[industrie.rstheme.com/html/assets/images/user/user-thumb-01.png]
[industrie.rstheme.com/html/assets/images/brand/brand-thumb-01.png]
[industrie.rstheme.com/html/assets/images/user/user-thumb-02.png]
[industrie.rstheme.com/html/assets/images/user/user-thumb-03.png]
[industrie.rstheme.com/html/assets/images/brand/brand-thumb-02.png]
[industrie.rstheme.com/html/assets/images/brand/brand-thumb-03.png]
[industrie.rstheme.com/html/assets/images/brand/brand-thumb-04.png]
[industrie.rstheme.com/html/assets/images/brand/brand-thumb-05.png]
[industrie.rstheme.com/html/assets/images/brand/brand-thumb-06.png]
[industrie.rstheme.com/html/assets/images/brand/brand-thumb-07.png]
[industrie.rstheme.com/html/assets/images/blog/blog-thumb-01.png]
[industrie.rstheme.com/html/assets/images/blog/blog-thumb-02.png]
[industrie.rstheme.com/html/assets/images/blog/blog-thumb-03.png]
[industrie.rstheme.com/html/assets/images/bg/contact-bg-01.png]
[industrie.rstheme.com/html/assets/images/bg/contact-bg-03.png]
[industrie.rstheme.com/html/assets/images/bg/footer-bg-01.png]
[industrie.rstheme.com/html/assets/images/logo/logo-orange-white.png]
[industrie.rstheme.com/html/assets/js/vendor/jquery-3.7.1.min.js]
[industrie.rstheme.com/html/assets/js/plugins/waypoints.min.js]
[industrie.rstheme.com/html/assets/js/vendor/bootstrap.bundle.min.js]
[industrie.rstheme.com/html/assets/js/plugins/meanmenu.min.js]
[industrie.rstheme.com/html/assets/js/plugins/swiper.min.js]
[industrie.rstheme.com/html/assets/js/plugins/wow.min.js]
[industrie.rstheme.com/html/assets/js/vendor/magnific-popup.min.js]
[industrie.rstheme.com/html/assets/js/vendor/isotope.pkgd.min.js]
[industrie.rstheme.com/html/assets/js/vendor/imagesloaded.pkgd.min.js]
[industrie.rstheme.com/html/assets/js/plugins/nice-select.min.js]
[industrie.rstheme.com/html/assets/js/plugins/jarallax.min.js]
[industrie.rstheme.com/html/assets/js/vendor/ajax-form.js]
[industrie.rstheme.com/html/assets/js/plugins/easypie.js]
[industrie.rstheme.com/html/assets/js/plugins/headding-title.js]
[industrie.rstheme.com/html/assets/js/plugins/lenis.min.js]
[industrie.rstheme.com/html/assets/js/plugins/gsap.min.js]
[industrie.rstheme.com/html/assets/js/plugins/rs-anim-int.js]
[industrie.rstheme.com/html/assets/js/plugins/rs-scroll-trigger.min.js]
[industrie.rstheme.com/html/assets/js/plugins/rs-splitText.min.js]
[industrie.rstheme.com/html/assets/js/plugins/jquery.lettering.js]
[industrie.rstheme.com/html/assets/js/plugins/parallax-effect.min.js]
[industrie.rstheme.com/html/assets/js/plugins/jquery.appear.min.js]
[industrie.rstheme.com/html/assets/js/plugins/marquee.min.js]
[industrie.rstheme.com/html/assets/js/plugins/nouislider.min.js]
[industrie.rstheme.com/html/assets/js/vendor/purecounter.js]
[industrie.rstheme.com/html/assets/js/plugins/chart.umd.min.js]
[industrie.rstheme.com/html/assets/js/vendor/odometer.min.js]
[industrie.rstheme.com/html/index.html]
[industrie.rstheme.com/html/assets/css/vendor/bootstrap.min.css]
[industrie.rstheme.com/html/assets/css/vendor/animate.min.css]
[industrie.rstheme.com/html/assets/css/plugins/swiper.min.css]
[industrie.rstheme.com/html/assets/css/plugins/nice-select.css]
[industrie.rstheme.com/html/assets/css/plugins/nouislider.min.css]
[industrie.rstheme.com/html/assets/css/vendor/magnific-popup.css]
[industrie.rstheme.com/html/assets/css/vendor/odometer.min.css]
[industrie.rstheme.com/html/assets/js/main.js]
[industrie.rstheme.com/html/assets/fonts/fa-brands-400.woff2]
[industrie.rstheme.com/html/assets/fonts/fa-duotone-900.woff2]
[industrie.rstheme.com/html/assets/fonts/fa-brands-400.ttf]
[industrie.rstheme.com/html/assets/fonts/fa-duotone-900.ttf]
[industrie.rstheme.com/html/assets/fonts/fa-light-300.woff2]
[industrie.rstheme.com/html/assets/fonts/fa-light-300.ttf]
[industrie.rstheme.com/html/assets/fonts/fa-regular-400.woff2]
[industrie.rstheme.com/html/assets/fonts/fa-regular-400.ttf]
[industrie.rstheme.com/html/assets/fonts/fa-solid-900.woff2]
[industrie.rstheme.com/html/assets/fonts/fa-solid-900.ttf]
[industrie.rstheme.com/html/assets/fonts/fa-thin-100.woff2]
[industrie.rstheme.com/html/assets/fonts/fa-thin-100.ttf]
[industrie.rstheme.com/html/assets/fonts/fa-v4compatibility.woff2]
[industrie.rstheme.com/html/assets/css/vendor/fontawesome-pro.css]
[industrie.rstheme.com/html/assets/css/vendor/spacing.css]
[industrie.rstheme.com/html/assets/fonts/fa-v4compatibility.ttf]
[industrie.rstheme.com/html/assets/fonts/remixicon0c93.eot]
[industrie.rstheme.com/html/assets/fonts/remixicon0c93.woff2]
[industrie.rstheme.com/html/assets/fonts/remixicon0c93.woff]
[industrie.rstheme.com/html/assets/css/vendor/remixicon.css]
[industrie.rstheme.com/html/assets/fonts/remixicon0c93.ttf]
[industrie.rstheme.com/html/assets/fonts/remixicon0c93.svg]
[industrie.rstheme.com/html/assets/images/shape/cross-out.png]
[industrie.rstheme.com/html/assets/css/images/ui-icons_444444_256x240.png]
[industrie.rstheme.com/html/assets/css/images/ui-icons_555555_256x240.png]
[industrie.rstheme.com/html/assets/css/images/ui-icons_ffffff_256x240.png]
[industrie.rstheme.com/html/assets/css/images/ui-icons_777620_256x240.png]
[industrie.rstheme.com/html/assets/css/images/ui-icons_cc0000_256x240.png]
[industrie.rstheme.com/html/assets/css/images/ui-icons_777777_256x240.png]
[industrie.rstheme.com/html/assets/css/main.css]
[industrie.rstheme.com/html/assets/images/favicon-red.png]
[industrie.rstheme.com/html/assets/images/logo/logo-red.png]
[industrie.rstheme.com/html/assets/images/logo/logo-red-black.png]
[industrie.rstheme.com/html/assets/images/bg/banner-bg-03.png]
[industrie.rstheme.com/html/assets/images/shape/gears-shape.png]
[industrie.rstheme.com/html/assets/images/bg/services-bg-01.png]
[industrie.rstheme.com/html/assets/images/services/services-thumb-07.png]
[industrie.rstheme.com/html/assets/images/services/services-thumb-08.png]
[industrie.rstheme.com/html/assets/images/services/services-thumb-09.png]
[industrie.rstheme.com/html/assets/images/user/user-thumb-04.png]
[industrie.rstheme.com/html/assets/images/shape/sign-shape.png]
[industrie.rstheme.com/html/assets/images/about/about-thumb-02.png]
[industrie.rstheme.com/html/assets/images/bg/video-bg-01.png]
[industrie.rstheme.com/html/assets/images/bg/work-process-01.png]
[industrie.rstheme.com/html/assets/images/bg/contact-bg-02.png]
[industrie.rstheme.com/html/assets/images/bg/faq-bg-01.png]
[industrie.rstheme.com/html/assets/images/blog/blog-thumb-04.png]
[industrie.rstheme.com/html/assets/images/blog/blog-thumb-05.png]
[industrie.rstheme.com/html/assets/images/blog/blog-thumb-06.png]
[industrie.rstheme.com/html/assets/images/bg/brand-bg-01.png]
[industrie.rstheme.com/html/assets/images/shape/circle-shape.png]
[industrie.rstheme.com/html/assets/images/brand/brand-thumb-08.png]
[industrie.rstheme.com/html/assets/images/brand/brand-thumb-09.png]
[industrie.rstheme.com/html/assets/images/brand/brand-thumb-10.png]
[industrie.rstheme.com/html/assets/images/brand/brand-thumb-11.png]
[industrie.rstheme.com/html/assets/images/brand/brand-thumb-12.png]
[industrie.rstheme.com/html/assets/images/brand/brand-thumb-13.png]
[industrie.rstheme.com/html/assets/images/brand/brand-thumb-14.png]
[industrie.rstheme.com/html/assets/images/brand/brand-thumb-15.png]
[industrie.rstheme.com/html/assets/images/bg/footer-bg-02.png]
[industrie.rstheme.com/html/red-engineering.html]
[industrie.rstheme.com/html/assets/images/favicon-blue.png]
[industrie.rstheme.com/html/assets/images/logo/logo-blue.png]
[industrie.rstheme.com/html/assets/images/bg/banner-bg-04.png]
[industrie.rstheme.com/html/assets/images/icon/feature-icon-01.png]
[industrie.rstheme.com/html/assets/images/icon/feature-icon-02.png]
[industrie.rstheme.com/html/assets/images/icon/feature-icon-03.png]
[industrie.rstheme.com/html/assets/images/about/about-thumb-03.png]
[industrie.rstheme.com/html/assets/images/services/services-thumb-10.png]
[industrie.rstheme.com/html/assets/images/services/services-thumb-11.png]
[industrie.rstheme.com/html/assets/images/services/services-thumb-12.png]
[industrie.rstheme.com/html/assets/images/services/services-thumb-13.png]
[industrie.rstheme.com/html/assets/images/portfolio/portfolio-thumb-05.png]
[industrie.rstheme.com/html/assets/images/portfolio/portfolio-thumb-06.png]
[industrie.rstheme.com/html/assets/images/portfolio/portfolio-thumb-07.png]
[industrie.rstheme.com/html/assets/images/portfolio/portfolio-thumb-08.png]
[industrie.rstheme.com/html/assets/images/portfolio/portfolio-thumb-09.png]
[industrie.rstheme.com/html/assets/images/portfolio/portfolio-thumb-10.png]
[industrie.rstheme.com/html/assets/images/why-choose/why-choose-thumb-01.png]
[industrie.rstheme.com/html/assets/images/why-choose/why-choose-thumb-02.png]
[industrie.rstheme.com/html/assets/images/faq/faq-thumb-01.png]
[industrie.rstheme.com/html/assets/images/bg/testimonials-bg-01.png]
[industrie.rstheme.com/html/assets/images/brand/brand-thumb-16.png]
[industrie.rstheme.com/html/assets/images/brand/brand-thumb-17.png]
[industrie.rstheme.com/html/assets/images/brand/brand-thumb-18.png]
[industrie.rstheme.com/html/assets/images/brand/brand-thumb-19.png]
[industrie.rstheme.com/html/assets/images/brand/brand-thumb-20.png]
[industrie.rstheme.com/html/assets/images/blog/blog-thumb-07.png]
[industrie.rstheme.com/html/assets/images/blog/blog-thumb-08.png]
[industrie.rstheme.com/html/assets/images/blog/blog-thumb-09.png]
[industrie.rstheme.com/html/assets/images/logo/logo-white.png]
[industrie.rstheme.com/html/blue-construction.html]
[industrie.rstheme.com/html/assets/images/bg/banner-bg-05.png]
[industrie.rstheme.com/html/assets/images/bg/banner-bg-06.png]
[industrie.rstheme.com/html/assets/images/bg/features-bg-01.png]
[industrie.rstheme.com/html/assets/images/icon/feature-icon-04.png]
[industrie.rstheme.com/html/assets/images/icon/feature-icon-05.png]
[industrie.rstheme.com/html/assets/images/icon/feature-icon-06.png]
[industrie.rstheme.com/html/assets/images/about/about-thumb-04.png]
[industrie.rstheme.com/html/assets/images/about/about-thumb-05.png]
[industrie.rstheme.com/html/assets/images/bg/services-bg-02.png]
[industrie.rstheme.com/html/assets/images/services/services-thumb-14.png]
[industrie.rstheme.com/html/assets/images/services/services-thumb-15.png]
[industrie.rstheme.com/html/assets/images/services/services-thumb-16.png]
[industrie.rstheme.com/html/assets/images/bg/category-bg-01.png]
[industrie.rstheme.com/html/assets/images/progress/progress-thumb-02.png]
[industrie.rstheme.com/html/assets/images/progress/progress-bar-thumb-01.png]
[industrie.rstheme.com/html/assets/images/portfolio/portfolio-thumb-11.png]
[industrie.rstheme.com/html/assets/images/portfolio/portfolio-thumb-12.png]
[industrie.rstheme.com/html/assets/images/portfolio/portfolio-thumb-13.png]
[industrie.rstheme.com/html/assets/images/portfolio/portfolio-thumb-14.png]
[industrie.rstheme.com/html/assets/images/portfolio/portfolio-thumb-15.png]
[industrie.rstheme.com/html/assets/images/testimonial/testimonial-thumb-01.png]
[industrie.rstheme.com/html/assets/images/bg/testimonials-bg-02.png]
[industrie.rstheme.com/html/assets/images/bg/brand-bg-02.png]
[industrie.rstheme.com/html/assets/images/bg/cta-bg-02.png]
[industrie.rstheme.com/html/assets/images/cta/cta-thumb-01.png]
[industrie.rstheme.com/html/assets/images/bg/footer-bg-03.png]
[industrie.rstheme.com/html/metallurgy.html]
[industrie.rstheme.com/html/assets/images/bg/banner-bg-07.png]
[industrie.rstheme.com/html/assets/images/bg/banner-bg-08.png]
[industrie.rstheme.com/html/assets/images/bg/features-bg-02.png]
[industrie.rstheme.com/html/assets/images/icon/feature-icon-07.png]
[industrie.rstheme.com/html/assets/images/icon/feature-icon-08.png]
[industrie.rstheme.com/html/assets/images/icon/feature-icon-09.png]
[industrie.rstheme.com/html/assets/images/about/about-thumb-06.png]
[industrie.rstheme.com/html/assets/images/shape/star-shape.png]
[industrie.rstheme.com/html/assets/images/about/about-thumb-07.png]
[industrie.rstheme.com/html/assets/images/bg/services-bg-03.png]
[industrie.rstheme.com/html/assets/images/portfolio/portfolio-thumb-16.png]
[industrie.rstheme.com/html/assets/images/portfolio/portfolio-thumb-17.png]
[industrie.rstheme.com/html/assets/images/portfolio/portfolio-thumb-18.png]
[industrie.rstheme.com/html/assets/images/portfolio/portfolio-thumb-19.png]
[industrie.rstheme.com/html/assets/images/portfolio/portfolio-thumb-20.png]
[industrie.rstheme.com/html/assets/images/why-choose/why-choose-thumb-03.png]
[industrie.rstheme.com/html/assets/images/why-choose/why-choose-thumb-04.png]
[industrie.rstheme.com/html/assets/images/faq/faq-thumb-02.png]
[industrie.rstheme.com/html/assets/images/bg/contact-bg-04.png]
[industrie.rstheme.com/html/orange-construction.html]
[industrie.rstheme.com/html/assets/images/favicon-light-blue.png]
[industrie.rstheme.com/html/assets/images/logo/logo-light-blue.png]
[industrie.rstheme.com/html/assets/images/bg/banner-bg-09.png]
[industrie.rstheme.com/html/assets/images/shape/border-line.png]
[industrie.rstheme.com/html/assets/images/shape/arrow-shape.png]
[industrie.rstheme.com/html/assets/images/bg/banner-bg-10.png]
[industrie.rstheme.com/html/assets/images/shape/about-shape-01.png]
[industrie.rstheme.com/html/assets/images/shape/about-shape-02.png]
[industrie.rstheme.com/html/assets/images/about/about-thumb-08.png]
[industrie.rstheme.com/html/assets/images/shape/service-shape.png]
[industrie.rstheme.com/html/assets/images/services/services-thumb-17.png]
[industrie.rstheme.com/html/assets/images/services/services-thumb-18.png]
[industrie.rstheme.com/html/assets/images/services/services-thumb-19.png]
[industrie.rstheme.com/html/assets/images/services/services-thumb-20.png]
[industrie.rstheme.com/html/assets/images/bg/video-bg-02.png]
[industrie.rstheme.com/html/assets/images/portfolio/portfolio-thumb-21.png]
[industrie.rstheme.com/html/assets/images/portfolio/portfolio-thumb-22.png]
[industrie.rstheme.com/html/assets/images/portfolio/portfolio-thumb-23.png]
[industrie.rstheme.com/html/assets/images/portfolio/portfolio-thumb-24.png]
[industrie.rstheme.com/html/assets/images/portfolio/portfolio-thumb-25.png]
[industrie.rstheme.com/html/assets/images/brand/brand-thumb-21.png]
[industrie.rstheme.com/html/assets/images/brand/brand-thumb-22.png]
[industrie.rstheme.com/html/assets/images/brand/brand-thumb-23.png]
[industrie.rstheme.com/html/assets/images/brand/brand-thumb-24.png]
[industrie.rstheme.com/html/assets/images/brand/brand-thumb-25.png]
[industrie.rstheme.com/html/assets/images/brand/brand-thumb-26.png]
[industrie.rstheme.com/html/assets/images/brand/brand-thumb-27.png]
[industrie.rstheme.com/html/assets/images/brand/brand-thumb-28.png]
[industrie.rstheme.com/html/assets/images/team/team-thumb-04.png]
[industrie.rstheme.com/html/assets/images/blog/blog-thumb-11.png]
[industrie.rstheme.com/html/assets/images/blog/blog-thumb-12.png]
[industrie.rstheme.com/html/assets/images/blog/blog-thumb-13.png]
[industrie.rstheme.com/html/assets/images/bg/cta-bg-03.png]
[industrie.rstheme.com/html/assets/images/bg/footer-bg-04.png]
[industrie.rstheme.com/html/assets/images/bg/copy-right-bg-01.png]
[industrie.rstheme.com/html/laboratory.html]
[industrie.rstheme.com/html/assets/images/favicon-green.png]
[industrie.rstheme.com/html/assets/images/logo/logo-green.png]
[industrie.rstheme.com/html/assets/images/bg/banner-line-bg.png]
[industrie.rstheme.com/html/assets/images/bg/banner-bg-11.png]
[industrie.rstheme.com/html/assets/images/brand/brand-thumb-29.png]
[industrie.rstheme.com/html/assets/images/brand/brand-thumb-30.png]
[industrie.rstheme.com/html/assets/images/brand/brand-thumb-31.png]
[industrie.rstheme.com/html/assets/images/brand/brand-thumb-32.png]
[industrie.rstheme.com/html/assets/images/brand/brand-thumb-33.png]
[industrie.rstheme.com/html/assets/images/brand/brand-thumb-34.png]
[industrie.rstheme.com/html/assets/images/about/about-thumb-09.png]
[industrie.rstheme.com/html/assets/images/about/about-thumb-10.png]
[industrie.rstheme.com/html/assets/images/bg/services-bg-04.png]
[industrie.rstheme.com/html/assets/images/bg/cta-bg-04.png]
[industrie.rstheme.com/html/assets/images/bg/video-bg-03.png]
[industrie.rstheme.com/html/assets/images/why-choose/why-choose-thumb-05.png]
[industrie.rstheme.com/html/assets/images/why-choose/why-choose-thumb-06.png]
[industrie.rstheme.com/html/assets/images/bg/pricing-bg-01.png]
[industrie.rstheme.com/html/assets/images/shape/price-patter-shape.png]
[industrie.rstheme.com/html/assets/images/shape/price-patter-shape-02.png]
[industrie.rstheme.com/html/assets/images/bg/faq-bg-02.png]
[industrie.rstheme.com/html/assets/images/shape/faq-shape.png]
[industrie.rstheme.com/html/assets/images/bg/contact-bg-05.png]
[industrie.rstheme.com/html/assets/images/blog/blog-thumb-14.png]
[industrie.rstheme.com/html/assets/images/blog/blog-thumb-15.png]
[industrie.rstheme.com/html/assets/images/award/award-01.png]
[industrie.rstheme.com/html/assets/images/award/award-02.png]
[industrie.rstheme.com/html/assets/images/award/award-03.png]
[industrie.rstheme.com/html/assets/images/award/award-04.png]
[industrie.rstheme.com/html/assets/images/bg/cta-bg-05.png]
[industrie.rstheme.com/html/assets/images/cta/cta-thumb-02.png]
[industrie.rstheme.com/html/assets/images/bg/footer-bg-05.png]
[industrie.rstheme.com/html/renewable-energy.html]
[industrie.rstheme.com/html/assets/images/favicon-yellow.png]
[industrie.rstheme.com/html/assets/images/logo/logo-yellow.png]
[industrie.rstheme.com/html/assets/images/bg/banner-bg-12.png]
[industrie.rstheme.com/html/assets/images/bg/banner-bg-13.png]
[industrie.rstheme.com/html/assets/images/shape/about-shape-03.png]
[industrie.rstheme.com/html/assets/images/shape/about-shape-04.png]
[industrie.rstheme.com/html/assets/images/about/about-thumb-11.png]
[industrie.rstheme.com/html/assets/images/about/about-thumb-12.png]
[industrie.rstheme.com/html/assets/images/bg/services-bg-05.png]
[industrie.rstheme.com/html/assets/images/services/services-thumb-21.png]
[industrie.rstheme.com/html/assets/images/services/services-thumb-22.png]
[industrie.rstheme.com/html/assets/images/services/services-thumb-23.png]
[industrie.rstheme.com/html/assets/images/bg/video-bg-04.png]
[industrie.rstheme.com/html/assets/images/bg/progress-bg-1.png]
[industrie.rstheme.com/html/assets/images/shape/goal-shape.png]
[industrie.rstheme.com/html/assets/images/progress/progress-bar-thumb-03.png]
[industrie.rstheme.com/html/assets/images/brand/brand-thumb-35.png]
[industrie.rstheme.com/html/assets/images/brand/brand-thumb-36.png]
[industrie.rstheme.com/html/assets/images/brand/brand-thumb-37.png]
[industrie.rstheme.com/html/assets/images/brand/brand-thumb-38.png]
[industrie.rstheme.com/html/assets/images/brand/brand-thumb-39.png]
[industrie.rstheme.com/html/assets/images/bg/portfolio-bg.png]
[industrie.rstheme.com/html/assets/images/portfolio/portfolio-thumb-26.png]
[industrie.rstheme.com/html/assets/images/portfolio/portfolio-thumb-27.png]
[industrie.rstheme.com/html/assets/images/bg/testimonials-bg-03.png]
[industrie.rstheme.com/html/assets/images/brand/brand-thumb-40.png]
[industrie.rstheme.com/html/assets/images/logo/logo-yellow-white.png]
[industrie.rstheme.com/html/oil-gas.html]
[industrie.rstheme.com/html/assets/images/bg/banner-bg-14.png]
[industrie.rstheme.com/html/assets/images/bg/banner-bg-15.png]
[industrie.rstheme.com/html/assets/images/shape/phone-shape.png]
[industrie.rstheme.com/html/assets/images/shape/quote-arrow.png]
[industrie.rstheme.com/html/assets/images/about/about-thumb-14.png]
[industrie.rstheme.com/html/assets/images/about/about-thumb-15.png]
[industrie.rstheme.com/html/assets/images/bg/video-bg-08.png]
[industrie.rstheme.com/html/assets/images/bg/work-process-03.png]
[industrie.rstheme.com/html/assets/images/bg/faq-bg-03.png]
[industrie.rstheme.com/html/factory.html]
[industrie.rstheme.com/html/assets/images/bg/banner-bg-16.png]
[industrie.rstheme.com/html/assets/images/bg/banner-bg-17.png]
[industrie.rstheme.com/html/assets/images/shape/robo-arm-03.png]
[industrie.rstheme.com/html/assets/images/shape/dott-shape.png]
[industrie.rstheme.com/html/assets/images/about/about-thumb-13.png]
[industrie.rstheme.com/html/assets/images/services/services-thumb-24.png]
[industrie.rstheme.com/html/assets/images/services/services-thumb-25.png]
[industrie.rstheme.com/html/assets/images/services/services-thumb-26.png]
[industrie.rstheme.com/html/assets/images/bg/why-choose-bg.png]
[industrie.rstheme.com/html/assets/images/bg/video-bg-05.png]
[industrie.rstheme.com/html/assets/images/shape/robo-arm-01.png]
[industrie.rstheme.com/html/assets/images/shape/gear-shape-01.png]
[industrie.rstheme.com/html/assets/images/shape/gear-shape-02.png]
[industrie.rstheme.com/html/assets/images/portfolio/portfolio-thumb-29.png]
[industrie.rstheme.com/html/assets/images/portfolio/portfolio-thumb-30.png]
[industrie.rstheme.com/html/assets/images/portfolio/portfolio-thumb-31.png]
[industrie.rstheme.com/html/assets/images/portfolio/portfolio-thumb-28.png]
[industrie.rstheme.com/html/assets/images/shape/robot-shape-01.png]
[industrie.rstheme.com/html/assets/images/team/team-thumb-05.png]
[industrie.rstheme.com/html/assets/images/team/team-thumb-06.png]
[industrie.rstheme.com/html/assets/images/team/team-thumb-07.png]
[industrie.rstheme.com/html/assets/images/team/team-thumb-08.png]
[industrie.rstheme.com/html/assets/images/shape/robo-arm-02.png]
[industrie.rstheme.com/html/assets/images/bg/contact-bg-06.png]
[industrie.rstheme.com/html/assets/images/shape/work-process-shape-gray.svg]
[industrie.rstheme.com/html/assets/images/shape/work-process-shape-orange.svg]
[industrie.rstheme.com/html/assets/images/bg/contact-bg-07.png]
[industrie.rstheme.com/html/assets/images/bg/blog-bg-01.png]
[industrie.rstheme.com/html/assets/images/blog/blog-thumb-16.png]
[industrie.rstheme.com/html/assets/images/blog/blog-thumb-17.png]
[industrie.rstheme.com/html/assets/images/blog/blog-thumb-18.png]
[industrie.rstheme.com/html/assets/images/bg/cta-bg-06.png]
[industrie.rstheme.com/html/assets/images/cta/cta-thumb-03.png]
[industrie.rstheme.com/html/assets/images/bg/footer-bg-06.png]
[industrie.rstheme.com/html/robotic.html]
[industrie.rstheme.com/html/assets/images/favicon-deep-blue.png]
[industrie.rstheme.com/html/assets/images/logo/logo-deep-blue.png]
[industrie.rstheme.com/html/assets/images/bg/banner-bg-18.png]
[industrie.rstheme.com/html/assets/images/bg/banner-bg-19.png]
[industrie.rstheme.com/html/assets/images/bg/award-bg-01.png]
[industrie.rstheme.com/html/assets/images/icon/award-icon-01.png]
[industrie.rstheme.com/html/assets/images/bg/contact-bg-08.png]
[industrie.rstheme.com/html/assets/images/icon/contact-icon-01.png]
[industrie.rstheme.com/html/assets/images/icon/contact-icon-02.png]
[industrie.rstheme.com/html/assets/images/icon/contact-icon-03.png]
[industrie.rstheme.com/html/assets/images/icon/feature-icon-10.png]
[industrie.rstheme.com/html/assets/images/icon/feature-icon-11.png]
[industrie.rstheme.com/html/assets/images/icon/feature-icon-12.png]
[industrie.rstheme.com/html/assets/images/shape/about-shape-05.png]
[industrie.rstheme.com/html/assets/images/services/services-thumb-27.png]
[industrie.rstheme.com/html/assets/images/services/services-thumb-28.png]
[industrie.rstheme.com/html/assets/images/services/services-thumb-29.png]
[industrie.rstheme.com/html/assets/images/services/services-thumb-30.png]
[industrie.rstheme.com/html/assets/images/bg/why-choose-bg-02.png]
[industrie.rstheme.com/html/assets/images/portfolio/portfolio-thumb-32.png]
[industrie.rstheme.com/html/assets/images/portfolio/portfolio-thumb-33.png]
[industrie.rstheme.com/html/assets/images/portfolio/portfolio-thumb-34.png]
[industrie.rstheme.com/html/assets/images/bg/testimonials-bg-04.png]
[industrie.rstheme.com/html/assets/images/blog/blog-thumb-19.png]
[industrie.rstheme.com/html/assets/images/blog/blog-thumb-20.png]
[industrie.rstheme.com/html/assets/images/blog/blog-thumb-21.png]
[industrie.rstheme.com/html/assets/images/bg/brand-bg-03.png]
[industrie.rstheme.com/html/assets/images/brand/brand-thumb-41.png]
[industrie.rstheme.com/html/assets/images/brand/brand-thumb-42.png]
[industrie.rstheme.com/html/assets/images/brand/brand-thumb-43.png]
[industrie.rstheme.com/html/assets/images/brand/brand-thumb-44.png]
[industrie.rstheme.com/html/assets/images/brand/brand-thumb-45.png]
[industrie.rstheme.com/html/assets/images/brand/brand-thumb-46.png]
[industrie.rstheme.com/html/assets/images/bg/cta-bg-07.png]
[industrie.rstheme.com/html/assets/images/bg/footer-bg-07.png]
[industrie.rstheme.com/html/assets/images/logo/logo-deep-blue-white.png]
[industrie.rstheme.com/html/architecture.html]
[industrie.rstheme.com/html/assets/images/bg/banner-bg-20.png]
[industrie.rstheme.com/html/assets/images/bg/banner-bg-21.png]
[industrie.rstheme.com/html/assets/images/shape/circle-shape-two.png]
[industrie.rstheme.com/html/assets/images/shape/line-shape.png]
[industrie.rstheme.com/html/assets/images/about/about-thumb-16.png]
[industrie.rstheme.com/html/assets/images/about/about-thumb-17.png]
[industrie.rstheme.com/html/assets/images/portfolio/portfolio-thumb-36.png]
[industrie.rstheme.com/html/assets/images/portfolio/portfolio-thumb-37.png]
[industrie.rstheme.com/html/assets/images/portfolio/portfolio-thumb-38.png]
[industrie.rstheme.com/html/assets/images/portfolio/portfolio-thumb-39.png]
[industrie.rstheme.com/html/assets/images/portfolio/portfolio-thumb-40.png]
[industrie.rstheme.com/html/assets/images/bg/contact-bg-09.png]
[industrie.rstheme.com/html/assets/images/shape/circle-shape-three.png]
[industrie.rstheme.com/html/assets/images/bg/testimonials-bg-05.png]
[industrie.rstheme.com/html/assets/images/bg/footer-bg-08.png]
[industrie.rstheme.com/html/assets/images/logo/logo-green-white.png]
[industrie.rstheme.com/html/assets/images/bg/copy-right-bg-02.png]
[industrie.rstheme.com/html/manufacturing.html]
[industrie.rstheme.com/html/industrie-one-page.html]
[industrie.rstheme.com/html/red-engineering-one-page.html]
[industrie.rstheme.com/html/blue-construction-one-page.html]
[industrie.rstheme.com/html/metallurgy-one-page.html]
[industrie.rstheme.com/html/orange-construction-one-page.html]
[industrie.rstheme.com/html/laboratory-one-page.html]
[industrie.rstheme.com/html/renewable-energy-one-page.html]
[industrie.rstheme.com/html/oil-gas-one-page.html]
[industrie.rstheme.com/html/factory-one-page.html]
[industrie.rstheme.com/html/robotic-one-page.html]
[industrie.rstheme.com/html/architecture-one-page.html]
[industrie.rstheme.com/html/manufacturing-one-page.html]
[industrie.rstheme.com/html/assets/images/bg/breadcrumb-bg-01.png]
[industrie.rstheme.com/html/assets/images/shape/about-shape-06.png]
[industrie.rstheme.com/html/assets/images/about/about-thumb-18.png]
[industrie.rstheme.com/html/assets/images/shape/about-shape-07.png]
[industrie.rstheme.com/html/assets/images/about/about-thumb-19.png]
[industrie.rstheme.com/html/assets/images/bg/tab-bg-01.png]
[industrie.rstheme.com/html/assets/images/history/history-thumb-01.png]
[industrie.rstheme.com/html/assets/images/history/history-thumb-02.png]
[industrie.rstheme.com/html/assets/images/history/history-thumb-03.png]
[industrie.rstheme.com/html/assets/images/history/history-thumb-04.png]
[industrie.rstheme.com/html/assets/images/history/history-thumb-05.png]
[industrie.rstheme.com/html/assets/images/bg/counter-bg-01.png]
[industrie.rstheme.com/html/assets/images/progress/progress-bar-thumb-02.png]
[industrie.rstheme.com/html/assets/images/testimonial/testimonial-thumb-02.png]
[industrie.rstheme.com/html/assets/images/bg/testimonials-bg-06.png]
[industrie.rstheme.com/html/assets/images/shape/brand-shape.png]
[industrie.rstheme.com/html/about.html]
[industrie.rstheme.com/html/assets/images/about/about-thumb-20.png]
[industrie.rstheme.com/html/assets/images/about/about-thumb-21.png]
[industrie.rstheme.com/html/assets/images/bg/testimonials-bg-07.png]
[industrie.rstheme.com/html/about-two.html]
[industrie.rstheme.com/html/assets/images/services/services-thumb-31.png]
[industrie.rstheme.com/html/assets/images/services/services-thumb-32.png]
[industrie.rstheme.com/html/assets/images/services/services-thumb-33.png]
[industrie.rstheme.com/html/assets/images/bg/category-bg-02.png]
[industrie.rstheme.com/html/assets/images/bg/work-process-02.png]
[industrie.rstheme.com/html/assets/images/shape/pricing-shape.png]
[industrie.rstheme.com/html/assets/images/bg/pricing-bg-02.png]
[industrie.rstheme.com/html/assets/images/bg/brand-bg-04.png]
[industrie.rstheme.com/html/services.html]
[industrie.rstheme.com/html/assets/images/services/details/services-details-01.png]
[industrie.rstheme.com/html/assets/images/bg/video-bg-06.png]
[industrie.rstheme.com/html/assets/images/bg/cta-bg-08.png]
[industrie.rstheme.com/html/assets/images/services/details/services-details-02.png]
[industrie.rstheme.com/html/assets/images/bg/cta-bg-09.png]
[industrie.rstheme.com/html/assets/images/icon/docs.svg]
[industrie.rstheme.com/html/assets/images/icon/download-01.svg]
[industrie.rstheme.com/html/assets/images/icon/pdf.svg]
[industrie.rstheme.com/html/services-details.html]
[industrie.rstheme.com/html/assets/images/icon/download-02.svg]
[industrie.rstheme.com/html/assets/images/team/team-thumb-09.png]
[industrie.rstheme.com/html/assets/images/team/team-thumb-10.png]
[industrie.rstheme.com/html/team.html]
[industrie.rstheme.com/html/assets/images/team/details/team-details-thumb-01.png]
[industrie.rstheme.com/html/assets/images/icon/feature-icon-13.png]
[industrie.rstheme.com/html/assets/images/icon/feature-icon-14.png]
[industrie.rstheme.com/html/assets/images/icon/feature-icon-15.png]
[industrie.rstheme.com/html/assets/images/icon/feature-icon-16.png]
[industrie.rstheme.com/html/team-details.html]
[industrie.rstheme.com/html/assets/images/portfolio/portfolio-thumb-41.png]
[industrie.rstheme.com/html/assets/images/portfolio/portfolio-thumb-42.png]
[industrie.rstheme.com/html/assets/images/portfolio/portfolio-thumb-43.png]
[industrie.rstheme.com/html/assets/images/portfolio/portfolio-thumb-44.png]
[industrie.rstheme.com/html/assets/images/portfolio/portfolio-thumb-45.png]
[industrie.rstheme.com/html/assets/images/portfolio/portfolio-thumb-46.png]
[industrie.rstheme.com/html/assets/images/portfolio/portfolio-thumb-47.png]
[industrie.rstheme.com/html/assets/images/portfolio/portfolio-thumb-48.png]
[industrie.rstheme.com/html/portfolio.html]
[industrie.rstheme.com/html/assets/images/portfolio/details/portfolio-details-thumb-01.png]
[industrie.rstheme.com/html/assets/images/shape/blockquote.png]
[industrie.rstheme.com/html/assets/images/portfolio/details/portfolio-details-thumb-02.png]
[industrie.rstheme.com/html/assets/images/portfolio/details/portfolio-details-thumb-03.png]
[industrie.rstheme.com/html/portfolio-details.html]
[industrie.rstheme.com/html/pricing.html]
[industrie.rstheme.com/html/shop-details]
[industrie.rstheme.com/html/assets/images/shop/shop-thumb-01.png]
[industrie.rstheme.com/html/assets/images/shop/shop-thumb-02.png]
[industrie.rstheme.com/html/assets/images/shop/shop-thumb-03.png]
[industrie.rstheme.com/html/assets/images/shop/shop-thumb-04.png]
[industrie.rstheme.com/html/assets/images/shop/shop-thumb-05.png]
[industrie.rstheme.com/html/assets/images/shop/shop-thumb-06.png]
[industrie.rstheme.com/html/assets/images/shop/shop-thumb-07.png]
[industrie.rstheme.com/html/assets/images/shop/shop-thumb-08.png]
[industrie.rstheme.com/html/assets/images/shop/shop-thumb-09.png]
[industrie.rstheme.com/html/shop.html]
[industrie.rstheme.com/html/assets/images/shop/details/shop-details-01.png]
[industrie.rstheme.com/html/assets/images/shop/details/shop-details-02.png]
[industrie.rstheme.com/html/assets/images/shop/details/shop-details-03.png]
[industrie.rstheme.com/html/assets/images/shop/details/shop-details-04.png]
[industrie.rstheme.com/html/assets/images/shop/details/shop-details-05.png]
[industrie.rstheme.com/html/assets/images/shop/details/shop-details-06.png]
[industrie.rstheme.com/html/shop-details.html]
[industrie.rstheme.com/html/checkout.html]
[industrie.rstheme.com/html/product-details.html]
[industrie.rstheme.com/html/cart.html]
[industrie.rstheme.com/html/faq.html]
[industrie.rstheme.com/html/assets/images/contact/contact-thumb-01.png]
[industrie.rstheme.com/html/appointment.html]
[industrie.rstheme.com/html/elements-features.html]
[industrie.rstheme.com/html/elements-advance-tab.html]
[industrie.rstheme.com/html/elements-work-process.html]
[industrie.rstheme.com/html/elements-counter.html]
[industrie.rstheme.com/html/assets/images/icon/robot-icon-01.svg]
[industrie.rstheme.com/html/assets/images/icon/maintenance-icon-01.svg]
[industrie.rstheme.com/html/elements-gsap.html]
[industrie.rstheme.com/html/elements-services.html]
[industrie.rstheme.com/html/elements-team.html]
[industrie.rstheme.com/html/elements-pricing.html]
[industrie.rstheme.com/html/elements-portfolio.html]
[industrie.rstheme.com/html/elements-services-tab.html]
[industrie.rstheme.com/html/elements-testimonial.html]
[industrie.rstheme.com/html/elements-brand.html]
[industrie.rstheme.com/html/elements-blog.html]
[industrie.rstheme.com/html/assets/images/icon/maintenance-icon-02.svg]
[industrie.rstheme.com/html/assets/images/blog/post/blog-post-01.png]
[industrie.rstheme.com/html/assets/images/blog/post/blog-post-02.png]
[industrie.rstheme.com/html/assets/images/blog/post/blog-post-03.png]
[industrie.rstheme.com/html/assets/images/blog/post/blog-post-04.png]
[industrie.rstheme.com/html/assets/images/blog/sidebar/blog-sm-01.png]
[industrie.rstheme.com/html/assets/images/blog/sidebar/blog-sm-02.png]
[industrie.rstheme.com/html/assets/images/blog/sidebar/blog-sm-03.png]
[industrie.rstheme.com/html/blog.html]
[industrie.rstheme.com/html/assets/images/blog/details/blog-details-01.png]
[industrie.rstheme.com/html/assets/images/blog/details/blog-details-02.png]
[industrie.rstheme.com/html/assets/images/blog/details/blog-details-03.png]
[industrie.rstheme.com/html/assets/images/bg/video-bg-07.png]
[industrie.rstheme.com/html/blog-details.html]
[industrie.rstheme.com/html/assets/images/bg/contact-bg-10.png]
[industrie.rstheme.com/html/assets/images/bg/contact-bg-11.png]
[industrie.rstheme.com/html/assets/images/contact/contact-thumb-02.png]
[industrie.rstheme.com/html/assets/images/contact/contact-thumb-03.png]
[industrie.rstheme.com/html/assets/images/contact/contact-thumb-04.png]
[industrie.rstheme.com/html/contact.html]
[industrie.rstheme.com/html/contact-two.html]
[industrie.rstheme.com/html/assets/fonts/remixicon0c93.svg]
[industrie.rstheme.com/html/assets/css/images/ui-icons_444444_256x240.html]
[industrie.rstheme.com/html/assets/css/images/ui-icons_555555_256x240.html]
[industrie.rstheme.com/html/assets/css/images/ui-icons_ffffff_256x240.html]
[industrie.rstheme.com/html/assets/css/images/ui-icons_777620_256x240.html]
[industrie.rstheme.com/html/assets/css/images/ui-icons_cc0000_256x240.html]
[industrie.rstheme.com/html/assets/css/images/ui-icons_777777_256x240.html]
[industrie.rstheme.com/html/assets/images/shape/work-process-shape-gray.svg]
[industrie.rstheme.com/html/assets/images/shape/work-process-shape-orange.svg]
[industrie.rstheme.com/html/assets/images/icon/docs.svg]
[industrie.rstheme.com/html/assets/images/icon/download-01.svg]
[industrie.rstheme.com/html/assets/images/icon/pdf.svg]
[industrie.rstheme.com/html/assets/images/icon/download-02.svg]
[industrie.rstheme.com/html/shop-details-2.html]
[industrie.rstheme.com/html/product-details.html]
[industrie.rstheme.com/html/assets/images/icon/robot-icon-01.svg]
[industrie.rstheme.com/html/assets/images/icon/maintenance-icon-01.svg]
[industrie.rstheme.com/html/assets/images/icon/maintenance-icon-02.svg]
[industrie.rstheme.com/html/assets/images/contact/contact-thumb-05.png]
