[atulcabservice.com/index.html]
[backblue.gif]
[fade.gif]
[index.html]
[atulcabservice.com/wp-content/themes/astra/assets/css/minified/main.min1dc6.css]
[atulcabservice.com/feed/index.html]
[atulcabservice.com/comments/feed/index.html]
[atulcabservice.com/wp-content/plugins/elementor/assets/lib/swiper/v8/css/swiper.min94a4.css]
[atulcabservice.com/wp-content/plugins/elementor/assets/css/conditionals/e-swiper.min3dd9.css]
[atulcabservice.com/wp-content/plugins/elementor/assets/css/frontend.min3dd9.css]
[atulcabservice.com/wp-content/plugins/elementor-pro/assets/css/widget-slides.min3830.css]
[atulcabservice.com/wp-content/plugins/elementor/assets/css/widget-heading.min3dd9.css]
[atulcabservice.com/wp-content/plugins/elementor-pro/assets/css/widget-nav-menu.min3830.css]
[atulcabservice.com/wp-content/plugins/elementor/assets/css/widget-spacer.min3dd9.css]
[atulcabservice.com/wp-content/plugins/elementor/assets/css/widget-divider.min3dd9.css]
[atulcabservice.com/wp-content/plugins/elementor/assets/css/widget-text-editor.min3dd9.css]
[atulcabservice.com/wp-content/plugins/elementor/assets/css/widget-social-icons.min3dd9.css]
[atulcabservice.com/wp-content/plugins/elementor/assets/css/conditionals/apple-webkit.min3dd9.css]
[atulcabservice.com/wp-content/plugins/elementor/assets/css/widget-icon-box.min3dd9.css]
[atulcabservice.com/wp-content/plugins/elementor-pro/assets/css/widget-form.min3830.css]
[atulcabservice.com/wp-content/plugins/elementor-pro/assets/css/conditionals/popup.min3830.css]
[atulcabservice.com/wp-content/uploads/elementor/css/post-112995c4.css]
[atulcabservice.com/wp-content/plugins/elementor/assets/lib/font-awesome/css/all.min3dd9.css]
[atulcabservice.com/wp-content/plugins/elementor/assets/lib/font-awesome/css/v4-shims.min3dd9.css]
[atulcabservice.com/wp-content/plugins/elementor-pro/assets/css/widget-animated-headline.min3830.css]
[atulcabservice.com/wp-content/plugins/elementor/assets/css/widget-image-box.min3dd9.css]
[atulcabservice.com/wp-content/plugins/elementor/assets/css/widget-icon-list.min3dd9.css]
[atulcabservice.com/wp-content/plugins/elementor-pro/assets/css/widget-testimonial-carousel.min3830.css]
[atulcabservice.com/wp-content/plugins/elementor-pro/assets/css/widget-carousel-module-base.min3830.css]
[atulcabservice.com/wp-content/uploads/elementor/css/post-3555fe6.css]
[atulcabservice.com/wp-content/uploads/elementor/css/post-234995c4.css]
[atulcabservice.com/wp-content/uploads/elementor/css/post-275595c4.css]
[atulcabservice.com/wp-content/uploads/elementor/css/post-26682217.css]
[atulcabservice.com/wp-includes/js/jquery/jquery.minf43b.js]
[atulcabservice.com/wp-includes/js/jquery/jquery-migrate.min5589.js]
[atulcabservice.com/wp-content/plugins/elementor/assets/lib/font-awesome/js/v4-shims.min3dd9.js]
[atulcabservice.com/wp-json/index.html]
[atulcabservice.com/wp-json/wp/v2/pages/355.json]
[atulcabservice.com/xmlrpc0db0.php]
[atulcabservice.com/wp-json/oembed/1.0/embed2e7b.json]
[atulcabservice.com/wp-json/oembed/1.0/embedc4b0]
[pagead2.googlesyndication.com/pagead/js/fb0e0.txt]
[atulcabservice.com/wp-content/uploads/2024/02/cropped-logo-32x32.png]
[atulcabservice.com/wp-content/uploads/2024/02/cropped-logo-192x192.png]
[atulcabservice.com/wp-content/uploads/2024/02/cropped-logo-180x180.png]
[atulcabservice.com/wp-content/uploads/2024/02/logo-65x65.png]
[atulcabservice.com/wp-content/uploads/2024/02/Dizar-.png]
[atulcabservice.com/wp-content/uploads/2024/02/ERTIGA-MARUTI-.png]
[atulcabservice.com/wp-content/uploads/2024/02/INNOVA-CRYSTA.png]
[atulcabservice.com/wp-content/uploads/2024/02/HATCHBACK.png]
[atulcabservice.com/wp-content/uploads/2024/02/11111.jpg]
[atulcabservice.com/wp-content/uploads/2024/02/Tour-Package.jpg]
[atulcabservice.com/wp-content/uploads/2024/02/Corporate-Travel.jpg]
[atulcabservice.com/wp-content/uploads/2024/02/airport.jpg]
[atulcabservice.com/wp-content/uploads/2024/02/Fast-Booking.png]
[atulcabservice.com/wp-content/uploads/2024/02/Easy-to-Use.png]
[atulcabservice.com/wp-content/uploads/2024/02/24-7-Availability.png]
[atulcabservice.com/wp-content/uploads/2024/02/center-car.png]
[atulcabservice.com/wp-content/uploads/2024/02/GPS-Searching.png]
[atulcabservice.com/wp-content/uploads/2024/02/Transparent-Pricing.png]
[atulcabservice.com/wp-content/uploads/2024/02/Secure-and-Safe.png]
[atulcabservice.com/wp-content/uploads/2024/02/Delhi.jpg]
[atulcabservice.com/wp-content/uploads/2024/02/Agra.jpg]
[atulcabservice.com/wp-content/uploads/2024/02/Jaipur.jpg]
[atulcabservice.com/wp-content/uploads/2024/02/puna-.jpg]
[atulcabservice.com/wp-content/uploads/2024/02/Mumbai-.jpg]
[atulcabservice.com/wp-content/uploads/2024/02/Lucknow.jpg]
[atulcabservice.com/wp-content/uploads/2024/02/Chandigarh.jpg]
[atulcabservice.com/wp-content/uploads/2024/02/Chennai.jpg]
[atulcabservice.com/wp-content/uploads/2024/02/Dehradun.jpg]
[atulcabservice.com/wp-content/uploads/2024/03/Rajesh-Kumar.jpg]
[atulcabservice.com/wp-content/uploads/2024/03/Rohan-Gupta-.jpg]
[atulcabservice.com/wp-content/uploads/2024/03/Neha-Sharma.jpg]
[atulcabservice.com/wp-content/uploads/2024/03/Manoj-Kumar.jpg]
[atulcabservice.com/wp-content/uploads/2024/03/Ananya-Panday.jpg]
[atulcabservice.com/wp-content/uploads/2024/03/Priya-Singh.jpg]
[atulcabservice.com/wp-content/plugins/elementor/assets/lib/flatpickr/flatpickr.min4e7f.css]
[atulcabservice.com/wp-content/themes/astra/assets/js/minified/frontend.min1dc6.js]
[atulcabservice.com/wp-includes/js/dist/dom-ready.min5346.js]
[atulcabservice.com/wp-content/plugins/astra-sites/inc/lib/onboarding/assets/dist/template-preview/maina11c.js]
[atulcabservice.com/wp-includes/js/imagesloaded.minbb93.js]
[atulcabservice.com/wp-content/plugins/elementor/assets/lib/swiper/v8/swiper.min94a4.js]
[atulcabservice.com/wp-content/plugins/elementor-pro/assets/lib/smartmenus/jquery.smartmenus.min1576.js]
[atulcabservice.com/wp-content/plugins/google-site-kit/dist/assets/js/googlesitekit-events-provider-wpforms-b35450445f9cb0eeb855.js]
[atulcabservice.com/wp-content/plugins/elementor/assets/lib/flatpickr/flatpickr.min4e7f.js]
[www.google.com/recaptcha/apib061.js]
[atulcabservice.com/wp-content/plugins/elementor-pro/assets/js/webpack-pro.runtime.min3830.js]
[atulcabservice.com/wp-content/plugins/elementor/assets/js/webpack.runtime.min3dd9.js]
[atulcabservice.com/wp-content/plugins/elementor/assets/js/frontend-modules.min3dd9.js]
[atulcabservice.com/wp-includes/js/dist/hooks.min4fdd.js]
[atulcabservice.com/wp-includes/js/dist/i18n.minc33c.js]
[atulcabservice.com/wp-content/plugins/elementor-pro/assets/js/frontend.min3830.js]
[atulcabservice.com/wp-includes/js/jquery/ui/core.minb37e.js]
[atulcabservice.com/wp-content/plugins/elementor/assets/js/frontend.min3dd9.js]
[atulcabservice.com/wp-content/plugins/elementor-pro/assets/js/elements-handlers.min3830.js]
[atulcabservice.com/wp-includes/js/underscore.min3ab8.js]
[atulcabservice.com/wp-includes/js/wp-util.mind1c0.js]
[atulcabservice.com/wp-content/plugins/wpforms-lite/assets/js/integrations/elementor/frontend.min5068.js]
[atulcabservice.com/index.html]
[atulcabservice.com/wp-content/themes/astra/assets/css/minified/main.min1dc6.css]
[elbroz.in/cabs/wp-content/uploads/2024/02/cab.html]
[atulcabservice.com/wp-content/plugins/elementor/assets/lib/swiper/v8/css/swiper.min94a4.css]
[atulcabservice.com/wp-content/plugins/elementor/assets/css/conditionals/e-swiper.min3dd9.css]
[atulcabservice.com/wp-content/plugins/elementor/assets/css/frontend.min3dd9.css]
[atulcabservice.com/wp-content/plugins/elementor-pro/assets/css/widget-slides.min3830.css]
[atulcabservice.com/wp-content/plugins/elementor/assets/css/widget-image.min3dd9.css]
[atulcabservice.com/wp-content/plugins/elementor/assets/css/widget-heading.min3dd9.css]
[atulcabservice.com/wp-content/plugins/elementor-pro/assets/css/widget-nav-menu.min3830.css]
[atulcabservice.com/wp-content/plugins/elementor/assets/lib/animations/styles/e-animation-shrink.min3dd9.css]
[atulcabservice.com/wp-content/plugins/elementor/assets/css/widget-spacer.min3dd9.css]
[atulcabservice.com/wp-content/plugins/elementor/assets/css/widget-divider.min3dd9.css]
[atulcabservice.com/wp-content/plugins/elementor/assets/css/widget-text-editor.min3dd9.css]
[atulcabservice.com/wp-content/plugins/elementor/assets/css/widget-social-icons.min3dd9.css]
[atulcabservice.com/wp-content/plugins/elementor/assets/css/conditionals/apple-webkit.min3dd9.css]
[atulcabservice.com/wp-content/plugins/elementor/assets/css/widget-icon-box.min3dd9.css]
[atulcabservice.com/wp-content/plugins/elementor-pro/assets/css/widget-form.min3830.css]
[atulcabservice.com/wp-content/plugins/elementor/assets/lib/animations/styles/e-animation-grow.min3dd9.css]
[atulcabservice.com/wp-content/plugins/elementor-pro/assets/css/conditionals/popup.min3830.css]
[atulcabservice.com/wp-content/uploads/elementor/css/post-112995c4.css]
[atulcabservice.com/wp-content/plugins/elementor/assets/lib/font-awesome/webfonts/fa-brands-400.eot]
[atulcabservice.com/wp-content/plugins/elementor/assets/lib/font-awesome/webfonts/fa-brands-400d41d.eot]
[atulcabservice.com/wp-content/plugins/elementor/assets/lib/font-awesome/webfonts/fa-brands-400.woff2]
[atulcabservice.com/wp-content/plugins/elementor/assets/lib/font-awesome/webfonts/fa-brands-400.woff]
[atulcabservice.com/wp-content/plugins/elementor/assets/lib/font-awesome/webfonts/fa-brands-400.ttf]
[atulcabservice.com/wp-content/plugins/elementor/assets/lib/font-awesome/webfonts/fa-brands-400.svg]
[atulcabservice.com/wp-content/plugins/elementor/assets/lib/font-awesome/webfonts/fa-regular-400.eot]
[atulcabservice.com/wp-content/plugins/elementor/assets/lib/font-awesome/webfonts/fa-regular-400d41d.eot]
[atulcabservice.com/wp-content/plugins/elementor/assets/lib/font-awesome/webfonts/fa-regular-400.woff2]
[atulcabservice.com/wp-content/plugins/elementor/assets/lib/font-awesome/webfonts/fa-regular-400.woff]
[atulcabservice.com/wp-content/plugins/elementor/assets/lib/font-awesome/webfonts/fa-regular-400.ttf]
[atulcabservice.com/wp-content/plugins/elementor/assets/lib/font-awesome/webfonts/fa-regular-400.svg]
[atulcabservice.com/wp-content/plugins/elementor/assets/lib/font-awesome/webfonts/fa-solid-900.eot]
[atulcabservice.com/wp-content/plugins/elementor/assets/lib/font-awesome/webfonts/fa-solid-900d41d.eot]
[atulcabservice.com/wp-content/plugins/elementor/assets/lib/font-awesome/webfonts/fa-solid-900.woff2]
[atulcabservice.com/wp-content/plugins/elementor/assets/lib/font-awesome/webfonts/fa-solid-900.woff]
[atulcabservice.com/wp-content/plugins/elementor/assets/lib/font-awesome/webfonts/fa-solid-900.ttf]
[atulcabservice.com/wp-content/plugins/elementor/assets/lib/font-awesome/css/all.min3dd9.css]
[atulcabservice.com/wp-content/plugins/elementor/assets/lib/font-awesome/css/v4-shims.min3dd9.css]
[atulcabservice.com/wp-content/plugins/elementor-pro/assets/css/widget-animated-headline.min3830.css]
[atulcabservice.com/wp-content/plugins/elementor/assets/lib/animations/styles/fadeInRight.min3dd9.css]
[atulcabservice.com/wp-content/plugins/elementor/assets/css/widget-image-box.min3dd9.css]
[atulcabservice.com/wp-content/plugins/elementor/assets/css/widget-icon-list.min3dd9.css]
[atulcabservice.com/wp-content/plugins/elementor/assets/lib/animations/styles/zoomIn.min3dd9.css]
[atulcabservice.com/wp-content/plugins/elementor-pro/assets/css/widget-testimonial-carousel.min3830.css]
[atulcabservice.com/wp-content/plugins/elementor-pro/assets/css/widget-carousel-module-base.min3830.css]
[atulcabservice.com/wp-content/plugins/elementor/assets/lib/font-awesome/webfonts/fa-solid-900.svg]
[atulcabservice.com/wp-content/uploads/2024/02/banner.jpg]
[atulcabservice.com/wp-content/uploads/2024/02/homepage-1-bg.jpg]
[atulcabservice.com/wp-content/uploads/2024/02/BusinessImage-1.png]
[atulcabservice.com/wp-content/uploads/elementor/css/post-3555fe6.css]
[atulcabservice.com/wp-content/uploads/elementor/css/post-234995c4.css]
[atulcabservice.com/wp-content/uploads/2024/02/cabs.png]
[atulcabservice.com/wp-content/uploads/2024/02/cab.jpg]
[atulcabservice.com/wp-content/uploads/elementor/css/post-275595c4.css]
[atulcabservice.com/wp-content/uploads/elementor/css/post-26682217.css]
[atulcabservice.com/wp-includes/js/jquery/jquery.minf43b.js]
[atulcabservice.com/wp-includes/js/jquery/jquery-migrate.min5589.js]
[atulcabservice.com/wp-content/plugins/elementor/assets/lib/font-awesome/js/v4-shims.min3dd9.js]
[atulcabservice.com/wp-content/plugins/elementor/assets/lib/flatpickr/flatpickr.min4e7f.css]
[atulcabservice.com/wp-content/themes/astra/assets/js/minified/frontend.min1dc6.js]
[atulcabservice.com/wp-includes/js/dist/dom-ready.min5346.js]
[atulcabservice.com/wp-content/plugins/astra-sites/inc/lib/onboarding/assets/dist/template-preview/maina11c.js]
[atulcabservice.com/wp-includes/js/imagesloaded.minbb93.js]
[atulcabservice.com/Trident/index.html]
[atulcabservice.com/l]
[atulcabservice.com/e]
[atulcabservice.com/t.params.url]
[atulcabservice.com/wp-content/plugins/elementor/assets/lib/swiper/v8/swiper.min94a4.js]
[atulcabservice.com/wp-content/plugins/elementor-pro/assets/lib/smartmenus/jquery.smartmenus.min1576.js]
[atulcabservice.com/wp-content/plugins/google-site-kit/dist/assets/js/googlesitekit-events-provider-wpforms-b35450445f9cb0eeb855.html]
[atulcabservice.com/wp-content/plugins/elementor/assets/lib/flatpickr/flatpickr.min4e7f.js]
[atulcabservice.com/wp-content/plugins/elementor-pro/assets/js/webpack-pro.runtime.min3830.js]
[atulcabservice.com/wp-content/plugins/elementor/assets/js/webpack.runtime.min3dd9.js]
[atulcabservice.com/wp-content/plugins/elementor/assets/js/frontend-modules.min3dd9.js]
[atulcabservice.com/wp-includes/js/dist/hooks.min4fdd.js]
[atulcabservice.com/wp-includes/js/dist/i18n.minc33c.js]
[atulcabservice.com/wp-content/plugins/elementor-pro/assets/js/frontend.min3830.js]
[atulcabservice.com/wp-includes/js/jquery/ui/core.minb37e.js]
[atulcabservice.com/-negative.svg]
[atulcabservice.com/wp-content/plugins/elementor/assets/js/frontend.min3dd9.js]
[atulcabservice.com/OPR/index.html]
[atulcabservice.com/window.location.href]
[atulcabservice.com/wp-content/plugins/elementor-pro/assets/js/elements-handlers.min3830.js]
[atulcabservice.com/wp-includes/js/underscore.min3ab8.js]
[atulcabservice.com/wp-includes/js/wp-util.mind1c0.js]
[atulcabservice.com/wp-content/plugins/wpforms-lite/assets/js/integrations/elementor/frontend.min5068.js]
[atulcabservice.com/wp-content/plugins/elementor/assets/lib/font-awesome/webfonts/fa-brands-400.svg]
[atulcabservice.com/wp-content/plugins/elementor/assets/lib/font-awesome/webfonts/fa-regular-400.svg]
[atulcabservice.com/wp-content/plugins/elementor/assets/lib/font-awesome/webfonts/fa-solid-900.svg]
[atulcabservice.com/Trident/index.html]
[atulcabservice.com/l.html]
[atulcabservice.com/e.html]
[atulcabservice.com/t.params.html]
[atulcabservice.com/-negative.html]
[atulcabservice.com/OPR/index.html]
[atulcabservice.com/window.location.html]
