[unicktheme.com/2025/cleanin/main-html/index.html]
[backblue.gif]
[fade.gif]
[index.html]
[unicktheme.com/2025/cleanin/main-html/assets/images/favicons/apple-touch-icon.png]
[unicktheme.com/2025/cleanin/main-html/assets/images/favicons/favicon-32x32.png]
[unicktheme.com/2025/cleanin/main-html/assets/images/favicons/favicon-16x16.png]
[unicktheme.com/2025/cleanin/main-html/assets/images/favicons/site.webmanifest]
[unicktheme.com/2025/cleanin/main-html/assets/css/01-bootstrap.min.css]
[unicktheme.com/2025/cleanin/main-html/assets/css/02-animate.min.css]
[unicktheme.com/2025/cleanin/main-html/assets/css/03-custom-animate.css]
[unicktheme.com/2025/cleanin/main-html/assets/css/05-flaticon.css]
[unicktheme.com/2025/cleanin/main-html/assets/css/06-font-awesome-all.css]
[unicktheme.com/2025/cleanin/main-html/assets/css/07-jarallax.css]
[unicktheme.com/2025/cleanin/main-html/assets/css/08-jquery.magnific-popup.css]
[unicktheme.com/2025/cleanin/main-html/assets/css/09-nice-select.css]
[unicktheme.com/2025/cleanin/main-html/assets/css/10-odometer.min.css]
[unicktheme.com/2025/cleanin/main-html/assets/css/11-owl.carousel.min.css]
[unicktheme.com/2025/cleanin/main-html/assets/css/12-owl.theme.default.min.css]
[unicktheme.com/2025/cleanin/main-html/assets/css/13-jquery-ui.css]
[unicktheme.com/2025/cleanin/main-html/assets/css/module-css/01-slider.css]
[unicktheme.com/2025/cleanin/main-html/assets/css/module-css/02-about.css]
[unicktheme.com/2025/cleanin/main-html/assets/css/module-css/04-testimonial.css]
[unicktheme.com/2025/cleanin/main-html/assets/css/module-css/03-services.css]
[unicktheme.com/2025/cleanin/main-html/assets/css/module-css/05-team.css]
[unicktheme.com/2025/cleanin/main-html/assets/css/module-css/06-blog.css]
[unicktheme.com/2025/cleanin/main-html/assets/css/module-css/07-contact.css]
[unicktheme.com/2025/cleanin/main-html/assets/css/module-css/08-counter.css]
[unicktheme.com/2025/cleanin/main-html/assets/css/module-css/09-error.css]
[unicktheme.com/2025/cleanin/main-html/assets/css/module-css/10-faq.css]
[unicktheme.com/2025/cleanin/main-html/assets/css/module-css/11-footer.css]
[unicktheme.com/2025/cleanin/main-html/assets/css/module-css/12-page-header.css]
[unicktheme.com/2025/cleanin/main-html/assets/css/module-css/13-shop.css]
[unicktheme.com/2025/cleanin/main-html/assets/css/module-css/14-video.css]
[unicktheme.com/2025/cleanin/main-html/assets/css/module-css/award.css]
[unicktheme.com/2025/cleanin/main-html/assets/css/module-css/before-and-after.css]
[unicktheme.com/2025/cleanin/main-html/assets/css/module-css/brand.css]
[unicktheme.com/2025/cleanin/main-html/assets/css/module-css/client.css]
[unicktheme.com/2025/cleanin/main-html/assets/css/module-css/coming-soon.css]
[unicktheme.com/2025/cleanin/main-html/assets/css/module-css/contact-info.css]
[unicktheme.com/2025/cleanin/main-html/assets/css/module-css/cost-calculator.css]
[unicktheme.com/2025/cleanin/main-html/assets/css/module-css/cta.css]
[unicktheme.com/2025/cleanin/main-html/assets/css/module-css/download-app.css]
[unicktheme.com/2025/cleanin/main-html/assets/css/module-css/feature.css]
[unicktheme.com/2025/cleanin/main-html/assets/css/module-css/gallery.css]
[unicktheme.com/2025/cleanin/main-html/assets/css/module-css/google-map.css]
[unicktheme.com/2025/cleanin/main-html/assets/css/module-css/history.css]
[unicktheme.com/2025/cleanin/main-html/assets/css/module-css/newsletter.css]
[unicktheme.com/2025/cleanin/main-html/assets/css/module-css/office-location.css]
[unicktheme.com/2025/cleanin/main-html/assets/css/module-css/pricing.css]
[unicktheme.com/2025/cleanin/main-html/assets/css/module-css/privacy.css]
[unicktheme.com/2025/cleanin/main-html/assets/css/module-css/project.css]
[unicktheme.com/2025/cleanin/main-html/assets/css/module-css/skill.css]
[unicktheme.com/2025/cleanin/main-html/assets/css/module-css/sliding-text.css]
[unicktheme.com/2025/cleanin/main-html/assets/css/module-css/why-choose.css]
[unicktheme.com/2025/cleanin/main-html/assets/css/module-css/working-process.css]
[unicktheme.com/2025/cleanin/main-html/assets/css/swiper.min.css]
[unicktheme.com/2025/cleanin/main-html/assets/css/style.css]
[unicktheme.com/2025/cleanin/main-html/assets/css/responsive.css]
[unicktheme.com/2025/cleanin/main-html/assets/images/resources/logo-1.png]
[unicktheme.com/2025/cleanin/main-html/assets/images/home-showcase/home-showcase-1-1.jpg]
[unicktheme.com/2025/cleanin/main-html/index-one-page.html]
[unicktheme.com/2025/cleanin/main-html/assets/images/home-showcase/home-showcase-1-2.jpg]
[unicktheme.com/2025/cleanin/main-html/index2.html]
[unicktheme.com/2025/cleanin/main-html/index2-one-page.html]
[unicktheme.com/2025/cleanin/main-html/assets/images/home-showcase/home-showcase-1-3.jpg]
[unicktheme.com/2025/cleanin/main-html/index3.html]
[unicktheme.com/2025/cleanin/main-html/index3-one-page.html]
[unicktheme.com/2025/cleanin/main-html/assets/images/home-showcase/home-showcase-1-4.jpg]
[unicktheme.com/2025/cleanin/main-html/index4.html]
[unicktheme.com/2025/cleanin/main-html/index4-one-page.html]
[unicktheme.com/2025/cleanin/main-html/assets/images/home-showcase/home-showcase-1-5.jpg]
[unicktheme.com/2025/cleanin/main-html/index5-one-page.html]
[unicktheme.com/2025/cleanin/main-html/index5.html]
[unicktheme.com/2025/cleanin/main-html/assets/images/home-showcase/home-showcase-1-6.jpg]
[unicktheme.com/2025/cleanin/main-html/index-dark.html]
[unicktheme.com/2025/cleanin/main-html/assets/images/home-showcase/home-showcase-1-7.jpg]
[unicktheme.com/2025/cleanin/main-html/about-1.html]
[unicktheme.com/2025/cleanin/main-html/about-2.html]
[unicktheme.com/2025/cleanin/main-html/history.html]
[unicktheme.com/2025/cleanin/main-html/services-1.html]
[unicktheme.com/2025/cleanin/main-html/services-2.html]
[unicktheme.com/2025/cleanin/main-html/services-3.html]
[unicktheme.com/2025/cleanin/main-html/services-4.html]
[unicktheme.com/2025/cleanin/main-html/services-carousel.html]
[unicktheme.com/2025/cleanin/main-html/services-tab.html]
[unicktheme.com/2025/cleanin/main-html/house-cleaning.html]
[unicktheme.com/2025/cleanin/main-html/office-cleaning.html]
[unicktheme.com/2025/cleanin/main-html/commercial-cleaning.html]
[unicktheme.com/2025/cleanin/main-html/residential-cleaning.html]
[unicktheme.com/2025/cleanin/main-html/window-cleaning.html]
[unicktheme.com/2025/cleanin/main-html/carpet-cleaning.html]
[unicktheme.com/2025/cleanin/main-html/floor-cleaning.html]
[unicktheme.com/2025/cleanin/main-html/car-cleaning.html]
[unicktheme.com/2025/cleanin/main-html/team-1.html]
[unicktheme.com/2025/cleanin/main-html/team-2.html]
[unicktheme.com/2025/cleanin/main-html/team-3.html]
[unicktheme.com/2025/cleanin/main-html/team-4.html]
[unicktheme.com/2025/cleanin/main-html/team-carousel.html]
[unicktheme.com/2025/cleanin/main-html/team-details.html]
[unicktheme.com/2025/cleanin/main-html/project-1.html]
[unicktheme.com/2025/cleanin/main-html/project-2.html]
[unicktheme.com/2025/cleanin/main-html/project-3.html]
[unicktheme.com/2025/cleanin/main-html/project-carousel.html]
[unicktheme.com/2025/cleanin/main-html/project-masonry.html]
[unicktheme.com/2025/cleanin/main-html/projects-details.html]
[unicktheme.com/2025/cleanin/main-html/testimonials-1.html]
[unicktheme.com/2025/cleanin/main-html/testimonials-2.html]
[unicktheme.com/2025/cleanin/main-html/testimonials-3.html]
[unicktheme.com/2025/cleanin/main-html/testimonials-carousel.html]
[unicktheme.com/2025/cleanin/main-html/pricing.html]
[unicktheme.com/2025/cleanin/main-html/pricing-carousel.html]
[unicktheme.com/2025/cleanin/main-html/pricing-calculator.html]
[unicktheme.com/2025/cleanin/main-html/gallery.html]
[unicktheme.com/2025/cleanin/main-html/gallery-carousel.html]
[unicktheme.com/2025/cleanin/main-html/faq.html]
[unicktheme.com/2025/cleanin/main-html/client.html]
[unicktheme.com/2025/cleanin/main-html/404.html]
[unicktheme.com/2025/cleanin/main-html/coming-soon.html]
[unicktheme.com/2025/cleanin/main-html/privacy.html]
[unicktheme.com/2025/cleanin/main-html/products-left.html]
[unicktheme.com/2025/cleanin/main-html/products-right.html]
[unicktheme.com/2025/cleanin/main-html/products.html]
[unicktheme.com/2025/cleanin/main-html/product-details.html]
[unicktheme.com/2025/cleanin/main-html/cart.html]
[unicktheme.com/2025/cleanin/main-html/checkout.html]
[unicktheme.com/2025/cleanin/main-html/wishlist.html]
[unicktheme.com/2025/cleanin/main-html/sign-up.html]
[unicktheme.com/2025/cleanin/main-html/login.html]
[unicktheme.com/2025/cleanin/main-html/blog-1.html]
[unicktheme.com/2025/cleanin/main-html/blog-2.html]
[unicktheme.com/2025/cleanin/main-html/blog-3.html]
[unicktheme.com/2025/cleanin/main-html/blog-carousel.html]
[unicktheme.com/2025/cleanin/main-html/blog-left-sidebar.html]
[unicktheme.com/2025/cleanin/main-html/blog-right-sidebar.html]
[unicktheme.com/2025/cleanin/main-html/blog-list-left.html]
[unicktheme.com/2025/cleanin/main-html/blog-list-right.html]
[unicktheme.com/2025/cleanin/main-html/blog-list.html]
[unicktheme.com/2025/cleanin/main-html/blog-standard-left.html]
[unicktheme.com/2025/cleanin/main-html/blog-standard-right.html]
[unicktheme.com/2025/cleanin/main-html/blog-standard.html]
[unicktheme.com/2025/cleanin/main-html/blog-details-left.html]
[unicktheme.com/2025/cleanin/main-html/blog-details-right.html]
[unicktheme.com/2025/cleanin/main-html/blog-details.html]
[unicktheme.com/2025/cleanin/main-html/contact-1.html]
[unicktheme.com/2025/cleanin/main-html/contact-2.html]
[unicktheme.com/2025/cleanin/main-html/assets/images/slider/slider-v1-img1.jpg]
[unicktheme.com/2025/cleanin/main-html/assets/images/slider/slider-v1-img2.jpg]
[unicktheme.com/2025/cleanin/main-html/assets/images/slider/slider-v1-img3.jpg]
[unicktheme.com/2025/cleanin/main-html/assets/images/shapes/about-v1-shape1.png]
[unicktheme.com/2025/cleanin/main-html/assets/images/about/about-v1-img1.jpg]
[unicktheme.com/2025/cleanin/main-html/assets/images/about/about-v1-img2.jpg]
[unicktheme.com/2025/cleanin/main-html/assets/images/about/about-v1-img3.jpg]
[unicktheme.com/2025/cleanin/main-html/assets/images/shapes/services-v1-shape1.png]
[unicktheme.com/2025/cleanin/main-html/assets/images/project/project-v1-img1.jpg]
[unicktheme.com/2025/cleanin/main-html/assets/images/project/project-v1-img2.jpg]
[unicktheme.com/2025/cleanin/main-html/assets/images/project/project-v1-img3.jpg]
[unicktheme.com/2025/cleanin/main-html/assets/images/project/project-v1-img4.jpg]
[unicktheme.com/2025/cleanin/main-html/assets/images/project/project-v1-img5.jpg]
[unicktheme.com/2025/cleanin/main-html/assets/images/shapes/video-v1-shape1.png]
[unicktheme.com/2025/cleanin/main-html/assets/images/shapes/video-v1-shape2.png]
[unicktheme.com/2025/cleanin/main-html/assets/images/backgrounds/video-v1-bg.jpg]
[unicktheme.com/2025/cleanin/main-html/assets/images/team/team-v1-img1.jpg]
[unicktheme.com/2025/cleanin/main-html/assets/images/team/team-v1-img5.jpg]
[unicktheme.com/2025/cleanin/main-html/assets/images/team/team-v1-img2.jpg]
[unicktheme.com/2025/cleanin/main-html/assets/images/team/team-v1-img6.jpg]
[unicktheme.com/2025/cleanin/main-html/assets/images/team/team-v1-img3.jpg]
[unicktheme.com/2025/cleanin/main-html/assets/images/team/team-v1-img7.jpg]
[unicktheme.com/2025/cleanin/main-html/assets/images/team/team-v1-img4.jpg]
[unicktheme.com/2025/cleanin/main-html/assets/images/team/team-v1-img8.jpg]
[unicktheme.com/2025/cleanin/main-html/assets/images/backgrounds/contact-v1-bg.jpg]
[unicktheme.com/2025/cleanin/main-html/assets/images/shapes/testimonial-v1-shape1.png]
[unicktheme.com/2025/cleanin/main-html/assets/images/testimonial/testimonial-v1-img1.jpg]
[unicktheme.com/2025/cleanin/main-html/assets/images/testimonial/testimonial-v1-img2.jpg]
[unicktheme.com/2025/cleanin/main-html/assets/images/testimonial/testimonial-v1-img3.jpg]
[unicktheme.com/2025/cleanin/main-html/assets/images/backgrounds/why-choose-v1-bg.jpg]
[unicktheme.com/2025/cleanin/main-html/assets/images/shapes/why-choose-v1-shape1.png]
[unicktheme.com/2025/cleanin/main-html/assets/images/resources/why-choose-v1-img1.jpg]
[unicktheme.com/2025/cleanin/main-html/assets/images/resources/why-choose-v1-img2.jpg]
[unicktheme.com/2025/cleanin/main-html/assets/images/resources/why-choose-v1-img3.jpg]
[unicktheme.com/2025/cleanin/main-html/assets/images/shapes/working-process-v1-shape1.png]
[unicktheme.com/2025/cleanin/main-html/assets/images/shapes/working-process-v1-shape2.png]
[unicktheme.com/2025/cleanin/main-html/assets/images/brand/brand-1-1.png]
[unicktheme.com/2025/cleanin/main-html/assets/images/brand/brand-1-2.png]
[unicktheme.com/2025/cleanin/main-html/assets/images/blog/blog-v1-img1.jpg]
[unicktheme.com/2025/cleanin/main-html/assets/images/blog/blog-v1-img2.jpg]
[unicktheme.com/2025/cleanin/main-html/assets/images/blog/blog-v1-img3.jpg]
[unicktheme.com/2025/cleanin/main-html/assets/images/backgrounds/cta-v1-bg.jpg]
[unicktheme.com/2025/cleanin/main-html/assets/images/shapes/footer-v1-shape1.png]
[unicktheme.com/2025/cleanin/main-html/assets/images/shapes/footer-v1-shape2.png]
[unicktheme.com/2025/cleanin/main-html/assets/images/resources/logo-2.png]
[unicktheme.com/2025/cleanin/main-html/assets/js/jquery.ajaxchimp.min.js]
[unicktheme.com/2025/cleanin/main-html/assets/js/jquery-latest.js]
[unicktheme.com/2025/cleanin/main-html/assets/js/jquery.circle-progress.min.js]
[unicktheme.com/2025/cleanin/main-html/assets/js/jquery.event.move.js]
[unicktheme.com/2025/cleanin/main-html/assets/js/jquery.validate.min.js]
[unicktheme.com/2025/cleanin/main-html/assets/js/knob.js]
[unicktheme.com/2025/cleanin/main-html/assets/js/marquee.min.js]
[unicktheme.com/2025/cleanin/main-html/assets/js/swiper.min.js]
[unicktheme.com/2025/cleanin/main-html/assets/js/twentytwenty.js]
[unicktheme.com/2025/cleanin/main-html/assets/js/typed-2.0.11.js]
[unicktheme.com/2025/cleanin/main-html/assets/js/wNumb.min.js]
[unicktheme.com/2025/cleanin/main-html/assets/js/curved-text/jquery.circleType.js]
[unicktheme.com/2025/cleanin/main-html/assets/js/curved-text/jquery.fittext.js]
[unicktheme.com/2025/cleanin/main-html/assets/js/curved-text/jquery.lettering.min.js]
[unicktheme.com/2025/cleanin/main-html/assets/js/gsap/gsap.js]
[unicktheme.com/2025/cleanin/main-html/assets/js/gsap/ScrollTrigger.js]
[unicktheme.com/2025/cleanin/main-html/assets/js/gsap/SplitText.js]
[unicktheme.com/2025/cleanin/main-html/assets/js/01-bootstrap.bundle.min.js]
[unicktheme.com/2025/cleanin/main-html/assets/js/02-countdown.min.js]
[unicktheme.com/2025/cleanin/main-html/assets/js/03-jquery.appear.min.js]
[unicktheme.com/2025/cleanin/main-html/assets/js/04-jquery.nice-select.min.js]
[unicktheme.com/2025/cleanin/main-html/assets/js/05-owl.carousel.min.js]
[unicktheme.com/2025/cleanin/main-html/assets/js/06-jarallax.min.js]
[unicktheme.com/2025/cleanin/main-html/assets/js/07-odometer.min.js]
[unicktheme.com/2025/cleanin/main-html/assets/js/09-jquery.magnific-popup.min.js]
[unicktheme.com/2025/cleanin/main-html/assets/js/10-wow.js]
[unicktheme.com/2025/cleanin/main-html/assets/js/11-isotope.js]
[unicktheme.com/2025/cleanin/main-html/assets/js/08-jquery-ui.js]
[unicktheme.com/2025/cleanin/main-html/assets/js/12-jquery-sidebar-content.js]
[unicktheme.com/2025/cleanin/main-html/assets/js/script.js]
[unicktheme.com/2025/cleanin/main-html/index.html]
[unicktheme.com/2025/cleanin/main-html/assets/css/01-bootstrap.min.css]
[unicktheme.com/2025/cleanin/main-html/assets/css/02-animate.min.css]
[unicktheme.com/2025/cleanin/main-html/assets/css/03-custom-animate.css]
[unicktheme.com/2025/cleanin/main-html/assets/fonts/icomoon78ed.eot]
[unicktheme.com/2025/cleanin/main-html/assets/fonts/icomoon78ed.woff]
[unicktheme.com/2025/cleanin/main-html/assets/fonts/icomoon78ed.ttf]
[unicktheme.com/2025/cleanin/main-html/assets/css/05-flaticon.css]
[unicktheme.com/2025/cleanin/main-html/assets/fonts/icomoon78ed.svg]
[unicktheme.com/2025/cleanin/main-html/assets/fonts/fa-brands-400.woff2]
[unicktheme.com/2025/cleanin/main-html/assets/fonts/fa-brands-400d41d.eot]
[unicktheme.com/2025/cleanin/main-html/assets/fonts/fa-brands-400.woff]
[unicktheme.com/2025/cleanin/main-html/assets/fonts/fa-brands-400.ttf]
[unicktheme.com/2025/cleanin/main-html/assets/fonts/fa-brands-400.eot]
[unicktheme.com/2025/cleanin/main-html/assets/fonts/fa-light-300.woff2]
[unicktheme.com/2025/cleanin/main-html/assets/fonts/fa-light-300.woff]
[unicktheme.com/2025/cleanin/main-html/assets/fonts/fa-regular-400.woff2]
[unicktheme.com/2025/cleanin/main-html/assets/fonts/fa-regular-400.woff]
[unicktheme.com/2025/cleanin/main-html/assets/fonts/fa-regular-400.eot]
[unicktheme.com/2025/cleanin/main-html/assets/fonts/fa-solid-900.woff2]
[unicktheme.com/2025/cleanin/main-html/assets/fonts/fa-regular-400d41d.eot]
[unicktheme.com/2025/cleanin/main-html/assets/fonts/fa-solid-900.woff]
[unicktheme.com/2025/cleanin/main-html/assets/css/06-font-awesome-all.css]
[unicktheme.com/2025/cleanin/main-html/assets/css/07-jarallax.css]
[unicktheme.com/2025/cleanin/main-html/assets/css/08-jquery.magnific-popup.css]
[unicktheme.com/2025/cleanin/main-html/assets/css/09-nice-select.css]
[unicktheme.com/2025/cleanin/main-html/assets/css/10-odometer.min.css]
[unicktheme.com/2025/cleanin/main-html/assets/css/11-owl.carousel.min.css]
[unicktheme.com/2025/cleanin/main-html/assets/css/12-owl.theme.default.min.css]
[unicktheme.com/2025/cleanin/main-html/assets/css/images/ui-bg_highlight-soft_75_cccccc_1x100.png]
[unicktheme.com/2025/cleanin/main-html/assets/css/images/ui-bg_glass_75_e6e6e6_1x400.png]
[unicktheme.com/2025/cleanin/main-html/assets/css/images/ui-bg_glass_75_dadada_1x400.png]
[unicktheme.com/2025/cleanin/main-html/assets/css/images/ui-bg_glass_65_ffffff_1x400.png]
[unicktheme.com/2025/cleanin/main-html/assets/css/images/ui-bg_glass_55_fbf9ee_1x400.png]
[unicktheme.com/2025/cleanin/main-html/assets/css/images/ui-bg_glass_95_fef1ec_1x400.png]
[unicktheme.com/2025/cleanin/main-html/assets/css/images/ui-icons_222222_256x240.png]
[unicktheme.com/2025/cleanin/main-html/assets/css/images/ui-icons_888888_256x240.png]
[unicktheme.com/2025/cleanin/main-html/assets/css/images/ui-icons_454545_256x240.png]
[unicktheme.com/2025/cleanin/main-html/assets/css/images/ui-icons_2e83ff_256x240.png]
[unicktheme.com/2025/cleanin/main-html/assets/css/images/ui-icons_cd0a0a_256x240.png]
[unicktheme.com/2025/cleanin/main-html/assets/css/13-jquery-ui.css]
[unicktheme.com/2025/cleanin/main-html/assets/css/module-css/buble.png]
[unicktheme.com/2025/cleanin/main-html/assets/css/module-css/01-slider.css]
[unicktheme.com/2025/cleanin/main-html/assets/css/module-css/02-about.css]
[unicktheme.com/2025/cleanin/main-html/assets/css/module-css/03-services.css]
[unicktheme.com/2025/cleanin/main-html/assets/css/module-css/04-testimonial.css]
[unicktheme.com/2025/cleanin/main-html/assets/css/module-css/05-team.css]
[unicktheme.com/2025/cleanin/main-html/assets/css/module-css/06-blog.css]
[unicktheme.com/2025/cleanin/main-html/assets/css/module-css/07-contact.css]
[unicktheme.com/2025/cleanin/main-html/assets/css/module-css/08-counter.css]
[unicktheme.com/2025/cleanin/main-html/assets/css/module-css/09-error.css]
[unicktheme.com/2025/cleanin/main-html/assets/css/module-css/10-faq.css]
[unicktheme.com/2025/cleanin/main-html/assets/css/module-css/11-footer.css]
[unicktheme.com/2025/cleanin/main-html/assets/css/module-css/12-page-header.css]
[unicktheme.com/2025/cleanin/main-html/assets/css/module-css/13-shop.css]
[unicktheme.com/2025/cleanin/main-html/assets/css/module-css/14-video.css]
[unicktheme.com/2025/cleanin/main-html/assets/css/module-css/award.css]
[unicktheme.com/2025/cleanin/main-html/assets/css/module-css/before-and-after.css]
[unicktheme.com/2025/cleanin/main-html/assets/css/module-css/brand.css]
[unicktheme.com/2025/cleanin/main-html/assets/css/module-css/client.css]
[unicktheme.com/2025/cleanin/main-html/assets/css/module-css/coming-soon.css]
[unicktheme.com/2025/cleanin/main-html/assets/css/module-css/contact-info.css]
[unicktheme.com/2025/cleanin/main-html/assets/css/module-css/cost-calculator.css]
[unicktheme.com/2025/cleanin/main-html/assets/css/module-css/cta.css]
[unicktheme.com/2025/cleanin/main-html/assets/css/module-css/download-app.css]
[unicktheme.com/2025/cleanin/main-html/assets/css/module-css/feature.css]
[unicktheme.com/2025/cleanin/main-html/assets/css/module-css/gallery.css]
[unicktheme.com/2025/cleanin/main-html/assets/css/module-css/google-map.css]
[unicktheme.com/2025/cleanin/main-html/assets/css/module-css/history.css]
[unicktheme.com/2025/cleanin/main-html/assets/css/module-css/newsletter.css]
[unicktheme.com/2025/cleanin/main-html/assets/css/module-css/office-location.css]
[unicktheme.com/2025/cleanin/main-html/assets/css/module-css/pricing.css]
[unicktheme.com/2025/cleanin/main-html/assets/css/module-css/privacy.css]
[unicktheme.com/2025/cleanin/main-html/assets/css/module-css/project.css]
[unicktheme.com/2025/cleanin/main-html/assets/css/module-css/skill.css]
[unicktheme.com/2025/cleanin/main-html/assets/css/module-css/sliding-text.css]
[unicktheme.com/2025/cleanin/main-html/assets/css/module-css/why-choose.css]
[unicktheme.com/2025/cleanin/main-html/assets/css/module-css/working-process.css]
[unicktheme.com/2025/cleanin/main-html/assets/css/swiper.min.css]
[unicktheme.com/2025/cleanin/main-html/assets/images/icon/cross-out.png]
[unicktheme.com/2025/cleanin/main-html/assets/css/style.css]
[unicktheme.com/2025/cleanin/main-html/assets/css/responsive.css]
[unicktheme.com/2025/cleanin/main-html/index-one-page.html]
[unicktheme.com/2025/cleanin/main-html/assets/images/resources/logo-3.png]
[unicktheme.com/2025/cleanin/main-html/assets/images/shapes/header-v2-shape1.png]
[unicktheme.com/2025/cleanin/main-html/assets/images/slider/slider-v2-img1.jpg]
[unicktheme.com/2025/cleanin/main-html/assets/images/slider/slider-v2-img2.jpg]
[unicktheme.com/2025/cleanin/main-html/assets/images/slider/slider-v2-img3.jpg]
[unicktheme.com/2025/cleanin/main-html/assets/images/shapes/about-v2-shape2.png]
[unicktheme.com/2025/cleanin/main-html/assets/images/shapes/about-v2-shape1.png]
[unicktheme.com/2025/cleanin/main-html/assets/images/about/about-v2-img1.jpg]
[unicktheme.com/2025/cleanin/main-html/assets/images/about/about-v2-img2.jpg]
[unicktheme.com/2025/cleanin/main-html/assets/images/about/about-v2-img3.jpg]
[unicktheme.com/2025/cleanin/main-html/assets/images/about/about-v2-signature.png]
[unicktheme.com/2025/cleanin/main-html/assets/images/pattern/services-v2-pattern.png]
[unicktheme.com/2025/cleanin/main-html/assets/images/resources/award-v1-signature.png]
[unicktheme.com/2025/cleanin/main-html/assets/images/resources/award-v1-img1.png]
[unicktheme.com/2025/cleanin/main-html/assets/images/shapes/counter-v2-shape1.png]
[unicktheme.com/2025/cleanin/main-html/assets/images/shapes/project-v2-shape1.jpg]
[unicktheme.com/2025/cleanin/main-html/assets/images/project/project-v2-img1.jpg]
[unicktheme.com/2025/cleanin/main-html/assets/images/project/project-v2-img2.jpg]
[unicktheme.com/2025/cleanin/main-html/assets/images/project/project-v2-img3.jpg]
[unicktheme.com/2025/cleanin/main-html/assets/images/project/project-v2-img4.jpg]
[unicktheme.com/2025/cleanin/main-html/assets/images/pattern/team-v2-pattern.png]
[unicktheme.com/2025/cleanin/main-html/assets/images/team/team-v2-img1.jpg]
[unicktheme.com/2025/cleanin/main-html/assets/images/team/team-v2-img2.jpg]
[unicktheme.com/2025/cleanin/main-html/assets/images/team/team-v2-img3.jpg]
[unicktheme.com/2025/cleanin/main-html/assets/images/team/team-v2-img4.jpg]
[unicktheme.com/2025/cleanin/main-html/assets/images/shapes/sliding-text-shape-1.png]
[unicktheme.com/2025/cleanin/main-html/assets/images/pattern/pricing-v1-pattern.png]
[unicktheme.com/2025/cleanin/main-html/assets/images/testimonial/testimonial-v2-img1.jpg]
[unicktheme.com/2025/cleanin/main-html/assets/images/testimonial/testimonial-v2-img2.jpg]
[unicktheme.com/2025/cleanin/main-html/assets/images/testimonial/testimonial-v2-img3.jpg]
[unicktheme.com/2025/cleanin/main-html/assets/images/backgrounds/faq-v1-bg.jpg]
[unicktheme.com/2025/cleanin/main-html/assets/images/shapes/faq-v1-shape1.png]
[unicktheme.com/2025/cleanin/main-html/assets/images/blog/blog-v2-img1.jpg]
[unicktheme.com/2025/cleanin/main-html/assets/images/blog/blog-v2-img2.jpg]
[unicktheme.com/2025/cleanin/main-html/assets/images/blog/blog-v2-img3.jpg]
[unicktheme.com/2025/cleanin/main-html/assets/images/backgrounds/contact-info-v1-bg.jpg]
[unicktheme.com/2025/cleanin/main-html/assets/images/pattern/site-footer-v2-pattern.png]
[unicktheme.com/2025/cleanin/main-html/assets/images/icon/google-play-icon.png]
[unicktheme.com/2025/cleanin/main-html/assets/images/icon/apple-icon.png]
[unicktheme.com/2025/cleanin/main-html/assets/images/resources/site-footer-payment-img1.png]
[unicktheme.com/2025/cleanin/main-html/assets/images/resources/site-footer-payment-img2.png]
[unicktheme.com/2025/cleanin/main-html/assets/images/resources/site-footer-payment-img3.png]
[unicktheme.com/2025/cleanin/main-html/assets/images/resources/site-footer-payment-img4.png]
[unicktheme.com/2025/cleanin/main-html/assets/images/resources/site-footer-payment-img5.png]
[unicktheme.com/2025/cleanin/main-html/index2.html]
[unicktheme.com/2025/cleanin/main-html/index2-one-page.html]
[unicktheme.com/2025/cleanin/main-html/assets/css/twentytwenty.css]
[unicktheme.com/2025/cleanin/main-html/assets/images/backgrounds/banner-v1-img1.jpg]
[unicktheme.com/2025/cleanin/main-html/assets/images/resources/satisfied-partner-img1.jpg]
[unicktheme.com/2025/cleanin/main-html/assets/images/resources/satisfied-partner-img2.jpg]
[unicktheme.com/2025/cleanin/main-html/assets/images/resources/satisfied-partner-img3.jpg]
[unicktheme.com/2025/cleanin/main-html/assets/images/resources/banner-one-google-rating-img.png]
[unicktheme.com/2025/cleanin/main-html/assets/images/shapes/about-v3-shape3.png]
[unicktheme.com/2025/cleanin/main-html/assets/images/shapes/about-v3-shape1.png]
[unicktheme.com/2025/cleanin/main-html/assets/images/about/about-v3-img1.jpg]
[unicktheme.com/2025/cleanin/main-html/assets/images/shapes/about-v3-shape2.png]
[unicktheme.com/2025/cleanin/main-html/assets/images/about/about-v3-img2.jpg]
[unicktheme.com/2025/cleanin/main-html/assets/images/about/about-v3-img3.jpg]
[unicktheme.com/2025/cleanin/main-html/assets/images/services/services-v3-img1.jpg]
[unicktheme.com/2025/cleanin/main-html/assets/images/shapes/services-v3-shape-1.png]
[unicktheme.com/2025/cleanin/main-html/assets/images/shapes/services-v3-shape-2.png]
[unicktheme.com/2025/cleanin/main-html/assets/images/services/services-v3-img2.jpg]
[unicktheme.com/2025/cleanin/main-html/assets/images/services/services-v3-img3.jpg]
[unicktheme.com/2025/cleanin/main-html/assets/images/services/services-v3-img4.jpg]
[unicktheme.com/2025/cleanin/main-html/assets/images/services/services-v3-img5.jpg]
[unicktheme.com/2025/cleanin/main-html/assets/images/project/project-v3-img1.jpg]
[unicktheme.com/2025/cleanin/main-html/assets/images/project/project-v3-img2.jpg]
[unicktheme.com/2025/cleanin/main-html/assets/images/project/project-v3-img3.jpg]
[unicktheme.com/2025/cleanin/main-html/assets/images/project/project-v3-img4.jpg]
[unicktheme.com/2025/cleanin/main-html/assets/images/project/project-v3-img5.jpg]
[unicktheme.com/2025/cleanin/main-html/assets/images/shapes/sliding-text-shape-2.png]
[unicktheme.com/2025/cleanin/main-html/assets/images/team/team-v3-img1.jpg]
[unicktheme.com/2025/cleanin/main-html/assets/images/shapes/team-v3-shape1.png]
[unicktheme.com/2025/cleanin/main-html/assets/images/team/team-v3-img2.jpg]
[unicktheme.com/2025/cleanin/main-html/assets/images/team/team-v3-img3.jpg]
[unicktheme.com/2025/cleanin/main-html/assets/images/resources/before-after-v1-img1.jpg]
[unicktheme.com/2025/cleanin/main-html/assets/images/resources/before-after-v1-img2.jpg]
[unicktheme.com/2025/cleanin/main-html/assets/images/backgrounds/video-v2-bg.jpg]
[unicktheme.com/2025/cleanin/main-html/assets/images/shapes/cost-calculator-shape1.png]
[unicktheme.com/2025/cleanin/main-html/assets/images/backgrounds/cost-calculator-bg.jpg]
[unicktheme.com/2025/cleanin/main-html/assets/images/blog/blog-v3-img1.jpg]
[unicktheme.com/2025/cleanin/main-html/assets/images/blog/blog-v3-img2.jpg]
[unicktheme.com/2025/cleanin/main-html/assets/images/blog/blog-v3-img3.jpg]
[unicktheme.com/2025/cleanin/main-html/assets/images/pattern/footer-v3-pattern.png]
[unicktheme.com/2025/cleanin/main-html/assets/images/resources/footer-v3-img1.jpg]
[unicktheme.com/2025/cleanin/main-html/assets/images/resources/footer-v3-img2.jpg]
[unicktheme.com/2025/cleanin/main-html/assets/js/particles.js]
[unicktheme.com/2025/cleanin/main-html/assets/js/app.js]
[unicktheme.com/2025/cleanin/main-html/index3.html]
[unicktheme.com/2025/cleanin/main-html/index3-one-page.html]
[unicktheme.com/2025/cleanin/main-html/assets/images/slider/slider-v3-img1.jpg]
[unicktheme.com/2025/cleanin/main-html/assets/images/shapes/slider-v3-shape1.png]
[unicktheme.com/2025/cleanin/main-html/assets/images/shapes/slider-v3-shape2.png]
[unicktheme.com/2025/cleanin/main-html/assets/images/shapes/slider-v3-shape3.png]
[unicktheme.com/2025/cleanin/main-html/assets/images/slider/slider-v3-img2.jpg]
[unicktheme.com/2025/cleanin/main-html/assets/images/slider/slider-v3-img3.jpg]
[unicktheme.com/2025/cleanin/main-html/assets/images/about/about-v4-img3.jpg]
[unicktheme.com/2025/cleanin/main-html/assets/images/about/about-v4-img2.jpg]
[unicktheme.com/2025/cleanin/main-html/assets/images/pattern/services-v4-pattern.png]
[unicktheme.com/2025/cleanin/main-html/assets/images/pattern/download-app-pattern.png]
[unicktheme.com/2025/cleanin/main-html/assets/images/resources/download-app-img3.png]
[unicktheme.com/2025/cleanin/main-html/assets/images/resources/download-app-img4.png]
[unicktheme.com/2025/cleanin/main-html/assets/images/resources/download-app-img1.png]
[unicktheme.com/2025/cleanin/main-html/assets/images/resources/download-app-img2.png]
[unicktheme.com/2025/cleanin/main-html/assets/images/backgrounds/skill-v1-bg.jpg]
[unicktheme.com/2025/cleanin/main-html/assets/images/shapes/skill-v1-shape1.png]
[unicktheme.com/2025/cleanin/main-html/assets/images/project/project-v4-img1.jpg]
[unicktheme.com/2025/cleanin/main-html/assets/images/project/project-v4-img2.jpg]
[unicktheme.com/2025/cleanin/main-html/assets/images/project/project-v4-img3.jpg]
[unicktheme.com/2025/cleanin/main-html/assets/images/project/project-v4-img4.jpg]
[unicktheme.com/2025/cleanin/main-html/assets/images/project/project-v4-img5.jpg]
[unicktheme.com/2025/cleanin/main-html/assets/images/pattern/testimonial-v3-pattern.png]
[unicktheme.com/2025/cleanin/main-html/assets/images/testimonial/testimonial-v3-img1.jpg]
[unicktheme.com/2025/cleanin/main-html/assets/images/testimonial/testimonial-v3-img2.jpg]
[unicktheme.com/2025/cleanin/main-html/assets/images/backgrounds/cta-v2-bg.jpg]
[unicktheme.com/2025/cleanin/main-html/assets/images/pattern/cta-v2-pattern.png]
[unicktheme.com/2025/cleanin/main-html/index4.html]
[unicktheme.com/2025/cleanin/main-html/index4-one-page.html]
[unicktheme.com/2025/cleanin/main-html/assets/images/slider/slider-v4-img1.jpg]
[unicktheme.com/2025/cleanin/main-html/assets/images/shapes/main-slider-v4-shape1.png]
[unicktheme.com/2025/cleanin/main-html/assets/images/slider/slider-v4-img2.jpg]
[unicktheme.com/2025/cleanin/main-html/assets/images/slider/slider-v4-img3.jpg]
[unicktheme.com/2025/cleanin/main-html/assets/images/pattern/main-slider-form-bg.png]
[unicktheme.com/2025/cleanin/main-html/assets/images/shapes/about-v5-shape1.png]
[unicktheme.com/2025/cleanin/main-html/assets/images/about/about-v5-img1.jpg]
[unicktheme.com/2025/cleanin/main-html/assets/images/about/about-v5-img2.jpg]
[unicktheme.com/2025/cleanin/main-html/assets/images/pattern/services-v5-pattern.png]
[unicktheme.com/2025/cleanin/main-html/assets/images/services/services-v5-img1.jpg]
[unicktheme.com/2025/cleanin/main-html/assets/images/services/services-v5-img2.jpg]
[unicktheme.com/2025/cleanin/main-html/assets/images/services/services-v5-img3.jpg]
[unicktheme.com/2025/cleanin/main-html/assets/images/services/services-v5-img4.jpg]
[unicktheme.com/2025/cleanin/main-html/assets/images/services/services-v5-img5.jpg]
[unicktheme.com/2025/cleanin/main-html/assets/images/services/services-v5-img6.jpg]
[unicktheme.com/2025/cleanin/main-html/assets/images/pattern/office-location-pattern.png]
[unicktheme.com/2025/cleanin/main-html/assets/images/resources/office-location-img1.jpg]
[unicktheme.com/2025/cleanin/main-html/assets/images/resources/office-location-img2.jpg]
[unicktheme.com/2025/cleanin/main-html/assets/images/resources/office-location-img3.jpg]
[unicktheme.com/2025/cleanin/main-html/assets/images/resources/office-location-img4.jpg]
[unicktheme.com/2025/cleanin/main-html/assets/images/resources/office-location-img5.jpg]
[unicktheme.com/2025/cleanin/main-html/assets/images/resources/office-location-img6.jpg]
[unicktheme.com/2025/cleanin/main-html/assets/images/resources/office-location-img7.jpg]
[unicktheme.com/2025/cleanin/main-html/assets/images/pattern/team-v4-pattern.png]
[unicktheme.com/2025/cleanin/main-html/assets/images/team/team-v4-img1.jpg]
[unicktheme.com/2025/cleanin/main-html/assets/images/team/team-v4-img2.jpg]
[unicktheme.com/2025/cleanin/main-html/assets/images/team/team-v4-img3.jpg]
[unicktheme.com/2025/cleanin/main-html/assets/images/team/team-v4-img4.jpg]
[unicktheme.com/2025/cleanin/main-html/assets/images/resources/gallery-v1-img1.jpg]
[unicktheme.com/2025/cleanin/main-html/assets/images/resources/gallery-v1-img2.jpg]
[unicktheme.com/2025/cleanin/main-html/assets/images/resources/gallery-v1-img3.jpg]
[unicktheme.com/2025/cleanin/main-html/assets/images/resources/gallery-v1-img4.jpg]
[unicktheme.com/2025/cleanin/main-html/assets/images/resources/gallery-v1-img5.jpg]
[unicktheme.com/2025/cleanin/main-html/assets/images/backgrounds/why-choose-v2-bg.jpg]
[unicktheme.com/2025/cleanin/main-html/index5.html]
[unicktheme.com/2025/cleanin/main-html/index5-one-page.html]
[unicktheme.com/2025/cleanin/main-html/assets/css/04-dark.css]
[unicktheme.com/2025/cleanin/main-html/assets/images/brand/brand-1-3.png]
[unicktheme.com/2025/cleanin/main-html/index-dark.html]
[unicktheme.com/2025/cleanin/main-html/assets/images/backgrounds/page-header-bg.jpg]
[unicktheme.com/2025/cleanin/main-html/about-1.html]
[unicktheme.com/2025/cleanin/main-html/about-2.html]
[unicktheme.com/2025/cleanin/main-html/assets/images/resources/history-page-img1.jpg]
[unicktheme.com/2025/cleanin/main-html/assets/images/resources/history-page-img2.jpg]
[unicktheme.com/2025/cleanin/main-html/assets/images/resources/history-page-img3.jpg]
[unicktheme.com/2025/cleanin/main-html/assets/images/resources/history-page-img4.jpg]
[unicktheme.com/2025/cleanin/main-html/assets/images/resources/history-page-img5.jpg]
[unicktheme.com/2025/cleanin/main-html/history.html]
[unicktheme.com/2025/cleanin/main-html/services-1.html]
[unicktheme.com/2025/cleanin/main-html/services-2.html]
[unicktheme.com/2025/cleanin/main-html/services-3.html]
[unicktheme.com/2025/cleanin/main-html/assets/images/services/services-v5-img7.jpg]
[unicktheme.com/2025/cleanin/main-html/services-4.html]
[unicktheme.com/2025/cleanin/main-html/assets/images/services/services-v5-img8.jpg]
[unicktheme.com/2025/cleanin/main-html/services-carousel.html]
[unicktheme.com/2025/cleanin/main-html/services-tab.html]
[unicktheme.com/2025/cleanin/main-html/assets/images/services/services-details-img1.jpg]
[unicktheme.com/2025/cleanin/main-html/assets/images/services/services-details-img2.jpg]
[unicktheme.com/2025/cleanin/main-html/assets/images/services/services-details-img3.jpg]
[unicktheme.com/2025/cleanin/main-html/assets/images/services/services-details-img4.jpg]
[unicktheme.com/2025/cleanin/main-html/assets/images/services/sidebar-contact-bg.jpg]
[unicktheme.com/2025/cleanin/main-html/house-cleaning.html]
[unicktheme.com/2025/cleanin/main-html/assets/images/services/services-details-img5.jpg]
[unicktheme.com/2025/cleanin/main-html/office-cleaning.html]
[unicktheme.com/2025/cleanin/main-html/assets/images/services/services-details-img6.jpg]
[unicktheme.com/2025/cleanin/main-html/commercial-cleaning.html]
[unicktheme.com/2025/cleanin/main-html/assets/images/services/services-details-img7.jpg]
[unicktheme.com/2025/cleanin/main-html/residential-cleaning.html]
[unicktheme.com/2025/cleanin/main-html/assets/images/services/services-details-img8.jpg]
[unicktheme.com/2025/cleanin/main-html/window-cleaning.html]
[unicktheme.com/2025/cleanin/main-html/assets/images/services/services-details-img9.jpg]
[unicktheme.com/2025/cleanin/main-html/carpet-cleaning.html]
[unicktheme.com/2025/cleanin/main-html/assets/images/services/services-details-img10.jpg]
[unicktheme.com/2025/cleanin/main-html/floor-cleaning.html]
[unicktheme.com/2025/cleanin/main-html/assets/images/services/services-details-img11.jpg]
[unicktheme.com/2025/cleanin/main-html/car-cleaning.html]
[unicktheme.com/2025/cleanin/main-html/assets/images/team/team-v1-img9.jpg]
[unicktheme.com/2025/cleanin/main-html/assets/images/team/team-v1-img10.jpg]
[unicktheme.com/2025/cleanin/main-html/assets/images/team/team-v1-img11.jpg]
[unicktheme.com/2025/cleanin/main-html/assets/images/team/team-v1-img12.jpg]
[unicktheme.com/2025/cleanin/main-html/team-1.html]
[unicktheme.com/2025/cleanin/main-html/assets/images/team/team-v2-img5.jpg]
[unicktheme.com/2025/cleanin/main-html/assets/images/team/team-v2-img6.jpg]
[unicktheme.com/2025/cleanin/main-html/assets/images/team/team-v2-img7.jpg]
[unicktheme.com/2025/cleanin/main-html/assets/images/team/team-v2-img8.jpg]
[unicktheme.com/2025/cleanin/main-html/team-2.html]
[unicktheme.com/2025/cleanin/main-html/assets/images/team/team-v3-img4.jpg]
[unicktheme.com/2025/cleanin/main-html/assets/images/team/team-v3-img5.jpg]
[unicktheme.com/2025/cleanin/main-html/assets/images/team/team-v3-img6.jpg]
[unicktheme.com/2025/cleanin/main-html/team-3.html]
[unicktheme.com/2025/cleanin/main-html/assets/images/team/team-v4-img5.jpg]
[unicktheme.com/2025/cleanin/main-html/assets/images/team/team-v4-img6.jpg]
[unicktheme.com/2025/cleanin/main-html/assets/images/team/team-v4-img7.jpg]
[unicktheme.com/2025/cleanin/main-html/assets/images/team/team-v4-img8.jpg]
[unicktheme.com/2025/cleanin/main-html/team-4.html]
[unicktheme.com/2025/cleanin/main-html/team-carousel.html]
[unicktheme.com/2025/cleanin/main-html/assets/images/team/team-details-img1.jpg]
[unicktheme.com/2025/cleanin/main-html/team-details.html]
[unicktheme.com/2025/cleanin/main-html/assets/images/project/project-v1-img6.jpg]
[unicktheme.com/2025/cleanin/main-html/assets/images/project/project-v1-img7.jpg]
[unicktheme.com/2025/cleanin/main-html/assets/images/project/project-v1-img8.jpg]
[unicktheme.com/2025/cleanin/main-html/assets/images/project/project-v1-img9.jpg]
[unicktheme.com/2025/cleanin/main-html/assets/images/project/project-v1-img10.jpg]
[unicktheme.com/2025/cleanin/main-html/assets/images/project/project-v1-img11.jpg]
[unicktheme.com/2025/cleanin/main-html/project-1.html]
[unicktheme.com/2025/cleanin/main-html/assets/images/project/project-v3-img6.jpg]
[unicktheme.com/2025/cleanin/main-html/assets/images/project/project-v3-img7.jpg]
[unicktheme.com/2025/cleanin/main-html/assets/images/project/project-v3-img8.jpg]
[unicktheme.com/2025/cleanin/main-html/assets/images/project/project-v3-img9.jpg]
[unicktheme.com/2025/cleanin/main-html/assets/images/project/project-v3-img10.jpg]
[unicktheme.com/2025/cleanin/main-html/project-2.html]
[unicktheme.com/2025/cleanin/main-html/project-3.html]
[unicktheme.com/2025/cleanin/main-html/project-carousel.html]
[unicktheme.com/2025/cleanin/main-html/project-masonry.html]
[unicktheme.com/2025/cleanin/main-html/assets/images/project/projects-details-img1.jpg]
[unicktheme.com/2025/cleanin/main-html/assets/images/project/projects-details-img2.jpg]
[unicktheme.com/2025/cleanin/main-html/assets/images/project/projects-details-img3.jpg]
[unicktheme.com/2025/cleanin/main-html/assets/images/project/projects-details-img4.jpg]
[unicktheme.com/2025/cleanin/main-html/assets/images/project/projects-details-img5.jpg]
[unicktheme.com/2025/cleanin/main-html/assets/images/project/projects-details-img6.jpg]
[unicktheme.com/2025/cleanin/main-html/assets/images/blog/recent-post-img2.jpg]
[unicktheme.com/2025/cleanin/main-html/assets/images/blog/recent-post-img3.jpg]
[unicktheme.com/2025/cleanin/main-html/assets/images/blog/recent-post-img1.jpg]
[unicktheme.com/2025/cleanin/main-html/projects-details.html]
[unicktheme.com/2025/cleanin/main-html/assets/images/testimonial/testimonial-v1-img4.jpg]
[unicktheme.com/2025/cleanin/main-html/assets/images/testimonial/testimonial-v1-img5.jpg]
[unicktheme.com/2025/cleanin/main-html/assets/images/testimonial/testimonial-v1-img6.jpg]
[unicktheme.com/2025/cleanin/main-html/assets/images/testimonial/testimonial-v1-img7.jpg]
[unicktheme.com/2025/cleanin/main-html/assets/images/testimonial/testimonial-v1-img8.jpg]
[unicktheme.com/2025/cleanin/main-html/assets/images/testimonial/testimonial-v1-img9.jpg]
[unicktheme.com/2025/cleanin/main-html/testimonials-1.html]
[unicktheme.com/2025/cleanin/main-html/assets/images/testimonial/testimonial-v2-img4.jpg]
[unicktheme.com/2025/cleanin/main-html/assets/images/testimonial/testimonial-v2-img5.jpg]
[unicktheme.com/2025/cleanin/main-html/assets/images/testimonial/testimonial-v2-img6.jpg]
[unicktheme.com/2025/cleanin/main-html/assets/images/testimonial/testimonial-v2-img7.jpg]
[unicktheme.com/2025/cleanin/main-html/assets/images/testimonial/testimonial-v2-img8.jpg]
[unicktheme.com/2025/cleanin/main-html/assets/images/testimonial/testimonial-v2-img9.jpg]
[unicktheme.com/2025/cleanin/main-html/testimonials-2.html]
[unicktheme.com/2025/cleanin/main-html/assets/images/testimonial/testimonial-v3-img3.jpg]
[unicktheme.com/2025/cleanin/main-html/assets/images/testimonial/testimonial-v3-img4.jpg]
[unicktheme.com/2025/cleanin/main-html/assets/images/testimonial/testimonial-v3-img5.jpg]
[unicktheme.com/2025/cleanin/main-html/assets/images/testimonial/testimonial-v3-img6.jpg]
[unicktheme.com/2025/cleanin/main-html/testimonials-3.html]
[unicktheme.com/2025/cleanin/main-html/testimonials-carousel.html]
[unicktheme.com/2025/cleanin/main-html/pricing.html]
[unicktheme.com/2025/cleanin/main-html/pricing-carousel.html]
[unicktheme.com/2025/cleanin/main-html/pricing-calculator.html]
[unicktheme.com/2025/cleanin/main-html/assets/images/resources/gallery-v1-img6.jpg]
[unicktheme.com/2025/cleanin/main-html/assets/images/resources/gallery-v1-img7.jpg]
[unicktheme.com/2025/cleanin/main-html/assets/images/resources/gallery-v1-img8.jpg]
[unicktheme.com/2025/cleanin/main-html/assets/images/resources/gallery-v1-img9.jpg]
[unicktheme.com/2025/cleanin/main-html/assets/images/resources/gallery-v1-img10.jpg]
[unicktheme.com/2025/cleanin/main-html/assets/images/resources/gallery-v1-img11.jpg]
[unicktheme.com/2025/cleanin/main-html/assets/images/resources/gallery-v1-img12.jpg]
[unicktheme.com/2025/cleanin/main-html/assets/images/resources/gallery-v1-img13.jpg]
[unicktheme.com/2025/cleanin/main-html/assets/images/resources/gallery-v1-img14.jpg]
[unicktheme.com/2025/cleanin/main-html/gallery.html]
[unicktheme.com/2025/cleanin/main-html/gallery-carousel.html]
[unicktheme.com/2025/cleanin/main-html/faq.html]
[unicktheme.com/2025/cleanin/main-html/client.html]
[unicktheme.com/2025/cleanin/main-html/assets/images/pattern/error-page-pattern.png]
[unicktheme.com/2025/cleanin/main-html/404.html]
[unicktheme.com/2025/cleanin/main-html/assets/images/backgrounds/coming-soon-page-bg.jpg]
[unicktheme.com/2025/cleanin/main-html/coming-soon.html]
[unicktheme.com/2025/cleanin/main-html/privacy.html]
[unicktheme.com/2025/cleanin/main-html/assets/images/shop/product-thumb-1.jpg]
[unicktheme.com/2025/cleanin/main-html/assets/images/shop/product-thumb-2.jpg]
[unicktheme.com/2025/cleanin/main-html/assets/images/shop/product-thumb-3.jpg]
[unicktheme.com/2025/cleanin/main-html/assets/images/shop/product-thumb-4.jpg]
[unicktheme.com/2025/cleanin/main-html/assets/images/shop/shop-product-1-1.jpg]
[unicktheme.com/2025/cleanin/main-html/assets/images/shop/shop-product-1-2.jpg]
[unicktheme.com/2025/cleanin/main-html/assets/images/shop/shop-product-1-3.jpg]
[unicktheme.com/2025/cleanin/main-html/assets/images/shop/shop-product-1-4.jpg]
[unicktheme.com/2025/cleanin/main-html/assets/images/shop/shop-product-1-5.jpg]
[unicktheme.com/2025/cleanin/main-html/assets/images/shop/shop-product-1-6.jpg]
[unicktheme.com/2025/cleanin/main-html/assets/images/shop/shop-product-1-7.jpg]
[unicktheme.com/2025/cleanin/main-html/assets/images/shop/shop-product-1-8.jpg]
[unicktheme.com/2025/cleanin/main-html/assets/images/shop/shop-product-1-9.jpg]
[unicktheme.com/2025/cleanin/main-html/assets/images/shop/shop-product-2-1.jpg]
[unicktheme.com/2025/cleanin/main-html/assets/images/shop/shop-product-2-2.jpg]
[unicktheme.com/2025/cleanin/main-html/assets/images/shop/shop-product-2-4.jpg]
[unicktheme.com/2025/cleanin/main-html/assets/images/shop/shop-product-2-3.jpg]
[unicktheme.com/2025/cleanin/main-html/assets/images/shop/shop-product-2-5.jpg]
[unicktheme.com/2025/cleanin/main-html/assets/images/shop/shop-product-2-6.jpg]
[unicktheme.com/2025/cleanin/main-html/assets/images/shop/shop-product-2-8.jpg]
[unicktheme.com/2025/cleanin/main-html/assets/images/shop/shop-product-2-7.jpg]
[unicktheme.com/2025/cleanin/main-html/assets/images/shop/shop-product-2-9.jpg]
[unicktheme.com/2025/cleanin/main-html/products-left.html]
[unicktheme.com/2025/cleanin/main-html/products-right.html]
[unicktheme.com/2025/cleanin/main-html/products.html]
[unicktheme.com/2025/cleanin/main-html/assets/images/shop/product-details-img-1.jpg]
[unicktheme.com/2025/cleanin/main-html/assets/images/shop/product-details-img-2.jpg]
[unicktheme.com/2025/cleanin/main-html/assets/images/shop/product-details-img-3.jpg]
[unicktheme.com/2025/cleanin/main-html/assets/images/shop/product-details-thumb-img-1.jpg]
[unicktheme.com/2025/cleanin/main-html/assets/images/shop/product-details-thumb-img-2.jpg]
[unicktheme.com/2025/cleanin/main-html/assets/images/shop/product-details-thumb-img-3.jpg]
[unicktheme.com/2025/cleanin/main-html/assets/images/shop/review-1-1.jpg]
[unicktheme.com/2025/cleanin/main-html/assets/images/shop/review-1-2.jpg]
[unicktheme.com/2025/cleanin/main-html/product-details.html]
[unicktheme.com/2025/cleanin/main-html/assets/images/shop/cart-page-img-1.jpg]
[unicktheme.com/2025/cleanin/main-html/assets/images/shop/cart-page-img-2.jpg]
[unicktheme.com/2025/cleanin/main-html/assets/images/shop/cart-page-img-3.jpg]
[unicktheme.com/2025/cleanin/main-html/assets/images/shop/cart-page-img-4.jpg]
[unicktheme.com/2025/cleanin/main-html/assets/images/shop/cart-page-img-5.jpg]
[unicktheme.com/2025/cleanin/main-html/cart.html]
[unicktheme.com/2025/cleanin/main-html/checkout.html]
[unicktheme.com/2025/cleanin/main-html/assets/images/shop/wishlist-page-img-1.jpg]
[unicktheme.com/2025/cleanin/main-html/assets/images/shop/wishlist-page-img-2.jpg]
[unicktheme.com/2025/cleanin/main-html/assets/images/shop/wishlist-page-img-3.jpg]
[unicktheme.com/2025/cleanin/main-html/assets/images/shop/wishlist-page-img-4.jpg]
[unicktheme.com/2025/cleanin/main-html/wishlist.html]
[unicktheme.com/2025/cleanin/main-html/assets/images/icon/icon-google-2.png]
[unicktheme.com/2025/cleanin/main-html/sign-up.html]
[unicktheme.com/2025/cleanin/main-html/assets/images/icon/icon-facebook.png]
[unicktheme.com/2025/cleanin/main-html/login.html]
[unicktheme.com/2025/cleanin/main-html/assets/images/blog/blog-v1-img4.jpg]
[unicktheme.com/2025/cleanin/main-html/assets/images/blog/blog-v1-img5.jpg]
[unicktheme.com/2025/cleanin/main-html/assets/images/blog/blog-v1-img6.jpg]
[unicktheme.com/2025/cleanin/main-html/assets/images/blog/blog-v1-img7.jpg]
[unicktheme.com/2025/cleanin/main-html/assets/images/blog/blog-v1-img8.jpg]
[unicktheme.com/2025/cleanin/main-html/assets/images/blog/blog-v1-img9.jpg]
[unicktheme.com/2025/cleanin/main-html/blog-1.html]
[unicktheme.com/2025/cleanin/main-html/assets/images/blog/blog-v2-img4.jpg]
[unicktheme.com/2025/cleanin/main-html/assets/images/blog/blog-v2-img5.jpg]
[unicktheme.com/2025/cleanin/main-html/assets/images/blog/blog-v2-img6.jpg]
[unicktheme.com/2025/cleanin/main-html/assets/images/blog/blog-v2-img7.jpg]
[unicktheme.com/2025/cleanin/main-html/assets/images/blog/blog-v2-img8.jpg]
[unicktheme.com/2025/cleanin/main-html/assets/images/blog/blog-v2-img9.jpg]
[unicktheme.com/2025/cleanin/main-html/blog-2.html]
[unicktheme.com/2025/cleanin/main-html/assets/images/blog/blog-v3-img4.jpg]
[unicktheme.com/2025/cleanin/main-html/assets/images/blog/blog-v3-img5.jpg]
[unicktheme.com/2025/cleanin/main-html/assets/images/blog/blog-v3-img6.jpg]
[unicktheme.com/2025/cleanin/main-html/assets/images/blog/blog-v3-img7.jpg]
[unicktheme.com/2025/cleanin/main-html/assets/images/blog/blog-v3-img8.jpg]
[unicktheme.com/2025/cleanin/main-html/assets/images/blog/blog-v3-img9.jpg]
[unicktheme.com/2025/cleanin/main-html/blog-3.html]
[unicktheme.com/2025/cleanin/main-html/blog-carousel.html]
[unicktheme.com/2025/cleanin/main-html/blog-left-sidebar.html]
[unicktheme.com/2025/cleanin/main-html/blog-right-sidebar.html]
[unicktheme.com/2025/cleanin/main-html/assets/images/blog/blog-list-img1.jpg]
[unicktheme.com/2025/cleanin/main-html/assets/images/blog/blog-list-img2.jpg]
[unicktheme.com/2025/cleanin/main-html/assets/images/blog/blog-list-img3.jpg]
[unicktheme.com/2025/cleanin/main-html/assets/images/blog/blog-list-img4.jpg]
[unicktheme.com/2025/cleanin/main-html/assets/images/blog/blog-list-img5.jpg]
[unicktheme.com/2025/cleanin/main-html/assets/images/blog/blog-list-img6.jpg]
[unicktheme.com/2025/cleanin/main-html/assets/images/blog/blog-list-img7.jpg]
[unicktheme.com/2025/cleanin/main-html/blog-list-left.html]
[unicktheme.com/2025/cleanin/main-html/blog-list-right.html]
[unicktheme.com/2025/cleanin/main-html/blog-list.html]
[unicktheme.com/2025/cleanin/main-html/assets/images/blog/blog-standard-img2.jpg]
[unicktheme.com/2025/cleanin/main-html/assets/images/blog/blog-standard-img1.jpg]
[unicktheme.com/2025/cleanin/main-html/assets/images/blog/blog-standard-img3.jpg]
[unicktheme.com/2025/cleanin/main-html/assets/images/blog/blog-standard-img4.jpg]
[unicktheme.com/2025/cleanin/main-html/assets/images/blog/blog-standard-img5.jpg]
[unicktheme.com/2025/cleanin/main-html/blog-standard-left.html]
[unicktheme.com/2025/cleanin/main-html/blog-standard-right.html]
[unicktheme.com/2025/cleanin/main-html/blog-standard.html]
[unicktheme.com/2025/cleanin/main-html/assets/images/blog/blog-details-img7.jpg]
[unicktheme.com/2025/cleanin/main-html/assets/images/blog/blog-details-img1.jpg]
[unicktheme.com/2025/cleanin/main-html/assets/images/blog/blog-details-img2.jpg]
[unicktheme.com/2025/cleanin/main-html/assets/images/blog/blog-details-img3.jpg]
[unicktheme.com/2025/cleanin/main-html/assets/images/blog/blog-details-img4.jpg]
[unicktheme.com/2025/cleanin/main-html/assets/images/blog/blog-details-img5.jpg]
[unicktheme.com/2025/cleanin/main-html/assets/images/blog/blog-details-img6.jpg]
[unicktheme.com/2025/cleanin/main-html/blog-details-left.html]
[unicktheme.com/2025/cleanin/main-html/blog-details-right.html]
[unicktheme.com/2025/cleanin/main-html/blog-details.html]
[unicktheme.com/2025/cleanin/main-html/contact-1.html]
[unicktheme.com/2025/cleanin/main-html/contact-2.html]
[unicktheme.com/2025/cleanin/main-html/contact.html]
[unicktheme.com/2025/cleanin/main-html/assets/fonts/icomoon78ed.svg]
[unicktheme.com/2025/cleanin/main-html/assets/fonts/fa-brands-400.html]
[unicktheme.com/2025/cleanin/main-html/assets/fonts/fa-light-300.html]
[unicktheme.com/2025/cleanin/main-html/assets/fonts/fa-light-300d41d.html]
[unicktheme.com/2025/cleanin/main-html/assets/fonts/fa-light-301.html]
[unicktheme.com/2025/cleanin/main-html/assets/fonts/fa-light-302.html]
[unicktheme.com/2025/cleanin/main-html/assets/fonts/fa-regular-400.html]
[unicktheme.com/2025/cleanin/main-html/assets/fonts/fa-regular-401.html]
[unicktheme.com/2025/cleanin/main-html/assets/fonts/fa-solid-900.html]
[unicktheme.com/2025/cleanin/main-html/assets/fonts/fa-solid-900d41d.html]
[unicktheme.com/2025/cleanin/main-html/assets/fonts/fa-solid-901.html]
[unicktheme.com/2025/cleanin/main-html/assets/fonts/fa-solid-902.html]
[unicktheme.com/2025/cleanin/main-html/assets/css/owl.video.play.html]
[unicktheme.com/2025/cleanin/main-html/assets/css/twentytwenty.css]
[unicktheme.com/2025/cleanin/main-html/assets/css/04-dark.css]
