[askbootstrap.com/preview/adopet/home.html]
[askbootstrap.com/preview/adopet/img/logo.png]
[backblue.gif]
[fade.gif]
[index.html]
[askbootstrap.com/preview/adopet/vender/bootstrap/css/bootstrap.min.css]
[cdn.jsdelivr.net/npm/bootstrap-icons@1.10.3/font/bootstrap-icons.css]
[askbootstrap.com/preview/adopet/vender/sidebar/demo.css]
[askbootstrap.com/preview/adopet/vender/materialdesign/css/materialdesignicons.min.css]
[askbootstrap.com/preview/adopet/css/style.css]
[askbootstrap.com/preview/adopet/pet-search.html]
[askbootstrap.com/preview/adopet/notification.html]
[askbootstrap.com/preview/adopet/favorite.html]
[askbootstrap.com/preview/adopet/img/banner.png]
[askbootstrap.com/preview/adopet/img/list/1.png]
[askbootstrap.com/preview/adopet/pet-datils.html]
[askbootstrap.com/preview/adopet/img/list/2.png]
[askbootstrap.com/preview/adopet/img/list/3.png]
[askbootstrap.com/preview/adopet/img/list/4.png]
[askbootstrap.com/preview/adopet/img/list/5.png]
[askbootstrap.com/preview/adopet/img/list/6.png]
[askbootstrap.com/preview/adopet/map.html]
[askbootstrap.com/preview/adopet/message.html]
[askbootstrap.com/preview/adopet/account.html]
[askbootstrap.com/preview/adopet/img/avatar/2.jpg]
[askbootstrap.com/preview/adopet/index.html]
[askbootstrap.com/preview/adopet/intro-1.html]
[askbootstrap.com/preview/adopet/login.html]
[askbootstrap.com/preview/adopet/register.html]
[askbootstrap.com/preview/adopet/step-1.html]
[askbootstrap.com/preview/adopet/step-2.html]
[askbootstrap.com/preview/adopet/step-3.html]
[askbootstrap.com/preview/adopet/step-4.html]
[askbootstrap.com/preview/adopet/login-input.html]
[askbootstrap.com/preview/adopet/otp-code.html]
[askbootstrap.com/preview/adopet/secure-account.html]
[askbootstrap.com/preview/adopet/forget-password.html]
[askbootstrap.com/preview/adopet/search-result.html]
[askbootstrap.com/preview/adopet/owner-organiztion.html]
[askbootstrap.com/preview/adopet/my-preferences.html]
[askbootstrap.com/preview/adopet/rabbits-details.html]
[askbootstrap.com/preview/adopet/chat.html]
[askbootstrap.com/preview/adopet/audio-call.html]
[askbootstrap.com/preview/adopet/video-call.html]
[askbootstrap.com/preview/adopet/my-profile.html]
[askbootstrap.com/preview/adopet/linked-account.html]
[askbootstrap.com/preview/adopet/data-analytics.html]
[askbootstrap.com/preview/adopet/account-security.html]
[askbootstrap.com/preview/adopet/profile-notification.html]
[askbootstrap.com/preview/adopet/contact-support.html]
[askbootstrap.com/preview/adopet/help-support.html]
[askbootstrap.com/preview/adopet/faq.html]
[askbootstrap.com/preview/adopet/app-language.html]
[askbootstrap.com/preview/adopet/terms-service.html]
[askbootstrap.com/preview/adopet/privacy-policy.html]
[askbootstrap.com/preview/adopet/app-appearance.html]
[askbootstrap.com/preview/adopet/vender/bootstrap/js/bootstrap.bundle.min.js]
[askbootstrap.com/preview/adopet/vender/jquery/jquery.min.js]
[askbootstrap.com/preview/adopet/vender/sidebar/hc-offcanvas-nav.js]
[askbootstrap.com/preview/adopet/js/script.js]
[askbootstrap.com/preview/adopet/home.html]
[askbootstrap.com/preview/adopet/vender/bootstrap/css/bootstrap.min.css]
[askbootstrap.com/cdn-cgi/scripts/7d0fa10a/cloudflare-static/rocket-loader.min.js]
[cdn.jsdelivr.net/npm/bootstrap-icons@1.10.3/font/fonts/bootstrap-iconsbf04.woff2]
[cdn.jsdelivr.net/npm/bootstrap-icons@1.10.3/font/fonts/bootstrap-iconsbf04.woff]
[cdn.jsdelivr.net/npm/bootstrap-icons@1.10.3/font/bootstrap-icons.css]
[askbootstrap.com/preview/adopet/vender/sidebar/demo.css]
[askbootstrap.com/preview/adopet/vender/materialdesign/fonts/materialdesignicons-webfont3ba9.eot]
[askbootstrap.com/preview/adopet/vender/materialdesign/fonts/materialdesignicons-webfont3ba9.woff2]
[askbootstrap.com/preview/adopet/vender/materialdesign/fonts/materialdesignicons-webfont3ba9.ttf]
[askbootstrap.com/preview/adopet/vender/materialdesign/css/materialdesignicons.min.css]
[askbootstrap.com/preview/adopet/vender/materialdesign/fonts/materialdesignicons-webfont3ba9.woff]
[askbootstrap.com/preview/adopet/img/call-bg.jpg]
[askbootstrap.com/preview/adopet/css/style.css]
[askbootstrap.com/preview/adopet/pet-search.html]
[askbootstrap.com/preview/adopet/notification.html]
[askbootstrap.com/preview/adopet/favorite.html]
[askbootstrap.com/preview/adopet/img/list/11.jpg]
[askbootstrap.com/preview/adopet/vender/materialdesign/fonts/materialdesignicons-webfontd41d.eot]
[askbootstrap.com/preview/adopet/img/list/22.jpg]
[askbootstrap.com/preview/adopet/img/list/33.jpg]
[askbootstrap.com/preview/adopet/img/avatar/4.jpg]
[askbootstrap.com/preview/adopet/pet-datils.html]
[askbootstrap.com/preview/adopet/map.html]
[askbootstrap.com/preview/adopet/img/avatar/1.jpg]
[askbootstrap.com/preview/adopet/img/avatar/3.jpg]
[askbootstrap.com/preview/adopet/img/avatar/5.jpg]
[askbootstrap.com/preview/adopet/message.html]
[askbootstrap.com/preview/adopet/account.html]
[askbootstrap.com/preview/adopet/index.html]
[askbootstrap.com/preview/adopet/intro-1.html]
[askbootstrap.com/preview/adopet/login.html]
[askbootstrap.com/preview/adopet/register.html]
[askbootstrap.com/preview/adopet/step-1.html]
[askbootstrap.com/preview/adopet/step-2.html]
[askbootstrap.com/preview/adopet/step-3.html]
[askbootstrap.com/cdn-cgi/scripts/5c5dd728/cloudflare-static/email-decode.min.js]
[askbootstrap.com/preview/adopet/img/app-language/app-language-1.png]
[askbootstrap.com/preview/adopet/step-4.html]
[askbootstrap.com/preview/adopet/login-input.html]
[askbootstrap.com/preview/adopet/otp-code.html]
[askbootstrap.com/preview/adopet/img/welcome.png]
[askbootstrap.com/preview/adopet/secure-account.html]
[askbootstrap.com/preview/adopet/forget-password.html]
[askbootstrap.com/preview/adopet/search-result.html]
[askbootstrap.com/preview/adopet/owner-organiztion.html]
[askbootstrap.com/preview/adopet/my-preferences.html]
[askbootstrap.com/preview/adopet/rabbits-details.html]
[askbootstrap.com/preview/adopet/chat.html]
[askbootstrap.com/preview/adopet/audio-call.html]
[askbootstrap.com/preview/adopet/img/call.jpg]
[askbootstrap.com/preview/adopet/video-call.html]
[askbootstrap.com/preview/adopet/my-profile.html]
[askbootstrap.com/preview/adopet/linked-account.html]
[askbootstrap.com/preview/adopet/data-analytics.html]
[askbootstrap.com/preview/adopet/account-security.html]
[askbootstrap.com/preview/adopet/profile-notification.html]
[askbootstrap.com/preview/adopet/contact-support.html]
[askbootstrap.com/preview/adopet/contact-Support-2.html]
[askbootstrap.com/preview/adopet/privacy--policy.html]
[askbootstrap.com/preview/adopet/help-support.html]
[askbootstrap.com/preview/adopet/faq.html]
[askbootstrap.com/preview/adopet/img/app-language/app-language-2.png]
[askbootstrap.com/preview/adopet/img/app-language/app-language-3.png]
[askbootstrap.com/preview/adopet/img/app-language/app-language-4.png]
[askbootstrap.com/preview/adopet/img/app-language/app-language-5.png]
[askbootstrap.com/preview/adopet/img/app-language/app-language-6.png]
[askbootstrap.com/preview/adopet/img/app-language/app-language-7.png]
[askbootstrap.com/preview/adopet/img/app-language/app-language-8.png]
[askbootstrap.com/preview/adopet/img/app-language/app-language-9.png]
[askbootstrap.com/preview/adopet/app-language.html]
[askbootstrap.com/preview/adopet/terms-service.html]
[askbootstrap.com/preview/adopet/privacy-policy.html]
[askbootstrap.com/preview/adopet/app-appearance.html]
[askbootstrap.com/preview/adopet/vender/bootstrap/js/bootstrap.bundle.min.js]
[askbootstrap.com/preview/adopet/vender/jquery/jquery.min.js]
[askbootstrap.com/preview/adopet/vender/sidebar/hc-offcanvas-nav.js]
[askbootstrap.com/preview/adopet/js/script.js]
[askbootstrap.com/preview/adopet/img/welcome.html]
[askbootstrap.com/preview/adopet/contact-Support-2.html]
[askbootstrap.com/preview/adopet/privacy--policy.html]
