[azim.hostlin.com/Kiddex/index.html]
[backblue.gif]
[fade.gif]
[index.html]
[azim.hostlin.com/Kiddex/assets/images/favicon.ico]
[azim.hostlin.com/Kiddex/assets/css/font-awesome-all.css]
[azim.hostlin.com/Kiddex/assets/css/flaticon.css]
[azim.hostlin.com/Kiddex/assets/css/owl.css]
[azim.hostlin.com/Kiddex/assets/css/bootstrap.css]
[azim.hostlin.com/Kiddex/assets/css/jquery.fancybox.min.css]
[azim.hostlin.com/Kiddex/assets/css/animate.css]
[azim.hostlin.com/Kiddex/assets/css/nice-select.css]
[azim.hostlin.com/Kiddex/assets/css/elpath.css]
[azim.hostlin.com/Kiddex/assets/css/color.css]
[azim.hostlin.com/Kiddex/assets/css/rtl.css]
[azim.hostlin.com/Kiddex/assets/css/style.css]
[azim.hostlin.com/Kiddex/assets/css/module-css/header.css]
[azim.hostlin.com/Kiddex/assets/css/module-css/banner.css]
[azim.hostlin.com/Kiddex/assets/css/module-css/category.css]
[azim.hostlin.com/Kiddex/assets/css/module-css/featured.css]
[azim.hostlin.com/Kiddex/assets/css/module-css/popular-product.css]
[azim.hostlin.com/Kiddex/assets/css/module-css/deals.css]
[azim.hostlin.com/Kiddex/assets/css/module-css/shop.css]
[azim.hostlin.com/Kiddex/assets/css/module-css/collection.css]
[azim.hostlin.com/Kiddex/assets/css/module-css/testimonial.css]
[azim.hostlin.com/Kiddex/assets/css/module-css/news.css]
[azim.hostlin.com/Kiddex/assets/css/module-css/footer.css]
[azim.hostlin.com/Kiddex/assets/css/responsive.css]
[azim.hostlin.com/Kiddex/assets/images/resource/cart-1.png]
[azim.hostlin.com/Kiddex/shop-details.html]
[azim.hostlin.com/Kiddex/assets/images/resource/cart-2.png]
[azim.hostlin.com/Kiddex/assets/images/resource/cart-3.png]
[azim.hostlin.com/Kiddex/cart.html]
[azim.hostlin.com/Kiddex/checkout.html]
[azim.hostlin.com/Kiddex/assets/images/icons/icon-1.png]
[azim.hostlin.com/Kiddex/assets/images/shape/shape-1.png]
[azim.hostlin.com/Kiddex/assets/images/logo.png]
[azim.hostlin.com/Kiddex/index-2.html]
[azim.hostlin.com/Kiddex/index-3.html]
[azim.hostlin.com/Kiddex/index-4.html]
[azim.hostlin.com/Kiddex/index-5.html]
[azim.hostlin.com/Kiddex/blog.html]
[azim.hostlin.com/Kiddex/shop.html]
[azim.hostlin.com/Kiddex/shop-2.html]
[azim.hostlin.com/Kiddex/shop-3.html]
[azim.hostlin.com/Kiddex/shop-4.html]
[azim.hostlin.com/Kiddex/shop-5.html]
[azim.hostlin.com/Kiddex/shop-6.html]
[azim.hostlin.com/Kiddex/shop-details-2.html]
[azim.hostlin.com/Kiddex/shop-details-3.html]
[azim.hostlin.com/Kiddex/shop-details-4.html]
[azim.hostlin.com/Kiddex/account.html]
[azim.hostlin.com/Kiddex/assets/images/resource/ads-7.png]
[azim.hostlin.com/Kiddex/about.html]
[azim.hostlin.com/Kiddex/login.html]
[azim.hostlin.com/Kiddex/signup.html]
[azim.hostlin.com/Kiddex/search.html]
[azim.hostlin.com/Kiddex/error.html]
[azim.hostlin.com/Kiddex/blog-2.html]
[azim.hostlin.com/Kiddex/blog-details.html]
[azim.hostlin.com/Kiddex/contact.html]
[azim.hostlin.com/Kiddex/assets/images/icons/category-1.png]
[azim.hostlin.com/Kiddex/assets/images/icons/category-2.png]
[azim.hostlin.com/Kiddex/assets/images/icons/category-3.png]
[azim.hostlin.com/Kiddex/assets/images/icons/category-4.png]
[azim.hostlin.com/Kiddex/assets/images/icons/category-5.png]
[azim.hostlin.com/Kiddex/assets/images/icons/category-6.png]
[azim.hostlin.com/Kiddex/assets/images/icons/category-7.png]
[azim.hostlin.com/Kiddex/assets/images/icons/category-8.png]
[azim.hostlin.com/Kiddex/assets/images/icons/category-9.png]
[azim.hostlin.com/Kiddex/assets/images/icons/category-10.png]
[azim.hostlin.com/Kiddex/assets/images/icons/category-11.png]
[azim.hostlin.com/Kiddex/assets/images/icons/category-12.png]
[azim.hostlin.com/Kiddex/assets/images/shape/shape-21.png]
[azim.hostlin.com/Kiddex/assets/images/shape/shape-3.png]
[azim.hostlin.com/Kiddex/assets/images/shape/shape-4.png]
[azim.hostlin.com/Kiddex/assets/images/shape/shape-5.png]
[azim.hostlin.com/Kiddex/assets/images/shape/shape-6.png]
[azim.hostlin.com/Kiddex/assets/images/shape/shape-7.png]
[azim.hostlin.com/Kiddex/assets/images/shape/shape-8.png]
[azim.hostlin.com/Kiddex/assets/images/shape/shape-9.png]
[azim.hostlin.com/Kiddex/assets/images/shape/shape-10.png]
[azim.hostlin.com/Kiddex/assets/images/banner/banner-img-1.png]
[azim.hostlin.com/Kiddex/assets/images/shape/shape-18.png]
[azim.hostlin.com/Kiddex/assets/images/shape/shape-17.png]
[azim.hostlin.com/Kiddex/assets/images/shape/shape-11.png]
[azim.hostlin.com/Kiddex/assets/images/resource/category-1.png]
[azim.hostlin.com/Kiddex/assets/images/shape/shape-12.png]
[azim.hostlin.com/Kiddex/assets/images/resource/category-2.png]
[azim.hostlin.com/Kiddex/assets/images/shape/shape-13.png]
[azim.hostlin.com/Kiddex/assets/images/resource/category-3.png]
[azim.hostlin.com/Kiddex/assets/images/shape/shape-14.png]
[azim.hostlin.com/Kiddex/assets/images/resource/category-4.png]
[azim.hostlin.com/Kiddex/assets/images/shape/shape-15.png]
[azim.hostlin.com/Kiddex/assets/images/resource/category-5.png]
[azim.hostlin.com/Kiddex/assets/images/shape/shape-16.png]
[azim.hostlin.com/Kiddex/assets/images/resource/category-6.png]
[azim.hostlin.com/Kiddex/assets/images/resource/feature-1.png]
[azim.hostlin.com/Kiddex/assets/images/resource/feature-2.png]
[azim.hostlin.com/Kiddex/assets/images/resource/feature-3.png]
[azim.hostlin.com/Kiddex/assets/images/shape/shape-19.png]
[azim.hostlin.com/Kiddex/assets/images/shape/shape-20.png]
[azim.hostlin.com/Kiddex/assets/images/shop/shop-1.png]
[azim.hostlin.com/Kiddex/assets/images/shop/shop-2.png]
[azim.hostlin.com/Kiddex/assets/images/shop/shop-3.png]
[azim.hostlin.com/Kiddex/assets/images/shop/shop-4.png]
[azim.hostlin.com/Kiddex/assets/images/shop/shop-5.png]
[azim.hostlin.com/Kiddex/assets/images/shape/shape-24.png]
[azim.hostlin.com/Kiddex/assets/images/shape/shape-25.png]
[azim.hostlin.com/Kiddex/assets/images/shape/shape-22.png]
[azim.hostlin.com/Kiddex/assets/images/resource/deals-1.jpg]
[azim.hostlin.com/Kiddex/assets/images/resource/deals-2.jpg]
[azim.hostlin.com/Kiddex/assets/images/shape/shape-26.png]
[azim.hostlin.com/Kiddex/assets/images/shape/shape-27.png]
[azim.hostlin.com/Kiddex/assets/images/resource/ads-1.jpg]
[azim.hostlin.com/Kiddex/assets/images/shop/shop-6.png]
[azim.hostlin.com/Kiddex/assets/images/shop/shop-7.png]
[azim.hostlin.com/Kiddex/assets/images/shop/shop-8.png]
[azim.hostlin.com/Kiddex/assets/images/shop/shop-9.png]
[azim.hostlin.com/Kiddex/assets/images/shop/shop-10.png]
[azim.hostlin.com/Kiddex/assets/images/shop/shop-11.png]
[azim.hostlin.com/Kiddex/assets/images/shop/shop-12.png]
[azim.hostlin.com/Kiddex/assets/images/shop/shop-13.png]
[azim.hostlin.com/Kiddex/assets/images/resource/feature-4.png]
[azim.hostlin.com/Kiddex/assets/images/resource/feature-5.png]
[azim.hostlin.com/Kiddex/assets/images/resource/feature-6.png]
[azim.hostlin.com/Kiddex/assets/images/shape/shape-28.png]
[azim.hostlin.com/Kiddex/assets/images/shape/shape-29.png]
[azim.hostlin.com/Kiddex/assets/images/shape/shape-30.png]
[azim.hostlin.com/Kiddex/assets/images/resource/collection-1.png]
[azim.hostlin.com/Kiddex/assets/images/resource/collection-2.png]
[azim.hostlin.com/Kiddex/assets/images/resource/collection-3.png]
[azim.hostlin.com/Kiddex/assets/images/resource/collection-4.png]
[azim.hostlin.com/Kiddex/assets/images/shape/shape-31.png]
[azim.hostlin.com/Kiddex/assets/images/resource/testimonial-1.png]
[azim.hostlin.com/Kiddex/assets/images/resource/testimonial-2.png]
[azim.hostlin.com/Kiddex/assets/images/resource/testimonial-3.png]
[azim.hostlin.com/Kiddex/assets/images/resource/testimonial-4.png]
[azim.hostlin.com/Kiddex/assets/images/resource/testimonial-5.png]
[azim.hostlin.com/Kiddex/assets/images/shape/shape-33.png]
[azim.hostlin.com/Kiddex/assets/images/news/news-1.png]
[azim.hostlin.com/Kiddex/assets/images/news/news-2.png]
[azim.hostlin.com/Kiddex/assets/images/news/news-3.png]
[azim.hostlin.com/Kiddex/assets/images/news/news-4.png]
[azim.hostlin.com/Kiddex/assets/images/shape/shape-34.png]
[azim.hostlin.com/Kiddex/assets/images/shape/shape-35.png]
[azim.hostlin.com/Kiddex/assets/images/shape/shape-36.png]
[azim.hostlin.com/Kiddex/assets/images/icons/card-1.png]
[azim.hostlin.com/Kiddex/assets/images/icons/card-2.png]
[azim.hostlin.com/Kiddex/assets/images/icons/card-3.png]
[azim.hostlin.com/Kiddex/assets/images/icons/card-4.png]
[azim.hostlin.com/Kiddex/assets/images/icons/card-5.png]
[azim.hostlin.com/Kiddex/assets/images/icons/card-6.png]
[azim.hostlin.com/Kiddex/assets/js/jquery.js]
[azim.hostlin.com/Kiddex/assets/js/bootstrap.min.js]
[azim.hostlin.com/Kiddex/assets/js/owl.js]
[azim.hostlin.com/Kiddex/assets/js/wow.js]
[azim.hostlin.com/Kiddex/assets/js/validation.js]
[azim.hostlin.com/Kiddex/assets/js/jquery.fancybox.js]
[azim.hostlin.com/Kiddex/assets/js/appear.js]
[azim.hostlin.com/Kiddex/assets/js/isotope.js]
[azim.hostlin.com/Kiddex/assets/js/parallax-scroll.js]
[azim.hostlin.com/Kiddex/assets/js/jquery.nice-select.min.js]
[azim.hostlin.com/Kiddex/assets/js/scrolltop.min.js]
[azim.hostlin.com/Kiddex/assets/js/language.js]
[azim.hostlin.com/Kiddex/assets/js/countdown.js]
[azim.hostlin.com/Kiddex/assets/js/jquery.bootstrap-touchspin.js]
[azim.hostlin.com/Kiddex/index.html]
[azim.hostlin.com/Kiddex/assets/js/script.js]
[azim.hostlin.com/Kiddex/assets/js/jquery-ui.js]
[azim.hostlin.com/Kiddex/assets/fonts/fa-brands-400.eot]
[azim.hostlin.com/Kiddex/assets/fonts/fa-brands-400d41d.eot]
[azim.hostlin.com/Kiddex/assets/fonts/fa-brands-400.woff2]
[azim.hostlin.com/Kiddex/assets/fonts/fa-brands-400.woff]
[azim.hostlin.com/Kiddex/assets/fonts/fa-brands-400.ttf]
[azim.hostlin.com/Kiddex/assets/fonts/fa-light-300.woff2]
[azim.hostlin.com/Kiddex/assets/fonts/fa-light-300.woff]
[azim.hostlin.com/Kiddex/assets/fonts/fa-regular-400.eot]
[azim.hostlin.com/Kiddex/assets/fonts/fa-regular-400d41d.eot]
[azim.hostlin.com/Kiddex/assets/fonts/fa-regular-400.woff2]
[azim.hostlin.com/Kiddex/assets/fonts/fa-regular-400.woff]
[azim.hostlin.com/Kiddex/assets/fonts/fa-solid-900.woff2]
[azim.hostlin.com/Kiddex/assets/fonts/fa-solid-900.woff]
[azim.hostlin.com/Kiddex/assets/css/font-awesome-all.css]
[azim.hostlin.com/Kiddex/assets/fonts/icomoon9a84.eot]
[azim.hostlin.com/Kiddex/assets/fonts/icomoon9a84.ttf]
[azim.hostlin.com/Kiddex/assets/fonts/icomoon9a84.woff]
[azim.hostlin.com/Kiddex/assets/css/flaticon.css]
[azim.hostlin.com/Kiddex/assets/fonts/icomoon9a84.svg]
[azim.hostlin.com/Kiddex/assets/css/owl.css]
[azim.hostlin.com/Kiddex/assets/css/bootstrap.css]
[azim.hostlin.com/Kiddex/assets/css/jquery.fancybox.min.css]
[azim.hostlin.com/Kiddex/assets/css/animate.css]
[azim.hostlin.com/Kiddex/assets/css/nice-select.css]
[azim.hostlin.com/Kiddex/assets/css/elpath.css]
[azim.hostlin.com/Kiddex/assets/css/color.css]
[azim.hostlin.com/Kiddex/assets/css/rtl.css]
[azim.hostlin.com/Kiddex/assets/images/icons/flag-deutsch.png]
[azim.hostlin.com/Kiddex/assets/images/icons/flag-english.png]
[azim.hostlin.com/Kiddex/assets/images/icons/flag-francais.png]
[azim.hostlin.com/Kiddex/assets/images/icons/flag-italiano.png]
[azim.hostlin.com/Kiddex/assets/images/shape/shape-32.png]
[azim.hostlin.com/Kiddex/assets/images/shape/shape-55.png]
[azim.hostlin.com/Kiddex/assets/css/style.css]
[azim.hostlin.com/Kiddex/assets/css/module-css/header.css]
[azim.hostlin.com/Kiddex/assets/css/module-css/banner.css]
[azim.hostlin.com/Kiddex/assets/css/module-css/category.css]
[azim.hostlin.com/Kiddex/assets/css/module-css/featured.css]
[azim.hostlin.com/Kiddex/assets/css/module-css/popular-product.css]
[azim.hostlin.com/Kiddex/assets/images/shape/shape-53.png]
[azim.hostlin.com/Kiddex/assets/css/module-css/deals.css]
[azim.hostlin.com/Kiddex/assets/css/module-css/shop.css]
[azim.hostlin.com/Kiddex/assets/css/module-css/collection.css]
[azim.hostlin.com/Kiddex/assets/css/module-css/testimonial.css]
[azim.hostlin.com/Kiddex/assets/css/module-css/news.css]
[azim.hostlin.com/Kiddex/assets/css/module-css/footer.css]
[azim.hostlin.com/Kiddex/assets/css/responsive.css]
[azim.hostlin.com/Kiddex/assets/css/jquery-ui.css]
[azim.hostlin.com/Kiddex/assets/css/module-css/shop-details.css]
[azim.hostlin.com/Kiddex/assets/css/module-css/subscribe.css]
[azim.hostlin.com/Kiddex/assets/images/shop/shop-details-1.png]
[azim.hostlin.com/Kiddex/assets/images/shop/thumb-1.png]
[azim.hostlin.com/Kiddex/assets/images/shop/thumb-2.png]
[azim.hostlin.com/Kiddex/assets/images/shop/thumb-3.png]
[azim.hostlin.com/Kiddex/assets/images/shop/thumb-4.png]
[azim.hostlin.com/Kiddex/assets/images/shop/shop-details-2.png]
[azim.hostlin.com/Kiddex/assets/images/shop/shop-details-3.png]
[azim.hostlin.com/Kiddex/assets/images/shop/shop-details-4.png]
[azim.hostlin.com/Kiddex/assets/images/icons/icon-13.png]
[azim.hostlin.com/Kiddex/assets/images/resource/review-1.png]
[azim.hostlin.com/Kiddex/assets/images/resource/review-img-1.jpg]
[azim.hostlin.com/Kiddex/assets/images/resource/review-img-2.jpg]
[azim.hostlin.com/Kiddex/assets/images/resource/review-img-3.jpg]
[azim.hostlin.com/Kiddex/assets/images/resource/review-img-4.jpg]
[azim.hostlin.com/Kiddex/assets/images/resource/review-2.png]
[azim.hostlin.com/Kiddex/assets/images/resource/review-3.png]
[azim.hostlin.com/Kiddex/assets/images/resource/review-img-5.jpg]
[azim.hostlin.com/Kiddex/assets/images/resource/review-img-6.jpg]
[azim.hostlin.com/Kiddex/assets/images/shop/shop-66.png]
[azim.hostlin.com/Kiddex/assets/images/shop/shop-67.png]
[azim.hostlin.com/Kiddex/assets/images/shop/shop-68.png]
[azim.hostlin.com/Kiddex/assets/images/shop/shop-69.png]
[azim.hostlin.com/Kiddex/assets/images/shop/shop-70.png]
[azim.hostlin.com/Kiddex/assets/images/shop/shop-71.png]
[azim.hostlin.com/Kiddex/assets/images/shape/shape-72.png]
[azim.hostlin.com/Kiddex/shop-details.html]
[azim.hostlin.com/Kiddex/assets/js/bxslider.js]
[azim.hostlin.com/Kiddex/assets/css/module-css/page-title.css]
[azim.hostlin.com/Kiddex/assets/css/module-css/cart.css]
[azim.hostlin.com/Kiddex/assets/css/module-css/cta.css]
[azim.hostlin.com/Kiddex/assets/images/shop/cart-1.png]
[azim.hostlin.com/Kiddex/assets/images/shop/cart-2.png]
[azim.hostlin.com/Kiddex/assets/images/shop/cart-3.png]
[azim.hostlin.com/Kiddex/assets/images/shop/cart-4.png]
[azim.hostlin.com/Kiddex/assets/images/shape/shape-56.png]
[azim.hostlin.com/Kiddex/assets/images/resource/cta-5.png]
[azim.hostlin.com/Kiddex/assets/images/resource/cta-4.png]
[azim.hostlin.com/Kiddex/cart.html]
[azim.hostlin.com/Kiddex/assets/css/module-css/checkout.css]
[azim.hostlin.com/Kiddex/assets/images/shop/checkout-1.png]
[azim.hostlin.com/Kiddex/assets/images/shop/checkout-2.png]
[azim.hostlin.com/Kiddex/assets/images/shop/checkout-3.png]
[azim.hostlin.com/Kiddex/checkout.html]
[azim.hostlin.com/Kiddex/assets/css/module-css/highlights.css]
[azim.hostlin.com/Kiddex/assets/css/module-css/brands.css]
[azim.hostlin.com/Kiddex/assets/images/shape/shape-37.png]
[azim.hostlin.com/Kiddex/assets/images/shape/shape-38.png]
[azim.hostlin.com/Kiddex/assets/images/shape/shape-39.png]
[azim.hostlin.com/Kiddex/assets/images/shape/shape-40.png]
[azim.hostlin.com/Kiddex/assets/images/shape/shape-41.png]
[azim.hostlin.com/Kiddex/assets/images/banner/banner-img-2.png]
[azim.hostlin.com/Kiddex/assets/images/banner/banner-img-3.png]
[azim.hostlin.com/Kiddex/assets/images/banner/banner-img-4.png]
[azim.hostlin.com/Kiddex/assets/images/icons/icon-2.png]
[azim.hostlin.com/Kiddex/assets/images/icons/icon-3.png]
[azim.hostlin.com/Kiddex/assets/images/icons/icon-4.png]
[azim.hostlin.com/Kiddex/assets/images/icons/icon-5.png]
[azim.hostlin.com/Kiddex/assets/images/icons/icon-6.png]
[azim.hostlin.com/Kiddex/assets/images/shape/shape-42.png]
[azim.hostlin.com/Kiddex/assets/images/shape/shape-43.png]
[azim.hostlin.com/Kiddex/assets/images/shape/shape-44.png]
[azim.hostlin.com/Kiddex/assets/images/shape/shape-45.png]
[azim.hostlin.com/Kiddex/assets/images/shape/shape-46.png]
[azim.hostlin.com/Kiddex/assets/images/shape/shape-47.png]
[azim.hostlin.com/Kiddex/assets/images/shape/shape-48.png]
[azim.hostlin.com/Kiddex/assets/images/resource/ads-1.png]
[azim.hostlin.com/Kiddex/assets/images/shop/shop-14.png]
[azim.hostlin.com/Kiddex/assets/images/shop/shop-15.png]
[azim.hostlin.com/Kiddex/assets/images/shop/shop-16.png]
[azim.hostlin.com/Kiddex/assets/images/shop/shop-17.png]
[azim.hostlin.com/Kiddex/assets/images/brands/brands-1.png]
[azim.hostlin.com/Kiddex/assets/images/brands/brands-2.png]
[azim.hostlin.com/Kiddex/assets/images/brands/brands-3.png]
[azim.hostlin.com/Kiddex/assets/images/brands/brands-4.png]
[azim.hostlin.com/Kiddex/assets/images/brands/brands-5.png]
[azim.hostlin.com/Kiddex/assets/images/brands/brands-6.png]
[azim.hostlin.com/Kiddex/assets/images/shape/shape-49.png]
[azim.hostlin.com/Kiddex/assets/images/shape/shape-50.png]
[azim.hostlin.com/Kiddex/assets/images/shop/shop-18.png]
[azim.hostlin.com/Kiddex/assets/images/shop/shop-23.png]
[azim.hostlin.com/Kiddex/assets/images/shop/shop-19.png]
[azim.hostlin.com/Kiddex/assets/images/shop/shop-24.png]
[azim.hostlin.com/Kiddex/assets/images/shop/shop-20.png]
[azim.hostlin.com/Kiddex/assets/images/shop/shop-25.png]
[azim.hostlin.com/Kiddex/assets/images/shop/shop-21.png]
[azim.hostlin.com/Kiddex/assets/images/shop/shop-26.png]
[azim.hostlin.com/Kiddex/assets/images/shop/shop-22.png]
[azim.hostlin.com/Kiddex/assets/images/shop/shop-27.png]
[azim.hostlin.com/Kiddex/assets/images/shape/shape-51.png]
[azim.hostlin.com/Kiddex/assets/images/shape/shape-52.png]
[azim.hostlin.com/Kiddex/assets/images/shop/shop-28.png]
[azim.hostlin.com/Kiddex/assets/images/shop/shop-29.png]
[azim.hostlin.com/Kiddex/assets/images/shop/shop-30.png]
[azim.hostlin.com/Kiddex/assets/images/shop/shop-31.png]
[azim.hostlin.com/Kiddex/assets/images/shop/shop-32.png]
[azim.hostlin.com/Kiddex/assets/images/resource/feature-7.png]
[azim.hostlin.com/Kiddex/assets/images/resource/feature-8.png]
[azim.hostlin.com/Kiddex/assets/images/resource/feature-9.png]
[azim.hostlin.com/Kiddex/assets/images/shape/shape-54.png]
[azim.hostlin.com/Kiddex/assets/images/resource/deals-3.jpg]
[azim.hostlin.com/Kiddex/assets/images/resource/deals-4.jpg]
[azim.hostlin.com/Kiddex/assets/images/resource/ads-2.png]
[azim.hostlin.com/Kiddex/assets/images/shop/shop-33.png]
[azim.hostlin.com/Kiddex/assets/images/shop/shop-34.png]
[azim.hostlin.com/Kiddex/assets/images/shop/shop-35.png]
[azim.hostlin.com/Kiddex/assets/images/resource/cta-1.png]
[azim.hostlin.com/Kiddex/assets/images/resource/cta-2.png]
[azim.hostlin.com/Kiddex/assets/images/shape/shape-57.png]
[azim.hostlin.com/Kiddex/index-2.html]
[azim.hostlin.com/Kiddex/assets/css/module-css/instagram.css]
[azim.hostlin.com/Kiddex/assets/images/shape/shape-1.jpg]
[azim.hostlin.com/Kiddex/assets/images/shape/shape-58.png]
[azim.hostlin.com/Kiddex/assets/images/shape/shape-2.jpg]
[azim.hostlin.com/Kiddex/assets/images/shape/shape-59.png]
[azim.hostlin.com/Kiddex/assets/images/shape/shape-3.jpg]
[azim.hostlin.com/Kiddex/assets/images/shape/shape-60.png]
[azim.hostlin.com/Kiddex/assets/images/shape/shape-61.png]
[azim.hostlin.com/Kiddex/assets/images/shape/shape-62.png]
[azim.hostlin.com/Kiddex/assets/images/shape/shape-63.png]
[azim.hostlin.com/Kiddex/assets/images/shape/shape-64.png]
[azim.hostlin.com/Kiddex/assets/images/shape/shape-65.png]
[azim.hostlin.com/Kiddex/assets/images/shape/shape-66.png]
[azim.hostlin.com/Kiddex/assets/images/shape/shape-67.png]
[azim.hostlin.com/Kiddex/assets/images/resource/deals-1.png]
[azim.hostlin.com/Kiddex/assets/images/resource/deals-2.png]
[azim.hostlin.com/Kiddex/assets/images/resource/deals-3.png]
[azim.hostlin.com/Kiddex/assets/images/resource/deals-4.png]
[azim.hostlin.com/Kiddex/assets/images/shape/shape-68.png]
[azim.hostlin.com/Kiddex/assets/images/shape/shape-69.png]
[azim.hostlin.com/Kiddex/assets/images/shop/shop-36.png]
[azim.hostlin.com/Kiddex/assets/images/shop/shop-37.png]
[azim.hostlin.com/Kiddex/assets/images/shop/shop-38.png]
[azim.hostlin.com/Kiddex/assets/images/shop/shop-39.png]
[azim.hostlin.com/Kiddex/assets/images/shop/shop-40.png]
[azim.hostlin.com/Kiddex/assets/images/resource/ads-3.png]
[azim.hostlin.com/Kiddex/assets/images/shape/shape-70.png]
[azim.hostlin.com/Kiddex/assets/images/brands/brands-7.png]
[azim.hostlin.com/Kiddex/assets/images/brands/brands-8.png]
[azim.hostlin.com/Kiddex/assets/images/brands/brands-9.png]
[azim.hostlin.com/Kiddex/assets/images/brands/brands-10.png]
[azim.hostlin.com/Kiddex/assets/images/brands/brands-11.png]
[azim.hostlin.com/Kiddex/assets/images/brands/brands-12.png]
[azim.hostlin.com/Kiddex/assets/images/brands/brands-13.png]
[azim.hostlin.com/Kiddex/assets/images/brands/brands-14.png]
[azim.hostlin.com/Kiddex/assets/images/brands/brands-15.png]
[azim.hostlin.com/Kiddex/assets/images/brands/brands-16.png]
[azim.hostlin.com/Kiddex/assets/images/brands/brands-17.png]
[azim.hostlin.com/Kiddex/assets/images/brands/brands-18.png]
[azim.hostlin.com/Kiddex/assets/images/resource/feature-10.png]
[azim.hostlin.com/Kiddex/assets/images/resource/feature-11.png]
[azim.hostlin.com/Kiddex/assets/images/resource/feature-12.png]
[azim.hostlin.com/Kiddex/assets/images/resource/vector-1.png]
[azim.hostlin.com/Kiddex/assets/images/shape/shape-71.png]
[azim.hostlin.com/Kiddex/assets/images/resource/testimonial-6.png]
[azim.hostlin.com/Kiddex/assets/images/resource/testimonial-7.png]
[azim.hostlin.com/Kiddex/assets/images/resource/testimonial-8.png]
[azim.hostlin.com/Kiddex/assets/images/resource/instagram-1.jpg]
[azim.hostlin.com/Kiddex/assets/images/icons/icon-7.png]
[azim.hostlin.com/Kiddex/assets/images/resource/instagram-2.jpg]
[azim.hostlin.com/Kiddex/assets/images/resource/instagram-3.jpg]
[azim.hostlin.com/Kiddex/assets/images/resource/instagram-4.jpg]
[azim.hostlin.com/Kiddex/assets/images/resource/instagram-5.jpg]
[azim.hostlin.com/Kiddex/assets/images/resource/instagram-6.jpg]
[azim.hostlin.com/Kiddex/index-3.html]
[azim.hostlin.com/Kiddex/assets/images/shape/shape-73.png]
[azim.hostlin.com/Kiddex/assets/images/resource/carton-1.png]
[azim.hostlin.com/Kiddex/assets/images/resource/carton-2.png]
[azim.hostlin.com/Kiddex/assets/images/icons/logo-1.png]
[azim.hostlin.com/Kiddex/assets/images/resource/carton-3.png]
[azim.hostlin.com/Kiddex/assets/images/resource/carton-4.png]
[azim.hostlin.com/Kiddex/assets/images/resource/feature-13.png]
[azim.hostlin.com/Kiddex/assets/images/resource/feature-14.png]
[azim.hostlin.com/Kiddex/assets/images/resource/feature-15.png]
[azim.hostlin.com/Kiddex/assets/images/shape/shape-74.png]
[azim.hostlin.com/Kiddex/assets/images/resource/category-7.png]
[azim.hostlin.com/Kiddex/assets/images/resource/category-8.png]
[azim.hostlin.com/Kiddex/assets/images/resource/category-9.png]
[azim.hostlin.com/Kiddex/assets/images/resource/category-10.png]
[azim.hostlin.com/Kiddex/assets/images/resource/category-11.png]
[azim.hostlin.com/Kiddex/assets/images/resource/category-12.png]
[azim.hostlin.com/Kiddex/assets/images/resource/taddy-1.png]
[azim.hostlin.com/Kiddex/assets/images/resource/cta-3.png]
[azim.hostlin.com/Kiddex/assets/images/resource/ads-4.png]
[azim.hostlin.com/Kiddex/assets/images/shop/shop-41.png]
[azim.hostlin.com/Kiddex/assets/images/shop/shop-42.png]
[azim.hostlin.com/Kiddex/assets/images/shop/shop-43.png]
[azim.hostlin.com/Kiddex/assets/images/shape/shape-75.png]
[azim.hostlin.com/Kiddex/assets/images/resource/title-1.png]
[azim.hostlin.com/Kiddex/assets/images/shop/shop-44.png]
[azim.hostlin.com/Kiddex/assets/images/shop/shop-45.png]
[azim.hostlin.com/Kiddex/assets/images/shop/shop-46.png]
[azim.hostlin.com/Kiddex/assets/images/shop/shop-47.png]
[azim.hostlin.com/Kiddex/assets/images/resource/title-2.png]
[azim.hostlin.com/Kiddex/assets/images/shop/shop-48.png]
[azim.hostlin.com/Kiddex/assets/images/shop/shop-49.png]
[azim.hostlin.com/Kiddex/assets/images/shop/shop-50.png]
[azim.hostlin.com/Kiddex/assets/images/shop/shop-51.png]
[azim.hostlin.com/Kiddex/assets/images/resource/title-3.png]
[azim.hostlin.com/Kiddex/assets/images/shop/shop-52.png]
[azim.hostlin.com/Kiddex/assets/images/shop/shop-53.png]
[azim.hostlin.com/Kiddex/assets/images/shop/shop-54.png]
[azim.hostlin.com/Kiddex/assets/images/shop/shop-55.png]
[azim.hostlin.com/Kiddex/index-4.html]
[azim.hostlin.com/Kiddex/assets/css/module-css/ads.css]
[azim.hostlin.com/Kiddex/assets/css/module-css/fluid.css]
[azim.hostlin.com/Kiddex/assets/images/shape/shape-81.png]
[azim.hostlin.com/Kiddex/assets/images/shape/shape-80.png]
[azim.hostlin.com/Kiddex/assets/images/shape/shape-76.png]
[azim.hostlin.com/Kiddex/assets/images/shape/shape-77.png]
[azim.hostlin.com/Kiddex/assets/images/banner/banner-img-5.png]
[azim.hostlin.com/Kiddex/assets/images/banner/banner-img-6.png]
[azim.hostlin.com/Kiddex/assets/images/shop/shop-56.png]
[azim.hostlin.com/Kiddex/assets/images/shop/shop-57.png]
[azim.hostlin.com/Kiddex/assets/images/shop/shop-58.png]
[azim.hostlin.com/Kiddex/assets/images/shop/shop-59.png]
[azim.hostlin.com/Kiddex/assets/images/shop/shop-60.png]
[azim.hostlin.com/Kiddex/assets/images/resource/feature-16.png]
[azim.hostlin.com/Kiddex/assets/images/resource/feature-17.png]
[azim.hostlin.com/Kiddex/assets/images/resource/feature-18.png]
[azim.hostlin.com/Kiddex/assets/images/resource/category-13.png]
[azim.hostlin.com/Kiddex/assets/images/resource/category-14.png]
[azim.hostlin.com/Kiddex/assets/images/resource/category-15.png]
[azim.hostlin.com/Kiddex/assets/images/resource/category-16.png]
[azim.hostlin.com/Kiddex/assets/images/resource/category-17.png]
[azim.hostlin.com/Kiddex/assets/images/resource/category-18.png]
[azim.hostlin.com/Kiddex/assets/images/shape/shape-78.png]
[azim.hostlin.com/Kiddex/assets/images/resource/author-1.png]
[azim.hostlin.com/Kiddex/assets/images/resource/ads-5.png]
[azim.hostlin.com/Kiddex/assets/images/resource/author-2.png]
[azim.hostlin.com/Kiddex/assets/images/resource/ads-6.png]
[azim.hostlin.com/Kiddex/assets/images/icons/icon-8.png]
[azim.hostlin.com/Kiddex/assets/images/shop/shop-61.png]
[azim.hostlin.com/Kiddex/assets/images/shop/shop-62.png]
[azim.hostlin.com/Kiddex/assets/images/shop/shop-63.png]
[azim.hostlin.com/Kiddex/assets/images/shop/shop-64.png]
[azim.hostlin.com/Kiddex/assets/images/shop/shop-65.png]
[azim.hostlin.com/Kiddex/assets/images/resource/collection-5.png]
[azim.hostlin.com/Kiddex/assets/images/resource/collection-6.png]
[azim.hostlin.com/Kiddex/assets/images/resource/collection-7.png]
[azim.hostlin.com/Kiddex/assets/images/resource/collection-8.png]
[azim.hostlin.com/Kiddex/assets/images/resource/collection-9.png]
[azim.hostlin.com/Kiddex/assets/images/icons/icon-9.png]
[azim.hostlin.com/Kiddex/assets/images/icons/signature-1.png]
[azim.hostlin.com/Kiddex/assets/images/resource/testimonial-9.png]
[azim.hostlin.com/Kiddex/assets/images/shape/shape-79.png]
[azim.hostlin.com/Kiddex/assets/images/resource/collection-10.png]
[azim.hostlin.com/Kiddex/assets/images/resource/collection-11.png]
[azim.hostlin.com/Kiddex/assets/images/resource/collection-12.png]
[azim.hostlin.com/Kiddex/assets/images/resource/deals-5.png]
[azim.hostlin.com/Kiddex/assets/images/news/news-5.png]
[azim.hostlin.com/Kiddex/assets/images/news/news-6.png]
[azim.hostlin.com/Kiddex/assets/images/news/news-7.png]
[azim.hostlin.com/Kiddex/index-5.html]
[azim.hostlin.com/Kiddex/assets/css/odometer.css]
[azim.hostlin.com/Kiddex/assets/css/module-css/blog-page.css]
[azim.hostlin.com/Kiddex/assets/css/module-css/blog-sidebar.css]
[azim.hostlin.com/Kiddex/assets/images/news/news-8.png]
[azim.hostlin.com/Kiddex/assets/images/news/news-9.png]
[azim.hostlin.com/Kiddex/assets/images/news/news-10.png]
[azim.hostlin.com/Kiddex/assets/images/news/news-11.png]
[azim.hostlin.com/Kiddex/assets/images/news/news-12.png]
[azim.hostlin.com/Kiddex/assets/images/news/news-13.png]
[azim.hostlin.com/Kiddex/assets/images/news/news-14.png]
[azim.hostlin.com/Kiddex/assets/images/news/news-15.png]
[azim.hostlin.com/Kiddex/assets/images/news/news-16.png]
[azim.hostlin.com/Kiddex/assets/images/news/news-17.png]
[azim.hostlin.com/Kiddex/assets/images/news/news-18.png]
[azim.hostlin.com/Kiddex/assets/images/news/post-1.jpg]
[azim.hostlin.com/Kiddex/assets/images/news/post-2.jpg]
[azim.hostlin.com/Kiddex/assets/images/news/post-3.jpg]
[azim.hostlin.com/Kiddex/assets/images/news/sidebar-1.png]
[azim.hostlin.com/Kiddex/assets/images/news/gallery-1.jpg]
[azim.hostlin.com/Kiddex/assets/images/news/gallery-2.jpg]
[azim.hostlin.com/Kiddex/assets/images/news/gallery-3.jpg]
[azim.hostlin.com/Kiddex/assets/images/news/gallery-4.jpg]
[azim.hostlin.com/Kiddex/assets/images/news/gallery-5.jpg]
[azim.hostlin.com/Kiddex/assets/images/news/gallery-6.jpg]
[azim.hostlin.com/Kiddex/assets/js/product-filter.js]
[azim.hostlin.com/Kiddex/assets/js/jquery.lettering.min.js]
[azim.hostlin.com/Kiddex/assets/js/jquery.circleType.js]
[azim.hostlin.com/Kiddex/assets/js/odometer.js]
[azim.hostlin.com/Kiddex/blog.html]
[azim.hostlin.com/Kiddex/assets/css/module-css/shop-sidebar.css]
[azim.hostlin.com/Kiddex/assets/css/module-css/shop-page.css]
[azim.hostlin.com/Kiddex/assets/images/icons/icon-10.png]
[azim.hostlin.com/Kiddex/assets/images/icons/icon-11.png]
[azim.hostlin.com/Kiddex/assets/images/shop/shop-72.png]
[azim.hostlin.com/Kiddex/assets/images/shop/shop-73.png]
[azim.hostlin.com/Kiddex/assets/images/shop/shop-74.png]
[azim.hostlin.com/Kiddex/assets/images/shop/shop-75.png]
[azim.hostlin.com/Kiddex/assets/images/shop/shop-76.png]
[azim.hostlin.com/Kiddex/assets/images/shop/shop-77.png]
[azim.hostlin.com/Kiddex/assets/images/shop/shop-78.png]
[azim.hostlin.com/Kiddex/assets/images/shop/shop-79.png]
[azim.hostlin.com/Kiddex/assets/images/shop/shop-80.png]
[azim.hostlin.com/Kiddex/assets/images/shop/shop-81.png]
[azim.hostlin.com/Kiddex/assets/images/shop/shop-82.png]
[azim.hostlin.com/Kiddex/assets/images/shop/shop-83.png]
[azim.hostlin.com/Kiddex/assets/images/shop/shop-84.png]
[azim.hostlin.com/Kiddex/assets/images/shop/shop-85.png]
[azim.hostlin.com/Kiddex/assets/images/shop/shop-86.png]
[azim.hostlin.com/Kiddex/assets/images/shop/shop-87.png]
[azim.hostlin.com/Kiddex/assets/images/shop/shop-88.png]
[azim.hostlin.com/Kiddex/assets/images/shop/shop-89.png]
[azim.hostlin.com/Kiddex/assets/images/shop/shop-90.png]
[azim.hostlin.com/Kiddex/assets/images/shop/shop-91.png]
[azim.hostlin.com/Kiddex/assets/images/shop/shop-92.png]
[azim.hostlin.com/Kiddex/assets/images/shop/shop-93.png]
[azim.hostlin.com/Kiddex/assets/images/shop/shop-94.png]
[azim.hostlin.com/Kiddex/assets/images/shop/shop-95.png]
[azim.hostlin.com/Kiddex/assets/images/shop/shop-96.png]
[azim.hostlin.com/Kiddex/shop.html]
[azim.hostlin.com/Kiddex/assets/images/shape/shape-4.jpg]
[azim.hostlin.com/Kiddex/assets/images/icons/icon-12.png]
[azim.hostlin.com/Kiddex/shop-2.html]
[azim.hostlin.com/Kiddex/shop-3.html]
[azim.hostlin.com/Kiddex/shop-4.html]
[azim.hostlin.com/Kiddex/shop-5.html]
[azim.hostlin.com/Kiddex/shop-6.html]
[azim.hostlin.com/Kiddex/shop-details-2.html]
[azim.hostlin.com/Kiddex/shop-details-3.html]
[azim.hostlin.com/Kiddex/shop-details-4.html]
[azim.hostlin.com/Kiddex/assets/css/module-css/account.css]
[azim.hostlin.com/Kiddex/assets/images/resource/account-1.png]
[azim.hostlin.com/Kiddex/assets/images/resource/history-1.png]
[azim.hostlin.com/Kiddex/assets/images/resource/history-2.png]
[azim.hostlin.com/Kiddex/assets/images/resource/history-3.png]
[azim.hostlin.com/Kiddex/account.html]
[azim.hostlin.com/Kiddex/assets/css/module-css/about.css]
[azim.hostlin.com/Kiddex/assets/images/resource/about-1.jpg]
[azim.hostlin.com/Kiddex/assets/images/resource/about-2.jpg]
[azim.hostlin.com/Kiddex/assets/images/icons/icon-14.png]
[azim.hostlin.com/Kiddex/about.html]
[azim.hostlin.com/Kiddex/assets/css/module-css/login.css]
[azim.hostlin.com/Kiddex/assets/images/icons/icon-15.png]
[azim.hostlin.com/Kiddex/assets/images/icons/icon-16.png]
[azim.hostlin.com/Kiddex/login.html]
[azim.hostlin.com/Kiddex/signup.html]
[azim.hostlin.com/Kiddex/search.html]
[azim.hostlin.com/Kiddex/assets/css/module-css/error.css]
[azim.hostlin.com/Kiddex/assets/images/icons/error-1.png]
[azim.hostlin.com/Kiddex/error.html]
[azim.hostlin.com/Kiddex/assets/images/news/news-19.png]
[azim.hostlin.com/Kiddex/assets/images/news/news-20.png]
[azim.hostlin.com/Kiddex/assets/images/news/news-21.png]
[azim.hostlin.com/Kiddex/assets/images/news/news-22.png]
[azim.hostlin.com/Kiddex/assets/images/news/news-23.png]
[azim.hostlin.com/Kiddex/blog-2.html]
[azim.hostlin.com/Kiddex/assets/images/news/news-1.jpg]
[azim.hostlin.com/Kiddex/assets/images/news/news-2.jpg]
[azim.hostlin.com/Kiddex/assets/images/news/author-1.png]
[azim.hostlin.com/Kiddex/blog-details.html]
[azim.hostlin.com/Kiddex/assets/css/module-css/contact.css]
[azim.hostlin.com/Kiddex/assets/images/icons/icon-17.png]
[azim.hostlin.com/Kiddex/assets/images/icons/icon-18.png]
[azim.hostlin.com/Kiddex/assets/images/icons/icon-19.png]
[azim.hostlin.com/Kiddex/assets/images/icons/icon-20.png]
[azim.hostlin.com/Kiddex/contact.html]
[azim.hostlin.com/Kiddex/assets/fonts/fa-brands-400.html]
[azim.hostlin.com/Kiddex/assets/fonts/fa-light-300.html]
[azim.hostlin.com/Kiddex/assets/fonts/fa-light-300d41d.html]
[azim.hostlin.com/Kiddex/assets/fonts/fa-light-301.html]
[azim.hostlin.com/Kiddex/assets/fonts/fa-light-302.html]
[azim.hostlin.com/Kiddex/assets/fonts/fa-regular-400.html]
[azim.hostlin.com/Kiddex/assets/fonts/fa-regular-401.html]
[azim.hostlin.com/Kiddex/assets/fonts/fa-solid-900.html]
[azim.hostlin.com/Kiddex/assets/fonts/fa-solid-900d41d.html]
[azim.hostlin.com/Kiddex/assets/fonts/fa-solid-901.html]
[azim.hostlin.com/Kiddex/assets/fonts/fa-solid-902.html]
[azim.hostlin.com/Kiddex/assets/fonts/icomoon9a84.svg]
[azim.hostlin.com/Kiddex/assets/css/owl.video.play.html]
[azim.hostlin.com/Kiddex/assets/css/jquery-ui.css]
[azim.hostlin.com/Kiddex/assets/css/module-css/shop-details.css]
[azim.hostlin.com/Kiddex/assets/css/module-css/subscribe.css]
[azim.hostlin.com/Kiddex/assets/css/module-css/page-title.css]
[azim.hostlin.com/Kiddex/assets/css/module-css/cart.css]
[azim.hostlin.com/Kiddex/assets/css/module-css/cta.css]
[azim.hostlin.com/Kiddex/assets/css/module-css/checkout.css]
[azim.hostlin.com/Kiddex/assets/images/shape/shape-82.png]
[azim.hostlin.com/Kiddex/assets/css/module-css/highlights.css]
[azim.hostlin.com/Kiddex/assets/css/module-css/brands.css]
[azim.hostlin.com/Kiddex/assets/css/module-css/instagram.css]
[azim.hostlin.com/Kiddex/assets/css/module-css/ads.css]
[azim.hostlin.com/Kiddex/assets/css/module-css/fluid.css]
[azim.hostlin.com/Kiddex/assets/css/odometer.css]
[azim.hostlin.com/Kiddex/assets/css/module-css/blog-page.css]
[azim.hostlin.com/Kiddex/assets/css/module-css/blog-sidebar.css]
[azim.hostlin.com/Kiddex/assets/css/module-css/shop-sidebar.css]
[azim.hostlin.com/Kiddex/assets/css/module-css/shop-page.css]
[azim.hostlin.com/Kiddex/assets/css/module-css/account.css]
[azim.hostlin.com/Kiddex/assets/css/module-css/about.css]
[azim.hostlin.com/Kiddex/assets/css/module-css/login.css]
[azim.hostlin.com/Kiddex/assets/css/module-css/error.css]
[azim.hostlin.com/Kiddex/assets/css/module-css/contact.css]
[azim.hostlin.com/Kiddex/assets/css/images/ui-icons_777620_256x240.html]
[azim.hostlin.com/Kiddex/assets/css/images/ui-icons_cc0000_256x240.html]
[azim.hostlin.com/Kiddex/assets/css/images/ui-icons_777777_256x240.html]
[azim.hostlin.com/Kiddex/assets/images/icons/ui-icons_222222_256x240.html]
[azim.hostlin.com/Kiddex/assets/images/icons/ui-icons_888888_256x240.html]
[azim.hostlin.com/Kiddex/assets/images/icons/ui-icons_454545_256x240.html]
[azim.hostlin.com/Kiddex/assets/images/icons/ui-icons_2e83ff_256x240.html]
[azim.hostlin.com/Kiddex/assets/images/icons/ui-icons_cd0a0a_256x240.html]
