[html.awaikenthemes.com/artistic/freelancer/index-image.html]
[backblue.gif]
[fade.gif]
[index.html]
[html.awaikenthemes.com/artistic/freelancer/images/favicon.png]
[html.awaikenthemes.com/artistic/freelancer/css/bootstrap.min.css]
[html.awaikenthemes.com/artistic/freelancer/css/slicknav.min.css]
[html.awaikenthemes.com/artistic/freelancer/css/swiper-bundle.min.css]
[html.awaikenthemes.com/artistic/freelancer/css/all.min.css]
[html.awaikenthemes.com/artistic/freelancer/css/animate.css]
[html.awaikenthemes.com/artistic/freelancer/css/magnific-popup.css]
[html.awaikenthemes.com/artistic/freelancer/css/mousecursor.css]
[html.awaikenthemes.com/artistic/freelancer/css/custom.css]
[html.awaikenthemes.com/artistic/freelancer/images/loader.svg]
[html.awaikenthemes.com/artistic/freelancer/images/logo.svg]
[html.awaikenthemes.com/artistic/freelancer/index-2.html]
[html.awaikenthemes.com/artistic/freelancer/index-slider.html]
[html.awaikenthemes.com/artistic/freelancer/about.html]
[html.awaikenthemes.com/artistic/freelancer/index.html]
[html.awaikenthemes.com/artistic/freelancer/services.html]
[html.awaikenthemes.com/artistic/freelancer/service-single.html]
[html.awaikenthemes.com/artistic/freelancer/blog.html]
[html.awaikenthemes.com/artistic/freelancer/blog-single.html]
[html.awaikenthemes.com/artistic/freelancer/projects.html]
[html.awaikenthemes.com/artistic/freelancer/project-single.html]
[html.awaikenthemes.com/artistic/freelancer/team.html]
[html.awaikenthemes.com/artistic/freelancer/team-single.html]
[html.awaikenthemes.com/artistic/freelancer/pricing.html]
[html.awaikenthemes.com/artistic/freelancer/testimonial.html]
[html.awaikenthemes.com/artistic/freelancer/image-gallery.html]
[html.awaikenthemes.com/artistic/freelancer/video-gallery.html]
[html.awaikenthemes.com/artistic/freelancer/faqs.html]
[html.awaikenthemes.com/artistic/freelancer/404.html]
[html.awaikenthemes.com/artistic/freelancer/contact.html]
[html.awaikenthemes.com/artistic/freelancer/images/header-btn-dot.svg]
[html.awaikenthemes.com/artistic/freelancer/images/icon-phone-accent.svg]
[html.awaikenthemes.com/artistic/freelancer/images/icon-mail-accent.svg]
[html.awaikenthemes.com/artistic/freelancer/images/icon-location-accent.svg]
[html.awaikenthemes.com/artistic/freelancer/images/client-logo-1.svg]
[html.awaikenthemes.com/artistic/freelancer/images/client-logo-2.svg]
[html.awaikenthemes.com/artistic/freelancer/images/client-logo-3.svg]
[html.awaikenthemes.com/artistic/freelancer/images/client-logo-4.svg]
[html.awaikenthemes.com/artistic/freelancer/images/client-logo-5.svg]
[html.awaikenthemes.com/artistic/freelancer/images/client-logo-6.svg]
[html.awaikenthemes.com/artistic/freelancer/images/about-img-1.jpg]
[html.awaikenthemes.com/artistic/freelancer/images/customer-img-1.jpg]
[html.awaikenthemes.com/artistic/freelancer/images/customer-img-2.jpg]
[html.awaikenthemes.com/artistic/freelancer/images/customer-img-3.jpg]
[html.awaikenthemes.com/artistic/freelancer/images/customer-img-4.jpg]
[html.awaikenthemes.com/artistic/freelancer/images/about-more-circle.svg]
[html.awaikenthemes.com/artistic/freelancer/images/about-img-2.jpg]
[html.awaikenthemes.com/artistic/freelancer/images/about-img-3.jpg]
[html.awaikenthemes.com/artistic/freelancer/images/icon-about-agency-1.svg]
[html.awaikenthemes.com/artistic/freelancer/images/icon-about-agency-2.svg]
[html.awaikenthemes.com/artistic/freelancer/images/author-image.jpg]
[html.awaikenthemes.com/artistic/freelancer/images/service-image-1.jpg]
[html.awaikenthemes.com/artistic/freelancer/images/icon-service-item-1.svg]
[html.awaikenthemes.com/artistic/freelancer/images/service-image-2.jpg]
[html.awaikenthemes.com/artistic/freelancer/images/icon-service-item-2.svg]
[html.awaikenthemes.com/artistic/freelancer/images/service-image-3.jpg]
[html.awaikenthemes.com/artistic/freelancer/images/icon-service-item-3.svg]
[html.awaikenthemes.com/artistic/freelancer/images/icon-what-we-1.svg]
[html.awaikenthemes.com/artistic/freelancer/images/icon-what-we-2.svg]
[html.awaikenthemes.com/artistic/freelancer/images/icon-what-we-3.svg]
[html.awaikenthemes.com/artistic/freelancer/images/icon-what-we-4.svg]
[html.awaikenthemes.com/artistic/freelancer/images/project-1.jpg]
[html.awaikenthemes.com/artistic/freelancer/images/arrow-white.svg]
[html.awaikenthemes.com/artistic/freelancer/images/project-2.jpg]
[html.awaikenthemes.com/artistic/freelancer/images/project-3.jpg]
[html.awaikenthemes.com/artistic/freelancer/images/project-4.jpg]
[html.awaikenthemes.com/artistic/freelancer/images/why-choose-image-1.jpg]
[html.awaikenthemes.com/artistic/freelancer/images/why-choose-image-2.jpg]
[html.awaikenthemes.com/artistic/freelancer/images/intro-video-bg.jpg]
[html.awaikenthemes.com/artistic/freelancer/images/icon-expertise-1.svg]
[html.awaikenthemes.com/artistic/freelancer/images/icon-expertise-2.svg]
[html.awaikenthemes.com/artistic/freelancer/images/expertise-image.png]
[html.awaikenthemes.com/artistic/freelancer/images/icon-pricing-1.svg]
[html.awaikenthemes.com/artistic/freelancer/images/icon-pricing-benefit-1.svg]
[html.awaikenthemes.com/artistic/freelancer/images/icon-pricing-benefit-2.svg]
[html.awaikenthemes.com/artistic/freelancer/images/icon-pricing-benefit-3.svg]
[html.awaikenthemes.com/artistic/freelancer/images/agency-benefits-img-1.png]
[html.awaikenthemes.com/artistic/freelancer/images/agency-benefits-img-2.png]
[html.awaikenthemes.com/artistic/freelancer/images/author-1.jpg]
[html.awaikenthemes.com/artistic/freelancer/images/author-2.jpg]
[html.awaikenthemes.com/artistic/freelancer/images/author-3.jpg]
[html.awaikenthemes.com/artistic/freelancer/images/our-faqs-image-1.jpg]
[html.awaikenthemes.com/artistic/freelancer/images/our-faqs-image-2.jpg]
[html.awaikenthemes.com/artistic/freelancer/images/icon-need-help.svg]
[html.awaikenthemes.com/artistic/freelancer/images/post-1.jpg]
[html.awaikenthemes.com/artistic/freelancer/images/post-2.jpg]
[html.awaikenthemes.com/artistic/freelancer/images/post-3.jpg]
[html.awaikenthemes.com/artistic/freelancer/images/arrow-dark.svg]
[html.awaikenthemes.com/artistic/freelancer/images/footer-logo.svg]
[html.awaikenthemes.com/artistic/freelancer/images/icon-footer-contact-1.svg]
[html.awaikenthemes.com/artistic/freelancer/images/icon-location.svg]
[html.awaikenthemes.com/artistic/freelancer/js/jquery-3.7.1.min.js]
[html.awaikenthemes.com/artistic/freelancer/js/bootstrap.min.js]
[html.awaikenthemes.com/artistic/freelancer/js/validator.min.js]
[html.awaikenthemes.com/artistic/freelancer/js/jquery.slicknav.js]
[html.awaikenthemes.com/artistic/freelancer/js/swiper-bundle.min.js]
[html.awaikenthemes.com/artistic/freelancer/js/jquery.waypoints.min.js]
[html.awaikenthemes.com/artistic/freelancer/js/jquery.counterup.min.js]
[html.awaikenthemes.com/artistic/freelancer/js/isotope.min.js]
[html.awaikenthemes.com/artistic/freelancer/js/jquery.magnific-popup.min.js]
[html.awaikenthemes.com/artistic/freelancer/js/SmoothScroll.js]
[html.awaikenthemes.com/artistic/freelancer/js/parallaxie.js]
[html.awaikenthemes.com/artistic/freelancer/js/gsap.min.js]
[html.awaikenthemes.com/artistic/freelancer/js/magiccursor.js]
[html.awaikenthemes.com/artistic/freelancer/js/SplitText.js]
[html.awaikenthemes.com/artistic/freelancer/js/ScrollTrigger.min.js]
[html.awaikenthemes.com/artistic/freelancer/js/jquery.mb.YTPlayer.min.js]
[html.awaikenthemes.com/artistic/freelancer/js/wow.min.js]
[html.awaikenthemes.com/artistic/freelancer/index-image.html]
[html.awaikenthemes.com/artistic/freelancer/css/bootstrap.min.css]
[html.awaikenthemes.com/artistic/freelancer/css/slicknav.min.css]
[html.awaikenthemes.com/artistic/freelancer/css/swiper-bundle.min.css]
[html.awaikenthemes.com/artistic/freelancer/js/function.js]
[html.awaikenthemes.com/artistic/freelancer/webfonts/fa-brands-400.woff2]
[html.awaikenthemes.com/artistic/freelancer/webfonts/fa-regular-400.woff2]
[html.awaikenthemes.com/artistic/freelancer/webfonts/fa-brands-400.ttf]
[html.awaikenthemes.com/artistic/freelancer/webfonts/fa-regular-400.ttf]
[html.awaikenthemes.com/artistic/freelancer/webfonts/fa-solid-900.woff2]
[html.awaikenthemes.com/artistic/freelancer/webfonts/fa-solid-900.ttf]
[html.awaikenthemes.com/artistic/freelancer/webfonts/fa-v4compatibility.woff2]
[html.awaikenthemes.com/artistic/freelancer/css/all.min.css]
[html.awaikenthemes.com/artistic/freelancer/css/animate.css]
[html.awaikenthemes.com/artistic/freelancer/css/magnific-popup.css]
[html.awaikenthemes.com/artistic/freelancer/css/mousecursor.css]
[html.awaikenthemes.com/artistic/freelancer/webfonts/fa-v4compatibility.ttf]
[html.awaikenthemes.com/artistic/freelancer/images/section-bg-circle-shape.png]
[html.awaikenthemes.com/artistic/freelancer/images/arrow-accent.svg]
[html.awaikenthemes.com/artistic/freelancer/images/icon-sub-heading.svg]
[html.awaikenthemes.com/artistic/freelancer/images/hero-bg.jpg]
[html.awaikenthemes.com/artistic/freelancer/images/hero-bg-2.jpg]
[html.awaikenthemes.com/artistic/freelancer/images/section-bg-shape-1.png]
[html.awaikenthemes.com/artistic/freelancer/images/section-bg-shape-2.png]
[html.awaikenthemes.com/artistic/freelancer/images/section-bg-shape-3.png]
[html.awaikenthemes.com/artistic/freelancer/images/section-bg-shape-4.png]
[html.awaikenthemes.com/artistic/freelancer/images/expertise-item-bg-shape.svg]
[html.awaikenthemes.com/artistic/freelancer/images/pricing-item-bg-shape.svg]
[html.awaikenthemes.com/artistic/freelancer/images/agency-benefits-bg-shape.svg]
[html.awaikenthemes.com/artistic/freelancer/images/section-bg-shape-5.png]
[html.awaikenthemes.com/artistic/freelancer/images/testimonial-item-bg.svg]
[html.awaikenthemes.com/artistic/freelancer/images/icon-testimonial-quotes.svg]
[html.awaikenthemes.com/artistic/freelancer/images/section-bg-shape-6.png]
[html.awaikenthemes.com/artistic/freelancer/images/section-bg-shape-7.png]
[html.awaikenthemes.com/artistic/freelancer/images/work-together-bg.png]
[html.awaikenthemes.com/artistic/freelancer/images/work-together-bg-gradient.png]
[html.awaikenthemes.com/artistic/freelancer/images/page-header-bg.jpg]
[html.awaikenthemes.com/artistic/freelancer/images/mission-vision-item-bg.svg]
[html.awaikenthemes.com/artistic/freelancer/images/service-single-step-bg.svg]
[html.awaikenthemes.com/artistic/freelancer/images/sidebar-cta-bg.svg]
[html.awaikenthemes.com/artistic/freelancer/images/icon-blockquote.svg]
[html.awaikenthemes.com/artistic/freelancer/images/section-bg-shape-8.png]
[html.awaikenthemes.com/artistic/freelancer/css/custom.css]
[html.awaikenthemes.com/artistic/freelancer/images/loader.svg]
[html.awaikenthemes.com/artistic/freelancer/images/contact-info-item-bg.svg]
[html.awaikenthemes.com/artistic/freelancer/images/hero-image.png]
[html.awaikenthemes.com/artistic/freelancer/images/icon-hero-img-1.svg]
[html.awaikenthemes.com/artistic/freelancer/index.html]
[html.awaikenthemes.com/artistic/freelancer/images/logo.svg]
[html.awaikenthemes.com/artistic/freelancer/index-2.html]
[html.awaikenthemes.com/artistic/freelancer/index-slider.html]
[html.awaikenthemes.com/artistic/freelancer/images/icon-hero-img-2.svg]
[html.awaikenthemes.com/artistic/freelancer/images/icon-our-mission.svg]
[html.awaikenthemes.com/artistic/freelancer/images/icon-our-vision.svg]
[html.awaikenthemes.com/artistic/freelancer/images/our-approach-img.jpg]
[html.awaikenthemes.com/artistic/freelancer/images/icon-our-fact-1.svg]
[html.awaikenthemes.com/artistic/freelancer/images/icon-our-fact-2.svg]
[html.awaikenthemes.com/artistic/freelancer/images/icon-our-fact-3.svg]
[html.awaikenthemes.com/artistic/freelancer/images/icon-our-fact-4.svg]
[html.awaikenthemes.com/artistic/freelancer/images/our-benefit-img.jpg]
[html.awaikenthemes.com/artistic/freelancer/images/icon-our-benefit-1.svg]
[html.awaikenthemes.com/artistic/freelancer/images/icon-our-benefit-2.svg]
[html.awaikenthemes.com/artistic/freelancer/images/icon-our-benefit-3.svg]
[html.awaikenthemes.com/artistic/freelancer/images/icon-our-benefit-4.svg]
[html.awaikenthemes.com/artistic/freelancer/images/team-1.jpg]
[html.awaikenthemes.com/artistic/freelancer/images/team-2.jpg]
[html.awaikenthemes.com/artistic/freelancer/images/team-3.jpg]
[html.awaikenthemes.com/artistic/freelancer/images/team-4.jpg]
[html.awaikenthemes.com/artistic/freelancer/about.html]
[html.awaikenthemes.com/artistic/freelancer/images/service-image-4.jpg]
[html.awaikenthemes.com/artistic/freelancer/images/icon-service-item-4.svg]
[html.awaikenthemes.com/artistic/freelancer/images/service-image-5.jpg]
[html.awaikenthemes.com/artistic/freelancer/images/icon-service-item-5.svg]
[html.awaikenthemes.com/artistic/freelancer/images/service-image-6.jpg]
[html.awaikenthemes.com/artistic/freelancer/services.html]
[html.awaikenthemes.com/artistic/freelancer/images/icon-service-item-6.svg]
[html.awaikenthemes.com/artistic/freelancer/images/service-entry-img.jpg]
[html.awaikenthemes.com/artistic/freelancer/images/icon-service-process-step-1.svg]
[html.awaikenthemes.com/artistic/freelancer/images/service-process-step-1.jpg]
[html.awaikenthemes.com/artistic/freelancer/images/icon-service-process-step-2.svg]
[html.awaikenthemes.com/artistic/freelancer/images/service-process-step-2.jpg]
[html.awaikenthemes.com/artistic/freelancer/images/icon-service-process-step-3.svg]
[html.awaikenthemes.com/artistic/freelancer/images/service-process-step-3.jpg]
[html.awaikenthemes.com/artistic/freelancer/images/icon-sidebar-cta.svg]
[html.awaikenthemes.com/artistic/freelancer/service-single.html]
[html.awaikenthemes.com/artistic/freelancer/images/icon-sidebar-cta-phone.svg]
[html.awaikenthemes.com/artistic/freelancer/images/post-4.jpg]
[html.awaikenthemes.com/artistic/freelancer/images/post-5.jpg]
[html.awaikenthemes.com/artistic/freelancer/images/post-6.jpg]
[html.awaikenthemes.com/artistic/freelancer/blog.html]
[html.awaikenthemes.com/artistic/freelancer/blog-single.html]
[html.awaikenthemes.com/artistic/freelancer/images/project-5.jpg]
[html.awaikenthemes.com/artistic/freelancer/images/project-6.jpg]
[html.awaikenthemes.com/artistic/freelancer/images/project-7.jpg]
[html.awaikenthemes.com/artistic/freelancer/images/project-8.jpg]
[html.awaikenthemes.com/artistic/freelancer/images/project-9.jpg]
[html.awaikenthemes.com/artistic/freelancer/projects.html]
[html.awaikenthemes.com/artistic/freelancer/project-single.html]
[html.awaikenthemes.com/artistic/freelancer/images/team-5.jpg]
[html.awaikenthemes.com/artistic/freelancer/images/team-6.jpg]
[html.awaikenthemes.com/artistic/freelancer/team.html]
[html.awaikenthemes.com/artistic/freelancer/team-single.html]
[html.awaikenthemes.com/artistic/freelancer/pricing.html]
[html.awaikenthemes.com/artistic/freelancer/images/company-logo-1.svg]
[html.awaikenthemes.com/artistic/freelancer/images/company-logo-2.svg]
[html.awaikenthemes.com/artistic/freelancer/images/company-logo-3.svg]
[html.awaikenthemes.com/artistic/freelancer/images/author-4.jpg]
[html.awaikenthemes.com/artistic/freelancer/testimonial.html]
[html.awaikenthemes.com/artistic/freelancer/images/company-logo-4.svg]
[html.awaikenthemes.com/artistic/freelancer/images/gallery-1.jpg]
[html.awaikenthemes.com/artistic/freelancer/images/gallery-2.jpg]
[html.awaikenthemes.com/artistic/freelancer/images/gallery-3.jpg]
[html.awaikenthemes.com/artistic/freelancer/images/gallery-4.jpg]
[html.awaikenthemes.com/artistic/freelancer/images/gallery-5.jpg]
[html.awaikenthemes.com/artistic/freelancer/images/gallery-6.jpg]
[html.awaikenthemes.com/artistic/freelancer/images/gallery-7.jpg]
[html.awaikenthemes.com/artistic/freelancer/images/gallery-8.jpg]
[html.awaikenthemes.com/artistic/freelancer/images/gallery-9.jpg]
[html.awaikenthemes.com/artistic/freelancer/image-gallery.html]
[html.awaikenthemes.com/artistic/freelancer/video-gallery.html]
[html.awaikenthemes.com/artistic/freelancer/faqs.html]
[html.awaikenthemes.com/artistic/freelancer/images/404-error-img.png]
[html.awaikenthemes.com/artistic/freelancer/404.html]
[html.awaikenthemes.com/artistic/freelancer/images/icon-mail.svg]
[html.awaikenthemes.com/artistic/freelancer/images/icon-phone.svg]
[html.awaikenthemes.com/artistic/freelancer/contact.html]
[html.awaikenthemes.com/artistic/freelancer/images/header-btn-dot.svg]
[html.awaikenthemes.com/artistic/freelancer/images/icon-phone-accent.svg]
[html.awaikenthemes.com/artistic/freelancer/images/icon-mail-accent.svg]
[html.awaikenthemes.com/artistic/freelancer/images/icon-location-accent.svg]
[html.awaikenthemes.com/artistic/freelancer/images/client-logo-1.svg]
[html.awaikenthemes.com/artistic/freelancer/images/client-logo-2.svg]
[html.awaikenthemes.com/artistic/freelancer/images/client-logo-3.svg]
[html.awaikenthemes.com/artistic/freelancer/images/client-logo-4.svg]
[html.awaikenthemes.com/artistic/freelancer/images/client-logo-5.svg]
[html.awaikenthemes.com/artistic/freelancer/images/client-logo-6.svg]
[html.awaikenthemes.com/artistic/freelancer/images/about-more-circle.svg]
[html.awaikenthemes.com/artistic/freelancer/images/icon-about-agency-1.svg]
[html.awaikenthemes.com/artistic/freelancer/images/icon-about-agency-2.svg]
[html.awaikenthemes.com/artistic/freelancer/images/icon-service-item-1.svg]
[html.awaikenthemes.com/artistic/freelancer/images/icon-service-item-2.svg]
[html.awaikenthemes.com/artistic/freelancer/images/icon-service-item-3.svg]
[html.awaikenthemes.com/artistic/freelancer/images/icon-what-we-1.svg]
[html.awaikenthemes.com/artistic/freelancer/images/icon-what-we-2.svg]
[html.awaikenthemes.com/artistic/freelancer/images/icon-what-we-3.svg]
[html.awaikenthemes.com/artistic/freelancer/images/icon-what-we-4.svg]
[html.awaikenthemes.com/artistic/freelancer/images/arrow-white.svg]
[html.awaikenthemes.com/artistic/freelancer/images/icon-expertise-1.svg]
[html.awaikenthemes.com/artistic/freelancer/images/icon-expertise-2.svg]
[html.awaikenthemes.com/artistic/freelancer/images/icon-pricing-1.svg]
[html.awaikenthemes.com/artistic/freelancer/images/icon-pricing-benefit-1.svg]
[html.awaikenthemes.com/artistic/freelancer/images/icon-pricing-benefit-2.svg]
[html.awaikenthemes.com/artistic/freelancer/images/icon-pricing-benefit-3.svg]
[html.awaikenthemes.com/artistic/freelancer/images/icon-need-help.svg]
[html.awaikenthemes.com/artistic/freelancer/images/arrow-dark.svg]
[html.awaikenthemes.com/artistic/freelancer/images/footer-logo.svg]
[html.awaikenthemes.com/artistic/freelancer/images/icon-footer-contact-1.svg]
[html.awaikenthemes.com/artistic/freelancer/images/icon-location.svg]
[html.awaikenthemes.com/artistic/freelancer/images/arrow-accent.svg]
[html.awaikenthemes.com/artistic/freelancer/images/icon-sub-heading.svg]
[html.awaikenthemes.com/artistic/freelancer/images/expertise-item-bg-shape.svg]
[html.awaikenthemes.com/artistic/freelancer/images/pricing-item-bg-shape.svg]
[html.awaikenthemes.com/artistic/freelancer/images/agency-benefits-bg-shape.svg]
[html.awaikenthemes.com/artistic/freelancer/images/testimonial-item-bg.svg]
[html.awaikenthemes.com/artistic/freelancer/images/icon-testimonial-quotes.svg]
[html.awaikenthemes.com/artistic/freelancer/images/mission-vision-item-bg.svg]
[html.awaikenthemes.com/artistic/freelancer/images/service-single-step-bg.svg]
[html.awaikenthemes.com/artistic/freelancer/images/sidebar-cta-bg.svg]
[html.awaikenthemes.com/artistic/freelancer/images/icon-blockquote.svg]
[html.awaikenthemes.com/artistic/freelancer/images/contact-info-item-bg.svg]
[html.awaikenthemes.com/artistic/freelancer/images/icon-hero-img-1.svg]
[html.awaikenthemes.com/artistic/freelancer/images/icon-hero-img-2.svg]
[html.awaikenthemes.com/artistic/freelancer/images/icon-our-mission.svg]
[html.awaikenthemes.com/artistic/freelancer/images/icon-our-vision.svg]
[html.awaikenthemes.com/artistic/freelancer/images/icon-our-fact-1.svg]
[html.awaikenthemes.com/artistic/freelancer/images/icon-our-fact-2.svg]
[html.awaikenthemes.com/artistic/freelancer/images/icon-our-fact-3.svg]
[html.awaikenthemes.com/artistic/freelancer/images/icon-our-fact-4.svg]
[html.awaikenthemes.com/artistic/freelancer/images/icon-our-benefit-1.svg]
[html.awaikenthemes.com/artistic/freelancer/images/icon-our-benefit-2.svg]
[html.awaikenthemes.com/artistic/freelancer/images/icon-our-benefit-3.svg]
[html.awaikenthemes.com/artistic/freelancer/images/icon-our-benefit-4.svg]
[html.awaikenthemes.com/artistic/freelancer/images/icon-service-item-4.svg]
[html.awaikenthemes.com/artistic/freelancer/images/icon-service-item-5.svg]
[html.awaikenthemes.com/artistic/freelancer/images/icon-service-item-6.svg]
[html.awaikenthemes.com/artistic/freelancer/images/icon-service-process-step-1.svg]
[html.awaikenthemes.com/artistic/freelancer/images/icon-service-process-step-2.svg]
[html.awaikenthemes.com/artistic/freelancer/images/icon-service-process-step-3.svg]
[html.awaikenthemes.com/artistic/freelancer/images/icon-sidebar-cta.svg]
[html.awaikenthemes.com/artistic/freelancer/images/icon-sidebar-cta-phone.svg]
[html.awaikenthemes.com/artistic/freelancer/images/company-logo-1.svg]
[html.awaikenthemes.com/artistic/freelancer/images/company-logo-2.svg]
[html.awaikenthemes.com/artistic/freelancer/images/company-logo-3.svg]
[html.awaikenthemes.com/artistic/freelancer/images/company-logo-4.svg]
[html.awaikenthemes.com/artistic/freelancer/images/icon-mail.svg]
[html.awaikenthemes.com/artistic/freelancer/images/icon-phone.svg]
[html.awaikenthemes.com/artistic/freelancer/images/icon-social-network.svg]
[html.awaikenthemes.com/artistic/freelancer/images/icon-social-network.svg]
